{"tags": ["beats_input_codec_plain_applied", "_jsonparsefailure", "pikksilm_sysmon"], "@version": "1", "message": "Network connection detected:\nRuleName: -\nUtcTime: 2025-11-08 14:38:38.120\nProcessGuid: {1c3b4e1a-55e1-690f-5c03-000000000500}\nProcessId: 5876\nImage: C:\\Windows\\SystemApps\\Microsoft.Windows.StartMenuExperienceHost_cw5n1h2txyewy\\StartMenuExperienceHost.exe\nUser: DESKTOP-JQK13SC\\vagrant\nProtocol: tcp\nInitiated: true\nSourceIsIpv6: false\nSourceIp: 10.136.5.65\nSourceHostname: -\nSourcePort: 49955\nSourcePortName: -\nDestinationIsIpv6: false\nDestinationIp: 20.103.156.88\nDestinationHostname: -\nDestinationPort: 443\nDestinationPortName: -", "related": {"user": "vagrant", "ip": ["10.136.5.65", "20.103.156.88"]}, "host": {"id": "1c3b4e1a-5518-4a6d-af82-298224d18338", "os": {"name": "Windows 11 Pro", "kernel": "10.0.22621.2861 (WinBuild.160101.0800)", "type": "windows", "platform": "windows", "version": "10.0", "family": "windows", "build": "22631.2861"}, "ip": ["fe80::1f13:bebd:ede0:ed8c", "10.136.5.65"], "architecture": "x86_64", "mac": ["bc:24:11:65:5d:85"], "hostname": "DESKTOP-JQK13SC"}, "source": {"port": 49955, "ip": "10.136.5.65", "domain": "-"}, "@timestamp": "2025-11-08T14:38:38.120Z", "log": {"level": "information"}, "user": {"name": "vagrant", "domain": "DESKTOP-JQK13SC", "id": "S-1-5-18"}, "network": {"community_id": "1:Wzu4V/pXRkMTKgKNQIluq0Aa/bI=", "protocol": "-", "direction": "egress", "type": "ipv4", "transport": "tcp"}, "process": {"pid": 5876, "executable": "C:\\Windows\\SystemApps\\Microsoft.Windows.StartMenuExperienceHost_cw5n1h2txyewy\\StartMenuExperienceHost.exe", "entity_id": "{1c3b4e1a-55e1-690f-5c03-000000000500}", "name": "StartMenuExperienceHost.exe"}, "ecs": {"version": "1.12.0"}, "agent": {"ephemeral_id": "0eb94074-2147-427a-8c46-6c6578d3ab93", "id": "1a4af485-022d-4981-8d7f-bea9aff53b0f", "name": "DESKTOP-JQK13SC", "type": "winlogbeat", "version": "7.17.29", "hostname": "DESKTOP-JQK13SC"}, "event": {"created": "2025-11-08T14:39:24.480Z", "module": "sysmon", "type": ["connection", "start", "protocol"], "kind": "event", "action": "Network connection detected (rule: NetworkConnect)", "provider": "Microsoft-Windows-Sysmon", "category": ["network"], "code": "3"}, "destination": {"port": 443, "ip": "20.103.156.88", "domain": "-"}, "winlog": {"event_id": "3", "user": {"name": "SYSTEM", "domain": "NT AUTHORITY", "type": "User", "identifier": "S-1-5-18"}, "task": "Network connection detected (rule: NetworkConnect)", "opcode": "Info", "channel": "Microsoft-Windows-Sysmon/Operational", "computer_name": "DESKTOP-JQK13SC", "process": {"pid": 5100, "thread": {"id": 3460}}, "version": 5, "provider_name": "Microsoft-Windows-Sysmon", "event_data": {"SourcePortName": "-"}, "api": "wineventlog", "provider_guid": "{5770385f-c22a-43e0-bf4c-06f5698ffbd9}", "record_id": 67783}}
{"tags": ["beats_input_codec_plain_applied", "_jsonparsefailure", "pikksilm_sysmon"], "@version": "1", "message": "Network connection detected:\nRuleName: -\nUtcTime: 2025-11-08 14:38:38.063\nProcessGuid: {1c3b4e1a-c76f-690f-1f00-000000000500}\nProcessId: 1660\nImage: C:\\Windows\\system32\\svchost.exe\nUser: NT AUTHORITY\\NETWORK SERVICE\nProtocol: udp\nInitiated: true\nSourceIsIpv6: false\nSourceIp: 10.136.5.65\nSourceHostname: -\nSourcePort: 64456\nSourcePortName: -\nDestinationIsIpv6: false\nDestinationIp: 8.8.8.8\nDestinationHostname: -\nDestinationPort: 53\nDestinationPortName: -", "related": {"ip": ["10.136.5.65", "8.8.8.8"], "user": "NETWORK SERVICE"}, "host": {"id": "1c3b4e1a-5518-4a6d-af82-298224d18338", "os": {"platform": "windows", "type": "windows", "version": "10.0", "family": "windows", "name": "Windows 11 Pro", "kernel": "10.0.22621.2861 (WinBuild.160101.0800)", "build": "22631.2861"}, "ip": ["fe80::1f13:bebd:ede0:ed8c", "10.136.5.65"], "architecture": "x86_64", "mac": ["bc:24:11:65:5d:85"], "hostname": "DESKTOP-JQK13SC"}, "source": {"port": 64456, "ip": "10.136.5.65", "domain": "-"}, "@timestamp": "2025-11-08T14:38:38.063Z", "log": {"level": "information"}, "user": {"name": "NETWORK SERVICE", "domain": "NT AUTHORITY", "id": "S-1-5-18"}, "network": {"type": "ipv4", "community_id": "1:AX70pWIvkXjWDQFbRYLDD7JeCpw=", "direction": "egress", "protocol": "-", "transport": "udp"}, "process": {"pid": 1660, "executable": "C:\\Windows\\system32\\svchost.exe", "entity_id": "{1c3b4e1a-c76f-690f-1f00-000000000500}", "name": "svchost.exe"}, "ecs": {"version": "1.12.0"}, "agent": {"id": "1a4af485-022d-4981-8d7f-bea9aff53b0f", "hostname": "DESKTOP-JQK13SC", "name": "DESKTOP-JQK13SC", "type": "winlogbeat", "version": "7.17.29", "ephemeral_id": "0eb94074-2147-427a-8c46-6c6578d3ab93"}, "event": {"module": "sysmon", "created": "2025-11-08T14:39:24.344Z", "type": ["connection", "start", "protocol"], "kind": "event", "action": "Network connection detected (rule: NetworkConnect)", "provider": "Microsoft-Windows-Sysmon", "category": ["network"], "code": "3"}, "destination": {"port": 53, "ip": "8.8.8.8", "domain": "-"}, "winlog": {"event_id": "3", "user": {"identifier": "S-1-5-18", "domain": "NT AUTHORITY", "name": "SYSTEM", "type": "User"}, "task": "Network connection detected (rule: NetworkConnect)", "process": {"pid": 5100, "thread": {"id": 3460}}, "opcode": "Info", "computer_name": "DESKTOP-JQK13SC", "channel": "Microsoft-Windows-Sysmon/Operational", "version": 5, "provider_name": "Microsoft-Windows-Sysmon", "event_data": {"SourcePortName": "-"}, "api": "wineventlog", "provider_guid": "{5770385f-c22a-43e0-bf4c-06f5698ffbd9}", "record_id": 67732}}
{"tags": ["beats_input_codec_plain_applied", "_jsonparsefailure", "pikksilm_sysmon"], "@version": "1", "message": "Network connection detected:\nRuleName: -\nUtcTime: 2025-11-08 14:39:21.363\nProcessGuid: {b14ecd17-5615-690f-3603-000000000500}\nProcessId: 4016\nImage: C:\\Windows\\System32\\WerFault.exe\nUser: DESKTOP-8Q44FSM\\vagrant\nProtocol: tcp\nInitiated: true\nSourceIsIpv6: false\nSourceIp: 10.136.5.66\nSourceHostname: -\nSourcePort: 49937\nSourcePortName: -\nDestinationIsIpv6: false\nDestinationIp: 135.234.160.245\nDestinationHostname: -\nDestinationPort: 443\nDestinationPortName: -", "related": {"user": "vagrant", "ip": ["10.136.5.66", "135.234.160.245"]}, "host": {"hostname": "DESKTOP-8Q44FSM", "os": {"family": "windows", "name": "Windows 11 Pro", "kernel": "10.0.22621.2861 (WinBuild.160101.0800)", "type": "windows", "platform": "windows", "version": "10.0", "build": "22631.2861"}, "ip": ["fe80::48f7:5d50:95ed:189a", "10.136.5.66"], "architecture": "x86_64", "mac": ["bc:24:11:45:94:8e"], "id": "b14ecd17-5d3b-4f55-baee-6ff4cabb34b4"}, "source": {"port": 49937, "ip": "10.136.5.66", "domain": "-"}, "@timestamp": "2025-11-08T14:39:21.363Z", "log": {"level": "information"}, "user": {"name": "vagrant", "domain": "DESKTOP-8Q44FSM", "id": "S-1-5-18"}, "network": {"protocol": "-", "type": "ipv4", "direction": "egress", "community_id": "1:MsYSyu8egi7de+1o3YjPTq/OEd0=", "transport": "tcp"}, "process": {"name": "WerFault.exe", "pid": 4016, "entity_id": "{b14ecd17-5615-690f-3603-000000000500}", "executable": "C:\\Windows\\System32\\WerFault.exe"}, "ecs": {"version": "1.12.0"}, "agent": {"ephemeral_id": "dcd8318d-95d4-4b47-92c0-9b7bdc2aa8b4", "id": "ad03eb5d-aaf5-44d5-b5c0-e19e6c891455", "name": "DESKTOP-8Q44FSM", "type": "winlogbeat", "version": "7.17.29", "hostname": "DESKTOP-8Q44FSM"}, "event": {"created": "2025-11-08T14:39:24.106Z", "module": "sysmon", "type": ["connection", "start", "protocol"], "kind": "event", "action": "Network connection detected (rule: NetworkConnect)", "provider": "Microsoft-Windows-Sysmon", "category": ["network"], "code": "3"}, "destination": {"port": 443, "ip": "135.234.160.245", "domain": "-"}, "winlog": {"event_id": "3", "user": {"name": "SYSTEM", "domain": "NT AUTHORITY", "type": "User", "identifier": "S-1-5-18"}, "channel": "Microsoft-Windows-Sysmon/Operational", "opcode": "Info", "process": {"pid": 1156, "thread": {"id": 1884}}, "task": "Network connection detected (rule: NetworkConnect)", "computer_name": "DESKTOP-8Q44FSM", "version": 5, "provider_name": "Microsoft-Windows-Sysmon", "event_data": {"SourcePortName": "-"}, "api": "wineventlog", "provider_guid": "{5770385f-c22a-43e0-bf4c-06f5698ffbd9}", "record_id": 38799}}
{"tags": ["beats_input_codec_plain_applied", "_jsonparsefailure", "pikksilm_sysmon"], "@version": "1", "message": "Network connection detected:\nRuleName: -\nUtcTime: 2025-11-08 14:38:43.331\nProcessGuid: {1c3b4e1a-55da-690f-5203-000000000500}\nProcessId: 5180\nImage: C:\\Windows\\System32\\backgroundTaskHost.exe\nUser: DESKTOP-JQK13SC\\vagrant\nProtocol: tcp\nInitiated: true\nSourceIsIpv6: false\nSourceIp: 10.136.5.65\nSourceHostname: -\nSourcePort: 49960\nSourcePortName: -\nDestinationIsIpv6: false\nDestinationIp: 20.223.35.26\nDestinationHostname: -\nDestinationPort: 443\nDestinationPortName: -", "related": {"ip": ["10.136.5.65", "20.223.35.26"], "user": "vagrant"}, "host": {"hostname": "DESKTOP-JQK13SC", "os": {"family": "windows", "name": "Windows 11 Pro", "version": "10.0", "kernel": "10.0.22621.2861 (WinBuild.160101.0800)", "type": "windows", "platform": "windows", "build": "22631.2861"}, "ip": ["fe80::1f13:bebd:ede0:ed8c", "10.136.5.65"], "architecture": "x86_64", "mac": ["bc:24:11:65:5d:85"], "id": "1c3b4e1a-5518-4a6d-af82-298224d18338"}, "source": {"port": 49960, "ip": "10.136.5.65", "domain": "-"}, "@timestamp": "2025-11-08T14:38:43.331Z", "log": {"level": "information"}, "user": {"name": "vagrant", "domain": "DESKTOP-JQK13SC", "id": "S-1-5-18"}, "network": {"protocol": "-", "type": "ipv4", "direction": "egress", "community_id": "1:FbaUkZSLVHmIfV0SJGmbjQqz9e8=", "transport": "tcp"}, "process": {"pid": 5180, "executable": "C:\\Windows\\System32\\backgroundTaskHost.exe", "entity_id": "{1c3b4e1a-55da-690f-5203-000000000500}", "name": "backgroundTaskHost.exe"}, "ecs": {"version": "1.12.0"}, "agent": {"ephemeral_id": "0eb94074-2147-427a-8c46-6c6578d3ab93", "id": "1a4af485-022d-4981-8d7f-bea9aff53b0f", "name": "DESKTOP-JQK13SC", "type": "winlogbeat", "version": "7.17.29", "hostname": "DESKTOP-JQK13SC"}, "event": {"module": "sysmon", "created": "2025-11-08T14:39:25.612Z", "type": ["connection", "start", "protocol"], "kind": "event", "action": "Network connection detected (rule: NetworkConnect)", "provider": "Microsoft-Windows-Sysmon", "category": ["network"], "code": "3"}, "destination": {"port": 443, "ip": "20.223.35.26", "domain": "-"}, "winlog": {"event_id": "3", "user": {"name": "SYSTEM", "domain": "NT AUTHORITY", "type": "User", "identifier": "S-1-5-18"}, "task": "Network connection detected (rule: NetworkConnect)", "process": {"pid": 5100, "thread": {"id": 3460}}, "channel": "Microsoft-Windows-Sysmon/Operational", "computer_name": "DESKTOP-JQK13SC", "opcode": "Info", "version": 5, "provider_name": "Microsoft-Windows-Sysmon", "event_data": {"SourcePortName": "-"}, "api": "wineventlog", "provider_guid": "{5770385f-c22a-43e0-bf4c-06f5698ffbd9}", "record_id": 68512}}
{"tags": ["beats_input_codec_plain_applied", "_jsonparsefailure", "pikksilm_sysmon"], "@version": "1", "message": "Network connection detected:\nRuleName: -\nUtcTime: 2025-11-08 14:38:40.247\nProcessGuid: {1c3b4e1a-55e1-690f-5d03-000000000500}\nProcessId: 5900\nImage: C:\\Windows\\SystemApps\\MicrosoftWindows.Client.CBS_cw5n1h2txyewy\\SearchHost.exe\nUser: DESKTOP-JQK13SC\\vagrant\nProtocol: tcp\nInitiated: true\nSourceIsIpv6: false\nSourceIp: 10.136.5.65\nSourceHostname: -\nSourcePort: 49957\nSourcePortName: -\nDestinationIsIpv6: false\nDestinationIp: 92.123.103.90\nDestinationHostname: -\nDestinationPort: 443\nDestinationPortName: -", "related": {"ip": ["10.136.5.65", "92.123.103.90"], "user": "vagrant"}, "host": {"hostname": "DESKTOP-JQK13SC", "os": {"kernel": "10.0.22621.2861 (WinBuild.160101.0800)", "type": "windows", "platform": "windows", "version": "10.0", "family": "windows", "name": "Windows 11 Pro", "build": "22631.2861"}, "ip": ["fe80::1f13:bebd:ede0:ed8c", "10.136.5.65"], "architecture": "x86_64", "mac": ["bc:24:11:65:5d:85"], "id": "1c3b4e1a-5518-4a6d-af82-298224d18338"}, "source": {"port": 49957, "ip": "10.136.5.65", "domain": "-"}, "@timestamp": "2025-11-08T14:38:40.247Z", "log": {"level": "information"}, "user": {"name": "vagrant", "domain": "DESKTOP-JQK13SC", "id": "S-1-5-18"}, "network": {"protocol": "-", "type": "ipv4", "direction": "egress", "community_id": "1:k8ErQQuavl1FMOakpTkYZsWiRP4=", "transport": "tcp"}, "process": {"pid": 5900, "executable": "C:\\Windows\\SystemApps\\MicrosoftWindows.Client.CBS_cw5n1h2txyewy\\SearchHost.exe", "entity_id": "{1c3b4e1a-55e1-690f-5d03-000000000500}", "name": "SearchHost.exe"}, "ecs": {"version": "1.12.0"}, "agent": {"ephemeral_id": "0eb94074-2147-427a-8c46-6c6578d3ab93", "id": "1a4af485-022d-4981-8d7f-bea9aff53b0f", "name": "DESKTOP-JQK13SC", "type": "winlogbeat", "version": "7.17.29", "hostname": "DESKTOP-JQK13SC"}, "event": {"created": "2025-11-08T14:39:24.924Z", "module": "sysmon", "type": ["connection", "start", "protocol"], "kind": "event", "action": "Network connection detected (rule: NetworkConnect)", "provider": "Microsoft-Windows-Sysmon", "category": ["network"], "code": "3"}, "destination": {"port": 443, "ip": "92.123.103.90", "domain": "-"}, "winlog": {"event_id": "3", "user": {"identifier": "S-1-5-18", "type": "User", "domain": "NT AUTHORITY", "name": "SYSTEM"}, "channel": "Microsoft-Windows-Sysmon/Operational", "task": "Network connection detected (rule: NetworkConnect)", "process": {"pid": 5100, "thread": {"id": 3460}}, "computer_name": "DESKTOP-JQK13SC", "opcode": "Info", "version": 5, "provider_name": "Microsoft-Windows-Sysmon", "event_data": {"SourcePortName": "-"}, "api": "wineventlog", "provider_guid": "{5770385f-c22a-43e0-bf4c-06f5698ffbd9}", "record_id": 68075}}
{"tags": ["beats_input_codec_plain_applied", "_jsonparsefailure", "pikksilm_sysmon"], "@version": "1", "message": "Network connection detected:\nRuleName: -\nUtcTime: 2025-11-08 14:38:40.248\nProcessGuid: {1c3b4e1a-55e1-690f-5d03-000000000500}\nProcessId: 5900\nImage: C:\\Windows\\SystemApps\\MicrosoftWindows.Client.CBS_cw5n1h2txyewy\\SearchHost.exe\nUser: DESKTOP-JQK13SC\\vagrant\nProtocol: tcp\nInitiated: true\nSourceIsIpv6: false\nSourceIp: 10.136.5.65\nSourceHostname: -\nSourcePort: 49958\nSourcePortName: -\nDestinationIsIpv6: false\nDestinationIp: 92.123.103.90\nDestinationHostname: -\nDestinationPort: 443\nDestinationPortName: -", "related": {"ip": ["10.136.5.65", "92.123.103.90"], "user": "vagrant"}, "host": {"id": "1c3b4e1a-5518-4a6d-af82-298224d18338", "os": {"family": "windows", "name": "Windows 11 Pro", "kernel": "10.0.22621.2861 (WinBuild.160101.0800)", "type": "windows", "platform": "windows", "version": "10.0", "build": "22631.2861"}, "ip": ["fe80::1f13:bebd:ede0:ed8c", "10.136.5.65"], "architecture": "x86_64", "mac": ["bc:24:11:65:5d:85"], "hostname": "DESKTOP-JQK13SC"}, "source": {"port": 49958, "ip": "10.136.5.65", "domain": "-"}, "@timestamp": "2025-11-08T14:38:40.248Z", "log": {"level": "information"}, "user": {"name": "vagrant", "domain": "DESKTOP-JQK13SC", "id": "S-1-5-18"}, "network": {"protocol": "-", "type": "ipv4", "direction": "egress", "community_id": "1:pkwwQXtSuRhvdVZnXaCzUzpmFGE=", "transport": "tcp"}, "process": {"pid": 5900, "executable": "C:\\Windows\\SystemApps\\MicrosoftWindows.Client.CBS_cw5n1h2txyewy\\SearchHost.exe", "entity_id": "{1c3b4e1a-55e1-690f-5d03-000000000500}", "name": "SearchHost.exe"}, "ecs": {"version": "1.12.0"}, "agent": {"hostname": "DESKTOP-JQK13SC", "ephemeral_id": "0eb94074-2147-427a-8c46-6c6578d3ab93", "name": "DESKTOP-JQK13SC", "type": "winlogbeat", "version": "7.17.29", "id": "1a4af485-022d-4981-8d7f-bea9aff53b0f"}, "event": {"module": "sysmon", "created": "2025-11-08T14:39:24.924Z", "type": ["connection", "start", "protocol"], "kind": "event", "action": "Network connection detected (rule: NetworkConnect)", "provider": "Microsoft-Windows-Sysmon", "category": ["network"], "code": "3"}, "destination": {"port": 443, "ip": "92.123.103.90", "domain": "-"}, "winlog": {"event_id": "3", "user": {"identifier": "S-1-5-18", "domain": "NT AUTHORITY", "name": "SYSTEM", "type": "User"}, "channel": "Microsoft-Windows-Sysmon/Operational", "task": "Network connection detected (rule: NetworkConnect)", "process": {"pid": 5100, "thread": {"id": 3460}}, "computer_name": "DESKTOP-JQK13SC", "opcode": "Info", "version": 5, "provider_name": "Microsoft-Windows-Sysmon", "event_data": {"SourcePortName": "-"}, "api": "wineventlog", "provider_guid": "{5770385f-c22a-43e0-bf4c-06f5698ffbd9}", "record_id": 68077}}
{"tags": ["beats_input_codec_plain_applied", "_jsonparsefailure", "pikksilm_sysmon"], "@version": "1", "message": "Network connection detected:\nRuleName: -\nUtcTime: 2025-11-08 14:38:40.302\nProcessGuid: {1c3b4e1a-55e1-690f-5d03-000000000500}\nProcessId: 5900\nImage: C:\\Windows\\SystemApps\\MicrosoftWindows.Client.CBS_cw5n1h2txyewy\\SearchHost.exe\nUser: DESKTOP-JQK13SC\\vagrant\nProtocol: tcp\nInitiated: true\nSourceIsIpv6: false\nSourceIp: 10.136.5.65\nSourceHostname: -\nSourcePort: 49959\nSourcePortName: -\nDestinationIsIpv6: false\nDestinationIp: 92.123.103.90\nDestinationHostname: -\nDestinationPort: 443\nDestinationPortName: -", "related": {"ip": ["10.136.5.65", "92.123.103.90"], "user": "vagrant"}, "host": {"hostname": "DESKTOP-JQK13SC", "os": {"platform": "windows", "type": "windows", "version": "10.0", "family": "windows", "name": "Windows 11 Pro", "kernel": "10.0.22621.2861 (WinBuild.160101.0800)", "build": "22631.2861"}, "ip": ["fe80::1f13:bebd:ede0:ed8c", "10.136.5.65"], "architecture": "x86_64", "mac": ["bc:24:11:65:5d:85"], "id": "1c3b4e1a-5518-4a6d-af82-298224d18338"}, "source": {"port": 49959, "ip": "10.136.5.65", "domain": "-"}, "@timestamp": "2025-11-08T14:38:40.302Z", "log": {"level": "information"}, "user": {"name": "vagrant", "domain": "DESKTOP-JQK13SC", "id": "S-1-5-18"}, "network": {"protocol": "-", "type": "ipv4", "direction": "egress", "community_id": "1:lY66l7GMhciA2JqPeA0Tu25QwHQ=", "transport": "tcp"}, "process": {"executable": "C:\\Windows\\SystemApps\\MicrosoftWindows.Client.CBS_cw5n1h2txyewy\\SearchHost.exe", "name": "SearchHost.exe", "entity_id": "{1c3b4e1a-55e1-690f-5d03-000000000500}", "pid": 5900}, "ecs": {"version": "1.12.0"}, "agent": {"ephemeral_id": "0eb94074-2147-427a-8c46-6c6578d3ab93", "id": "1a4af485-022d-4981-8d7f-bea9aff53b0f", "name": "DESKTOP-JQK13SC", "type": "winlogbeat", "version": "7.17.29", "hostname": "DESKTOP-JQK13SC"}, "event": {"module": "sysmon", "created": "2025-11-08T14:39:24.924Z", "type": ["connection", "start", "protocol"], "kind": "event", "action": "Network connection detected (rule: NetworkConnect)", "provider": "Microsoft-Windows-Sysmon", "category": ["network"], "code": "3"}, "destination": {"port": 443, "ip": "92.123.103.90", "domain": "-"}, "winlog": {"event_id": "3", "user": {"identifier": "S-1-5-18", "domain": "NT AUTHORITY", "name": "SYSTEM", "type": "User"}, "channel": "Microsoft-Windows-Sysmon/Operational", "process": {"pid": 5100, "thread": {"id": 3460}}, "task": "Network connection detected (rule: NetworkConnect)", "computer_name": "DESKTOP-JQK13SC", "opcode": "Info", "version": 5, "provider_name": "Microsoft-Windows-Sysmon", "event_data": {"SourcePortName": "-"}, "api": "wineventlog", "provider_guid": "{5770385f-c22a-43e0-bf4c-06f5698ffbd9}", "record_id": 68078}}
{"tags": ["beats_input_codec_plain_applied", "_jsonparsefailure", "pikksilm_sysmon"], "@version": "1", "message": "Network connection detected:\nRuleName: -\nUtcTime: 2025-11-08 14:38:40.213\nProcessGuid: {1c3b4e1a-c76f-690f-1f00-000000000500}\nProcessId: 1660\nImage: C:\\Windows\\system32\\svchost.exe\nUser: NT AUTHORITY\\NETWORK SERVICE\nProtocol: udp\nInitiated: true\nSourceIsIpv6: false\nSourceIp: 10.136.5.65\nSourceHostname: -\nSourcePort: 56228\nSourcePortName: -\nDestinationIsIpv6: false\nDestinationIp: 1.1.1.1\nDestinationHostname: -\nDestinationPort: 53\nDestinationPortName: -", "related": {"ip": ["10.136.5.65", "1.1.1.1"], "user": "NETWORK SERVICE"}, "host": {"hostname": "DESKTOP-JQK13SC", "os": {"family": "windows", "name": "Windows 11 Pro", "kernel": "10.0.22621.2861 (WinBuild.160101.0800)", "type": "windows", "platform": "windows", "version": "10.0", "build": "22631.2861"}, "ip": ["fe80::1f13:bebd:ede0:ed8c", "10.136.5.65"], "architecture": "x86_64", "mac": ["bc:24:11:65:5d:85"], "id": "1c3b4e1a-5518-4a6d-af82-298224d18338"}, "source": {"port": 56228, "ip": "10.136.5.65", "domain": "-"}, "@timestamp": "2025-11-08T14:38:40.213Z", "log": {"level": "information"}, "user": {"name": "NETWORK SERVICE", "domain": "NT AUTHORITY", "id": "S-1-5-18"}, "network": {"type": "ipv4", "community_id": "1:pMA+uiCgWE0IisqqOQL6vFnTZ4g=", "protocol": "-", "direction": "egress", "transport": "udp"}, "process": {"pid": 1660, "executable": "C:\\Windows\\system32\\svchost.exe", "entity_id": "{1c3b4e1a-c76f-690f-1f00-000000000500}", "name": "svchost.exe"}, "ecs": {"version": "1.12.0"}, "agent": {"id": "1a4af485-022d-4981-8d7f-bea9aff53b0f", "hostname": "DESKTOP-JQK13SC", "name": "DESKTOP-JQK13SC", "type": "winlogbeat", "version": "7.17.29", "ephemeral_id": "0eb94074-2147-427a-8c46-6c6578d3ab93"}, "event": {"created": "2025-11-08T14:39:24.924Z", "module": "sysmon", "type": ["connection", "start", "protocol"], "kind": "event", "action": "Network connection detected (rule: NetworkConnect)", "provider": "Microsoft-Windows-Sysmon", "category": ["network"], "code": "3"}, "destination": {"port": 53, "ip": "1.1.1.1", "domain": "-"}, "winlog": {"event_id": "3", "user": {"identifier": "S-1-5-18", "domain": "NT AUTHORITY", "name": "SYSTEM", "type": "User"}, "channel": "Microsoft-Windows-Sysmon/Operational", "process": {"pid": 5100, "thread": {"id": 3460}}, "opcode": "Info", "task": "Network connection detected (rule: NetworkConnect)", "computer_name": "DESKTOP-JQK13SC", "version": 5, "provider_name": "Microsoft-Windows-Sysmon", "event_data": {"SourcePortName": "-"}, "api": "wineventlog", "provider_guid": "{5770385f-c22a-43e0-bf4c-06f5698ffbd9}", "record_id": 68074}}
{"tags": ["beats_input_codec_plain_applied", "_jsonparsefailure", "pikksilm_sysmon"], "@version": "1", "message": "Network connection detected:\nRuleName: -\nUtcTime: 2025-11-08 14:38:40.248\nProcessGuid: {1c3b4e1a-55e1-690f-5d03-000000000500}\nProcessId: 5900\nImage: C:\\Windows\\SystemApps\\MicrosoftWindows.Client.CBS_cw5n1h2txyewy\\SearchHost.exe\nUser: DESKTOP-JQK13SC\\vagrant\nProtocol: tcp\nInitiated: true\nSourceIsIpv6: false\nSourceIp: 10.136.5.65\nSourceHostname: -\nSourcePort: 49956\nSourcePortName: -\nDestinationIsIpv6: false\nDestinationIp: 92.123.103.90\nDestinationHostname: -\nDestinationPort: 443\nDestinationPortName: -", "related": {"ip": ["10.136.5.65", "92.123.103.90"], "user": "vagrant"}, "host": {"id": "1c3b4e1a-5518-4a6d-af82-298224d18338", "os": {"platform": "windows", "type": "windows", "version": "10.0", "family": "windows", "name": "Windows 11 Pro", "kernel": "10.0.22621.2861 (WinBuild.160101.0800)", "build": "22631.2861"}, "ip": ["fe80::1f13:bebd:ede0:ed8c", "10.136.5.65"], "architecture": "x86_64", "mac": ["bc:24:11:65:5d:85"], "hostname": "DESKTOP-JQK13SC"}, "source": {"port": 49956, "ip": "10.136.5.65", "domain": "-"}, "@timestamp": "2025-11-08T14:38:40.248Z", "log": {"level": "information"}, "user": {"name": "vagrant", "domain": "DESKTOP-JQK13SC", "id": "S-1-5-18"}, "network": {"protocol": "-", "type": "ipv4", "direction": "egress", "community_id": "1:GKf60tNkPHeQN45OgOGkojGZQQk=", "transport": "tcp"}, "process": {"pid": 5900, "executable": "C:\\Windows\\SystemApps\\MicrosoftWindows.Client.CBS_cw5n1h2txyewy\\SearchHost.exe", "name": "SearchHost.exe", "entity_id": "{1c3b4e1a-55e1-690f-5d03-000000000500}"}, "ecs": {"version": "1.12.0"}, "agent": {"ephemeral_id": "0eb94074-2147-427a-8c46-6c6578d3ab93", "id": "1a4af485-022d-4981-8d7f-bea9aff53b0f", "name": "DESKTOP-JQK13SC", "type": "winlogbeat", "version": "7.17.29", "hostname": "DESKTOP-JQK13SC"}, "event": {"created": "2025-11-08T14:39:24.924Z", "module": "sysmon", "type": ["connection", "start", "protocol"], "kind": "event", "action": "Network connection detected (rule: NetworkConnect)", "provider": "Microsoft-Windows-Sysmon", "category": ["network"], "code": "3"}, "destination": {"port": 443, "ip": "92.123.103.90", "domain": "-"}, "winlog": {"event_id": "3", "user": {"identifier": "S-1-5-18", "domain": "NT AUTHORITY", "name": "SYSTEM", "type": "User"}, "task": "Network connection detected (rule: NetworkConnect)", "opcode": "Info", "channel": "Microsoft-Windows-Sysmon/Operational", "computer_name": "DESKTOP-JQK13SC", "process": {"pid": 5100, "thread": {"id": 3460}}, "version": 5, "provider_name": "Microsoft-Windows-Sysmon", "event_data": {"SourcePortName": "-"}, "api": "wineventlog", "provider_guid": "{5770385f-c22a-43e0-bf4c-06f5698ffbd9}", "record_id": 68076}}
{"tags": ["beats_input_codec_plain_applied", "_jsonparsefailure", "pikksilm_sysmon"], "@version": "1", "message": "Network connection detected:\nRuleName: -\nUtcTime: 2025-11-08 14:38:43.650\nProcessGuid: {1c3b4e1a-55da-690f-5203-000000000500}\nProcessId: 5180\nImage: C:\\Windows\\System32\\backgroundTaskHost.exe\nUser: DESKTOP-JQK13SC\\vagrant\nProtocol: tcp\nInitiated: true\nSourceIsIpv6: false\nSourceIp: 10.136.5.65\nSourceHostname: -\nSourcePort: 49961\nSourcePortName: -\nDestinationIsIpv6: false\nDestinationIp: 162.159.142.9\nDestinationHostname: -\nDestinationPort: 80\nDestinationPortName: -", "related": {"ip": ["10.136.5.65", "162.159.142.9"], "user": "vagrant"}, "host": {"hostname": "DESKTOP-JQK13SC", "os": {"family": "windows", "name": "Windows 11 Pro", "kernel": "10.0.22621.2861 (WinBuild.160101.0800)", "type": "windows", "platform": "windows", "version": "10.0", "build": "22631.2861"}, "ip": ["fe80::1f13:bebd:ede0:ed8c", "10.136.5.65"], "architecture": "x86_64", "mac": ["bc:24:11:65:5d:85"], "id": "1c3b4e1a-5518-4a6d-af82-298224d18338"}, "source": {"port": 49961, "ip": "10.136.5.65", "domain": "-"}, "@timestamp": "2025-11-08T14:38:43.650Z", "log": {"level": "information"}, "user": {"name": "vagrant", "domain": "DESKTOP-JQK13SC", "id": "S-1-5-18"}, "network": {"community_id": "1:AoHRt0edjXm17R2KzI5zJbHr5ks=", "protocol": "-", "direction": "egress", "type": "ipv4", "transport": "tcp"}, "process": {"pid": 5180, "executable": "C:\\Windows\\System32\\backgroundTaskHost.exe", "entity_id": "{1c3b4e1a-55da-690f-5203-000000000500}", "name": "backgroundTaskHost.exe"}, "ecs": {"version": "1.12.0"}, "agent": {"ephemeral_id": "0eb94074-2147-427a-8c46-6c6578d3ab93", "id": "1a4af485-022d-4981-8d7f-bea9aff53b0f", "name": "DESKTOP-JQK13SC", "type": "winlogbeat", "version": "7.17.29", "hostname": "DESKTOP-JQK13SC"}, "event": {"created": "2025-11-08T14:39:25.760Z", "module": "sysmon", "type": ["connection", "start", "protocol"], "kind": "event", "action": "Network connection detected (rule: NetworkConnect)", "provider": "Microsoft-Windows-Sysmon", "category": ["network"], "code": "3"}, "destination": {"port": 80, "ip": "162.159.142.9", "domain": "-"}, "winlog": {"event_id": "3", "user": {"identifier": "S-1-5-18", "domain": "NT AUTHORITY", "name": "SYSTEM", "type": "User"}, "task": "Network connection detected (rule: NetworkConnect)", "opcode": "Info", "channel": "Microsoft-Windows-Sysmon/Operational", "computer_name": "DESKTOP-JQK13SC", "process": {"pid": 5100, "thread": {"id": 3460}}, "version": 5, "provider_name": "Microsoft-Windows-Sysmon", "event_data": {"SourcePortName": "-"}, "api": "wineventlog", "provider_guid": "{5770385f-c22a-43e0-bf4c-06f5698ffbd9}", "record_id": 68547}}
{"tags": ["beats_input_codec_plain_applied", "_jsonparsefailure", "pikksilm_sysmon"], "@version": "1", "message": "Process Create:\nRuleName: -\nUtcTime: 2025-11-08 14:39:47.637\nProcessGuid: {1c3b4e1a-5633-690f-7803-000000000500}\nProcessId: 2232\nImage: C:\\Windows\\System32\\svchost.exe\nFileVersion: 10.0.22621.1 (WinBuild.160101.0800)\nDescription: Host Process for Windows Services\nProduct: Microsoft\u00ae Windows\u00ae Operating System\nCompany: Microsoft Corporation\nOriginalFileName: svchost.exe\nCommandLine: C:\\Windows\\System32\\svchost.exe -k netsvcs -p\nCurrentDirectory: C:\\Windows\\system32\\\nUser: NT AUTHORITY\\SYSTEM\nLogonGuid: {1c3b4e1a-c766-690f-e703-000000000000}\nLogonId: 0x3E7\nTerminalSessionId: 0\nIntegrityLevel: System\nHashes: SHA1=3F64C98F22DA277A07CAB248C44C56EEDB796A81,MD5=8EC922C7A58A8701AB481B7BE9644536,SHA256=949BFB5B4C7D58D92F3F9C5F8EC7CA4CEAFFD10EC5F0020F0A987C472D61C54B,IMPHASH=76B4BAE80D2C3B08BB062D97BF9CA791\nParentProcessGuid: {00000000-0000-0000-0000-000000000000}\nParentProcessId: 760\nParentImage: -\nParentCommandLine: -\nParentUser: -", "related": {"user": "SYSTEM", "hash": ["3f64c98f22da277a07cab248c44c56eedb796a81", "8ec922c7a58a8701ab481b7be9644536", "949bfb5b4c7d58d92f3f9c5f8ec7ca4ceaffd10ec5f0020f0a987c472d61c54b", "76b4bae80d2c3b08bb062d97bf9ca791"]}, "host": {"id": "1c3b4e1a-5518-4a6d-af82-298224d18338", "os": {"platform": "windows", "type": "windows", "version": "10.0", "family": "windows", "name": "Windows 11 Pro", "kernel": "10.0.22621.2861 (WinBuild.160101.0800)", "build": "22631.2861"}, "ip": ["fe80::1f13:bebd:ede0:ed8c", "10.136.5.65"], "architecture": "x86_64", "mac": ["bc:24:11:65:5d:85"], "hostname": "DESKTOP-JQK13SC"}, "hash": {"sha256": "949bfb5b4c7d58d92f3f9c5f8ec7ca4ceaffd10ec5f0020f0a987c472d61c54b", "imphash": "76b4bae80d2c3b08bb062d97bf9ca791", "md5": "8ec922c7a58a8701ab481b7be9644536", "sha1": "3f64c98f22da277a07cab248c44c56eedb796a81"}, "@timestamp": "2025-11-08T14:39:47.637Z", "log": {"level": "information"}, "user": {"name": "SYSTEM", "domain": "NT AUTHORITY", "id": "S-1-5-18"}, "process": {"working_directory": "C:\\Windows\\system32\\", "pe": {"file_version": "10.0.22621.1 (WinBuild.160101.0800)", "company": "Microsoft Corporation", "imphash": "76b4bae80d2c3b08bb062d97bf9ca791", "original_file_name": "svchost.exe", "product": "Microsoft\u00ae Windows\u00ae Operating System", "description": "Host Process for Windows Services"}, "name": "svchost.exe", "entity_id": "{1c3b4e1a-5633-690f-7803-000000000500}", "executable": "C:\\Windows\\System32\\svchost.exe", "hash": {"sha256": "949bfb5b4c7d58d92f3f9c5f8ec7ca4ceaffd10ec5f0020f0a987c472d61c54b", "md5": "8ec922c7a58a8701ab481b7be9644536", "sha1": "3f64c98f22da277a07cab248c44c56eedb796a81"}, "command_line": "C:\\Windows\\System32\\svchost.exe -k netsvcs -p", "args": ["C:\\Windows\\System32\\svchost.exe", "-k", "netsvcs", "-p"], "pid": 2232, "parent": {"executable": "-", "name": "-", "entity_id": "{00000000-0000-0000-0000-000000000000}", "command_line": "-", "pid": 760, "args": ["-"]}}, "ecs": {"version": "1.12.0"}, "agent": {"ephemeral_id": "0eb94074-2147-427a-8c46-6c6578d3ab93", "id": "1a4af485-022d-4981-8d7f-bea9aff53b0f", "name": "DESKTOP-JQK13SC", "type": "winlogbeat", "version": "7.17.29", "hostname": "DESKTOP-JQK13SC"}, "event": {"created": "2025-11-08T14:40:11.770Z", "module": "sysmon", "type": ["start", "process_start"], "kind": "event", "action": "Process Create (rule: ProcessCreate)", "provider": "Microsoft-Windows-Sysmon", "category": ["process"], "code": "1"}, "winlog": {"event_id": "1", "user": {"name": "SYSTEM", "type": "User", "identifier": "S-1-5-18", "domain": "NT AUTHORITY"}, "task": "Process Create (rule: ProcessCreate)", "opcode": "Info", "channel": "Microsoft-Windows-Sysmon/Operational", "computer_name": "DESKTOP-JQK13SC", "process": {"pid": 5100, "thread": {"id": 1864}}, "version": 5, "provider_name": "Microsoft-Windows-Sysmon", "event_data": {"IntegrityLevel": "System", "Company": "Microsoft Corporation", "ParentUser": "-", "TerminalSessionId": "0", "LogonId": "0x3e7", "LogonGuid": "{1c3b4e1a-c766-690f-e703-000000000000}", "FileVersion": "10.0.22621.1 (WinBuild.160101.0800)", "Description": "Host Process for Windows Services", "Product": "Microsoft\u00ae Windows\u00ae Operating System"}, "api": "wineventlog", "provider_guid": "{5770385f-c22a-43e0-bf4c-06f5698ffbd9}", "record_id": 69646}}
{"tags": ["beats_input_codec_plain_applied", "_jsonparsefailure", "pikksilm_sysmon"], "@version": "1", "message": "Network connection detected:\nRuleName: -\nUtcTime: 2025-11-08 14:39:49.059\nProcessGuid: {1c3b4e1a-c76f-690f-1f00-000000000500}\nProcessId: 1660\nImage: C:\\Windows\\system32\\svchost.exe\nUser: NT AUTHORITY\\NETWORK SERVICE\nProtocol: udp\nInitiated: true\nSourceIsIpv6: false\nSourceIp: 10.136.5.65\nSourceHostname: -\nSourcePort: 56228\nSourcePortName: -\nDestinationIsIpv6: false\nDestinationIp: 8.8.8.8\nDestinationHostname: -\nDestinationPort: 53\nDestinationPortName: -", "related": {"ip": ["10.136.5.65", "8.8.8.8"], "user": "NETWORK SERVICE"}, "host": {"id": "1c3b4e1a-5518-4a6d-af82-298224d18338", "os": {"name": "Windows 11 Pro", "kernel": "10.0.22621.2861 (WinBuild.160101.0800)", "type": "windows", "platform": "windows", "version": "10.0", "family": "windows", "build": "22631.2861"}, "ip": ["fe80::1f13:bebd:ede0:ed8c", "10.136.5.65"], "architecture": "x86_64", "mac": ["bc:24:11:65:5d:85"], "hostname": "DESKTOP-JQK13SC"}, "source": {"port": 56228, "ip": "10.136.5.65", "domain": "-"}, "@timestamp": "2025-11-08T14:39:49.059Z", "log": {"level": "information"}, "user": {"name": "NETWORK SERVICE", "domain": "NT AUTHORITY", "id": "S-1-5-18"}, "network": {"protocol": "-", "type": "ipv4", "direction": "egress", "community_id": "1:QF2AumDPhaDCRS9jcss3xLYwYN0=", "transport": "udp"}, "process": {"pid": 1660, "executable": "C:\\Windows\\system32\\svchost.exe", "entity_id": "{1c3b4e1a-c76f-690f-1f00-000000000500}", "name": "svchost.exe"}, "ecs": {"version": "1.12.0"}, "agent": {"hostname": "DESKTOP-JQK13SC", "ephemeral_id": "0eb94074-2147-427a-8c46-6c6578d3ab93", "name": "DESKTOP-JQK13SC", "type": "winlogbeat", "version": "7.17.29", "id": "1a4af485-022d-4981-8d7f-bea9aff53b0f"}, "event": {"created": "2025-11-08T14:40:13.793Z", "module": "sysmon", "type": ["connection", "start", "protocol"], "kind": "event", "action": "Network connection detected (rule: NetworkConnect)", "provider": "Microsoft-Windows-Sysmon", "category": ["network"], "code": "3"}, "destination": {"port": 53, "ip": "8.8.8.8", "domain": "-"}, "winlog": {"event_id": "3", "user": {"name": "SYSTEM", "domain": "NT AUTHORITY", "type": "User", "identifier": "S-1-5-18"}, "channel": "Microsoft-Windows-Sysmon/Operational", "task": "Network connection detected (rule: NetworkConnect)", "opcode": "Info", "computer_name": "DESKTOP-JQK13SC", "process": {"pid": 5100, "thread": {"id": 3460}}, "version": 5, "provider_name": "Microsoft-Windows-Sysmon", "event_data": {"SourcePortName": "-"}, "api": "wineventlog", "provider_guid": "{5770385f-c22a-43e0-bf4c-06f5698ffbd9}", "record_id": 70608}}
{"tags": ["beats_input_codec_plain_applied", "_jsonparsefailure", "pikksilm_sysmon"], "@version": "1", "message": "Network connection detected:\nRuleName: -\nUtcTime: 2025-11-08 14:39:49.355\nProcessGuid: {1c3b4e1a-55c6-690f-4903-000000000500}\nProcessId: 4152\nImage: C:\\Windows\\explorer.exe\nUser: DESKTOP-JQK13SC\\vagrant\nProtocol: tcp\nInitiated: true\nSourceIsIpv6: false\nSourceIp: 10.136.5.65\nSourceHostname: -\nSourcePort: 49962\nSourcePortName: -\nDestinationIsIpv6: false\nDestinationIp: 20.103.156.88\nDestinationHostname: -\nDestinationPort: 443\nDestinationPortName: -", "related": {"ip": ["10.136.5.65", "20.103.156.88"], "user": "vagrant"}, "host": {"hostname": "DESKTOP-JQK13SC", "os": {"family": "windows", "name": "Windows 11 Pro", "kernel": "10.0.22621.2861 (WinBuild.160101.0800)", "type": "windows", "platform": "windows", "version": "10.0", "build": "22631.2861"}, "ip": ["fe80::1f13:bebd:ede0:ed8c", "10.136.5.65"], "architecture": "x86_64", "mac": ["bc:24:11:65:5d:85"], "id": "1c3b4e1a-5518-4a6d-af82-298224d18338"}, "source": {"port": 49962, "ip": "10.136.5.65", "domain": "-"}, "@timestamp": "2025-11-08T14:39:49.355Z", "log": {"level": "information"}, "user": {"name": "vagrant", "domain": "DESKTOP-JQK13SC", "id": "S-1-5-18"}, "network": {"protocol": "-", "type": "ipv4", "direction": "egress", "community_id": "1:TV53IJquaWecnVvru4rekxy044Y=", "transport": "tcp"}, "process": {"name": "explorer.exe", "pid": 4152, "entity_id": "{1c3b4e1a-55c6-690f-4903-000000000500}", "executable": "C:\\Windows\\explorer.exe"}, "ecs": {"version": "1.12.0"}, "agent": {"ephemeral_id": "0eb94074-2147-427a-8c46-6c6578d3ab93", "id": "1a4af485-022d-4981-8d7f-bea9aff53b0f", "name": "DESKTOP-JQK13SC", "type": "winlogbeat", "version": "7.17.29", "hostname": "DESKTOP-JQK13SC"}, "event": {"created": "2025-11-08T14:40:13.793Z", "module": "sysmon", "type": ["connection", "start", "protocol"], "kind": "event", "action": "Network connection detected (rule: NetworkConnect)", "provider": "Microsoft-Windows-Sysmon", "category": ["network"], "code": "3"}, "destination": {"port": 443, "ip": "20.103.156.88", "domain": "-"}, "winlog": {"event_id": "3", "user": {"identifier": "S-1-5-18", "domain": "NT AUTHORITY", "name": "SYSTEM", "type": "User"}, "task": "Network connection detected (rule: NetworkConnect)", "opcode": "Info", "process": {"pid": 5100, "thread": {"id": 3460}}, "computer_name": "DESKTOP-JQK13SC", "channel": "Microsoft-Windows-Sysmon/Operational", "version": 5, "provider_name": "Microsoft-Windows-Sysmon", "event_data": {"SourcePortName": "-"}, "api": "wineventlog", "provider_guid": "{5770385f-c22a-43e0-bf4c-06f5698ffbd9}", "record_id": 70612}}
{"tags": ["beats_input_codec_plain_applied", "_jsonparsefailure", "pikksilm_sysmon"], "@version": "1", "message": "Process Create:\nRuleName: -\nUtcTime: 2025-11-08 14:39:49.061\nProcessGuid: {1c3b4e1a-5635-690f-7a03-000000000500}\nProcessId: 6272\nImage: C:\\Program Files (x86)\\Microsoft\\Edge\\Application\\msedge.exe\nFileVersion: 142.0.3595.65\nDescription: Microsoft Edge\nProduct: Microsoft Edge\nCompany: Microsoft Corporation\nOriginalFileName: msedge.exe\nCommandLine: \"C:\\Program Files (x86)\\Microsoft\\Edge\\Application\\msedge.exe\" --no-startup-window --continue-active-setup\nCurrentDirectory: C:\\Program Files (x86)\\Microsoft\\Edge\\Application\\142.0.3595.65\\Installer\\\nUser: DESKTOP-JQK13SC\\vagrant\nLogonGuid: {1c3b4e1a-55c0-690f-09f1-5f0000000000}\nLogonId: 0x5FF109\nTerminalSessionId: 2\nIntegrityLevel: High\nHashes: SHA1=23E47F8EB23CEE3AC7611D72F3E9411EEA802B06,MD5=55A48AF42EAF7335B082BDB8819C7357,SHA256=918C77E2A51E76C65A05B67773A713469DA1C42FBF1DDC8500073E9EB48A1B50,IMPHASH=4C2A67DEB457B8BF9F317820EE11E05D\nParentProcessGuid: {1c3b4e1a-55dc-690f-5703-000000000500}\nParentProcessId: 5364\nParentImage: C:\\Program Files (x86)\\Microsoft\\Edge\\Application\\142.0.3595.65\\Installer\\setup.exe\nParentCommandLine: \"C:\\Program Files (x86)\\Microsoft\\Edge\\Application\\142.0.3595.65\\Installer\\setup.exe\" --msedge --channel=stable --launch-msedge-after-unlock-nowin --verbose-logging --system-level\nParentUser: DESKTOP-JQK13SC\\vagrant", "related": {"user": "vagrant", "hash": ["23e47f8eb23cee3ac7611d72f3e9411eea802b06", "55a48af42eaf7335b082bdb8819c7357", "918c77e2a51e76c65a05b67773a713469da1c42fbf1ddc8500073e9eb48a1b50", "4c2a67deb457b8bf9f317820ee11e05d"]}, "host": {"id": "1c3b4e1a-5518-4a6d-af82-298224d18338", "os": {"name": "Windows 11 Pro", "kernel": "10.0.22621.2861 (WinBuild.160101.0800)", "type": "windows", "platform": "windows", "version": "10.0", "family": "windows", "build": "22631.2861"}, "ip": ["fe80::1f13:bebd:ede0:ed8c", "10.136.5.65"], "architecture": "x86_64", "mac": ["bc:24:11:65:5d:85"], "hostname": "DESKTOP-JQK13SC"}, "hash": {"sha256": "918c77e2a51e76c65a05b67773a713469da1c42fbf1ddc8500073e9eb48a1b50", "imphash": "4c2a67deb457b8bf9f317820ee11e05d", "md5": "55a48af42eaf7335b082bdb8819c7357", "sha1": "23e47f8eb23cee3ac7611d72f3e9411eea802b06"}, "@timestamp": "2025-11-08T14:39:49.061Z", "log": {"level": "information"}, "user": {"name": "vagrant", "domain": "DESKTOP-JQK13SC", "id": "S-1-5-18"}, "process": {"executable": "C:\\Program Files (x86)\\Microsoft\\Edge\\Application\\msedge.exe", "name": "msedge.exe", "pe": {"file_version": "142.0.3595.65", "company": "Microsoft Corporation", "imphash": "4c2a67deb457b8bf9f317820ee11e05d", "original_file_name": "msedge.exe", "product": "Microsoft Edge", "description": "Microsoft Edge"}, "entity_id": "{1c3b4e1a-5635-690f-7a03-000000000500}", "hash": {"sha256": "918c77e2a51e76c65a05b67773a713469da1c42fbf1ddc8500073e9eb48a1b50", "md5": "55a48af42eaf7335b082bdb8819c7357", "sha1": "23e47f8eb23cee3ac7611d72f3e9411eea802b06"}, "working_directory": "C:\\Program Files (x86)\\Microsoft\\Edge\\Application\\142.0.3595.65\\Installer\\", "command_line": "\"C:\\Program Files (x86)\\Microsoft\\Edge\\Application\\msedge.exe\" --no-startup-window --continue-active-setup", "args": ["C:\\Program Files (x86)\\Microsoft\\Edge\\Application\\msedge.exe", "--no-startup-window", "--continue-active-setup"], "pid": 6272, "parent": {"executable": "C:\\Program Files (x86)\\Microsoft\\Edge\\Application\\142.0.3595.65\\Installer\\setup.exe", "name": "setup.exe", "entity_id": "{1c3b4e1a-55dc-690f-5703-000000000500}", "command_line": "\"C:\\Program Files (x86)\\Microsoft\\Edge\\Application\\142.0.3595.65\\Installer\\setup.exe\" --msedge --channel=stable --launch-msedge-after-unlock-nowin --verbose-logging --system-level", "pid": 5364, "args": ["C:\\Program Files (x86)\\Microsoft\\Edge\\Application\\142.0.3595.65\\Installer\\setup.exe", "--msedge", "--channel=stable", "--launch-msedge-after-unlock-nowin", "--verbose-logging", "--system-level"]}}, "ecs": {"version": "1.12.0"}, "agent": {"hostname": "DESKTOP-JQK13SC", "ephemeral_id": "0eb94074-2147-427a-8c46-6c6578d3ab93", "name": "DESKTOP-JQK13SC", "type": "winlogbeat", "version": "7.17.29", "id": "1a4af485-022d-4981-8d7f-bea9aff53b0f"}, "event": {"module": "sysmon", "created": "2025-11-08T14:40:13.979Z", "type": ["start", "process_start"], "kind": "event", "action": "Process Create (rule: ProcessCreate)", "provider": "Microsoft-Windows-Sysmon", "category": ["process"], "code": "1"}, "winlog": {"event_id": "1", "user": {"identifier": "S-1-5-18", "domain": "NT AUTHORITY", "name": "SYSTEM", "type": "User"}, "channel": "Microsoft-Windows-Sysmon/Operational", "process": {"thread": {"id": 1864}, "pid": 5100}, "opcode": "Info", "computer_name": "DESKTOP-JQK13SC", "task": "Process Create (rule: ProcessCreate)", "version": 5, "provider_name": "Microsoft-Windows-Sysmon", "event_data": {"IntegrityLevel": "High", "ParentUser": "DESKTOP-JQK13SC\\vagrant", "Company": "Microsoft Corporation", "TerminalSessionId": "2", "LogonId": "0x5ff109", "FileVersion": "142.0.3595.65", "LogonGuid": "{1c3b4e1a-55c0-690f-09f1-5f0000000000}", "Product": "Microsoft Edge", "Description": "Microsoft Edge"}, "api": "wineventlog", "provider_guid": "{5770385f-c22a-43e0-bf4c-06f5698ffbd9}", "record_id": 70624}}
{"tags": ["beats_input_codec_plain_applied", "_jsonparsefailure", "pikksilm_sysmon"], "@version": "1", "message": "Network connection detected:\nRuleName: -\nUtcTime: 2025-11-08 14:39:50.091\nProcessGuid: {1c3b4e1a-55c6-690f-4903-000000000500}\nProcessId: 4152\nImage: C:\\Windows\\explorer.exe\nUser: DESKTOP-JQK13SC\\vagrant\nProtocol: tcp\nInitiated: true\nSourceIsIpv6: false\nSourceIp: 10.136.5.65\nSourceHostname: -\nSourcePort: 49963\nSourcePortName: -\nDestinationIsIpv6: false\nDestinationIp: 2.17.190.73\nDestinationHostname: -\nDestinationPort: 80\nDestinationPortName: -", "related": {"ip": ["10.136.5.65", "2.17.190.73"], "user": "vagrant"}, "host": {"hostname": "DESKTOP-JQK13SC", "os": {"kernel": "10.0.22621.2861 (WinBuild.160101.0800)", "type": "windows", "platform": "windows", "version": "10.0", "family": "windows", "name": "Windows 11 Pro", "build": "22631.2861"}, "ip": ["fe80::1f13:bebd:ede0:ed8c", "10.136.5.65"], "architecture": "x86_64", "mac": ["bc:24:11:65:5d:85"], "id": "1c3b4e1a-5518-4a6d-af82-298224d18338"}, "source": {"port": 49963, "ip": "10.136.5.65", "domain": "-"}, "@timestamp": "2025-11-08T14:39:50.091Z", "log": {"level": "information"}, "user": {"name": "vagrant", "domain": "DESKTOP-JQK13SC", "id": "S-1-5-18"}, "network": {"protocol": "-", "type": "ipv4", "direction": "egress", "community_id": "1:UEJ4F7fT/4Hx/yAqaIl/EMysuCY=", "transport": "tcp"}, "process": {"executable": "C:\\Windows\\explorer.exe", "name": "explorer.exe", "entity_id": "{1c3b4e1a-55c6-690f-4903-000000000500}", "pid": 4152}, "ecs": {"version": "1.12.0"}, "agent": {"id": "1a4af485-022d-4981-8d7f-bea9aff53b0f", "hostname": "DESKTOP-JQK13SC", "name": "DESKTOP-JQK13SC", "type": "winlogbeat", "version": "7.17.29", "ephemeral_id": "0eb94074-2147-427a-8c46-6c6578d3ab93"}, "event": {"module": "sysmon", "created": "2025-11-08T14:40:14.112Z", "type": ["connection", "start", "protocol"], "kind": "event", "action": "Network connection detected (rule: NetworkConnect)", "provider": "Microsoft-Windows-Sysmon", "category": ["network"], "code": "3"}, "destination": {"port": 80, "ip": "2.17.190.73", "domain": "-"}, "winlog": {"event_id": "3", "user": {"name": "SYSTEM", "domain": "NT AUTHORITY", "type": "User", "identifier": "S-1-5-18"}, "channel": "Microsoft-Windows-Sysmon/Operational", "process": {"pid": 5100, "thread": {"id": 3460}}, "opcode": "Info", "task": "Network connection detected (rule: NetworkConnect)", "computer_name": "DESKTOP-JQK13SC", "version": 5, "provider_name": "Microsoft-Windows-Sysmon", "event_data": {"SourcePortName": "-"}, "api": "wineventlog", "provider_guid": "{5770385f-c22a-43e0-bf4c-06f5698ffbd9}", "record_id": 70762}}
{"tags": ["beats_input_codec_plain_applied", "_jsonparsefailure", "pikksilm_sysmon"], "@version": "1", "message": "Network connection detected:\nRuleName: -\nUtcTime: 2025-11-08 14:39:52.270\nProcessGuid: {1c3b4e1a-c768-690f-1300-000000000500}\nProcessId: 1052\nImage: C:\\Windows\\System32\\svchost.exe\nUser: NT AUTHORITY\\SYSTEM\nProtocol: tcp\nInitiated: true\nSourceIsIpv6: false\nSourceIp: 10.136.5.65\nSourceHostname: -\nSourcePort: 49964\nSourcePortName: -\nDestinationIsIpv6: false\nDestinationIp: 20.190.147.11\nDestinationHostname: -\nDestinationPort: 443\nDestinationPortName: -", "related": {"user": "SYSTEM", "ip": ["10.136.5.65", "20.190.147.11"]}, "host": {"id": "1c3b4e1a-5518-4a6d-af82-298224d18338", "os": {"platform": "windows", "family": "windows", "version": "10.0", "name": "Windows 11 Pro", "kernel": "10.0.22621.2861 (WinBuild.160101.0800)", "type": "windows", "build": "22631.2861"}, "ip": ["fe80::1f13:bebd:ede0:ed8c", "10.136.5.65"], "architecture": "x86_64", "mac": ["bc:24:11:65:5d:85"], "hostname": "DESKTOP-JQK13SC"}, "source": {"port": 49964, "ip": "10.136.5.65", "domain": "-"}, "@timestamp": "2025-11-08T14:39:52.270Z", "log": {"level": "information"}, "user": {"name": "SYSTEM", "domain": "NT AUTHORITY", "id": "S-1-5-18"}, "network": {"type": "ipv4", "community_id": "1:FknOiwETpiBIljtoP7XptGdI38w=", "direction": "egress", "protocol": "-", "transport": "tcp"}, "process": {"pid": 1052, "executable": "C:\\Windows\\System32\\svchost.exe", "entity_id": "{1c3b4e1a-c768-690f-1300-000000000500}", "name": "svchost.exe"}, "ecs": {"version": "1.12.0"}, "agent": {"ephemeral_id": "0eb94074-2147-427a-8c46-6c6578d3ab93", "id": "1a4af485-022d-4981-8d7f-bea9aff53b0f", "name": "DESKTOP-JQK13SC", "type": "winlogbeat", "version": "7.17.29", "hostname": "DESKTOP-JQK13SC"}, "event": {"created": "2025-11-08T14:40:14.449Z", "module": "sysmon", "type": ["connection", "start", "protocol"], "kind": "event", "action": "Network connection detected (rule: NetworkConnect)", "provider": "Microsoft-Windows-Sysmon", "category": ["network"], "code": "3"}, "destination": {"port": 443, "ip": "20.190.147.11", "domain": "-"}, "winlog": {"event_id": "3", "user": {"name": "SYSTEM", "type": "User", "identifier": "S-1-5-18", "domain": "NT AUTHORITY"}, "channel": "Microsoft-Windows-Sysmon/Operational", "opcode": "Info", "task": "Network connection detected (rule: NetworkConnect)", "process": {"pid": 5100, "thread": {"id": 3460}}, "computer_name": "DESKTOP-JQK13SC", "version": 5, "provider_name": "Microsoft-Windows-Sysmon", "event_data": {"SourcePortName": "-"}, "api": "wineventlog", "provider_guid": "{5770385f-c22a-43e0-bf4c-06f5698ffbd9}", "record_id": 71018}}
