{"tags": ["beats_input_codec_plain_applied", "_jsonparsefailure", "pikksilm_sysmon"], "@version": "1", "message": "Process Create:\nRuleName: -\nUtcTime: 2025-11-08 14:41:28.121\nProcessGuid: {1c3b4e1a-5698-690f-c803-000000000500}\nProcessId: 9124\nImage: C:\\Windows\\System32\\svchost.exe\nFileVersion: 10.0.22621.1 (WinBuild.160101.0800)\nDescription: Host Process for Windows Services\nProduct: Microsoft\u00ae Windows\u00ae Operating System\nCompany: Microsoft Corporation\nOriginalFileName: svchost.exe\nCommandLine: C:\\Windows\\System32\\svchost.exe -k NetworkService -p\nCurrentDirectory: C:\\Windows\\system32\\\nUser: NT AUTHORITY\\NETWORK SERVICE\nLogonGuid: {1c3b4e1a-c767-690f-e403-000000000000}\nLogonId: 0x3E4\nTerminalSessionId: 0\nIntegrityLevel: System\nHashes: SHA1=3F64C98F22DA277A07CAB248C44C56EEDB796A81,MD5=8EC922C7A58A8701AB481B7BE9644536,SHA256=949BFB5B4C7D58D92F3F9C5F8EC7CA4CEAFFD10EC5F0020F0A987C472D61C54B,IMPHASH=76B4BAE80D2C3B08BB062D97BF9CA791\nParentProcessGuid: {00000000-0000-0000-0000-000000000000}\nParentProcessId: 760\nParentImage: -\nParentCommandLine: -\nParentUser: -", "related": {"user": "NETWORK SERVICE", "hash": ["3f64c98f22da277a07cab248c44c56eedb796a81", "8ec922c7a58a8701ab481b7be9644536", "949bfb5b4c7d58d92f3f9c5f8ec7ca4ceaffd10ec5f0020f0a987c472d61c54b", "76b4bae80d2c3b08bb062d97bf9ca791"]}, "host": {"id": "1c3b4e1a-5518-4a6d-af82-298224d18338", "os": {"platform": "windows", "type": "windows", "version": "10.0", "family": "windows", "name": "Windows 11 Pro", "kernel": "10.0.22621.2861 (WinBuild.160101.0800)", "build": "22631.2861"}, "ip": ["fe80::1f13:bebd:ede0:ed8c", "10.136.5.65"], "architecture": "x86_64", "mac": ["bc:24:11:65:5d:85"], "hostname": "DESKTOP-JQK13SC"}, "hash": {"sha256": "949bfb5b4c7d58d92f3f9c5f8ec7ca4ceaffd10ec5f0020f0a987c472d61c54b", "imphash": "76b4bae80d2c3b08bb062d97bf9ca791", "md5": "8ec922c7a58a8701ab481b7be9644536", "sha1": "3f64c98f22da277a07cab248c44c56eedb796a81"}, "@timestamp": "2025-11-08T14:41:28.121Z", "log": {"level": "information"}, "user": {"name": "NETWORK SERVICE", "domain": "NT AUTHORITY", "id": "S-1-5-18"}, "process": {"executable": "C:\\Windows\\System32\\svchost.exe", "pe": {"file_version": "10.0.22621.1 (WinBuild.160101.0800)", "company": "Microsoft Corporation", "imphash": "76b4bae80d2c3b08bb062d97bf9ca791", "original_file_name": "svchost.exe", "product": "Microsoft\u00ae Windows\u00ae Operating System", "description": "Host Process for Windows Services"}, "name": "svchost.exe", "entity_id": "{1c3b4e1a-5698-690f-c803-000000000500}", "hash": {"sha256": "949bfb5b4c7d58d92f3f9c5f8ec7ca4ceaffd10ec5f0020f0a987c472d61c54b", "md5": "8ec922c7a58a8701ab481b7be9644536", "sha1": "3f64c98f22da277a07cab248c44c56eedb796a81"}, "working_directory": "C:\\Windows\\system32\\", "command_line": "C:\\Windows\\System32\\svchost.exe -k NetworkService -p", "pid": 9124, "args": ["C:\\Windows\\System32\\svchost.exe", "-k", "NetworkService", "-p"], "parent": {"executable": "-", "name": "-", "entity_id": "{00000000-0000-0000-0000-000000000000}", "command_line": "-", "args": ["-"], "pid": 760}}, "ecs": {"version": "1.12.0"}, "agent": {"ephemeral_id": "0eb94074-2147-427a-8c46-6c6578d3ab93", "id": "1a4af485-022d-4981-8d7f-bea9aff53b0f", "name": "DESKTOP-JQK13SC", "type": "winlogbeat", "version": "7.17.29", "hostname": "DESKTOP-JQK13SC"}, "event": {"created": "2025-11-08T14:41:32.725Z", "module": "sysmon", "type": ["start", "process_start"], "kind": "event", "action": "Process Create (rule: ProcessCreate)", "provider": "Microsoft-Windows-Sysmon", "category": ["process"], "code": "1"}, "winlog": {"event_id": "1", "user": {"identifier": "S-1-5-18", "domain": "NT AUTHORITY", "name": "SYSTEM", "type": "User"}, "task": "Process Create (rule: ProcessCreate)", "opcode": "Info", "process": {"pid": 5100, "thread": {"id": 1864}}, "computer_name": "DESKTOP-JQK13SC", "channel": "Microsoft-Windows-Sysmon/Operational", "version": 5, "provider_name": "Microsoft-Windows-Sysmon", "event_data": {"IntegrityLevel": "System", "ParentUser": "-", "Company": "Microsoft Corporation", "TerminalSessionId": "0", "LogonId": "0x3e4", "FileVersion": "10.0.22621.1 (WinBuild.160101.0800)", "LogonGuid": "{1c3b4e1a-c767-690f-e403-000000000000}", "Description": "Host Process for Windows Services", "Product": "Microsoft\u00ae Windows\u00ae Operating System"}, "api": "wineventlog", "provider_guid": "{5770385f-c22a-43e0-bf4c-06f5698ffbd9}", "record_id": 84185}}
{"tags": ["beats_input_codec_plain_applied", "_jsonparsefailure", "pikksilm_sysmon"], "@version": "1", "message": "Network connection detected:\nRuleName: -\nUtcTime: 2025-11-08 14:41:27.136\nProcessGuid: {1c3b4e1a-5676-690f-bc03-000000000500}\nProcessId: 7364\nImage: C:\\Windows\\UUS\\amd64\\MoUsoCoreWorker.exe\nUser: NT AUTHORITY\\SYSTEM\nProtocol: tcp\nInitiated: true\nSourceIsIpv6: false\nSourceIp: 10.136.5.65\nSourceHostname: -\nSourcePort: 57740\nSourcePortName: -\nDestinationIsIpv6: false\nDestinationIp: 4.231.128.59\nDestinationHostname: -\nDestinationPort: 443\nDestinationPortName: -", "related": {"ip": ["10.136.5.65", "4.231.128.59"], "user": "SYSTEM"}, "host": {"hostname": "DESKTOP-JQK13SC", "os": {"platform": "windows", "family": "windows", "version": "10.0", "name": "Windows 11 Pro", "kernel": "10.0.22621.2861 (WinBuild.160101.0800)", "type": "windows", "build": "22631.2861"}, "ip": ["fe80::1f13:bebd:ede0:ed8c", "10.136.5.65"], "architecture": "x86_64", "mac": ["bc:24:11:65:5d:85"], "id": "1c3b4e1a-5518-4a6d-af82-298224d18338"}, "source": {"port": 57740, "ip": "10.136.5.65", "domain": "-"}, "@timestamp": "2025-11-08T14:41:27.136Z", "log": {"level": "information"}, "user": {"name": "SYSTEM", "domain": "NT AUTHORITY", "id": "S-1-5-18"}, "network": {"protocol": "-", "type": "ipv4", "direction": "egress", "community_id": "1:nNG6EzbzQFeOO0fxBKFf4rSz7rg=", "transport": "tcp"}, "process": {"pid": 7364, "executable": "C:\\Windows\\UUS\\amd64\\MoUsoCoreWorker.exe", "entity_id": "{1c3b4e1a-5676-690f-bc03-000000000500}", "name": "MoUsoCoreWorker.exe"}, "ecs": {"version": "1.12.0"}, "agent": {"ephemeral_id": "0eb94074-2147-427a-8c46-6c6578d3ab93", "id": "1a4af485-022d-4981-8d7f-bea9aff53b0f", "name": "DESKTOP-JQK13SC", "type": "winlogbeat", "version": "7.17.29", "hostname": "DESKTOP-JQK13SC"}, "event": {"created": "2025-11-08T14:41:34.567Z", "module": "sysmon", "type": ["connection", "start", "protocol"], "kind": "event", "action": "Network connection detected (rule: NetworkConnect)", "provider": "Microsoft-Windows-Sysmon", "category": ["network"], "code": "3"}, "destination": {"port": 443, "ip": "4.231.128.59", "domain": "-"}, "winlog": {"event_id": "3", "user": {"identifier": "S-1-5-18", "type": "User", "domain": "NT AUTHORITY", "name": "SYSTEM"}, "task": "Network connection detected (rule: NetworkConnect)", "opcode": "Info", "channel": "Microsoft-Windows-Sysmon/Operational", "computer_name": "DESKTOP-JQK13SC", "process": {"pid": 5100, "thread": {"id": 3460}}, "version": 5, "provider_name": "Microsoft-Windows-Sysmon", "event_data": {"SourcePortName": "-"}, "api": "wineventlog", "provider_guid": "{5770385f-c22a-43e0-bf4c-06f5698ffbd9}", "record_id": 84421}}
{"tags": ["beats_input_codec_plain_applied", "_jsonparsefailure", "pikksilm_sysmon"], "@version": "1", "message": "Network connection detected:\nRuleName: -\nUtcTime: 2025-11-08 14:41:31.609\nProcessGuid: {1c3b4e1a-5698-690f-c803-000000000500}\nProcessId: 9124\nImage: C:\\Windows\\System32\\svchost.exe\nUser: NT AUTHORITY\\NETWORK SERVICE\nProtocol: tcp\nInitiated: true\nSourceIsIpv6: false\nSourceIp: 10.136.5.65\nSourceHostname: -\nSourcePort: 57742\nSourcePortName: -\nDestinationIsIpv6: false\nDestinationIp: 72.153.5.141\nDestinationHostname: -\nDestinationPort: 443\nDestinationPortName: -", "related": {"ip": ["10.136.5.65", "72.153.5.141"], "user": "NETWORK SERVICE"}, "host": {"hostname": "DESKTOP-JQK13SC", "os": {"family": "windows", "name": "Windows 11 Pro", "version": "10.0", "kernel": "10.0.22621.2861 (WinBuild.160101.0800)", "type": "windows", "platform": "windows", "build": "22631.2861"}, "ip": ["fe80::1f13:bebd:ede0:ed8c", "10.136.5.65"], "architecture": "x86_64", "mac": ["bc:24:11:65:5d:85"], "id": "1c3b4e1a-5518-4a6d-af82-298224d18338"}, "source": {"port": 57742, "ip": "10.136.5.65", "domain": "-"}, "@timestamp": "2025-11-08T14:41:31.609Z", "log": {"level": "information"}, "user": {"name": "NETWORK SERVICE", "domain": "NT AUTHORITY", "id": "S-1-5-18"}, "network": {"protocol": "-", "type": "ipv4", "direction": "egress", "community_id": "1:JPirdgKPQYZPMBj+MM2xNiXhL/c=", "transport": "tcp"}, "process": {"pid": 9124, "executable": "C:\\Windows\\System32\\svchost.exe", "entity_id": "{1c3b4e1a-5698-690f-c803-000000000500}", "name": "svchost.exe"}, "ecs": {"version": "1.12.0"}, "agent": {"ephemeral_id": "0eb94074-2147-427a-8c46-6c6578d3ab93", "id": "1a4af485-022d-4981-8d7f-bea9aff53b0f", "name": "DESKTOP-JQK13SC", "type": "winlogbeat", "version": "7.17.29", "hostname": "DESKTOP-JQK13SC"}, "event": {"created": "2025-11-08T14:41:37.525Z", "module": "sysmon", "type": ["connection", "start", "protocol"], "kind": "event", "action": "Network connection detected (rule: NetworkConnect)", "provider": "Microsoft-Windows-Sysmon", "category": ["network"], "code": "3"}, "destination": {"port": 443, "ip": "72.153.5.141", "domain": "-"}, "winlog": {"event_id": "3", "user": {"name": "SYSTEM", "domain": "NT AUTHORITY", "type": "User", "identifier": "S-1-5-18"}, "channel": "Microsoft-Windows-Sysmon/Operational", "opcode": "Info", "process": {"pid": 5100, "thread": {"id": 3460}}, "computer_name": "DESKTOP-JQK13SC", "task": "Network connection detected (rule: NetworkConnect)", "version": 5, "provider_name": "Microsoft-Windows-Sysmon", "event_data": {"SourcePortName": "-"}, "api": "wineventlog", "provider_guid": "{5770385f-c22a-43e0-bf4c-06f5698ffbd9}", "record_id": 85594}}
{"tags": ["beats_input_codec_plain_applied", "_jsonparsefailure", "pikksilm_sysmon"], "@version": "1", "message": "Network connection detected:\nRuleName: -\nUtcTime: 2025-11-08 14:41:29.593\nProcessGuid: {1c3b4e1a-5676-690f-bc03-000000000500}\nProcessId: 7364\nImage: C:\\Windows\\UUS\\amd64\\MoUsoCoreWorker.exe\nUser: NT AUTHORITY\\SYSTEM\nProtocol: tcp\nInitiated: true\nSourceIsIpv6: false\nSourceIp: 10.136.5.65\nSourceHostname: -\nSourcePort: 57741\nSourcePortName: -\nDestinationIsIpv6: false\nDestinationIp: 4.231.128.59\nDestinationHostname: -\nDestinationPort: 443\nDestinationPortName: -", "related": {"user": "SYSTEM", "ip": ["10.136.5.65", "4.231.128.59"]}, "host": {"id": "1c3b4e1a-5518-4a6d-af82-298224d18338", "os": {"platform": "windows", "type": "windows", "version": "10.0", "family": "windows", "name": "Windows 11 Pro", "kernel": "10.0.22621.2861 (WinBuild.160101.0800)", "build": "22631.2861"}, "ip": ["fe80::1f13:bebd:ede0:ed8c", "10.136.5.65"], "architecture": "x86_64", "mac": ["bc:24:11:65:5d:85"], "hostname": "DESKTOP-JQK13SC"}, "source": {"port": 57741, "ip": "10.136.5.65", "domain": "-"}, "@timestamp": "2025-11-08T14:41:29.593Z", "log": {"level": "information"}, "user": {"name": "SYSTEM", "domain": "NT AUTHORITY", "id": "S-1-5-18"}, "network": {"protocol": "-", "type": "ipv4", "direction": "egress", "community_id": "1:+HTS+27ALtTLTyUXvV52KfuVHFQ=", "transport": "tcp"}, "process": {"pid": 7364, "executable": "C:\\Windows\\UUS\\amd64\\MoUsoCoreWorker.exe", "name": "MoUsoCoreWorker.exe", "entity_id": "{1c3b4e1a-5676-690f-bc03-000000000500}"}, "ecs": {"version": "1.12.0"}, "agent": {"ephemeral_id": "0eb94074-2147-427a-8c46-6c6578d3ab93", "id": "1a4af485-022d-4981-8d7f-bea9aff53b0f", "name": "DESKTOP-JQK13SC", "type": "winlogbeat", "version": "7.17.29", "hostname": "DESKTOP-JQK13SC"}, "event": {"created": "2025-11-08T14:41:36.715Z", "module": "sysmon", "type": ["connection", "start", "protocol"], "kind": "event", "action": "Network connection detected (rule: NetworkConnect)", "provider": "Microsoft-Windows-Sysmon", "category": ["network"], "code": "3"}, "destination": {"port": 443, "ip": "4.231.128.59", "domain": "-"}, "winlog": {"event_id": "3", "user": {"name": "SYSTEM", "type": "User", "identifier": "S-1-5-18", "domain": "NT AUTHORITY"}, "task": "Network connection detected (rule: NetworkConnect)", "process": {"pid": 5100, "thread": {"id": 3460}}, "opcode": "Info", "computer_name": "DESKTOP-JQK13SC", "channel": "Microsoft-Windows-Sysmon/Operational", "version": 5, "provider_name": "Microsoft-Windows-Sysmon", "event_data": {"SourcePortName": "-"}, "api": "wineventlog", "provider_guid": "{5770385f-c22a-43e0-bf4c-06f5698ffbd9}", "record_id": 85023}}
{"tags": ["beats_input_codec_plain_applied", "_jsonparsefailure", "pikksilm_sysmon"], "@version": "1", "message": "Network connection detected:\nRuleName: -\nUtcTime: 2025-11-08 14:41:32.731\nProcessGuid: {1c3b4e1a-5698-690f-c803-000000000500}\nProcessId: 9124\nImage: C:\\Windows\\System32\\svchost.exe\nUser: NT AUTHORITY\\NETWORK SERVICE\nProtocol: tcp\nInitiated: true\nSourceIsIpv6: false\nSourceIp: 10.136.5.65\nSourceHostname: -\nSourcePort: 57746\nSourcePortName: -\nDestinationIsIpv6: false\nDestinationIp: 92.122.16.36\nDestinationHostname: -\nDestinationPort: 443\nDestinationPortName: -", "related": {"ip": ["10.136.5.65", "92.122.16.36"], "user": "NETWORK SERVICE"}, "host": {"id": "1c3b4e1a-5518-4a6d-af82-298224d18338", "os": {"family": "windows", "name": "Windows 11 Pro", "kernel": "10.0.22621.2861 (WinBuild.160101.0800)", "type": "windows", "platform": "windows", "version": "10.0", "build": "22631.2861"}, "ip": ["fe80::1f13:bebd:ede0:ed8c", "10.136.5.65"], "architecture": "x86_64", "mac": ["bc:24:11:65:5d:85"], "hostname": "DESKTOP-JQK13SC"}, "source": {"port": 57746, "ip": "10.136.5.65", "domain": "-"}, "@timestamp": "2025-11-08T14:41:32.731Z", "log": {"level": "information"}, "user": {"name": "NETWORK SERVICE", "domain": "NT AUTHORITY", "id": "S-1-5-18"}, "network": {"protocol": "-", "type": "ipv4", "direction": "egress", "community_id": "1:+sWR3lVymN6+9SGQYkVzvrHsBQI=", "transport": "tcp"}, "process": {"pid": 9124, "executable": "C:\\Windows\\System32\\svchost.exe", "entity_id": "{1c3b4e1a-5698-690f-c803-000000000500}", "name": "svchost.exe"}, "ecs": {"version": "1.12.0"}, "agent": {"hostname": "DESKTOP-JQK13SC", "ephemeral_id": "0eb94074-2147-427a-8c46-6c6578d3ab93", "name": "DESKTOP-JQK13SC", "type": "winlogbeat", "version": "7.17.29", "id": "1a4af485-022d-4981-8d7f-bea9aff53b0f"}, "event": {"module": "sysmon", "created": "2025-11-08T14:41:38.232Z", "type": ["connection", "start", "protocol"], "kind": "event", "action": "Network connection detected (rule: NetworkConnect)", "provider": "Microsoft-Windows-Sysmon", "category": ["network"], "code": "3"}, "destination": {"port": 443, "ip": "92.122.16.36", "domain": "-"}, "winlog": {"event_id": "3", "user": {"identifier": "S-1-5-18", "domain": "NT AUTHORITY", "name": "SYSTEM", "type": "User"}, "channel": "Microsoft-Windows-Sysmon/Operational", "task": "Network connection detected (rule: NetworkConnect)", "opcode": "Info", "computer_name": "DESKTOP-JQK13SC", "process": {"pid": 5100, "thread": {"id": 3460}}, "version": 5, "provider_name": "Microsoft-Windows-Sysmon", "event_data": {"SourcePortName": "-"}, "api": "wineventlog", "provider_guid": "{5770385f-c22a-43e0-bf4c-06f5698ffbd9}", "record_id": 86013}}
{"tags": ["beats_input_codec_plain_applied", "_jsonparsefailure", "pikksilm_sysmon"], "@version": "1", "message": "Network connection detected:\nRuleName: -\nUtcTime: 2025-11-08 14:41:32.496\nProcessGuid: {1c3b4e1a-5698-690f-c803-000000000500}\nProcessId: 9124\nImage: C:\\Windows\\System32\\svchost.exe\nUser: NT AUTHORITY\\NETWORK SERVICE\nProtocol: tcp\nInitiated: true\nSourceIsIpv6: false\nSourceIp: 10.136.5.65\nSourceHostname: -\nSourcePort: 57744\nSourcePortName: -\nDestinationIsIpv6: false\nDestinationIp: 92.122.16.36\nDestinationHostname: -\nDestinationPort: 443\nDestinationPortName: -", "related": {"ip": ["10.136.5.65", "92.122.16.36"], "user": "NETWORK SERVICE"}, "host": {"hostname": "DESKTOP-JQK13SC", "os": {"name": "Windows 11 Pro", "kernel": "10.0.22621.2861 (WinBuild.160101.0800)", "type": "windows", "platform": "windows", "version": "10.0", "family": "windows", "build": "22631.2861"}, "ip": ["fe80::1f13:bebd:ede0:ed8c", "10.136.5.65"], "architecture": "x86_64", "mac": ["bc:24:11:65:5d:85"], "id": "1c3b4e1a-5518-4a6d-af82-298224d18338"}, "source": {"port": 57744, "ip": "10.136.5.65", "domain": "-"}, "@timestamp": "2025-11-08T14:41:32.496Z", "log": {"level": "information"}, "user": {"name": "NETWORK SERVICE", "domain": "NT AUTHORITY", "id": "S-1-5-18"}, "network": {"protocol": "-", "type": "ipv4", "direction": "egress", "community_id": "1:xbx3ZwyGT67m2fecnN1VKv3hAbc=", "transport": "tcp"}, "process": {"pid": 9124, "executable": "C:\\Windows\\System32\\svchost.exe", "entity_id": "{1c3b4e1a-5698-690f-c803-000000000500}", "name": "svchost.exe"}, "ecs": {"version": "1.12.0"}, "agent": {"hostname": "DESKTOP-JQK13SC", "ephemeral_id": "0eb94074-2147-427a-8c46-6c6578d3ab93", "name": "DESKTOP-JQK13SC", "type": "winlogbeat", "version": "7.17.29", "id": "1a4af485-022d-4981-8d7f-bea9aff53b0f"}, "event": {"module": "sysmon", "created": "2025-11-08T14:41:38.117Z", "type": ["connection", "start", "protocol"], "kind": "event", "action": "Network connection detected (rule: NetworkConnect)", "provider": "Microsoft-Windows-Sysmon", "category": ["network"], "code": "3"}, "destination": {"port": 443, "ip": "92.122.16.36", "domain": "-"}, "winlog": {"event_id": "3", "user": {"identifier": "S-1-5-18", "domain": "NT AUTHORITY", "name": "SYSTEM", "type": "User"}, "channel": "Microsoft-Windows-Sysmon/Operational", "process": {"pid": 5100, "thread": {"id": 3460}}, "task": "Network connection detected (rule: NetworkConnect)", "computer_name": "DESKTOP-JQK13SC", "opcode": "Info", "version": 5, "provider_name": "Microsoft-Windows-Sysmon", "event_data": {"SourcePortName": "-"}, "api": "wineventlog", "provider_guid": "{5770385f-c22a-43e0-bf4c-06f5698ffbd9}", "record_id": 85891}}
{"tags": ["beats_input_codec_plain_applied", "_jsonparsefailure", "pikksilm_sysmon"], "@version": "1", "message": "Network connection detected:\nRuleName: -\nUtcTime: 2025-11-08 14:41:32.457\nProcessGuid: {1c3b4e1a-c76f-690f-1f00-000000000500}\nProcessId: 1660\nImage: C:\\Windows\\system32\\svchost.exe\nUser: NT AUTHORITY\\NETWORK SERVICE\nProtocol: udp\nInitiated: true\nSourceIsIpv6: true\nSourceIp: fe80:0:0:0:1f13:bebd:ede0:ed8c\nSourceHostname: -\nSourcePort: 5353\nSourcePortName: -\nDestinationIsIpv6: true\nDestinationIp: ff02:0:0:0:0:0:0:fb\nDestinationHostname: -\nDestinationPort: 5353\nDestinationPortName: -", "related": {"ip": ["fe80:0:0:0:1f13:bebd:ede0:ed8c", "ff02:0:0:0:0:0:0:fb"], "user": "NETWORK SERVICE"}, "host": {"hostname": "DESKTOP-JQK13SC", "os": {"kernel": "10.0.22621.2861 (WinBuild.160101.0800)", "type": "windows", "platform": "windows", "version": "10.0", "family": "windows", "name": "Windows 11 Pro", "build": "22631.2861"}, "ip": ["fe80::1f13:bebd:ede0:ed8c", "10.136.5.65"], "architecture": "x86_64", "mac": ["bc:24:11:65:5d:85"], "id": "1c3b4e1a-5518-4a6d-af82-298224d18338"}, "source": {"port": 5353, "ip": "fe80:0:0:0:1f13:bebd:ede0:ed8c", "domain": "-"}, "@timestamp": "2025-11-08T14:41:32.457Z", "log": {"level": "information"}, "user": {"name": "NETWORK SERVICE", "domain": "NT AUTHORITY", "id": "S-1-5-18"}, "network": {"protocol": "-", "type": "ipv6", "direction": "egress", "community_id": "1:noHYU3grCuYocQDQ0fyb37fsxs0=", "transport": "udp"}, "process": {"name": "svchost.exe", "pid": 1660, "entity_id": "{1c3b4e1a-c76f-690f-1f00-000000000500}", "executable": "C:\\Windows\\system32\\svchost.exe"}, "ecs": {"version": "1.12.0"}, "agent": {"ephemeral_id": "0eb94074-2147-427a-8c46-6c6578d3ab93", "id": "1a4af485-022d-4981-8d7f-bea9aff53b0f", "name": "DESKTOP-JQK13SC", "type": "winlogbeat", "version": "7.17.29", "hostname": "DESKTOP-JQK13SC"}, "event": {"module": "sysmon", "created": "2025-11-08T14:41:37.832Z", "type": ["connection", "start", "protocol"], "kind": "event", "action": "Network connection detected (rule: NetworkConnect)", "provider": "Microsoft-Windows-Sysmon", "category": ["network"], "code": "3"}, "destination": {"port": 5353, "ip": "ff02:0:0:0:0:0:0:fb", "domain": "-"}, "winlog": {"event_id": "3", "user": {"identifier": "S-1-5-18", "domain": "NT AUTHORITY", "name": "SYSTEM", "type": "User"}, "task": "Network connection detected (rule: NetworkConnect)", "process": {"pid": 5100, "thread": {"id": 3460}}, "channel": "Microsoft-Windows-Sysmon/Operational", "computer_name": "DESKTOP-JQK13SC", "opcode": "Info", "version": 5, "provider_name": "Microsoft-Windows-Sysmon", "event_data": {"SourcePortName": "-"}, "api": "wineventlog", "provider_guid": "{5770385f-c22a-43e0-bf4c-06f5698ffbd9}", "record_id": 85832}}
{"tags": ["beats_input_codec_plain_applied", "_jsonparsefailure", "pikksilm_sysmon"], "@version": "1", "message": "Network connection detected:\nRuleName: -\nUtcTime: 2025-11-08 14:41:32.457\nProcessGuid: {1c3b4e1a-c76f-690f-1f00-000000000500}\nProcessId: 1660\nImage: C:\\Windows\\system32\\svchost.exe\nUser: NT AUTHORITY\\NETWORK SERVICE\nProtocol: udp\nInitiated: true\nSourceIsIpv6: false\nSourceIp: 10.136.5.65\nSourceHostname: -\nSourcePort: 5353\nSourcePortName: -\nDestinationIsIpv6: false\nDestinationIp: 224.0.0.251\nDestinationHostname: -\nDestinationPort: 5353\nDestinationPortName: -", "related": {"ip": ["10.136.5.65", "224.0.0.251"], "user": "NETWORK SERVICE"}, "host": {"id": "1c3b4e1a-5518-4a6d-af82-298224d18338", "os": {"kernel": "10.0.22621.2861 (WinBuild.160101.0800)", "type": "windows", "platform": "windows", "version": "10.0", "family": "windows", "name": "Windows 11 Pro", "build": "22631.2861"}, "ip": ["fe80::1f13:bebd:ede0:ed8c", "10.136.5.65"], "architecture": "x86_64", "mac": ["bc:24:11:65:5d:85"], "hostname": "DESKTOP-JQK13SC"}, "source": {"port": 5353, "ip": "10.136.5.65", "domain": "-"}, "@timestamp": "2025-11-08T14:41:32.457Z", "log": {"level": "information"}, "user": {"name": "NETWORK SERVICE", "domain": "NT AUTHORITY", "id": "S-1-5-18"}, "network": {"community_id": "1:9p90TsrHkq6X3Q//d3S4sTft1co=", "protocol": "-", "direction": "egress", "type": "ipv4", "transport": "udp"}, "process": {"executable": "C:\\Windows\\system32\\svchost.exe", "name": "svchost.exe", "entity_id": "{1c3b4e1a-c76f-690f-1f00-000000000500}", "pid": 1660}, "ecs": {"version": "1.12.0"}, "agent": {"id": "1a4af485-022d-4981-8d7f-bea9aff53b0f", "hostname": "DESKTOP-JQK13SC", "name": "DESKTOP-JQK13SC", "type": "winlogbeat", "version": "7.17.29", "ephemeral_id": "0eb94074-2147-427a-8c46-6c6578d3ab93"}, "event": {"module": "sysmon", "created": "2025-11-08T14:41:37.832Z", "type": ["connection", "start", "protocol"], "kind": "event", "action": "Network connection detected (rule: NetworkConnect)", "provider": "Microsoft-Windows-Sysmon", "category": ["network"], "code": "3"}, "destination": {"port": 5353, "ip": "224.0.0.251", "domain": "-"}, "winlog": {"event_id": "3", "user": {"name": "SYSTEM", "type": "User", "identifier": "S-1-5-18", "domain": "NT AUTHORITY"}, "channel": "Microsoft-Windows-Sysmon/Operational", "process": {"pid": 5100, "thread": {"id": 3460}}, "opcode": "Info", "task": "Network connection detected (rule: NetworkConnect)", "computer_name": "DESKTOP-JQK13SC", "version": 5, "provider_name": "Microsoft-Windows-Sysmon", "event_data": {"SourcePortName": "-"}, "api": "wineventlog", "provider_guid": "{5770385f-c22a-43e0-bf4c-06f5698ffbd9}", "record_id": 85831}}
{"tags": ["beats_input_codec_plain_applied", "_jsonparsefailure", "pikksilm_sysmon"], "@version": "1", "message": "Network connection detected:\nRuleName: -\nUtcTime: 2025-11-08 14:41:32.282\nProcessGuid: {1c3b4e1a-5698-690f-c803-000000000500}\nProcessId: 9124\nImage: C:\\Windows\\System32\\svchost.exe\nUser: NT AUTHORITY\\NETWORK SERVICE\nProtocol: tcp\nInitiated: true\nSourceIsIpv6: false\nSourceIp: 10.136.5.65\nSourceHostname: -\nSourcePort: 57743\nSourcePortName: -\nDestinationIsIpv6: false\nDestinationIp: 92.122.16.36\nDestinationHostname: -\nDestinationPort: 443\nDestinationPortName: -", "related": {"ip": ["10.136.5.65", "92.122.16.36"], "user": "NETWORK SERVICE"}, "host": {"hostname": "DESKTOP-JQK13SC", "os": {"family": "windows", "name": "Windows 11 Pro", "kernel": "10.0.22621.2861 (WinBuild.160101.0800)", "type": "windows", "platform": "windows", "version": "10.0", "build": "22631.2861"}, "ip": ["fe80::1f13:bebd:ede0:ed8c", "10.136.5.65"], "architecture": "x86_64", "mac": ["bc:24:11:65:5d:85"], "id": "1c3b4e1a-5518-4a6d-af82-298224d18338"}, "source": {"port": 57743, "ip": "10.136.5.65", "domain": "-"}, "@timestamp": "2025-11-08T14:41:32.282Z", "log": {"level": "information"}, "user": {"name": "NETWORK SERVICE", "domain": "NT AUTHORITY", "id": "S-1-5-18"}, "network": {"protocol": "-", "type": "ipv4", "direction": "egress", "community_id": "1:j4r4zRpRW4VMiFtlYXi53S3vwz8=", "transport": "tcp"}, "process": {"pid": 9124, "executable": "C:\\Windows\\System32\\svchost.exe", "entity_id": "{1c3b4e1a-5698-690f-c803-000000000500}", "name": "svchost.exe"}, "ecs": {"version": "1.12.0"}, "agent": {"ephemeral_id": "0eb94074-2147-427a-8c46-6c6578d3ab93", "id": "1a4af485-022d-4981-8d7f-bea9aff53b0f", "name": "DESKTOP-JQK13SC", "type": "winlogbeat", "version": "7.17.29", "hostname": "DESKTOP-JQK13SC"}, "event": {"module": "sysmon", "created": "2025-11-08T14:41:37.832Z", "type": ["connection", "start", "protocol"], "kind": "event", "action": "Network connection detected (rule: NetworkConnect)", "provider": "Microsoft-Windows-Sysmon", "category": ["network"], "code": "3"}, "destination": {"port": 443, "ip": "92.122.16.36", "domain": "-"}, "winlog": {"event_id": "3", "user": {"identifier": "S-1-5-18", "domain": "NT AUTHORITY", "name": "SYSTEM", "type": "User"}, "task": "Network connection detected (rule: NetworkConnect)", "process": {"thread": {"id": 3460}, "pid": 5100}, "opcode": "Info", "computer_name": "DESKTOP-JQK13SC", "channel": "Microsoft-Windows-Sysmon/Operational", "version": 5, "provider_name": "Microsoft-Windows-Sysmon", "event_data": {"SourcePortName": "-"}, "api": "wineventlog", "provider_guid": "{5770385f-c22a-43e0-bf4c-06f5698ffbd9}", "record_id": 85830}}
{"tags": ["beats_input_codec_plain_applied", "_jsonparsefailure", "pikksilm_sysmon"], "@version": "1", "message": "Network connection detected:\nRuleName: -\nUtcTime: 2025-11-08 14:41:33.796\nProcessGuid: {1c3b4e1a-5698-690f-c803-000000000500}\nProcessId: 9124\nImage: C:\\Windows\\System32\\svchost.exe\nUser: NT AUTHORITY\\NETWORK SERVICE\nProtocol: tcp\nInitiated: true\nSourceIsIpv6: false\nSourceIp: 10.136.5.65\nSourceHostname: -\nSourcePort: 57747\nSourcePortName: -\nDestinationIsIpv6: false\nDestinationIp: 194.36.32.201\nDestinationHostname: -\nDestinationPort: 80\nDestinationPortName: -", "related": {"ip": ["10.136.5.65", "194.36.32.201"], "user": "NETWORK SERVICE"}, "host": {"id": "1c3b4e1a-5518-4a6d-af82-298224d18338", "os": {"platform": "windows", "type": "windows", "version": "10.0", "family": "windows", "name": "Windows 11 Pro", "kernel": "10.0.22621.2861 (WinBuild.160101.0800)", "build": "22631.2861"}, "ip": ["fe80::1f13:bebd:ede0:ed8c", "10.136.5.65"], "architecture": "x86_64", "mac": ["bc:24:11:65:5d:85"], "hostname": "DESKTOP-JQK13SC"}, "source": {"port": 57747, "ip": "10.136.5.65", "domain": "-"}, "@timestamp": "2025-11-08T14:41:33.796Z", "log": {"level": "information"}, "user": {"name": "NETWORK SERVICE", "domain": "NT AUTHORITY", "id": "S-1-5-18"}, "network": {"type": "ipv4", "community_id": "1:ZaKx3U6XU0tH0OE0zIDnExbs+jI=", "direction": "egress", "protocol": "-", "transport": "tcp"}, "process": {"pid": 9124, "executable": "C:\\Windows\\System32\\svchost.exe", "entity_id": "{1c3b4e1a-5698-690f-c803-000000000500}", "name": "svchost.exe"}, "ecs": {"version": "1.12.0"}, "agent": {"ephemeral_id": "0eb94074-2147-427a-8c46-6c6578d3ab93", "id": "1a4af485-022d-4981-8d7f-bea9aff53b0f", "name": "DESKTOP-JQK13SC", "type": "winlogbeat", "version": "7.17.29", "hostname": "DESKTOP-JQK13SC"}, "event": {"created": "2025-11-08T14:41:38.675Z", "module": "sysmon", "type": ["connection", "start", "protocol"], "kind": "event", "action": "Network connection detected (rule: NetworkConnect)", "provider": "Microsoft-Windows-Sysmon", "category": ["network"], "code": "3"}, "destination": {"port": 80, "ip": "194.36.32.201", "domain": "-"}, "winlog": {"event_id": "3", "user": {"identifier": "S-1-5-18", "type": "User", "domain": "NT AUTHORITY", "name": "SYSTEM"}, "channel": "Microsoft-Windows-Sysmon/Operational", "task": "Network connection detected (rule: NetworkConnect)", "process": {"pid": 5100, "thread": {"id": 3460}}, "computer_name": "DESKTOP-JQK13SC", "opcode": "Info", "version": 5, "provider_name": "Microsoft-Windows-Sysmon", "event_data": {"SourcePortName": "-"}, "api": "wineventlog", "provider_guid": "{5770385f-c22a-43e0-bf4c-06f5698ffbd9}", "record_id": 86326}}
{"tags": ["beats_input_codec_plain_applied", "_jsonparsefailure", "pikksilm_sysmon"], "@version": "1", "message": "Network connection detected:\nRuleName: -\nUtcTime: 2025-11-08 14:41:32.579\nProcessGuid: {1c3b4e1a-5698-690f-c803-000000000500}\nProcessId: 9124\nImage: C:\\Windows\\System32\\svchost.exe\nUser: NT AUTHORITY\\NETWORK SERVICE\nProtocol: tcp\nInitiated: true\nSourceIsIpv6: false\nSourceIp: 10.136.5.65\nSourceHostname: -\nSourcePort: 57745\nSourcePortName: -\nDestinationIsIpv6: false\nDestinationIp: 92.122.16.36\nDestinationHostname: -\nDestinationPort: 443\nDestinationPortName: -", "related": {"ip": ["10.136.5.65", "92.122.16.36"], "user": "NETWORK SERVICE"}, "host": {"id": "1c3b4e1a-5518-4a6d-af82-298224d18338", "os": {"kernel": "10.0.22621.2861 (WinBuild.160101.0800)", "type": "windows", "platform": "windows", "version": "10.0", "family": "windows", "name": "Windows 11 Pro", "build": "22631.2861"}, "ip": ["fe80::1f13:bebd:ede0:ed8c", "10.136.5.65"], "architecture": "x86_64", "mac": ["bc:24:11:65:5d:85"], "hostname": "DESKTOP-JQK13SC"}, "source": {"port": 57745, "ip": "10.136.5.65", "domain": "-"}, "@timestamp": "2025-11-08T14:41:32.579Z", "log": {"level": "information"}, "user": {"name": "NETWORK SERVICE", "domain": "NT AUTHORITY", "id": "S-1-5-18"}, "network": {"protocol": "-", "type": "ipv4", "direction": "egress", "community_id": "1:D9aRnBWKuWcsE5nFzycUYUJJTq4=", "transport": "tcp"}, "process": {"pid": 9124, "executable": "C:\\Windows\\System32\\svchost.exe", "entity_id": "{1c3b4e1a-5698-690f-c803-000000000500}", "name": "svchost.exe"}, "ecs": {"version": "1.12.0"}, "agent": {"ephemeral_id": "0eb94074-2147-427a-8c46-6c6578d3ab93", "id": "1a4af485-022d-4981-8d7f-bea9aff53b0f", "name": "DESKTOP-JQK13SC", "type": "winlogbeat", "version": "7.17.29", "hostname": "DESKTOP-JQK13SC"}, "event": {"created": "2025-11-08T14:41:38.117Z", "module": "sysmon", "type": ["connection", "start", "protocol"], "kind": "event", "action": "Network connection detected (rule: NetworkConnect)", "provider": "Microsoft-Windows-Sysmon", "category": ["network"], "code": "3"}, "destination": {"port": 443, "ip": "92.122.16.36", "domain": "-"}, "winlog": {"event_id": "3", "user": {"identifier": "S-1-5-18", "domain": "NT AUTHORITY", "name": "SYSTEM", "type": "User"}, "channel": "Microsoft-Windows-Sysmon/Operational", "opcode": "Info", "process": {"pid": 5100, "thread": {"id": 3460}}, "task": "Network connection detected (rule: NetworkConnect)", "computer_name": "DESKTOP-JQK13SC", "version": 5, "provider_name": "Microsoft-Windows-Sysmon", "event_data": {"SourcePortName": "-"}, "api": "wineventlog", "provider_guid": "{5770385f-c22a-43e0-bf4c-06f5698ffbd9}", "record_id": 85892}}
{"tags": ["beats_input_codec_plain_applied", "_jsonparsefailure", "pikksilm_sysmon"], "@version": "1", "message": "Network connection detected:\nRuleName: -\nUtcTime: 2025-11-08 14:41:36.826\nProcessGuid: {1c3b4e1a-c768-690f-1300-000000000500}\nProcessId: 1052\nImage: C:\\Windows\\System32\\svchost.exe\nUser: NT AUTHORITY\\SYSTEM\nProtocol: tcp\nInitiated: true\nSourceIsIpv6: false\nSourceIp: 10.136.5.65\nSourceHostname: -\nSourcePort: 57748\nSourcePortName: -\nDestinationIsIpv6: false\nDestinationIp: 52.165.164.15\nDestinationHostname: -\nDestinationPort: 443\nDestinationPortName: -", "related": {"ip": ["10.136.5.65", "52.165.164.15"], "user": "SYSTEM"}, "host": {"id": "1c3b4e1a-5518-4a6d-af82-298224d18338", "os": {"family": "windows", "name": "Windows 11 Pro", "version": "10.0", "kernel": "10.0.22621.2861 (WinBuild.160101.0800)", "type": "windows", "platform": "windows", "build": "22631.2861"}, "ip": ["fe80::1f13:bebd:ede0:ed8c", "10.136.5.65"], "architecture": "x86_64", "mac": ["bc:24:11:65:5d:85"], "hostname": "DESKTOP-JQK13SC"}, "source": {"port": 57748, "ip": "10.136.5.65", "domain": "-"}, "@timestamp": "2025-11-08T14:41:36.826Z", "log": {"level": "information"}, "user": {"name": "SYSTEM", "domain": "NT AUTHORITY", "id": "S-1-5-18"}, "network": {"protocol": "-", "type": "ipv4", "direction": "egress", "community_id": "1:h+Ek1BzO7yaDLVe6qho0t578lHo=", "transport": "tcp"}, "process": {"pid": 1052, "executable": "C:\\Windows\\System32\\svchost.exe", "name": "svchost.exe", "entity_id": "{1c3b4e1a-c768-690f-1300-000000000500}"}, "ecs": {"version": "1.12.0"}, "agent": {"ephemeral_id": "0eb94074-2147-427a-8c46-6c6578d3ab93", "id": "1a4af485-022d-4981-8d7f-bea9aff53b0f", "name": "DESKTOP-JQK13SC", "type": "winlogbeat", "version": "7.17.29", "hostname": "DESKTOP-JQK13SC"}, "event": {"module": "sysmon", "created": "2025-11-08T14:41:39.986Z", "type": ["connection", "start", "protocol"], "kind": "event", "action": "Network connection detected (rule: NetworkConnect)", "provider": "Microsoft-Windows-Sysmon", "category": ["network"], "code": "3"}, "destination": {"port": 443, "ip": "52.165.164.15", "domain": "-"}, "winlog": {"event_id": "3", "user": {"identifier": "S-1-5-18", "domain": "NT AUTHORITY", "name": "SYSTEM", "type": "User"}, "channel": "Microsoft-Windows-Sysmon/Operational", "opcode": "Info", "process": {"pid": 5100, "thread": {"id": 3460}}, "computer_name": "DESKTOP-JQK13SC", "task": "Network connection detected (rule: NetworkConnect)", "version": 5, "provider_name": "Microsoft-Windows-Sysmon", "event_data": {"SourcePortName": "-"}, "api": "wineventlog", "provider_guid": "{5770385f-c22a-43e0-bf4c-06f5698ffbd9}", "record_id": 86917}}
{"tags": ["beats_input_codec_plain_applied", "_jsonparsefailure", "pikksilm_sysmon"], "@version": "1", "message": "Network connection detected:\nRuleName: -\nUtcTime: 2025-11-08 14:41:37.028\nProcessGuid: {1c3b4e1a-5698-690f-c803-000000000500}\nProcessId: 9124\nImage: C:\\Windows\\System32\\svchost.exe\nUser: NT AUTHORITY\\NETWORK SERVICE\nProtocol: tcp\nInitiated: true\nSourceIsIpv6: false\nSourceIp: 10.136.5.65\nSourceHostname: -\nSourcePort: 57754\nSourcePortName: -\nDestinationIsIpv6: false\nDestinationIp: 194.36.32.201\nDestinationHostname: -\nDestinationPort: 80\nDestinationPortName: -", "related": {"ip": ["10.136.5.65", "194.36.32.201"], "user": "NETWORK SERVICE"}, "host": {"hostname": "DESKTOP-JQK13SC", "os": {"platform": "windows", "type": "windows", "version": "10.0", "family": "windows", "name": "Windows 11 Pro", "kernel": "10.0.22621.2861 (WinBuild.160101.0800)", "build": "22631.2861"}, "ip": ["fe80::1f13:bebd:ede0:ed8c", "10.136.5.65"], "architecture": "x86_64", "mac": ["bc:24:11:65:5d:85"], "id": "1c3b4e1a-5518-4a6d-af82-298224d18338"}, "source": {"port": 57754, "ip": "10.136.5.65", "domain": "-"}, "@timestamp": "2025-11-08T14:41:37.028Z", "log": {"level": "information"}, "user": {"name": "NETWORK SERVICE", "domain": "NT AUTHORITY", "id": "S-1-5-18"}, "network": {"protocol": "-", "type": "ipv4", "direction": "egress", "community_id": "1:XcfS6dODuJdvUgODqNj3/B/E5EA=", "transport": "tcp"}, "process": {"pid": 9124, "executable": "C:\\Windows\\System32\\svchost.exe", "entity_id": "{1c3b4e1a-5698-690f-c803-000000000500}", "name": "svchost.exe"}, "ecs": {"version": "1.12.0"}, "agent": {"ephemeral_id": "0eb94074-2147-427a-8c46-6c6578d3ab93", "id": "1a4af485-022d-4981-8d7f-bea9aff53b0f", "name": "DESKTOP-JQK13SC", "type": "winlogbeat", "version": "7.17.29", "hostname": "DESKTOP-JQK13SC"}, "event": {"module": "sysmon", "created": "2025-11-08T14:41:40.200Z", "type": ["connection", "start", "protocol"], "kind": "event", "action": "Network connection detected (rule: NetworkConnect)", "provider": "Microsoft-Windows-Sysmon", "category": ["network"], "code": "3"}, "destination": {"port": 80, "ip": "194.36.32.201", "domain": "-"}, "winlog": {"event_id": "3", "user": {"name": "SYSTEM", "domain": "NT AUTHORITY", "type": "User", "identifier": "S-1-5-18"}, "channel": "Microsoft-Windows-Sysmon/Operational", "process": {"pid": 5100, "thread": {"id": 3460}}, "task": "Network connection detected (rule: NetworkConnect)", "computer_name": "DESKTOP-JQK13SC", "opcode": "Info", "version": 5, "provider_name": "Microsoft-Windows-Sysmon", "event_data": {"SourcePortName": "-"}, "api": "wineventlog", "provider_guid": "{5770385f-c22a-43e0-bf4c-06f5698ffbd9}", "record_id": 86949}}
{"tags": ["beats_input_codec_plain_applied", "_jsonparsefailure", "pikksilm_sysmon"], "@version": "1", "message": "Network connection detected:\nRuleName: -\nUtcTime: 2025-11-08 14:41:37.396\nProcessGuid: {1c3b4e1a-5698-690f-c803-000000000500}\nProcessId: 9124\nImage: C:\\Windows\\System32\\svchost.exe\nUser: NT AUTHORITY\\NETWORK SERVICE\nProtocol: tcp\nInitiated: true\nSourceIsIpv6: false\nSourceIp: 10.136.5.65\nSourceHostname: -\nSourcePort: 57759\nSourcePortName: -\nDestinationIsIpv6: false\nDestinationIp: 194.36.32.201\nDestinationHostname: -\nDestinationPort: 80\nDestinationPortName: -", "related": {"ip": ["10.136.5.65", "194.36.32.201"], "user": "NETWORK SERVICE"}, "host": {"id": "1c3b4e1a-5518-4a6d-af82-298224d18338", "os": {"platform": "windows", "family": "windows", "version": "10.0", "name": "Windows 11 Pro", "kernel": "10.0.22621.2861 (WinBuild.160101.0800)", "type": "windows", "build": "22631.2861"}, "ip": ["fe80::1f13:bebd:ede0:ed8c", "10.136.5.65"], "architecture": "x86_64", "mac": ["bc:24:11:65:5d:85"], "hostname": "DESKTOP-JQK13SC"}, "source": {"port": 57759, "ip": "10.136.5.65", "domain": "-"}, "@timestamp": "2025-11-08T14:41:37.396Z", "log": {"level": "information"}, "user": {"name": "NETWORK SERVICE", "domain": "NT AUTHORITY", "id": "S-1-5-18"}, "network": {"protocol": "-", "type": "ipv4", "direction": "egress", "community_id": "1:VKAuOi6Ko6anLVLYMQNUkBt0idI=", "transport": "tcp"}, "process": {"name": "svchost.exe", "pid": 9124, "entity_id": "{1c3b4e1a-5698-690f-c803-000000000500}", "executable": "C:\\Windows\\System32\\svchost.exe"}, "ecs": {"version": "1.12.0"}, "agent": {"ephemeral_id": "0eb94074-2147-427a-8c46-6c6578d3ab93", "id": "1a4af485-022d-4981-8d7f-bea9aff53b0f", "name": "DESKTOP-JQK13SC", "type": "winlogbeat", "version": "7.17.29", "hostname": "DESKTOP-JQK13SC"}, "event": {"created": "2025-11-08T14:41:40.204Z", "module": "sysmon", "type": ["connection", "start", "protocol"], "kind": "event", "action": "Network connection detected (rule: NetworkConnect)", "provider": "Microsoft-Windows-Sysmon", "category": ["network"], "code": "3"}, "destination": {"port": 80, "ip": "194.36.32.201", "domain": "-"}, "winlog": {"event_id": "3", "user": {"identifier": "S-1-5-18", "domain": "NT AUTHORITY", "name": "SYSTEM", "type": "User"}, "channel": "Microsoft-Windows-Sysmon/Operational", "process": {"pid": 5100, "thread": {"id": 3460}}, "opcode": "Info", "computer_name": "DESKTOP-JQK13SC", "task": "Network connection detected (rule: NetworkConnect)", "version": 5, "provider_name": "Microsoft-Windows-Sysmon", "event_data": {"SourcePortName": "-"}, "api": "wineventlog", "provider_guid": "{5770385f-c22a-43e0-bf4c-06f5698ffbd9}", "record_id": 86989}}
{"tags": ["beats_input_codec_plain_applied", "_jsonparsefailure", "pikksilm_sysmon"], "@version": "1", "message": "Network connection detected:\nRuleName: -\nUtcTime: 2025-11-08 14:41:36.879\nProcessGuid: {1c3b4e1a-5698-690f-c803-000000000500}\nProcessId: 9124\nImage: C:\\Windows\\System32\\svchost.exe\nUser: NT AUTHORITY\\NETWORK SERVICE\nProtocol: tcp\nInitiated: true\nSourceIsIpv6: false\nSourceIp: 10.136.5.65\nSourceHostname: -\nSourcePort: 57750\nSourcePortName: -\nDestinationIsIpv6: false\nDestinationIp: 92.122.16.36\nDestinationHostname: -\nDestinationPort: 443\nDestinationPortName: -", "related": {"user": "NETWORK SERVICE", "ip": ["10.136.5.65", "92.122.16.36"]}, "host": {"hostname": "DESKTOP-JQK13SC", "os": {"platform": "windows", "type": "windows", "version": "10.0", "family": "windows", "name": "Windows 11 Pro", "kernel": "10.0.22621.2861 (WinBuild.160101.0800)", "build": "22631.2861"}, "ip": ["fe80::1f13:bebd:ede0:ed8c", "10.136.5.65"], "architecture": "x86_64", "mac": ["bc:24:11:65:5d:85"], "id": "1c3b4e1a-5518-4a6d-af82-298224d18338"}, "source": {"port": 57750, "ip": "10.136.5.65", "domain": "-"}, "@timestamp": "2025-11-08T14:41:36.879Z", "log": {"level": "information"}, "user": {"name": "NETWORK SERVICE", "domain": "NT AUTHORITY", "id": "S-1-5-18"}, "network": {"protocol": "-", "type": "ipv4", "direction": "egress", "community_id": "1:KySGeGVb+wmoy3WFtLUsIcPaUvQ=", "transport": "tcp"}, "process": {"pid": 9124, "executable": "C:\\Windows\\System32\\svchost.exe", "name": "svchost.exe", "entity_id": "{1c3b4e1a-5698-690f-c803-000000000500}"}, "ecs": {"version": "1.12.0"}, "agent": {"ephemeral_id": "0eb94074-2147-427a-8c46-6c6578d3ab93", "id": "1a4af485-022d-4981-8d7f-bea9aff53b0f", "name": "DESKTOP-JQK13SC", "type": "winlogbeat", "version": "7.17.29", "hostname": "DESKTOP-JQK13SC"}, "event": {"module": "sysmon", "created": "2025-11-08T14:41:39.986Z", "type": ["connection", "start", "protocol"], "kind": "event", "action": "Network connection detected (rule: NetworkConnect)", "provider": "Microsoft-Windows-Sysmon", "category": ["network"], "code": "3"}, "destination": {"port": 443, "ip": "92.122.16.36", "domain": "-"}, "winlog": {"event_id": "3", "user": {"identifier": "S-1-5-18", "domain": "NT AUTHORITY", "name": "SYSTEM", "type": "User"}, "task": "Network connection detected (rule: NetworkConnect)", "opcode": "Info", "process": {"pid": 5100, "thread": {"id": 3460}}, "computer_name": "DESKTOP-JQK13SC", "channel": "Microsoft-Windows-Sysmon/Operational", "version": 5, "provider_name": "Microsoft-Windows-Sysmon", "event_data": {"SourcePortName": "-"}, "api": "wineventlog", "provider_guid": "{5770385f-c22a-43e0-bf4c-06f5698ffbd9}", "record_id": 86919}}
{"tags": ["beats_input_codec_plain_applied", "_jsonparsefailure", "pikksilm_sysmon"], "@version": "1", "message": "Network connection detected:\nRuleName: -\nUtcTime: 2025-11-08 14:41:37.087\nProcessGuid: {1c3b4e1a-5698-690f-c803-000000000500}\nProcessId: 9124\nImage: C:\\Windows\\System32\\svchost.exe\nUser: NT AUTHORITY\\NETWORK SERVICE\nProtocol: tcp\nInitiated: true\nSourceIsIpv6: false\nSourceIp: 10.136.5.65\nSourceHostname: -\nSourcePort: 57756\nSourcePortName: -\nDestinationIsIpv6: false\nDestinationIp: 194.36.32.201\nDestinationHostname: -\nDestinationPort: 80\nDestinationPortName: -", "related": {"ip": ["10.136.5.65", "194.36.32.201"], "user": "NETWORK SERVICE"}, "host": {"hostname": "DESKTOP-JQK13SC", "os": {"platform": "windows", "family": "windows", "version": "10.0", "name": "Windows 11 Pro", "kernel": "10.0.22621.2861 (WinBuild.160101.0800)", "type": "windows", "build": "22631.2861"}, "ip": ["fe80::1f13:bebd:ede0:ed8c", "10.136.5.65"], "architecture": "x86_64", "mac": ["bc:24:11:65:5d:85"], "id": "1c3b4e1a-5518-4a6d-af82-298224d18338"}, "source": {"port": 57756, "ip": "10.136.5.65", "domain": "-"}, "@timestamp": "2025-11-08T14:41:37.087Z", "log": {"level": "information"}, "user": {"name": "NETWORK SERVICE", "domain": "NT AUTHORITY", "id": "S-1-5-18"}, "network": {"protocol": "-", "type": "ipv4", "direction": "egress", "community_id": "1:con/AJs2XrEYbzAyOftfVECoYS4=", "transport": "tcp"}, "process": {"pid": 9124, "executable": "C:\\Windows\\System32\\svchost.exe", "entity_id": "{1c3b4e1a-5698-690f-c803-000000000500}", "name": "svchost.exe"}, "ecs": {"version": "1.12.0"}, "agent": {"id": "1a4af485-022d-4981-8d7f-bea9aff53b0f", "hostname": "DESKTOP-JQK13SC", "name": "DESKTOP-JQK13SC", "type": "winlogbeat", "version": "7.17.29", "ephemeral_id": "0eb94074-2147-427a-8c46-6c6578d3ab93"}, "event": {"module": "sysmon", "created": "2025-11-08T14:41:40.204Z", "type": ["connection", "start", "protocol"], "kind": "event", "action": "Network connection detected (rule: NetworkConnect)", "provider": "Microsoft-Windows-Sysmon", "category": ["network"], "code": "3"}, "destination": {"port": 80, "ip": "194.36.32.201", "domain": "-"}, "winlog": {"event_id": "3", "user": {"identifier": "S-1-5-18", "domain": "NT AUTHORITY", "name": "SYSTEM", "type": "User"}, "channel": "Microsoft-Windows-Sysmon/Operational", "process": {"pid": 5100, "thread": {"id": 3460}}, "opcode": "Info", "computer_name": "DESKTOP-JQK13SC", "task": "Network connection detected (rule: NetworkConnect)", "version": 5, "provider_name": "Microsoft-Windows-Sysmon", "event_data": {"SourcePortName": "-"}, "api": "wineventlog", "provider_guid": "{5770385f-c22a-43e0-bf4c-06f5698ffbd9}", "record_id": 86951}}
{"tags": ["beats_input_codec_plain_applied", "_jsonparsefailure", "pikksilm_sysmon"], "@version": "1", "message": "Network connection detected:\nRuleName: -\nUtcTime: 2025-11-08 14:41:37.392\nProcessGuid: {1c3b4e1a-5698-690f-c803-000000000500}\nProcessId: 9124\nImage: C:\\Windows\\System32\\svchost.exe\nUser: NT AUTHORITY\\NETWORK SERVICE\nProtocol: tcp\nInitiated: true\nSourceIsIpv6: false\nSourceIp: 10.136.5.65\nSourceHostname: -\nSourcePort: 57758\nSourcePortName: -\nDestinationIsIpv6: false\nDestinationIp: 194.36.32.201\nDestinationHostname: -\nDestinationPort: 80\nDestinationPortName: -", "related": {"ip": ["10.136.5.65", "194.36.32.201"], "user": "NETWORK SERVICE"}, "host": {"id": "1c3b4e1a-5518-4a6d-af82-298224d18338", "os": {"name": "Windows 11 Pro", "kernel": "10.0.22621.2861 (WinBuild.160101.0800)", "type": "windows", "platform": "windows", "version": "10.0", "family": "windows", "build": "22631.2861"}, "ip": ["fe80::1f13:bebd:ede0:ed8c", "10.136.5.65"], "architecture": "x86_64", "mac": ["bc:24:11:65:5d:85"], "hostname": "DESKTOP-JQK13SC"}, "source": {"port": 57758, "ip": "10.136.5.65", "domain": "-"}, "@timestamp": "2025-11-08T14:41:37.392Z", "log": {"level": "information"}, "user": {"name": "NETWORK SERVICE", "domain": "NT AUTHORITY", "id": "S-1-5-18"}, "network": {"type": "ipv4", "community_id": "1:UZQNs9WwDTzodnF4jZEGhPd4B6o=", "direction": "egress", "protocol": "-", "transport": "tcp"}, "process": {"pid": 9124, "executable": "C:\\Windows\\System32\\svchost.exe", "name": "svchost.exe", "entity_id": "{1c3b4e1a-5698-690f-c803-000000000500}"}, "ecs": {"version": "1.12.0"}, "agent": {"ephemeral_id": "0eb94074-2147-427a-8c46-6c6578d3ab93", "id": "1a4af485-022d-4981-8d7f-bea9aff53b0f", "name": "DESKTOP-JQK13SC", "type": "winlogbeat", "version": "7.17.29", "hostname": "DESKTOP-JQK13SC"}, "event": {"created": "2025-11-08T14:41:40.204Z", "module": "sysmon", "type": ["connection", "start", "protocol"], "kind": "event", "action": "Network connection detected (rule: NetworkConnect)", "provider": "Microsoft-Windows-Sysmon", "category": ["network"], "code": "3"}, "destination": {"port": 80, "ip": "194.36.32.201", "domain": "-"}, "winlog": {"event_id": "3", "user": {"identifier": "S-1-5-18", "domain": "NT AUTHORITY", "name": "SYSTEM", "type": "User"}, "channel": "Microsoft-Windows-Sysmon/Operational", "process": {"pid": 5100, "thread": {"id": 3460}}, "opcode": "Info", "computer_name": "DESKTOP-JQK13SC", "task": "Network connection detected (rule: NetworkConnect)", "version": 5, "provider_name": "Microsoft-Windows-Sysmon", "event_data": {"SourcePortName": "-"}, "api": "wineventlog", "provider_guid": "{5770385f-c22a-43e0-bf4c-06f5698ffbd9}", "record_id": 86988}}
