{"tags": ["beats_input_codec_plain_applied", "_jsonparsefailure", "pikksilm_sysmon"], "@version": "1", "message": "Network connection detected:\nRuleName: -\nUtcTime: 2025-11-08 14:16:34.570\nProcessGuid: {9541e27f-4936-690f-4800-000000000500}\nProcessId: 3928\nImage: C:\\Windows\\System32\\svchost.exe\nUser: NT AUTHORITY\\LOCAL SERVICE\nProtocol: udp\nInitiated: true\nSourceIsIpv6: false\nSourceIp: 127.0.0.1\nSourceHostname: -\nSourcePort: 57494\nSourcePortName: -\nDestinationIsIpv6: false\nDestinationIp: 239.255.255.250\nDestinationHostname: -\nDestinationPort: 1900\nDestinationPortName: -", "related": {"ip": ["127.0.0.1", "239.255.255.250"], "user": "LOCAL SERVICE"}, "host": {"hostname": "DESKTOP-5D71Q14", "os": {"platform": "windows", "type": "windows", "version": "10.0", "family": "windows", "name": "Windows 11 Pro", "kernel": "10.0.22621.2861 (WinBuild.160101.0800)", "build": "22631.2861"}, "ip": ["fe80::bfbe:eb73:3f35:ed8b", "10.136.5.68"], "architecture": "x86_64", "mac": ["bc:24:11:f2:aa:20"], "id": "9541e27f-63d3-48ba-a52f-de9a0436a02f"}, "source": {"port": 57494, "ip": "127.0.0.1", "domain": "-"}, "@timestamp": "2025-11-08T14:16:34.570Z", "log": {"level": "information"}, "user": {"name": "LOCAL SERVICE", "domain": "NT AUTHORITY", "id": "S-1-5-18"}, "network": {"type": "ipv4", "community_id": "1:ehfUeryYzWSq/2YswEBltn9O3Vs=", "direction": "egress", "protocol": "-", "transport": "udp"}, "process": {"name": "svchost.exe", "pid": 3928, "entity_id": "{9541e27f-4936-690f-4800-000000000500}", "executable": "C:\\Windows\\System32\\svchost.exe"}, "ecs": {"version": "1.12.0"}, "agent": {"ephemeral_id": "d07b82f0-1acc-4d97-9489-166a47073a22", "id": "43e4a97d-cdf0-42b2-8f35-6f5b1e9e1766", "name": "DESKTOP-5D71Q14", "type": "winlogbeat", "version": "7.17.29", "hostname": "DESKTOP-5D71Q14"}, "event": {"module": "sysmon", "created": "2025-11-08T14:16:36.571Z", "type": ["connection", "start", "protocol"], "kind": "event", "action": "Network connection detected (rule: NetworkConnect)", "provider": "Microsoft-Windows-Sysmon", "category": ["network"], "code": "3"}, "destination": {"port": 1900, "ip": "239.255.255.250", "domain": "-"}, "winlog": {"event_id": "3", "user": {"identifier": "S-1-5-18", "domain": "NT AUTHORITY", "name": "SYSTEM", "type": "User"}, "channel": "Microsoft-Windows-Sysmon/Operational", "process": {"thread": {"id": 5020}, "pid": 560}, "task": "Network connection detected (rule: NetworkConnect)", "computer_name": "DESKTOP-5D71Q14", "opcode": "Info", "version": 5, "provider_name": "Microsoft-Windows-Sysmon", "event_data": {"SourcePortName": "-"}, "api": "wineventlog", "provider_guid": "{5770385f-c22a-43e0-bf4c-06f5698ffbd9}", "record_id": 35542}}
{"tags": ["beats_input_codec_plain_applied", "_jsonparsefailure", "pikksilm_sysmon"], "@version": "1", "message": "Network connection detected:\nRuleName: -\nUtcTime: 2025-11-08 14:16:34.722\nProcessGuid: {9541e27f-c7a9-690f-1300-000000000500}\nProcessId: 1032\nImage: C:\\Windows\\System32\\svchost.exe\nUser: NT AUTHORITY\\SYSTEM\nProtocol: tcp\nInitiated: true\nSourceIsIpv6: true\nSourceIp: 0:0:0:0:0:0:0:1\nSourceHostname: -\nSourcePort: 49921\nSourcePortName: -\nDestinationIsIpv6: true\nDestinationIp: 0:0:0:0:0:0:0:1\nDestinationHostname: -\nDestinationPort: 47001\nDestinationPortName: -", "related": {"ip": "0:0:0:0:0:0:0:1", "user": "SYSTEM"}, "host": {"id": "9541e27f-63d3-48ba-a52f-de9a0436a02f", "os": {"platform": "windows", "type": "windows", "version": "10.0", "family": "windows", "name": "Windows 11 Pro", "kernel": "10.0.22621.2861 (WinBuild.160101.0800)", "build": "22631.2861"}, "ip": ["fe80::bfbe:eb73:3f35:ed8b", "10.136.5.68"], "architecture": "x86_64", "mac": ["bc:24:11:f2:aa:20"], "hostname": "DESKTOP-5D71Q14"}, "source": {"port": 49921, "ip": "0:0:0:0:0:0:0:1", "domain": "-"}, "@timestamp": "2025-11-08T14:16:34.722Z", "log": {"level": "information"}, "user": {"name": "SYSTEM", "domain": "NT AUTHORITY", "id": "S-1-5-18"}, "network": {"community_id": "1:q62uISTKMdVdTMI2ze1Vll2vlK4=", "protocol": "-", "direction": "egress", "type": "ipv6", "transport": "tcp"}, "process": {"pid": 1032, "executable": "C:\\Windows\\System32\\svchost.exe", "entity_id": "{9541e27f-c7a9-690f-1300-000000000500}", "name": "svchost.exe"}, "ecs": {"version": "1.12.0"}, "agent": {"ephemeral_id": "d07b82f0-1acc-4d97-9489-166a47073a22", "id": "43e4a97d-cdf0-42b2-8f35-6f5b1e9e1766", "name": "DESKTOP-5D71Q14", "type": "winlogbeat", "version": "7.17.29", "hostname": "DESKTOP-5D71Q14"}, "event": {"created": "2025-11-08T14:16:36.571Z", "module": "sysmon", "type": ["connection", "start", "protocol"], "kind": "event", "action": "Network connection detected (rule: NetworkConnect)", "provider": "Microsoft-Windows-Sysmon", "category": ["network"], "code": "3"}, "destination": {"port": 47001, "ip": "0:0:0:0:0:0:0:1", "domain": "-"}, "winlog": {"event_id": "3", "user": {"identifier": "S-1-5-18", "domain": "NT AUTHORITY", "name": "SYSTEM", "type": "User"}, "channel": "Microsoft-Windows-Sysmon/Operational", "process": {"pid": 560, "thread": {"id": 5020}}, "opcode": "Info", "computer_name": "DESKTOP-5D71Q14", "task": "Network connection detected (rule: NetworkConnect)", "version": 5, "provider_name": "Microsoft-Windows-Sysmon", "event_data": {"SourcePortName": "-"}, "api": "wineventlog", "provider_guid": "{5770385f-c22a-43e0-bf4c-06f5698ffbd9}", "record_id": 35545}}
{"tags": ["beats_input_codec_plain_applied", "_jsonparsefailure", "pikksilm_sysmon"], "@version": "1", "message": "Network connection detected:\nRuleName: -\nUtcTime: 2025-11-08 14:16:34.570\nProcessGuid: {9541e27f-4936-690f-4800-000000000500}\nProcessId: 3928\nImage: C:\\Windows\\System32\\svchost.exe\nUser: NT AUTHORITY\\LOCAL SERVICE\nProtocol: udp\nInitiated: true\nSourceIsIpv6: false\nSourceIp: 10.136.5.68\nSourceHostname: -\nSourcePort: 57493\nSourcePortName: -\nDestinationIsIpv6: false\nDestinationIp: 239.255.255.250\nDestinationHostname: -\nDestinationPort: 1900\nDestinationPortName: -", "related": {"ip": ["10.136.5.68", "239.255.255.250"], "user": "LOCAL SERVICE"}, "host": {"id": "9541e27f-63d3-48ba-a52f-de9a0436a02f", "os": {"platform": "windows", "type": "windows", "version": "10.0", "family": "windows", "name": "Windows 11 Pro", "kernel": "10.0.22621.2861 (WinBuild.160101.0800)", "build": "22631.2861"}, "ip": ["fe80::bfbe:eb73:3f35:ed8b", "10.136.5.68"], "architecture": "x86_64", "mac": ["bc:24:11:f2:aa:20"], "hostname": "DESKTOP-5D71Q14"}, "source": {"port": 57493, "ip": "10.136.5.68", "domain": "-"}, "@timestamp": "2025-11-08T14:16:34.570Z", "log": {"level": "information"}, "user": {"name": "LOCAL SERVICE", "domain": "NT AUTHORITY", "id": "S-1-5-18"}, "network": {"protocol": "-", "type": "ipv4", "direction": "egress", "community_id": "1:VBVqSFzgY9b69P7suO5EKj+7heU=", "transport": "udp"}, "process": {"pid": 3928, "executable": "C:\\Windows\\System32\\svchost.exe", "name": "svchost.exe", "entity_id": "{9541e27f-4936-690f-4800-000000000500}"}, "ecs": {"version": "1.12.0"}, "agent": {"ephemeral_id": "d07b82f0-1acc-4d97-9489-166a47073a22", "id": "43e4a97d-cdf0-42b2-8f35-6f5b1e9e1766", "name": "DESKTOP-5D71Q14", "type": "winlogbeat", "version": "7.17.29", "hostname": "DESKTOP-5D71Q14"}, "event": {"module": "sysmon", "created": "2025-11-08T14:16:36.571Z", "type": ["connection", "start", "protocol"], "kind": "event", "action": "Network connection detected (rule: NetworkConnect)", "provider": "Microsoft-Windows-Sysmon", "category": ["network"], "code": "3"}, "destination": {"port": 1900, "ip": "239.255.255.250", "domain": "-"}, "winlog": {"event_id": "3", "user": {"name": "SYSTEM", "domain": "NT AUTHORITY", "type": "User", "identifier": "S-1-5-18"}, "channel": "Microsoft-Windows-Sysmon/Operational", "task": "Network connection detected (rule: NetworkConnect)", "process": {"pid": 560, "thread": {"id": 5020}}, "computer_name": "DESKTOP-5D71Q14", "opcode": "Info", "version": 5, "provider_name": "Microsoft-Windows-Sysmon", "event_data": {"SourcePortName": "-"}, "api": "wineventlog", "provider_guid": "{5770385f-c22a-43e0-bf4c-06f5698ffbd9}", "record_id": 35541}}
{"tags": ["beats_input_codec_plain_applied", "_jsonparsefailure", "pikksilm_sysmon"], "@version": "1", "message": "Network connection detected:\nRuleName: -\nUtcTime: 2025-11-08 14:16:34.883\nProcessGuid: {9541e27f-c7a9-690f-1300-000000000500}\nProcessId: 1032\nImage: C:\\Windows\\System32\\svchost.exe\nUser: NT AUTHORITY\\SYSTEM\nProtocol: tcp\nInitiated: true\nSourceIsIpv6: true\nSourceIp: 0:0:0:0:0:0:0:1\nSourceHostname: -\nSourcePort: 49922\nSourcePortName: -\nDestinationIsIpv6: true\nDestinationIp: 0:0:0:0:0:0:0:1\nDestinationHostname: -\nDestinationPort: 47001\nDestinationPortName: -", "related": {"ip": "0:0:0:0:0:0:0:1", "user": "SYSTEM"}, "host": {"id": "9541e27f-63d3-48ba-a52f-de9a0436a02f", "os": {"platform": "windows", "type": "windows", "version": "10.0", "family": "windows", "name": "Windows 11 Pro", "kernel": "10.0.22621.2861 (WinBuild.160101.0800)", "build": "22631.2861"}, "ip": ["fe80::bfbe:eb73:3f35:ed8b", "10.136.5.68"], "architecture": "x86_64", "mac": ["bc:24:11:f2:aa:20"], "hostname": "DESKTOP-5D71Q14"}, "source": {"port": 49922, "ip": "0:0:0:0:0:0:0:1", "domain": "-"}, "@timestamp": "2025-11-08T14:16:34.883Z", "log": {"level": "information"}, "user": {"name": "SYSTEM", "domain": "NT AUTHORITY", "id": "S-1-5-18"}, "network": {"protocol": "-", "type": "ipv6", "direction": "egress", "community_id": "1:c2RZ2ailHKbdy30EVdfWH8ZNLEE=", "transport": "tcp"}, "process": {"pid": 1032, "executable": "C:\\Windows\\System32\\svchost.exe", "entity_id": "{9541e27f-c7a9-690f-1300-000000000500}", "name": "svchost.exe"}, "ecs": {"version": "1.12.0"}, "agent": {"ephemeral_id": "d07b82f0-1acc-4d97-9489-166a47073a22", "id": "43e4a97d-cdf0-42b2-8f35-6f5b1e9e1766", "name": "DESKTOP-5D71Q14", "type": "winlogbeat", "version": "7.17.29", "hostname": "DESKTOP-5D71Q14"}, "event": {"created": "2025-11-08T14:16:37.683Z", "module": "sysmon", "type": ["connection", "start", "protocol"], "kind": "event", "action": "Network connection detected (rule: NetworkConnect)", "provider": "Microsoft-Windows-Sysmon", "category": ["network"], "code": "3"}, "destination": {"port": 47001, "ip": "0:0:0:0:0:0:0:1", "domain": "-"}, "winlog": {"event_id": "3", "user": {"identifier": "S-1-5-18", "domain": "NT AUTHORITY", "name": "SYSTEM", "type": "User"}, "task": "Network connection detected (rule: NetworkConnect)", "process": {"pid": 560, "thread": {"id": 5020}}, "channel": "Microsoft-Windows-Sysmon/Operational", "computer_name": "DESKTOP-5D71Q14", "opcode": "Info", "version": 5, "provider_name": "Microsoft-Windows-Sysmon", "event_data": {"SourcePortName": "-"}, "api": "wineventlog", "provider_guid": "{5770385f-c22a-43e0-bf4c-06f5698ffbd9}", "record_id": 35589}}
{"tags": ["beats_input_codec_plain_applied", "_jsonparsefailure", "pikksilm_sysmon"], "@version": "1", "message": "Network connection detected:\nRuleName: -\nUtcTime: 2025-11-08 14:16:34.722\nProcessGuid: {9541e27f-c7a0-690f-eb03-000000000000}\nProcessId: 4\nImage: <unknown process>\nUser: -\nProtocol: tcp\nInitiated: false\nSourceIsIpv6: true\nSourceIp: 0:0:0:0:0:0:0:1\nSourceHostname: -\nSourcePort: 49921\nSourcePortName: -\nDestinationIsIpv6: true\nDestinationIp: 0:0:0:0:0:0:0:1\nDestinationHostname: -\nDestinationPort: 47001\nDestinationPortName: -", "related": {"ip": "0:0:0:0:0:0:0:1"}, "host": {"id": "9541e27f-63d3-48ba-a52f-de9a0436a02f", "os": {"platform": "windows", "type": "windows", "version": "10.0", "family": "windows", "name": "Windows 11 Pro", "kernel": "10.0.22621.2861 (WinBuild.160101.0800)", "build": "22631.2861"}, "ip": ["fe80::bfbe:eb73:3f35:ed8b", "10.136.5.68"], "architecture": "x86_64", "mac": ["bc:24:11:f2:aa:20"], "hostname": "DESKTOP-5D71Q14"}, "source": {"port": 49921, "ip": "0:0:0:0:0:0:0:1", "domain": "-"}, "@timestamp": "2025-11-08T14:16:34.722Z", "log": {"level": "information"}, "user": {"id": "S-1-5-18"}, "network": {"type": "ipv6", "community_id": "1:q62uISTKMdVdTMI2ze1Vll2vlK4=", "protocol": "-", "direction": "ingress", "transport": "tcp"}, "process": {"name": "<unknown process>", "pid": 4, "entity_id": "{9541e27f-c7a0-690f-eb03-000000000000}", "executable": "<unknown process>"}, "ecs": {"version": "1.12.0"}, "agent": {"id": "43e4a97d-cdf0-42b2-8f35-6f5b1e9e1766", "hostname": "DESKTOP-5D71Q14", "name": "DESKTOP-5D71Q14", "type": "winlogbeat", "version": "7.17.29", "ephemeral_id": "d07b82f0-1acc-4d97-9489-166a47073a22"}, "event": {"created": "2025-11-08T14:16:37.683Z", "module": "sysmon", "type": ["connection", "start", "protocol"], "kind": "event", "action": "Network connection detected (rule: NetworkConnect)", "provider": "Microsoft-Windows-Sysmon", "category": ["network"], "code": "3"}, "destination": {"port": 47001, "ip": "0:0:0:0:0:0:0:1", "domain": "-"}, "winlog": {"event_id": "3", "user": {"identifier": "S-1-5-18", "domain": "NT AUTHORITY", "name": "SYSTEM", "type": "User"}, "channel": "Microsoft-Windows-Sysmon/Operational", "process": {"pid": 560, "thread": {"id": 5020}}, "task": "Network connection detected (rule: NetworkConnect)", "computer_name": "DESKTOP-5D71Q14", "opcode": "Info", "version": 5, "provider_name": "Microsoft-Windows-Sysmon", "event_data": {"SourcePortName": "-", "User": "-"}, "api": "wineventlog", "provider_guid": "{5770385f-c22a-43e0-bf4c-06f5698ffbd9}", "record_id": 35588}}
{"tags": ["beats_input_codec_plain_applied", "_jsonparsefailure", "pikksilm_sysmon"], "@version": "1", "message": "Network connection detected:\nRuleName: -\nUtcTime: 2025-11-08 14:16:34.884\nProcessGuid: {9541e27f-c7a0-690f-eb03-000000000000}\nProcessId: 4\nImage: <unknown process>\nUser: -\nProtocol: tcp\nInitiated: false\nSourceIsIpv6: true\nSourceIp: 0:0:0:0:0:0:0:1\nSourceHostname: -\nSourcePort: 49922\nSourcePortName: -\nDestinationIsIpv6: true\nDestinationIp: 0:0:0:0:0:0:0:1\nDestinationHostname: -\nDestinationPort: 47001\nDestinationPortName: -", "related": {"ip": "0:0:0:0:0:0:0:1"}, "host": {"id": "9541e27f-63d3-48ba-a52f-de9a0436a02f", "os": {"name": "Windows 11 Pro", "kernel": "10.0.22621.2861 (WinBuild.160101.0800)", "type": "windows", "platform": "windows", "version": "10.0", "family": "windows", "build": "22631.2861"}, "ip": ["fe80::bfbe:eb73:3f35:ed8b", "10.136.5.68"], "architecture": "x86_64", "mac": ["bc:24:11:f2:aa:20"], "hostname": "DESKTOP-5D71Q14"}, "source": {"port": 49922, "ip": "0:0:0:0:0:0:0:1", "domain": "-"}, "@timestamp": "2025-11-08T14:16:34.884Z", "log": {"level": "information"}, "user": {"id": "S-1-5-18"}, "network": {"protocol": "-", "type": "ipv6", "direction": "ingress", "community_id": "1:c2RZ2ailHKbdy30EVdfWH8ZNLEE=", "transport": "tcp"}, "process": {"name": "<unknown process>", "pid": 4, "entity_id": "{9541e27f-c7a0-690f-eb03-000000000000}", "executable": "<unknown process>"}, "ecs": {"version": "1.12.0"}, "agent": {"hostname": "DESKTOP-5D71Q14", "ephemeral_id": "d07b82f0-1acc-4d97-9489-166a47073a22", "name": "DESKTOP-5D71Q14", "type": "winlogbeat", "version": "7.17.29", "id": "43e4a97d-cdf0-42b2-8f35-6f5b1e9e1766"}, "event": {"created": "2025-11-08T14:16:37.672Z", "module": "sysmon", "type": ["connection", "start", "protocol"], "kind": "event", "action": "Network connection detected (rule: NetworkConnect)", "provider": "Microsoft-Windows-Sysmon", "category": ["network"], "code": "3"}, "destination": {"port": 47001, "ip": "0:0:0:0:0:0:0:1", "domain": "-"}, "winlog": {"event_id": "3", "user": {"name": "SYSTEM", "domain": "NT AUTHORITY", "type": "User", "identifier": "S-1-5-18"}, "task": "Network connection detected (rule: NetworkConnect)", "process": {"pid": 560, "thread": {"id": 5020}}, "opcode": "Info", "computer_name": "DESKTOP-5D71Q14", "channel": "Microsoft-Windows-Sysmon/Operational", "version": 5, "provider_name": "Microsoft-Windows-Sysmon", "event_data": {"SourcePortName": "-", "User": "-"}, "api": "wineventlog", "provider_guid": "{5770385f-c22a-43e0-bf4c-06f5698ffbd9}", "record_id": 35550}}
{"tags": ["beats_input_codec_plain_applied", "_jsonparsefailure", "pikksilm_sysmon"], "@version": "1", "message": "Network connection detected:\nRuleName: -\nUtcTime: 2025-11-08 14:16:36.394\nProcessGuid: {4d96f8ad-4936-690f-4900-000000000500}\nProcessId: 3840\nImage: C:\\Windows\\System32\\svchost.exe\nUser: NT AUTHORITY\\LOCAL SERVICE\nProtocol: udp\nInitiated: true\nSourceIsIpv6: false\nSourceIp: 10.136.5.69\nSourceHostname: -\nSourcePort: 56958\nSourcePortName: -\nDestinationIsIpv6: false\nDestinationIp: 239.255.255.250\nDestinationHostname: -\nDestinationPort: 1900\nDestinationPortName: -", "related": {"ip": ["10.136.5.69", "239.255.255.250"], "user": "LOCAL SERVICE"}, "host": {"id": "4d96f8ad-6ed7-495d-9069-5f56c2ebf694", "os": {"kernel": "10.0.22621.2861 (WinBuild.160101.0800)", "type": "windows", "platform": "windows", "version": "10.0", "family": "windows", "name": "Windows 11 Pro", "build": "22631.2861"}, "ip": ["fe80::54fd:e63:93ce:bb23", "10.136.5.69"], "architecture": "x86_64", "mac": ["bc:24:11:10:2c:d3"], "hostname": "DESKTOP-4KG93DG"}, "source": {"port": 56958, "ip": "10.136.5.69", "domain": "-"}, "@timestamp": "2025-11-08T14:16:36.394Z", "log": {"level": "information"}, "user": {"name": "LOCAL SERVICE", "domain": "NT AUTHORITY", "id": "S-1-5-18"}, "network": {"protocol": "-", "type": "ipv4", "direction": "egress", "community_id": "1:TsJ8mh8/Ri74PZmRmkDP0VlDPuM=", "transport": "udp"}, "process": {"executable": "C:\\Windows\\System32\\svchost.exe", "name": "svchost.exe", "entity_id": "{4d96f8ad-4936-690f-4900-000000000500}", "pid": 3840}, "ecs": {"version": "1.12.0"}, "agent": {"ephemeral_id": "b4008bfb-8e39-4e8e-8ad7-e585c890b879", "id": "bd065c39-423b-48a6-b74e-4c0ace0cf1cc", "name": "DESKTOP-4KG93DG", "type": "winlogbeat", "version": "7.17.29", "hostname": "DESKTOP-4KG93DG"}, "event": {"module": "sysmon", "created": "2025-11-08T14:16:38.745Z", "type": ["connection", "start", "protocol"], "kind": "event", "action": "Network connection detected (rule: NetworkConnect)", "provider": "Microsoft-Windows-Sysmon", "category": ["network"], "code": "3"}, "destination": {"port": 1900, "ip": "239.255.255.250", "domain": "-"}, "winlog": {"event_id": "3", "user": {"identifier": "S-1-5-18", "domain": "NT AUTHORITY", "name": "SYSTEM", "type": "User"}, "task": "Network connection detected (rule: NetworkConnect)", "channel": "Microsoft-Windows-Sysmon/Operational", "process": {"pid": 2248, "thread": {"id": 496}}, "opcode": "Info", "computer_name": "DESKTOP-4KG93DG", "version": 5, "provider_name": "Microsoft-Windows-Sysmon", "event_data": {"SourcePortName": "-"}, "api": "wineventlog", "provider_guid": "{5770385f-c22a-43e0-bf4c-06f5698ffbd9}", "record_id": 35627}}
{"tags": ["beats_input_codec_plain_applied", "_jsonparsefailure", "pikksilm_sysmon"], "@version": "1", "message": "Network connection detected:\nRuleName: -\nUtcTime: 2025-11-08 14:16:36.395\nProcessGuid: {4d96f8ad-4936-690f-4900-000000000500}\nProcessId: 3840\nImage: C:\\Windows\\System32\\svchost.exe\nUser: NT AUTHORITY\\LOCAL SERVICE\nProtocol: udp\nInitiated: true\nSourceIsIpv6: false\nSourceIp: 127.0.0.1\nSourceHostname: -\nSourcePort: 56959\nSourcePortName: -\nDestinationIsIpv6: false\nDestinationIp: 239.255.255.250\nDestinationHostname: -\nDestinationPort: 1900\nDestinationPortName: -", "related": {"user": "LOCAL SERVICE", "ip": ["127.0.0.1", "239.255.255.250"]}, "host": {"id": "4d96f8ad-6ed7-495d-9069-5f56c2ebf694", "os": {"platform": "windows", "type": "windows", "version": "10.0", "family": "windows", "name": "Windows 11 Pro", "kernel": "10.0.22621.2861 (WinBuild.160101.0800)", "build": "22631.2861"}, "ip": ["fe80::54fd:e63:93ce:bb23", "10.136.5.69"], "architecture": "x86_64", "mac": ["bc:24:11:10:2c:d3"], "hostname": "DESKTOP-4KG93DG"}, "source": {"port": 56959, "ip": "127.0.0.1", "domain": "-"}, "@timestamp": "2025-11-08T14:16:36.395Z", "log": {"level": "information"}, "user": {"name": "LOCAL SERVICE", "domain": "NT AUTHORITY", "id": "S-1-5-18"}, "network": {"type": "ipv4", "community_id": "1:vag5XORBPOw2XqgXruTPfYvGTxg=", "protocol": "-", "direction": "egress", "transport": "udp"}, "process": {"pid": 3840, "executable": "C:\\Windows\\System32\\svchost.exe", "entity_id": "{4d96f8ad-4936-690f-4900-000000000500}", "name": "svchost.exe"}, "ecs": {"version": "1.12.0"}, "agent": {"ephemeral_id": "b4008bfb-8e39-4e8e-8ad7-e585c890b879", "id": "bd065c39-423b-48a6-b74e-4c0ace0cf1cc", "name": "DESKTOP-4KG93DG", "type": "winlogbeat", "version": "7.17.29", "hostname": "DESKTOP-4KG93DG"}, "event": {"module": "sysmon", "created": "2025-11-08T14:16:38.745Z", "type": ["connection", "start", "protocol"], "kind": "event", "action": "Network connection detected (rule: NetworkConnect)", "provider": "Microsoft-Windows-Sysmon", "category": ["network"], "code": "3"}, "destination": {"port": 1900, "ip": "239.255.255.250", "domain": "-"}, "winlog": {"event_id": "3", "user": {"identifier": "S-1-5-18", "domain": "NT AUTHORITY", "name": "SYSTEM", "type": "User"}, "task": "Network connection detected (rule: NetworkConnect)", "opcode": "Info", "channel": "Microsoft-Windows-Sysmon/Operational", "computer_name": "DESKTOP-4KG93DG", "process": {"pid": 2248, "thread": {"id": 496}}, "version": 5, "provider_name": "Microsoft-Windows-Sysmon", "event_data": {"SourcePortName": "-"}, "api": "wineventlog", "provider_guid": "{5770385f-c22a-43e0-bf4c-06f5698ffbd9}", "record_id": 35628}}
{"tags": ["beats_input_codec_plain_applied", "_jsonparsefailure", "pikksilm_sysmon"], "@version": "1", "message": "Network connection detected:\nRuleName: -\nUtcTime: 2025-11-08 14:16:36.395\nProcessGuid: {4d96f8ad-4936-690f-4900-000000000500}\nProcessId: 3840\nImage: C:\\Windows\\System32\\svchost.exe\nUser: NT AUTHORITY\\LOCAL SERVICE\nProtocol: udp\nInitiated: false\nSourceIsIpv6: false\nSourceIp: 239.255.255.250\nSourceHostname: -\nSourcePort: 1900\nSourcePortName: -\nDestinationIsIpv6: false\nDestinationIp: 127.0.0.1\nDestinationHostname: -\nDestinationPort: 56959\nDestinationPortName: -", "related": {"ip": ["239.255.255.250", "127.0.0.1"], "user": "LOCAL SERVICE"}, "host": {"hostname": "DESKTOP-4KG93DG", "os": {"family": "windows", "name": "Windows 11 Pro", "version": "10.0", "kernel": "10.0.22621.2861 (WinBuild.160101.0800)", "type": "windows", "platform": "windows", "build": "22631.2861"}, "ip": ["fe80::54fd:e63:93ce:bb23", "10.136.5.69"], "architecture": "x86_64", "mac": ["bc:24:11:10:2c:d3"], "id": "4d96f8ad-6ed7-495d-9069-5f56c2ebf694"}, "source": {"port": 1900, "ip": "239.255.255.250", "domain": "-"}, "@timestamp": "2025-11-08T14:16:36.395Z", "log": {"level": "information"}, "user": {"name": "LOCAL SERVICE", "domain": "NT AUTHORITY", "id": "S-1-5-18"}, "network": {"protocol": "-", "type": "ipv4", "direction": "ingress", "community_id": "1:vag5XORBPOw2XqgXruTPfYvGTxg=", "transport": "udp"}, "process": {"pid": 3840, "executable": "C:\\Windows\\System32\\svchost.exe", "entity_id": "{4d96f8ad-4936-690f-4900-000000000500}", "name": "svchost.exe"}, "ecs": {"version": "1.12.0"}, "agent": {"hostname": "DESKTOP-4KG93DG", "ephemeral_id": "b4008bfb-8e39-4e8e-8ad7-e585c890b879", "name": "DESKTOP-4KG93DG", "type": "winlogbeat", "version": "7.17.29", "id": "bd065c39-423b-48a6-b74e-4c0ace0cf1cc"}, "event": {"module": "sysmon", "created": "2025-11-08T14:16:38.745Z", "type": ["connection", "start", "protocol"], "kind": "event", "action": "Network connection detected (rule: NetworkConnect)", "provider": "Microsoft-Windows-Sysmon", "category": ["network"], "code": "3"}, "destination": {"port": 56959, "ip": "127.0.0.1", "domain": "-"}, "winlog": {"event_id": "3", "user": {"name": "SYSTEM", "type": "User", "identifier": "S-1-5-18", "domain": "NT AUTHORITY"}, "channel": "Microsoft-Windows-Sysmon/Operational", "process": {"pid": 2248, "thread": {"id": 496}}, "task": "Network connection detected (rule: NetworkConnect)", "computer_name": "DESKTOP-4KG93DG", "opcode": "Info", "version": 5, "provider_name": "Microsoft-Windows-Sysmon", "event_data": {"SourcePortName": "-"}, "api": "wineventlog", "provider_guid": "{5770385f-c22a-43e0-bf4c-06f5698ffbd9}", "record_id": 35629}}
{"tags": ["beats_input_codec_plain_applied", "_jsonparsefailure", "pikksilm_sysmon"], "@version": "1", "message": "Network connection detected:\nRuleName: -\nUtcTime: 2025-11-08 14:16:36.699\nProcessGuid: {4d96f8ad-c7a1-690f-eb03-000000000000}\nProcessId: 4\nImage: <unknown process>\nUser: -\nProtocol: tcp\nInitiated: false\nSourceIsIpv6: true\nSourceIp: 0:0:0:0:0:0:0:1\nSourceHostname: -\nSourcePort: 49923\nSourcePortName: -\nDestinationIsIpv6: true\nDestinationIp: 0:0:0:0:0:0:0:1\nDestinationHostname: -\nDestinationPort: 47001\nDestinationPortName: -", "related": {"ip": "0:0:0:0:0:0:0:1"}, "host": {"hostname": "DESKTOP-4KG93DG", "os": {"kernel": "10.0.22621.2861 (WinBuild.160101.0800)", "type": "windows", "platform": "windows", "version": "10.0", "family": "windows", "name": "Windows 11 Pro", "build": "22631.2861"}, "ip": ["fe80::54fd:e63:93ce:bb23", "10.136.5.69"], "architecture": "x86_64", "mac": ["bc:24:11:10:2c:d3"], "id": "4d96f8ad-6ed7-495d-9069-5f56c2ebf694"}, "source": {"port": 49923, "ip": "0:0:0:0:0:0:0:1", "domain": "-"}, "@timestamp": "2025-11-08T14:16:36.699Z", "log": {"level": "information"}, "user": {"id": "S-1-5-18"}, "network": {"protocol": "-", "type": "ipv6", "direction": "ingress", "community_id": "1:CyR4Wbqi+vLNj5oKU7ORu881DPc=", "transport": "tcp"}, "process": {"executable": "<unknown process>", "name": "<unknown process>", "entity_id": "{4d96f8ad-c7a1-690f-eb03-000000000000}", "pid": 4}, "ecs": {"version": "1.12.0"}, "agent": {"ephemeral_id": "b4008bfb-8e39-4e8e-8ad7-e585c890b879", "id": "bd065c39-423b-48a6-b74e-4c0ace0cf1cc", "name": "DESKTOP-4KG93DG", "type": "winlogbeat", "version": "7.17.29", "hostname": "DESKTOP-4KG93DG"}, "event": {"created": "2025-11-08T14:16:39.779Z", "module": "sysmon", "type": ["connection", "start", "protocol"], "kind": "event", "action": "Network connection detected (rule: NetworkConnect)", "provider": "Microsoft-Windows-Sysmon", "category": ["network"], "code": "3"}, "destination": {"port": 47001, "ip": "0:0:0:0:0:0:0:1", "domain": "-"}, "winlog": {"event_id": "3", "user": {"name": "SYSTEM", "type": "User", "identifier": "S-1-5-18", "domain": "NT AUTHORITY"}, "task": "Network connection detected (rule: NetworkConnect)", "process": {"pid": 2248, "thread": {"id": 496}}, "opcode": "Info", "computer_name": "DESKTOP-4KG93DG", "channel": "Microsoft-Windows-Sysmon/Operational", "version": 5, "provider_name": "Microsoft-Windows-Sysmon", "event_data": {"SourcePortName": "-", "User": "-"}, "api": "wineventlog", "provider_guid": "{5770385f-c22a-43e0-bf4c-06f5698ffbd9}", "record_id": 35670}}
{"tags": ["beats_input_codec_plain_applied", "_jsonparsefailure", "pikksilm_sysmon"], "@version": "1", "message": "Network connection detected:\nRuleName: -\nUtcTime: 2025-11-08 14:16:36.576\nProcessGuid: {4d96f8ad-c7a9-690f-1300-000000000500}\nProcessId: 1004\nImage: C:\\Windows\\System32\\svchost.exe\nUser: NT AUTHORITY\\SYSTEM\nProtocol: tcp\nInitiated: true\nSourceIsIpv6: true\nSourceIp: 0:0:0:0:0:0:0:1\nSourceHostname: -\nSourcePort: 49922\nSourcePortName: -\nDestinationIsIpv6: true\nDestinationIp: 0:0:0:0:0:0:0:1\nDestinationHostname: -\nDestinationPort: 47001\nDestinationPortName: -", "related": {"ip": "0:0:0:0:0:0:0:1", "user": "SYSTEM"}, "host": {"hostname": "DESKTOP-4KG93DG", "os": {"family": "windows", "name": "Windows 11 Pro", "version": "10.0", "kernel": "10.0.22621.2861 (WinBuild.160101.0800)", "type": "windows", "platform": "windows", "build": "22631.2861"}, "ip": ["fe80::54fd:e63:93ce:bb23", "10.136.5.69"], "architecture": "x86_64", "mac": ["bc:24:11:10:2c:d3"], "id": "4d96f8ad-6ed7-495d-9069-5f56c2ebf694"}, "source": {"port": 49922, "ip": "0:0:0:0:0:0:0:1", "domain": "-"}, "@timestamp": "2025-11-08T14:16:36.576Z", "log": {"level": "information"}, "user": {"name": "SYSTEM", "domain": "NT AUTHORITY", "id": "S-1-5-18"}, "network": {"type": "ipv6", "community_id": "1:c2RZ2ailHKbdy30EVdfWH8ZNLEE=", "direction": "egress", "protocol": "-", "transport": "tcp"}, "process": {"executable": "C:\\Windows\\System32\\svchost.exe", "name": "svchost.exe", "entity_id": "{4d96f8ad-c7a9-690f-1300-000000000500}", "pid": 1004}, "ecs": {"version": "1.12.0"}, "agent": {"ephemeral_id": "b4008bfb-8e39-4e8e-8ad7-e585c890b879", "id": "bd065c39-423b-48a6-b74e-4c0ace0cf1cc", "name": "DESKTOP-4KG93DG", "type": "winlogbeat", "version": "7.17.29", "hostname": "DESKTOP-4KG93DG"}, "event": {"created": "2025-11-08T14:16:39.778Z", "module": "sysmon", "type": ["connection", "start", "protocol"], "kind": "event", "action": "Network connection detected (rule: NetworkConnect)", "provider": "Microsoft-Windows-Sysmon", "category": ["network"], "code": "3"}, "destination": {"port": 47001, "ip": "0:0:0:0:0:0:0:1", "domain": "-"}, "winlog": {"event_id": "3", "user": {"identifier": "S-1-5-18", "type": "User", "domain": "NT AUTHORITY", "name": "SYSTEM"}, "channel": "Microsoft-Windows-Sysmon/Operational", "opcode": "Info", "process": {"pid": 2248, "thread": {"id": 496}}, "task": "Network connection detected (rule: NetworkConnect)", "computer_name": "DESKTOP-4KG93DG", "version": 5, "provider_name": "Microsoft-Windows-Sysmon", "event_data": {"SourcePortName": "-"}, "api": "wineventlog", "provider_guid": "{5770385f-c22a-43e0-bf4c-06f5698ffbd9}", "record_id": 35667}}
{"tags": ["beats_input_codec_plain_applied", "_jsonparsefailure", "pikksilm_sysmon"], "@version": "1", "message": "Network connection detected:\nRuleName: -\nUtcTime: 2025-11-08 14:16:36.576\nProcessGuid: {4d96f8ad-c7a1-690f-eb03-000000000000}\nProcessId: 4\nImage: <unknown process>\nUser: -\nProtocol: tcp\nInitiated: false\nSourceIsIpv6: true\nSourceIp: 0:0:0:0:0:0:0:1\nSourceHostname: -\nSourcePort: 49922\nSourcePortName: -\nDestinationIsIpv6: true\nDestinationIp: 0:0:0:0:0:0:0:1\nDestinationHostname: -\nDestinationPort: 47001\nDestinationPortName: -", "related": {"ip": "0:0:0:0:0:0:0:1"}, "host": {"hostname": "DESKTOP-4KG93DG", "os": {"kernel": "10.0.22621.2861 (WinBuild.160101.0800)", "type": "windows", "platform": "windows", "version": "10.0", "family": "windows", "name": "Windows 11 Pro", "build": "22631.2861"}, "ip": ["fe80::54fd:e63:93ce:bb23", "10.136.5.69"], "architecture": "x86_64", "mac": ["bc:24:11:10:2c:d3"], "id": "4d96f8ad-6ed7-495d-9069-5f56c2ebf694"}, "source": {"port": 49922, "ip": "0:0:0:0:0:0:0:1", "domain": "-"}, "@timestamp": "2025-11-08T14:16:36.576Z", "log": {"level": "information"}, "user": {"id": "S-1-5-18"}, "network": {"protocol": "-", "type": "ipv6", "direction": "ingress", "community_id": "1:c2RZ2ailHKbdy30EVdfWH8ZNLEE=", "transport": "tcp"}, "process": {"executable": "<unknown process>", "name": "<unknown process>", "entity_id": "{4d96f8ad-c7a1-690f-eb03-000000000000}", "pid": 4}, "ecs": {"version": "1.12.0"}, "agent": {"ephemeral_id": "b4008bfb-8e39-4e8e-8ad7-e585c890b879", "id": "bd065c39-423b-48a6-b74e-4c0ace0cf1cc", "name": "DESKTOP-4KG93DG", "type": "winlogbeat", "version": "7.17.29", "hostname": "DESKTOP-4KG93DG"}, "event": {"module": "sysmon", "created": "2025-11-08T14:16:39.779Z", "type": ["connection", "start", "protocol"], "kind": "event", "action": "Network connection detected (rule: NetworkConnect)", "provider": "Microsoft-Windows-Sysmon", "category": ["network"], "code": "3"}, "destination": {"port": 47001, "ip": "0:0:0:0:0:0:0:1", "domain": "-"}, "winlog": {"event_id": "3", "user": {"identifier": "S-1-5-18", "domain": "NT AUTHORITY", "name": "SYSTEM", "type": "User"}, "channel": "Microsoft-Windows-Sysmon/Operational", "opcode": "Info", "process": {"pid": 2248, "thread": {"id": 496}}, "computer_name": "DESKTOP-4KG93DG", "task": "Network connection detected (rule: NetworkConnect)", "version": 5, "provider_name": "Microsoft-Windows-Sysmon", "event_data": {"SourcePortName": "-", "User": "-"}, "api": "wineventlog", "provider_guid": "{5770385f-c22a-43e0-bf4c-06f5698ffbd9}", "record_id": 35668}}
{"tags": ["beats_input_codec_plain_applied", "_jsonparsefailure", "pikksilm_sysmon"], "@version": "1", "message": "Network connection detected:\nRuleName: -\nUtcTime: 2025-11-08 14:16:36.699\nProcessGuid: {4d96f8ad-c7a9-690f-1300-000000000500}\nProcessId: 1004\nImage: C:\\Windows\\System32\\svchost.exe\nUser: NT AUTHORITY\\SYSTEM\nProtocol: tcp\nInitiated: true\nSourceIsIpv6: true\nSourceIp: 0:0:0:0:0:0:0:1\nSourceHostname: -\nSourcePort: 49923\nSourcePortName: -\nDestinationIsIpv6: true\nDestinationIp: 0:0:0:0:0:0:0:1\nDestinationHostname: -\nDestinationPort: 47001\nDestinationPortName: -", "related": {"ip": "0:0:0:0:0:0:0:1", "user": "SYSTEM"}, "host": {"hostname": "DESKTOP-4KG93DG", "os": {"platform": "windows", "type": "windows", "version": "10.0", "family": "windows", "name": "Windows 11 Pro", "kernel": "10.0.22621.2861 (WinBuild.160101.0800)", "build": "22631.2861"}, "ip": ["fe80::54fd:e63:93ce:bb23", "10.136.5.69"], "architecture": "x86_64", "mac": ["bc:24:11:10:2c:d3"], "id": "4d96f8ad-6ed7-495d-9069-5f56c2ebf694"}, "source": {"port": 49923, "ip": "0:0:0:0:0:0:0:1", "domain": "-"}, "@timestamp": "2025-11-08T14:16:36.699Z", "log": {"level": "information"}, "user": {"name": "SYSTEM", "domain": "NT AUTHORITY", "id": "S-1-5-18"}, "network": {"community_id": "1:CyR4Wbqi+vLNj5oKU7ORu881DPc=", "protocol": "-", "direction": "egress", "type": "ipv6", "transport": "tcp"}, "process": {"name": "svchost.exe", "pid": 1004, "entity_id": "{4d96f8ad-c7a9-690f-1300-000000000500}", "executable": "C:\\Windows\\System32\\svchost.exe"}, "ecs": {"version": "1.12.0"}, "agent": {"hostname": "DESKTOP-4KG93DG", "ephemeral_id": "b4008bfb-8e39-4e8e-8ad7-e585c890b879", "name": "DESKTOP-4KG93DG", "type": "winlogbeat", "version": "7.17.29", "id": "bd065c39-423b-48a6-b74e-4c0ace0cf1cc"}, "event": {"created": "2025-11-08T14:16:39.779Z", "module": "sysmon", "type": ["connection", "start", "protocol"], "kind": "event", "action": "Network connection detected (rule: NetworkConnect)", "provider": "Microsoft-Windows-Sysmon", "category": ["network"], "code": "3"}, "destination": {"port": 47001, "ip": "0:0:0:0:0:0:0:1", "domain": "-"}, "winlog": {"event_id": "3", "user": {"identifier": "S-1-5-18", "domain": "NT AUTHORITY", "name": "SYSTEM", "type": "User"}, "task": "Network connection detected (rule: NetworkConnect)", "channel": "Microsoft-Windows-Sysmon/Operational", "opcode": "Info", "process": {"pid": 2248, "thread": {"id": 496}}, "computer_name": "DESKTOP-4KG93DG", "version": 5, "provider_name": "Microsoft-Windows-Sysmon", "event_data": {"SourcePortName": "-"}, "api": "wineventlog", "provider_guid": "{5770385f-c22a-43e0-bf4c-06f5698ffbd9}", "record_id": 35669}}
{"tags": ["beats_input_codec_plain_applied", "_jsonparsefailure", "pikksilm_sysmon"], "@version": "1", "message": "Network connection detected:\nRuleName: -\nUtcTime: 2025-11-08 14:31:31.805\nProcessGuid: {1c3b4e1a-48ea-690f-4200-000000000500}\nProcessId: 3636\nImage: C:\\Windows\\System32\\svchost.exe\nUser: NT AUTHORITY\\LOCAL SERVICE\nProtocol: udp\nInitiated: true\nSourceIsIpv6: false\nSourceIp: 127.0.0.1\nSourceHostname: -\nSourcePort: 52529\nSourcePortName: -\nDestinationIsIpv6: false\nDestinationIp: 239.255.255.250\nDestinationHostname: -\nDestinationPort: 1900\nDestinationPortName: -", "related": {"user": "LOCAL SERVICE", "ip": ["127.0.0.1", "239.255.255.250"]}, "host": {"hostname": "DESKTOP-JQK13SC", "os": {"platform": "windows", "family": "windows", "version": "10.0", "name": "Windows 11 Pro", "kernel": "10.0.22621.2861 (WinBuild.160101.0800)", "type": "windows", "build": "22631.2861"}, "ip": ["fe80::1f13:bebd:ede0:ed8c", "10.136.5.65"], "architecture": "x86_64", "mac": ["bc:24:11:65:5d:85"], "id": "1c3b4e1a-5518-4a6d-af82-298224d18338"}, "source": {"port": 52529, "ip": "127.0.0.1", "domain": "-"}, "@timestamp": "2025-11-08T14:31:31.805Z", "log": {"level": "information"}, "user": {"name": "LOCAL SERVICE", "domain": "NT AUTHORITY", "id": "S-1-5-18"}, "network": {"protocol": "-", "type": "ipv4", "direction": "egress", "community_id": "1:d7+IPlEcp712uzZ79hBU/k5us1I=", "transport": "udp"}, "process": {"pid": 3636, "executable": "C:\\Windows\\System32\\svchost.exe", "entity_id": "{1c3b4e1a-48ea-690f-4200-000000000500}", "name": "svchost.exe"}, "ecs": {"version": "1.12.0"}, "agent": {"hostname": "DESKTOP-JQK13SC", "ephemeral_id": "0eb94074-2147-427a-8c46-6c6578d3ab93", "name": "DESKTOP-JQK13SC", "type": "winlogbeat", "version": "7.17.29", "id": "1a4af485-022d-4981-8d7f-bea9aff53b0f"}, "event": {"created": "2025-11-08T14:31:34.484Z", "module": "sysmon", "type": ["connection", "start", "protocol"], "kind": "event", "action": "Network connection detected (rule: NetworkConnect)", "provider": "Microsoft-Windows-Sysmon", "category": ["network"], "code": "3"}, "destination": {"port": 1900, "ip": "239.255.255.250", "domain": "-"}, "winlog": {"event_id": "3", "user": {"name": "SYSTEM", "type": "User", "identifier": "S-1-5-18", "domain": "NT AUTHORITY"}, "task": "Network connection detected (rule: NetworkConnect)", "channel": "Microsoft-Windows-Sysmon/Operational", "process": {"pid": 5100, "thread": {"id": 3460}}, "computer_name": "DESKTOP-JQK13SC", "opcode": "Info", "version": 5, "provider_name": "Microsoft-Windows-Sysmon", "event_data": {"SourcePortName": "-"}, "api": "wineventlog", "provider_guid": "{5770385f-c22a-43e0-bf4c-06f5698ffbd9}", "record_id": 35194}}
{"tags": ["beats_input_codec_plain_applied", "_jsonparsefailure", "pikksilm_sysmon"], "@version": "1", "message": "Network connection detected:\nRuleName: -\nUtcTime: 2025-11-08 14:31:32.077\nProcessGuid: {1c3b4e1a-c763-690f-eb03-000000000000}\nProcessId: 4\nImage: <unknown process>\nUser: -\nProtocol: tcp\nInitiated: false\nSourceIsIpv6: true\nSourceIp: 0:0:0:0:0:0:0:1\nSourceHostname: -\nSourcePort: 49924\nSourcePortName: -\nDestinationIsIpv6: true\nDestinationIp: 0:0:0:0:0:0:0:1\nDestinationHostname: -\nDestinationPort: 47001\nDestinationPortName: -", "related": {"ip": "0:0:0:0:0:0:0:1"}, "host": {"id": "1c3b4e1a-5518-4a6d-af82-298224d18338", "os": {"family": "windows", "name": "Windows 11 Pro", "kernel": "10.0.22621.2861 (WinBuild.160101.0800)", "type": "windows", "platform": "windows", "version": "10.0", "build": "22631.2861"}, "ip": ["fe80::1f13:bebd:ede0:ed8c", "10.136.5.65"], "architecture": "x86_64", "mac": ["bc:24:11:65:5d:85"], "hostname": "DESKTOP-JQK13SC"}, "source": {"port": 49924, "ip": "0:0:0:0:0:0:0:1", "domain": "-"}, "@timestamp": "2025-11-08T14:31:32.077Z", "log": {"level": "information"}, "user": {"id": "S-1-5-18"}, "network": {"community_id": "1:e30uqBL0871Fhlviszt6nOw4XCs=", "protocol": "-", "direction": "ingress", "type": "ipv6", "transport": "tcp"}, "process": {"name": "<unknown process>", "pid": 4, "entity_id": "{1c3b4e1a-c763-690f-eb03-000000000000}", "executable": "<unknown process>"}, "ecs": {"version": "1.12.0"}, "agent": {"ephemeral_id": "0eb94074-2147-427a-8c46-6c6578d3ab93", "id": "1a4af485-022d-4981-8d7f-bea9aff53b0f", "name": "DESKTOP-JQK13SC", "type": "winlogbeat", "version": "7.17.29", "hostname": "DESKTOP-JQK13SC"}, "event": {"module": "sysmon", "created": "2025-11-08T14:31:34.484Z", "type": ["connection", "start", "protocol"], "kind": "event", "action": "Network connection detected (rule: NetworkConnect)", "provider": "Microsoft-Windows-Sysmon", "category": ["network"], "code": "3"}, "destination": {"port": 47001, "ip": "0:0:0:0:0:0:0:1", "domain": "-"}, "winlog": {"event_id": "3", "user": {"name": "SYSTEM", "type": "User", "identifier": "S-1-5-18", "domain": "NT AUTHORITY"}, "channel": "Microsoft-Windows-Sysmon/Operational", "opcode": "Info", "process": {"pid": 5100, "thread": {"id": 3460}}, "computer_name": "DESKTOP-JQK13SC", "task": "Network connection detected (rule: NetworkConnect)", "version": 5, "provider_name": "Microsoft-Windows-Sysmon", "event_data": {"SourcePortName": "-", "User": "-"}, "api": "wineventlog", "provider_guid": "{5770385f-c22a-43e0-bf4c-06f5698ffbd9}", "record_id": 35196}}
{"tags": ["beats_input_codec_plain_applied", "_jsonparsefailure", "pikksilm_sysmon"], "@version": "1", "message": "Network connection detected:\nRuleName: -\nUtcTime: 2025-11-08 14:31:31.805\nProcessGuid: {1c3b4e1a-48ea-690f-4200-000000000500}\nProcessId: 3636\nImage: C:\\Windows\\System32\\svchost.exe\nUser: NT AUTHORITY\\LOCAL SERVICE\nProtocol: udp\nInitiated: false\nSourceIsIpv6: false\nSourceIp: 239.255.255.250\nSourceHostname: -\nSourcePort: 1900\nSourcePortName: -\nDestinationIsIpv6: false\nDestinationIp: 127.0.0.1\nDestinationHostname: -\nDestinationPort: 52529\nDestinationPortName: -", "related": {"ip": ["239.255.255.250", "127.0.0.1"], "user": "LOCAL SERVICE"}, "host": {"hostname": "DESKTOP-JQK13SC", "os": {"platform": "windows", "family": "windows", "version": "10.0", "name": "Windows 11 Pro", "kernel": "10.0.22621.2861 (WinBuild.160101.0800)", "type": "windows", "build": "22631.2861"}, "ip": ["fe80::1f13:bebd:ede0:ed8c", "10.136.5.65"], "architecture": "x86_64", "mac": ["bc:24:11:65:5d:85"], "id": "1c3b4e1a-5518-4a6d-af82-298224d18338"}, "source": {"port": 1900, "ip": "239.255.255.250", "domain": "-"}, "@timestamp": "2025-11-08T14:31:31.805Z", "log": {"level": "information"}, "user": {"name": "LOCAL SERVICE", "domain": "NT AUTHORITY", "id": "S-1-5-18"}, "network": {"type": "ipv4", "community_id": "1:d7+IPlEcp712uzZ79hBU/k5us1I=", "direction": "ingress", "protocol": "-", "transport": "udp"}, "process": {"pid": 3636, "executable": "C:\\Windows\\System32\\svchost.exe", "entity_id": "{1c3b4e1a-48ea-690f-4200-000000000500}", "name": "svchost.exe"}, "ecs": {"version": "1.12.0"}, "agent": {"ephemeral_id": "0eb94074-2147-427a-8c46-6c6578d3ab93", "id": "1a4af485-022d-4981-8d7f-bea9aff53b0f", "name": "DESKTOP-JQK13SC", "type": "winlogbeat", "version": "7.17.29", "hostname": "DESKTOP-JQK13SC"}, "event": {"created": "2025-11-08T14:31:34.484Z", "module": "sysmon", "type": ["connection", "start", "protocol"], "kind": "event", "action": "Network connection detected (rule: NetworkConnect)", "provider": "Microsoft-Windows-Sysmon", "category": ["network"], "code": "3"}, "destination": {"port": 52529, "ip": "127.0.0.1", "domain": "-"}, "winlog": {"event_id": "3", "user": {"name": "SYSTEM", "type": "User", "identifier": "S-1-5-18", "domain": "NT AUTHORITY"}, "channel": "Microsoft-Windows-Sysmon/Operational", "opcode": "Info", "process": {"thread": {"id": 3460}, "pid": 5100}, "computer_name": "DESKTOP-JQK13SC", "task": "Network connection detected (rule: NetworkConnect)", "version": 5, "provider_name": "Microsoft-Windows-Sysmon", "event_data": {"SourcePortName": "-"}, "api": "wineventlog", "provider_guid": "{5770385f-c22a-43e0-bf4c-06f5698ffbd9}", "record_id": 35195}}
{"tags": ["beats_input_codec_plain_applied", "_jsonparsefailure", "pikksilm_sysmon"], "@version": "1", "message": "Network connection detected:\nRuleName: -\nUtcTime: 2025-11-08 14:31:31.804\nProcessGuid: {1c3b4e1a-48ea-690f-4200-000000000500}\nProcessId: 3636\nImage: C:\\Windows\\System32\\svchost.exe\nUser: NT AUTHORITY\\LOCAL SERVICE\nProtocol: udp\nInitiated: true\nSourceIsIpv6: false\nSourceIp: 10.136.5.65\nSourceHostname: -\nSourcePort: 52528\nSourcePortName: -\nDestinationIsIpv6: false\nDestinationIp: 239.255.255.250\nDestinationHostname: -\nDestinationPort: 1900\nDestinationPortName: -", "related": {"ip": ["10.136.5.65", "239.255.255.250"], "user": "LOCAL SERVICE"}, "host": {"id": "1c3b4e1a-5518-4a6d-af82-298224d18338", "os": {"family": "windows", "name": "Windows 11 Pro", "kernel": "10.0.22621.2861 (WinBuild.160101.0800)", "type": "windows", "platform": "windows", "version": "10.0", "build": "22631.2861"}, "ip": ["fe80::1f13:bebd:ede0:ed8c", "10.136.5.65"], "architecture": "x86_64", "mac": ["bc:24:11:65:5d:85"], "hostname": "DESKTOP-JQK13SC"}, "source": {"port": 52528, "ip": "10.136.5.65", "domain": "-"}, "@timestamp": "2025-11-08T14:31:31.804Z", "log": {"level": "information"}, "user": {"name": "LOCAL SERVICE", "domain": "NT AUTHORITY", "id": "S-1-5-18"}, "network": {"protocol": "-", "type": "ipv4", "direction": "egress", "community_id": "1:nw4NGvEIwBuDmlrTxqZ6ywpu2Z0=", "transport": "udp"}, "process": {"pid": 3636, "executable": "C:\\Windows\\System32\\svchost.exe", "entity_id": "{1c3b4e1a-48ea-690f-4200-000000000500}", "name": "svchost.exe"}, "ecs": {"version": "1.12.0"}, "agent": {"id": "1a4af485-022d-4981-8d7f-bea9aff53b0f", "hostname": "DESKTOP-JQK13SC", "name": "DESKTOP-JQK13SC", "type": "winlogbeat", "version": "7.17.29", "ephemeral_id": "0eb94074-2147-427a-8c46-6c6578d3ab93"}, "event": {"module": "sysmon", "created": "2025-11-08T14:31:34.484Z", "type": ["connection", "start", "protocol"], "kind": "event", "action": "Network connection detected (rule: NetworkConnect)", "provider": "Microsoft-Windows-Sysmon", "category": ["network"], "code": "3"}, "destination": {"port": 1900, "ip": "239.255.255.250", "domain": "-"}, "winlog": {"event_id": "3", "user": {"name": "SYSTEM", "domain": "NT AUTHORITY", "type": "User", "identifier": "S-1-5-18"}, "task": "Network connection detected (rule: NetworkConnect)", "opcode": "Info", "process": {"thread": {"id": 3460}, "pid": 5100}, "computer_name": "DESKTOP-JQK13SC", "channel": "Microsoft-Windows-Sysmon/Operational", "version": 5, "provider_name": "Microsoft-Windows-Sysmon", "event_data": {"SourcePortName": "-"}, "api": "wineventlog", "provider_guid": "{5770385f-c22a-43e0-bf4c-06f5698ffbd9}", "record_id": 35193}}
{"tags": ["beats_input_codec_plain_applied", "_jsonparsefailure", "pikksilm_sysmon"], "@version": "1", "message": "Network connection detected:\nRuleName: -\nUtcTime: 2025-11-08 14:31:31.921\nProcessGuid: {1c3b4e1a-c768-690f-1300-000000000500}\nProcessId: 1052\nImage: C:\\Windows\\System32\\svchost.exe\nUser: NT AUTHORITY\\SYSTEM\nProtocol: tcp\nInitiated: true\nSourceIsIpv6: true\nSourceIp: 0:0:0:0:0:0:0:1\nSourceHostname: -\nSourcePort: 49923\nSourcePortName: -\nDestinationIsIpv6: true\nDestinationIp: 0:0:0:0:0:0:0:1\nDestinationHostname: -\nDestinationPort: 47001\nDestinationPortName: -", "related": {"user": "SYSTEM", "ip": "0:0:0:0:0:0:0:1"}, "host": {"id": "1c3b4e1a-5518-4a6d-af82-298224d18338", "os": {"platform": "windows", "family": "windows", "version": "10.0", "name": "Windows 11 Pro", "kernel": "10.0.22621.2861 (WinBuild.160101.0800)", "type": "windows", "build": "22631.2861"}, "ip": ["fe80::1f13:bebd:ede0:ed8c", "10.136.5.65"], "architecture": "x86_64", "mac": ["bc:24:11:65:5d:85"], "hostname": "DESKTOP-JQK13SC"}, "source": {"port": 49923, "ip": "0:0:0:0:0:0:0:1", "domain": "-"}, "@timestamp": "2025-11-08T14:31:31.921Z", "log": {"level": "information"}, "user": {"name": "SYSTEM", "domain": "NT AUTHORITY", "id": "S-1-5-18"}, "network": {"type": "ipv6", "community_id": "1:CyR4Wbqi+vLNj5oKU7ORu881DPc=", "protocol": "-", "direction": "egress", "transport": "tcp"}, "process": {"pid": 1052, "executable": "C:\\Windows\\System32\\svchost.exe", "name": "svchost.exe", "entity_id": "{1c3b4e1a-c768-690f-1300-000000000500}"}, "ecs": {"version": "1.12.0"}, "agent": {"ephemeral_id": "0eb94074-2147-427a-8c46-6c6578d3ab93", "id": "1a4af485-022d-4981-8d7f-bea9aff53b0f", "name": "DESKTOP-JQK13SC", "type": "winlogbeat", "version": "7.17.29", "hostname": "DESKTOP-JQK13SC"}, "event": {"created": "2025-11-08T14:31:35.497Z", "module": "sysmon", "type": ["connection", "start", "protocol"], "kind": "event", "action": "Network connection detected (rule: NetworkConnect)", "provider": "Microsoft-Windows-Sysmon", "category": ["network"], "code": "3"}, "destination": {"port": 47001, "ip": "0:0:0:0:0:0:0:1", "domain": "-"}, "winlog": {"event_id": "3", "user": {"identifier": "S-1-5-18", "domain": "NT AUTHORITY", "name": "SYSTEM", "type": "User"}, "channel": "Microsoft-Windows-Sysmon/Operational", "process": {"pid": 5100, "thread": {"id": 3460}}, "task": "Network connection detected (rule: NetworkConnect)", "computer_name": "DESKTOP-JQK13SC", "opcode": "Info", "version": 5, "provider_name": "Microsoft-Windows-Sysmon", "event_data": {"SourcePortName": "-"}, "api": "wineventlog", "provider_guid": "{5770385f-c22a-43e0-bf4c-06f5698ffbd9}", "record_id": 35198}}
