{"tags": ["beats_input_codec_plain_applied", "_jsonparsefailure", "pikksilm_sysmon"], "@version": "1", "message": "Network connection detected:\nRuleName: -\nUtcTime: 2025-11-08 14:02:37.084\nProcessGuid: {1c3b4e1a-c768-690f-1300-000000000500}\nProcessId: 1052\nImage: C:\\Windows\\System32\\svchost.exe\nUser: NT AUTHORITY\\SYSTEM\nProtocol: tcp\nInitiated: true\nSourceIsIpv6: false\nSourceIp: 10.136.5.65\nSourceHostname: -\nSourcePort: 49882\nSourcePortName: -\nDestinationIsIpv6: false\nDestinationIp: 92.123.102.57\nDestinationHostname: -\nDestinationPort: 80\nDestinationPortName: -", "related": {"ip": ["10.136.5.65", "92.123.102.57"], "user": "SYSTEM"}, "host": {"hostname": "DESKTOP-JQK13SC", "os": {"family": "windows", "name": "Windows 11 Pro", "version": "10.0", "kernel": "10.0.22621.2861 (WinBuild.160101.0800)", "type": "windows", "platform": "windows", "build": "22631.2861"}, "ip": ["fe80::1f13:bebd:ede0:ed8c", "10.136.5.65"], "architecture": "x86_64", "mac": ["bc:24:11:65:5d:85"], "id": "1c3b4e1a-5518-4a6d-af82-298224d18338"}, "source": {"port": 49882, "ip": "10.136.5.65", "domain": "-"}, "@timestamp": "2025-11-08T14:02:37.084Z", "log": {"level": "information"}, "user": {"name": "SYSTEM", "domain": "NT AUTHORITY", "id": "S-1-5-18"}, "network": {"protocol": "-", "type": "ipv4", "direction": "egress", "community_id": "1:dYJJ5TEhpZ3lEnDo7ngOBvEj414=", "transport": "tcp"}, "process": {"name": "svchost.exe", "pid": 1052, "entity_id": "{1c3b4e1a-c768-690f-1300-000000000500}", "executable": "C:\\Windows\\System32\\svchost.exe"}, "ecs": {"version": "1.12.0"}, "agent": {"ephemeral_id": "0eb94074-2147-427a-8c46-6c6578d3ab93", "id": "1a4af485-022d-4981-8d7f-bea9aff53b0f", "name": "DESKTOP-JQK13SC", "type": "winlogbeat", "version": "7.17.29", "hostname": "DESKTOP-JQK13SC"}, "event": {"created": "2025-11-08T14:08:33.115Z", "module": "sysmon", "type": ["connection", "start", "protocol"], "kind": "event", "action": "Network connection detected (rule: NetworkConnect)", "provider": "Microsoft-Windows-Sysmon", "category": ["network"], "code": "3"}, "destination": {"port": 80, "ip": "92.123.102.57", "domain": "-"}, "winlog": {"event_id": "3", "user": {"identifier": "S-1-5-18", "type": "User", "domain": "NT AUTHORITY", "name": "SYSTEM"}, "task": "Network connection detected (rule: NetworkConnect)", "opcode": "Info", "channel": "Microsoft-Windows-Sysmon/Operational", "computer_name": "DESKTOP-JQK13SC", "process": {"pid": 5100, "thread": {"id": 3460}}, "version": 5, "provider_name": "Microsoft-Windows-Sysmon", "event_data": {"SourcePortName": "-"}, "api": "wineventlog", "provider_guid": "{5770385f-c22a-43e0-bf4c-06f5698ffbd9}", "record_id": 28106}}
{"tags": ["beats_input_codec_plain_applied", "_jsonparsefailure", "pikksilm_sysmon"], "@version": "1", "message": "Network connection detected:\nRuleName: -\nUtcTime: 2025-11-08 14:02:40.442\nProcessGuid: {1c3b4e1a-c768-690f-1300-000000000500}\nProcessId: 1052\nImage: C:\\Windows\\System32\\svchost.exe\nUser: NT AUTHORITY\\SYSTEM\nProtocol: tcp\nInitiated: true\nSourceIsIpv6: false\nSourceIp: 10.136.5.65\nSourceHostname: -\nSourcePort: 49883\nSourcePortName: -\nDestinationIsIpv6: false\nDestinationIp: 13.95.31.18\nDestinationHostname: -\nDestinationPort: 443\nDestinationPortName: -", "related": {"ip": ["10.136.5.65", "13.95.31.18"], "user": "SYSTEM"}, "host": {"id": "1c3b4e1a-5518-4a6d-af82-298224d18338", "os": {"family": "windows", "name": "Windows 11 Pro", "version": "10.0", "kernel": "10.0.22621.2861 (WinBuild.160101.0800)", "type": "windows", "platform": "windows", "build": "22631.2861"}, "ip": ["fe80::1f13:bebd:ede0:ed8c", "10.136.5.65"], "architecture": "x86_64", "mac": ["bc:24:11:65:5d:85"], "hostname": "DESKTOP-JQK13SC"}, "source": {"port": 49883, "ip": "10.136.5.65", "domain": "-"}, "@timestamp": "2025-11-08T14:02:40.442Z", "log": {"level": "information"}, "user": {"name": "SYSTEM", "domain": "NT AUTHORITY", "id": "S-1-5-18"}, "network": {"protocol": "-", "type": "ipv4", "direction": "egress", "community_id": "1:cVUngHY/UEpv5xSmMonKvnWm/ZM=", "transport": "tcp"}, "process": {"name": "svchost.exe", "pid": 1052, "entity_id": "{1c3b4e1a-c768-690f-1300-000000000500}", "executable": "C:\\Windows\\System32\\svchost.exe"}, "ecs": {"version": "1.12.0"}, "agent": {"ephemeral_id": "0eb94074-2147-427a-8c46-6c6578d3ab93", "id": "1a4af485-022d-4981-8d7f-bea9aff53b0f", "name": "DESKTOP-JQK13SC", "type": "winlogbeat", "version": "7.17.29", "hostname": "DESKTOP-JQK13SC"}, "event": {"module": "sysmon", "created": "2025-11-08T14:08:33.323Z", "type": ["connection", "start", "protocol"], "kind": "event", "action": "Network connection detected (rule: NetworkConnect)", "provider": "Microsoft-Windows-Sysmon", "category": ["network"], "code": "3"}, "destination": {"port": 443, "ip": "13.95.31.18", "domain": "-"}, "winlog": {"event_id": "3", "user": {"identifier": "S-1-5-18", "domain": "NT AUTHORITY", "name": "SYSTEM", "type": "User"}, "task": "Network connection detected (rule: NetworkConnect)", "opcode": "Info", "channel": "Microsoft-Windows-Sysmon/Operational", "computer_name": "DESKTOP-JQK13SC", "process": {"pid": 5100, "thread": {"id": 3460}}, "version": 5, "provider_name": "Microsoft-Windows-Sysmon", "event_data": {"SourcePortName": "-"}, "api": "wineventlog", "provider_guid": "{5770385f-c22a-43e0-bf4c-06f5698ffbd9}", "record_id": 28211}}
{"tags": ["beats_input_codec_plain_applied", "_jsonparsefailure", "pikksilm_sysmon"], "@version": "1", "message": "Network connection detected:\nRuleName: -\nUtcTime: 2025-11-08 13:59:29.733\nProcessGuid: {6c054e7e-c77e-690f-1300-000000000500}\nProcessId: 752\nImage: C:\\Windows\\System32\\svchost.exe\nUser: NT AUTHORITY\\SYSTEM\nProtocol: tcp\nInitiated: true\nSourceIsIpv6: false\nSourceIp: 10.136.5.67\nSourceHostname: -\nSourcePort: 49867\nSourcePortName: -\nDestinationIsIpv6: false\nDestinationIp: 199.232.210.172\nDestinationHostname: -\nDestinationPort: 80\nDestinationPortName: -", "related": {"user": "SYSTEM", "ip": ["10.136.5.67", "199.232.210.172"]}, "host": {"hostname": "DESKTOP-Q167QR1", "os": {"kernel": "10.0.22621.2861 (WinBuild.160101.0800)", "type": "windows", "platform": "windows", "version": "10.0", "family": "windows", "name": "Windows 11 Pro", "build": "22631.2861"}, "ip": ["fe80::b392:ba9e:24f8:260e", "10.136.5.67"], "architecture": "x86_64", "mac": ["bc:24:11:9a:96:84"], "id": "6c054e7e-a5b1-4db9-8d63-3f70f302d6af"}, "source": {"port": 49867, "ip": "10.136.5.67", "domain": "-"}, "@timestamp": "2025-11-08T13:59:29.733Z", "log": {"level": "information"}, "user": {"name": "SYSTEM", "domain": "NT AUTHORITY", "id": "S-1-5-18"}, "network": {"community_id": "1:5WBSRberGDS7pLi9FM6StloWCRg=", "protocol": "-", "direction": "egress", "type": "ipv4", "transport": "tcp"}, "process": {"pid": 752, "executable": "C:\\Windows\\System32\\svchost.exe", "entity_id": "{6c054e7e-c77e-690f-1300-000000000500}", "name": "svchost.exe"}, "ecs": {"version": "1.12.0"}, "agent": {"ephemeral_id": "e918f62f-a141-4b32-a344-477f03b1b9ea", "id": "b6d0da7e-2d5b-408f-88d3-d607a27fb60e", "name": "DESKTOP-Q167QR1", "type": "winlogbeat", "version": "7.17.29", "hostname": "DESKTOP-Q167QR1"}, "event": {"module": "sysmon", "created": "2025-11-08T14:08:33.534Z", "type": ["connection", "start", "protocol"], "kind": "event", "action": "Network connection detected (rule: NetworkConnect)", "provider": "Microsoft-Windows-Sysmon", "category": ["network"], "code": "3"}, "destination": {"port": 80, "ip": "199.232.210.172", "domain": "-"}, "winlog": {"event_id": "3", "user": {"identifier": "S-1-5-18", "domain": "NT AUTHORITY", "name": "SYSTEM", "type": "User"}, "task": "Network connection detected (rule: NetworkConnect)", "process": {"pid": 3804, "thread": {"id": 1008}}, "opcode": "Info", "computer_name": "DESKTOP-Q167QR1", "channel": "Microsoft-Windows-Sysmon/Operational", "version": 5, "provider_name": "Microsoft-Windows-Sysmon", "event_data": {"SourcePortName": "-"}, "api": "wineventlog", "provider_guid": "{5770385f-c22a-43e0-bf4c-06f5698ffbd9}", "record_id": 26103}}
{"tags": ["beats_input_codec_plain_applied", "_jsonparsefailure", "pikksilm_sysmon"], "@version": "1", "message": "Network connection detected:\nRuleName: -\nUtcTime: 2025-11-08 13:59:34.449\nProcessGuid: {6c054e7e-c77e-690f-1300-000000000500}\nProcessId: 752\nImage: C:\\Windows\\System32\\svchost.exe\nUser: NT AUTHORITY\\SYSTEM\nProtocol: tcp\nInitiated: true\nSourceIsIpv6: false\nSourceIp: 10.136.5.67\nSourceHostname: -\nSourcePort: 49868\nSourcePortName: -\nDestinationIsIpv6: false\nDestinationIp: 13.95.31.18\nDestinationHostname: -\nDestinationPort: 443\nDestinationPortName: -", "related": {"ip": ["10.136.5.67", "13.95.31.18"], "user": "SYSTEM"}, "host": {"hostname": "DESKTOP-Q167QR1", "os": {"platform": "windows", "type": "windows", "version": "10.0", "family": "windows", "name": "Windows 11 Pro", "kernel": "10.0.22621.2861 (WinBuild.160101.0800)", "build": "22631.2861"}, "ip": ["fe80::b392:ba9e:24f8:260e", "10.136.5.67"], "architecture": "x86_64", "mac": ["bc:24:11:9a:96:84"], "id": "6c054e7e-a5b1-4db9-8d63-3f70f302d6af"}, "source": {"port": 49868, "ip": "10.136.5.67", "domain": "-"}, "@timestamp": "2025-11-08T13:59:34.449Z", "log": {"level": "information"}, "user": {"name": "SYSTEM", "domain": "NT AUTHORITY", "id": "S-1-5-18"}, "network": {"protocol": "-", "type": "ipv4", "direction": "egress", "community_id": "1:GTYEaZuA4ouMgszOCTJXjlA6WAE=", "transport": "tcp"}, "process": {"pid": 752, "executable": "C:\\Windows\\System32\\svchost.exe", "entity_id": "{6c054e7e-c77e-690f-1300-000000000500}", "name": "svchost.exe"}, "ecs": {"version": "1.12.0"}, "agent": {"ephemeral_id": "e918f62f-a141-4b32-a344-477f03b1b9ea", "id": "b6d0da7e-2d5b-408f-88d3-d607a27fb60e", "name": "DESKTOP-Q167QR1", "type": "winlogbeat", "version": "7.17.29", "hostname": "DESKTOP-Q167QR1"}, "event": {"created": "2025-11-08T14:08:33.847Z", "module": "sysmon", "type": ["connection", "start", "protocol"], "kind": "event", "action": "Network connection detected (rule: NetworkConnect)", "provider": "Microsoft-Windows-Sysmon", "category": ["network"], "code": "3"}, "destination": {"port": 443, "ip": "13.95.31.18", "domain": "-"}, "winlog": {"event_id": "3", "user": {"name": "SYSTEM", "domain": "NT AUTHORITY", "type": "User", "identifier": "S-1-5-18"}, "task": "Network connection detected (rule: NetworkConnect)", "process": {"pid": 3804, "thread": {"id": 1008}}, "opcode": "Info", "computer_name": "DESKTOP-Q167QR1", "channel": "Microsoft-Windows-Sysmon/Operational", "version": 5, "provider_name": "Microsoft-Windows-Sysmon", "event_data": {"SourcePortName": "-"}, "api": "wineventlog", "provider_guid": "{5770385f-c22a-43e0-bf4c-06f5698ffbd9}", "record_id": 26268}}
{"tags": ["beats_input_codec_plain_applied", "_jsonparsefailure", "pikksilm_sysmon"], "@version": "1", "message": "Network connection detected:\nRuleName: -\nUtcTime: 2025-11-08 14:01:45.517\nProcessGuid: {9541e27f-c7a9-690f-1300-000000000500}\nProcessId: 1032\nImage: C:\\Windows\\System32\\svchost.exe\nUser: NT AUTHORITY\\SYSTEM\nProtocol: tcp\nInitiated: true\nSourceIsIpv6: false\nSourceIp: 10.136.5.68\nSourceHostname: -\nSourcePort: 49873\nSourcePortName: -\nDestinationIsIpv6: false\nDestinationIp: 92.123.102.152\nDestinationHostname: -\nDestinationPort: 80\nDestinationPortName: -", "related": {"ip": ["10.136.5.68", "92.123.102.152"], "user": "SYSTEM"}, "host": {"hostname": "DESKTOP-5D71Q14", "os": {"kernel": "10.0.22621.2861 (WinBuild.160101.0800)", "type": "windows", "platform": "windows", "version": "10.0", "family": "windows", "name": "Windows 11 Pro", "build": "22631.2861"}, "ip": ["fe80::bfbe:eb73:3f35:ed8b", "10.136.5.68"], "architecture": "x86_64", "mac": ["bc:24:11:f2:aa:20"], "id": "9541e27f-63d3-48ba-a52f-de9a0436a02f"}, "source": {"port": 49873, "ip": "10.136.5.68", "domain": "-"}, "@timestamp": "2025-11-08T14:01:45.517Z", "log": {"level": "information"}, "user": {"name": "SYSTEM", "domain": "NT AUTHORITY", "id": "S-1-5-18"}, "network": {"community_id": "1:zPGWieXeF104ZYo9XNzTWU3/9uA=", "protocol": "-", "direction": "egress", "type": "ipv4", "transport": "tcp"}, "process": {"pid": 1032, "executable": "C:\\Windows\\System32\\svchost.exe", "name": "svchost.exe", "entity_id": "{9541e27f-c7a9-690f-1300-000000000500}"}, "ecs": {"version": "1.12.0"}, "agent": {"ephemeral_id": "d07b82f0-1acc-4d97-9489-166a47073a22", "id": "43e4a97d-cdf0-42b2-8f35-6f5b1e9e1766", "name": "DESKTOP-5D71Q14", "type": "winlogbeat", "version": "7.17.29", "hostname": "DESKTOP-5D71Q14"}, "event": {"created": "2025-11-08T14:08:33.994Z", "module": "sysmon", "type": ["connection", "start", "protocol"], "kind": "event", "action": "Network connection detected (rule: NetworkConnect)", "provider": "Microsoft-Windows-Sysmon", "category": ["network"], "code": "3"}, "destination": {"port": 80, "ip": "92.123.102.152", "domain": "-"}, "winlog": {"event_id": "3", "user": {"name": "SYSTEM", "type": "User", "identifier": "S-1-5-18", "domain": "NT AUTHORITY"}, "channel": "Microsoft-Windows-Sysmon/Operational", "opcode": "Info", "process": {"pid": 560, "thread": {"id": 5020}}, "computer_name": "DESKTOP-5D71Q14", "task": "Network connection detected (rule: NetworkConnect)", "version": 5, "provider_name": "Microsoft-Windows-Sysmon", "event_data": {"SourcePortName": "-"}, "api": "wineventlog", "provider_guid": "{5770385f-c22a-43e0-bf4c-06f5698ffbd9}", "record_id": 27998}}
{"tags": ["beats_input_codec_plain_applied", "_jsonparsefailure", "pikksilm_sysmon"], "@version": "1", "message": "Network connection detected:\nRuleName: -\nUtcTime: 2025-11-08 13:59:42.593\nProcessGuid: {6c054e7e-c77e-690f-1300-000000000500}\nProcessId: 752\nImage: C:\\Windows\\System32\\svchost.exe\nUser: NT AUTHORITY\\SYSTEM\nProtocol: tcp\nInitiated: true\nSourceIsIpv6: false\nSourceIp: 10.136.5.67\nSourceHostname: -\nSourcePort: 49870\nSourcePortName: -\nDestinationIsIpv6: false\nDestinationIp: 135.18.128.212\nDestinationHostname: -\nDestinationPort: 443\nDestinationPortName: -", "related": {"ip": ["10.136.5.67", "135.18.128.212"], "user": "SYSTEM"}, "host": {"hostname": "DESKTOP-Q167QR1", "os": {"platform": "windows", "family": "windows", "version": "10.0", "name": "Windows 11 Pro", "kernel": "10.0.22621.2861 (WinBuild.160101.0800)", "type": "windows", "build": "22631.2861"}, "ip": ["fe80::b392:ba9e:24f8:260e", "10.136.5.67"], "architecture": "x86_64", "mac": ["bc:24:11:9a:96:84"], "id": "6c054e7e-a5b1-4db9-8d63-3f70f302d6af"}, "source": {"port": 49870, "ip": "10.136.5.67", "domain": "-"}, "@timestamp": "2025-11-08T13:59:42.593Z", "log": {"level": "information"}, "user": {"name": "SYSTEM", "domain": "NT AUTHORITY", "id": "S-1-5-18"}, "network": {"protocol": "-", "type": "ipv4", "direction": "egress", "community_id": "1:N/ZE13mR+Wa4E9aKdArLSLhMzYs=", "transport": "tcp"}, "process": {"pid": 752, "executable": "C:\\Windows\\System32\\svchost.exe", "entity_id": "{6c054e7e-c77e-690f-1300-000000000500}", "name": "svchost.exe"}, "ecs": {"version": "1.12.0"}, "agent": {"ephemeral_id": "e918f62f-a141-4b32-a344-477f03b1b9ea", "id": "b6d0da7e-2d5b-408f-88d3-d607a27fb60e", "name": "DESKTOP-Q167QR1", "type": "winlogbeat", "version": "7.17.29", "hostname": "DESKTOP-Q167QR1"}, "event": {"created": "2025-11-08T14:08:34.183Z", "module": "sysmon", "type": ["connection", "start", "protocol"], "kind": "event", "action": "Network connection detected (rule: NetworkConnect)", "provider": "Microsoft-Windows-Sysmon", "category": ["network"], "code": "3"}, "destination": {"port": 443, "ip": "135.18.128.212", "domain": "-"}, "winlog": {"event_id": "3", "user": {"identifier": "S-1-5-18", "domain": "NT AUTHORITY", "name": "SYSTEM", "type": "User"}, "task": "Network connection detected (rule: NetworkConnect)", "process": {"pid": 3804, "thread": {"id": 1008}}, "channel": "Microsoft-Windows-Sysmon/Operational", "opcode": "Info", "computer_name": "DESKTOP-Q167QR1", "version": 5, "provider_name": "Microsoft-Windows-Sysmon", "event_data": {"SourcePortName": "-"}, "api": "wineventlog", "provider_guid": "{5770385f-c22a-43e0-bf4c-06f5698ffbd9}", "record_id": 26436}}
{"tags": ["beats_input_codec_plain_applied", "_jsonparsefailure", "pikksilm_sysmon"], "@version": "1", "message": "Network connection detected:\nRuleName: -\nUtcTime: 2025-11-08 14:02:01.171\nProcessGuid: {9541e27f-c7a9-690f-1300-000000000500}\nProcessId: 1032\nImage: C:\\Windows\\System32\\svchost.exe\nUser: NT AUTHORITY\\SYSTEM\nProtocol: tcp\nInitiated: true\nSourceIsIpv6: false\nSourceIp: 10.136.5.68\nSourceHostname: -\nSourcePort: 49876\nSourcePortName: -\nDestinationIsIpv6: false\nDestinationIp: 134.33.4.17\nDestinationHostname: -\nDestinationPort: 443\nDestinationPortName: -", "related": {"ip": ["10.136.5.68", "134.33.4.17"], "user": "SYSTEM"}, "host": {"id": "9541e27f-63d3-48ba-a52f-de9a0436a02f", "os": {"family": "windows", "name": "Windows 11 Pro", "version": "10.0", "kernel": "10.0.22621.2861 (WinBuild.160101.0800)", "type": "windows", "platform": "windows", "build": "22631.2861"}, "ip": ["fe80::bfbe:eb73:3f35:ed8b", "10.136.5.68"], "architecture": "x86_64", "mac": ["bc:24:11:f2:aa:20"], "hostname": "DESKTOP-5D71Q14"}, "source": {"port": 49876, "ip": "10.136.5.68", "domain": "-"}, "@timestamp": "2025-11-08T14:02:01.171Z", "log": {"level": "information"}, "user": {"name": "SYSTEM", "domain": "NT AUTHORITY", "id": "S-1-5-18"}, "network": {"protocol": "-", "type": "ipv4", "direction": "egress", "community_id": "1:ky4zvyvyDZvrjbBo2kHKW7rbPFQ=", "transport": "tcp"}, "process": {"pid": 1032, "executable": "C:\\Windows\\System32\\svchost.exe", "name": "svchost.exe", "entity_id": "{9541e27f-c7a9-690f-1300-000000000500}"}, "ecs": {"version": "1.12.0"}, "agent": {"ephemeral_id": "d07b82f0-1acc-4d97-9489-166a47073a22", "id": "43e4a97d-cdf0-42b2-8f35-6f5b1e9e1766", "name": "DESKTOP-5D71Q14", "type": "winlogbeat", "version": "7.17.29", "hostname": "DESKTOP-5D71Q14"}, "event": {"module": "sysmon", "created": "2025-11-08T14:08:34.915Z", "type": ["connection", "start", "protocol"], "kind": "event", "action": "Network connection detected (rule: NetworkConnect)", "provider": "Microsoft-Windows-Sysmon", "category": ["network"], "code": "3"}, "destination": {"port": 443, "ip": "134.33.4.17", "domain": "-"}, "winlog": {"event_id": "3", "user": {"identifier": "S-1-5-18", "domain": "NT AUTHORITY", "name": "SYSTEM", "type": "User"}, "task": "Network connection detected (rule: NetworkConnect)", "channel": "Microsoft-Windows-Sysmon/Operational", "process": {"pid": 560, "thread": {"id": 5020}}, "opcode": "Info", "computer_name": "DESKTOP-5D71Q14", "version": 5, "provider_name": "Microsoft-Windows-Sysmon", "event_data": {"SourcePortName": "-"}, "api": "wineventlog", "provider_guid": "{5770385f-c22a-43e0-bf4c-06f5698ffbd9}", "record_id": 28406}}
{"tags": ["beats_input_codec_plain_applied", "_jsonparsefailure", "pikksilm_sysmon"], "@version": "1", "message": "Network connection detected:\nRuleName: -\nUtcTime: 2025-11-08 14:02:04.730\nProcessGuid: {9541e27f-c7a9-690f-1300-000000000500}\nProcessId: 1032\nImage: C:\\Windows\\System32\\svchost.exe\nUser: NT AUTHORITY\\SYSTEM\nProtocol: tcp\nInitiated: true\nSourceIsIpv6: false\nSourceIp: 10.136.5.68\nSourceHostname: -\nSourcePort: 49878\nSourcePortName: -\nDestinationIsIpv6: false\nDestinationIp: 92.123.102.57\nDestinationHostname: -\nDestinationPort: 80\nDestinationPortName: -", "related": {"ip": ["10.136.5.68", "92.123.102.57"], "user": "SYSTEM"}, "host": {"hostname": "DESKTOP-5D71Q14", "os": {"family": "windows", "name": "Windows 11 Pro", "kernel": "10.0.22621.2861 (WinBuild.160101.0800)", "type": "windows", "platform": "windows", "version": "10.0", "build": "22631.2861"}, "ip": ["fe80::bfbe:eb73:3f35:ed8b", "10.136.5.68"], "architecture": "x86_64", "mac": ["bc:24:11:f2:aa:20"], "id": "9541e27f-63d3-48ba-a52f-de9a0436a02f"}, "source": {"port": 49878, "ip": "10.136.5.68", "domain": "-"}, "@timestamp": "2025-11-08T14:02:04.730Z", "log": {"level": "information"}, "user": {"name": "SYSTEM", "domain": "NT AUTHORITY", "id": "S-1-5-18"}, "network": {"type": "ipv4", "community_id": "1:Hmi397yFSffmgEnFWZHpwduERnc=", "direction": "egress", "protocol": "-", "transport": "tcp"}, "process": {"name": "svchost.exe", "pid": 1032, "entity_id": "{9541e27f-c7a9-690f-1300-000000000500}", "executable": "C:\\Windows\\System32\\svchost.exe"}, "ecs": {"version": "1.12.0"}, "agent": {"ephemeral_id": "d07b82f0-1acc-4d97-9489-166a47073a22", "id": "43e4a97d-cdf0-42b2-8f35-6f5b1e9e1766", "name": "DESKTOP-5D71Q14", "type": "winlogbeat", "version": "7.17.29", "hostname": "DESKTOP-5D71Q14"}, "event": {"module": "sysmon", "created": "2025-11-08T14:08:34.915Z", "type": ["connection", "start", "protocol"], "kind": "event", "action": "Network connection detected (rule: NetworkConnect)", "provider": "Microsoft-Windows-Sysmon", "category": ["network"], "code": "3"}, "destination": {"port": 80, "ip": "92.123.102.57", "domain": "-"}, "winlog": {"event_id": "3", "user": {"name": "SYSTEM", "domain": "NT AUTHORITY", "type": "User", "identifier": "S-1-5-18"}, "task": "Network connection detected (rule: NetworkConnect)", "process": {"pid": 560, "thread": {"id": 5020}}, "channel": "Microsoft-Windows-Sysmon/Operational", "computer_name": "DESKTOP-5D71Q14", "opcode": "Info", "version": 5, "provider_name": "Microsoft-Windows-Sysmon", "event_data": {"SourcePortName": "-"}, "api": "wineventlog", "provider_guid": "{5770385f-c22a-43e0-bf4c-06f5698ffbd9}", "record_id": 28408}}
{"tags": ["beats_input_codec_plain_applied", "_jsonparsefailure", "pikksilm_sysmon"], "@version": "1", "message": "Network connection detected:\nRuleName: -\nUtcTime: 2025-11-08 14:01:55.783\nProcessGuid: {9541e27f-c7a9-690f-1300-000000000500}\nProcessId: 1032\nImage: <unknown process>\nUser: NT AUTHORITY\\SYSTEM\nProtocol: tcp\nInitiated: true\nSourceIsIpv6: false\nSourceIp: 10.136.5.68\nSourceHostname: -\nSourcePort: 49875\nSourcePortName: -\nDestinationIsIpv6: false\nDestinationIp: 13.95.31.18\nDestinationHostname: -\nDestinationPort: 443\nDestinationPortName: -", "related": {"ip": ["10.136.5.68", "13.95.31.18"], "user": "SYSTEM"}, "host": {"id": "9541e27f-63d3-48ba-a52f-de9a0436a02f", "os": {"platform": "windows", "type": "windows", "version": "10.0", "family": "windows", "name": "Windows 11 Pro", "kernel": "10.0.22621.2861 (WinBuild.160101.0800)", "build": "22631.2861"}, "ip": ["fe80::bfbe:eb73:3f35:ed8b", "10.136.5.68"], "architecture": "x86_64", "mac": ["bc:24:11:f2:aa:20"], "hostname": "DESKTOP-5D71Q14"}, "source": {"port": 49875, "ip": "10.136.5.68", "domain": "-"}, "@timestamp": "2025-11-08T14:01:55.783Z", "log": {"level": "information"}, "user": {"name": "SYSTEM", "domain": "NT AUTHORITY", "id": "S-1-5-18"}, "network": {"protocol": "-", "type": "ipv4", "direction": "egress", "community_id": "1:80vR7c/LQYFeZETGWO4qRasDd9k=", "transport": "tcp"}, "process": {"pid": 1032, "executable": "<unknown process>", "entity_id": "{9541e27f-c7a9-690f-1300-000000000500}", "name": "<unknown process>"}, "ecs": {"version": "1.12.0"}, "agent": {"ephemeral_id": "d07b82f0-1acc-4d97-9489-166a47073a22", "id": "43e4a97d-cdf0-42b2-8f35-6f5b1e9e1766", "name": "DESKTOP-5D71Q14", "type": "winlogbeat", "version": "7.17.29", "hostname": "DESKTOP-5D71Q14"}, "event": {"module": "sysmon", "created": "2025-11-08T14:08:34.606Z", "type": ["connection", "start", "protocol"], "kind": "event", "action": "Network connection detected (rule: NetworkConnect)", "provider": "Microsoft-Windows-Sysmon", "category": ["network"], "code": "3"}, "destination": {"port": 443, "ip": "13.95.31.18", "domain": "-"}, "winlog": {"event_id": "3", "user": {"identifier": "S-1-5-18", "domain": "NT AUTHORITY", "name": "SYSTEM", "type": "User"}, "task": "Network connection detected (rule: NetworkConnect)", "process": {"pid": 560, "thread": {"id": 5020}}, "channel": "Microsoft-Windows-Sysmon/Operational", "computer_name": "DESKTOP-5D71Q14", "opcode": "Info", "version": 5, "provider_name": "Microsoft-Windows-Sysmon", "event_data": {"SourcePortName": "-"}, "api": "wineventlog", "provider_guid": "{5770385f-c22a-43e0-bf4c-06f5698ffbd9}", "record_id": 28236}}
{"tags": ["beats_input_codec_plain_applied", "_jsonparsefailure", "pikksilm_sysmon"], "@version": "1", "message": "Network connection detected:\nRuleName: -\nUtcTime: 2025-11-08 13:59:44.980\nProcessGuid: {6c054e7e-4904-690f-4200-000000000500}\nProcessId: 3684\nImage: C:\\Windows\\System32\\svchost.exe\nUser: NT AUTHORITY\\LOCAL SERVICE\nProtocol: udp\nInitiated: true\nSourceIsIpv6: false\nSourceIp: 10.136.5.67\nSourceHostname: -\nSourcePort: 61785\nSourcePortName: -\nDestinationIsIpv6: false\nDestinationIp: 239.255.255.250\nDestinationHostname: -\nDestinationPort: 1900\nDestinationPortName: -", "related": {"ip": ["10.136.5.67", "239.255.255.250"], "user": "LOCAL SERVICE"}, "host": {"hostname": "DESKTOP-Q167QR1", "os": {"family": "windows", "name": "Windows 11 Pro", "kernel": "10.0.22621.2861 (WinBuild.160101.0800)", "type": "windows", "platform": "windows", "version": "10.0", "build": "22631.2861"}, "ip": ["fe80::b392:ba9e:24f8:260e", "10.136.5.67"], "architecture": "x86_64", "mac": ["bc:24:11:9a:96:84"], "id": "6c054e7e-a5b1-4db9-8d63-3f70f302d6af"}, "source": {"port": 61785, "ip": "10.136.5.67", "domain": "-"}, "@timestamp": "2025-11-08T13:59:44.980Z", "log": {"level": "information"}, "user": {"name": "LOCAL SERVICE", "domain": "NT AUTHORITY", "id": "S-1-5-18"}, "network": {"protocol": "-", "type": "ipv4", "direction": "egress", "community_id": "1:DrbKJjn4SMjpVKP2LiGSvH0HZ+w=", "transport": "udp"}, "process": {"pid": 3684, "executable": "C:\\Windows\\System32\\svchost.exe", "name": "svchost.exe", "entity_id": "{6c054e7e-4904-690f-4200-000000000500}"}, "ecs": {"version": "1.12.0"}, "agent": {"hostname": "DESKTOP-Q167QR1", "ephemeral_id": "e918f62f-a141-4b32-a344-477f03b1b9ea", "name": "DESKTOP-Q167QR1", "type": "winlogbeat", "version": "7.17.29", "id": "b6d0da7e-2d5b-408f-88d3-d607a27fb60e"}, "event": {"created": "2025-11-08T14:08:34.419Z", "module": "sysmon", "type": ["connection", "start", "protocol"], "kind": "event", "action": "Network connection detected (rule: NetworkConnect)", "provider": "Microsoft-Windows-Sysmon", "category": ["network"], "code": "3"}, "destination": {"port": 1900, "ip": "239.255.255.250", "domain": "-"}, "winlog": {"event_id": "3", "user": {"identifier": "S-1-5-18", "domain": "NT AUTHORITY", "name": "SYSTEM", "type": "User"}, "task": "Network connection detected (rule: NetworkConnect)", "process": {"pid": 3804, "thread": {"id": 1008}}, "opcode": "Info", "computer_name": "DESKTOP-Q167QR1", "channel": "Microsoft-Windows-Sysmon/Operational", "version": 5, "provider_name": "Microsoft-Windows-Sysmon", "event_data": {"SourcePortName": "-"}, "api": "wineventlog", "provider_guid": "{5770385f-c22a-43e0-bf4c-06f5698ffbd9}", "record_id": 26524}}
{"tags": ["beats_input_codec_plain_applied", "_jsonparsefailure", "pikksilm_sysmon"], "@version": "1", "message": "Network connection detected:\nRuleName: -\nUtcTime: 2025-11-08 13:59:44.981\nProcessGuid: {6c054e7e-4904-690f-4200-000000000500}\nProcessId: 3684\nImage: C:\\Windows\\System32\\svchost.exe\nUser: NT AUTHORITY\\LOCAL SERVICE\nProtocol: udp\nInitiated: true\nSourceIsIpv6: false\nSourceIp: 127.0.0.1\nSourceHostname: -\nSourcePort: 61786\nSourcePortName: -\nDestinationIsIpv6: false\nDestinationIp: 239.255.255.250\nDestinationHostname: -\nDestinationPort: 1900\nDestinationPortName: -", "related": {"ip": ["127.0.0.1", "239.255.255.250"], "user": "LOCAL SERVICE"}, "host": {"id": "6c054e7e-a5b1-4db9-8d63-3f70f302d6af", "os": {"platform": "windows", "family": "windows", "version": "10.0", "name": "Windows 11 Pro", "kernel": "10.0.22621.2861 (WinBuild.160101.0800)", "type": "windows", "build": "22631.2861"}, "ip": ["fe80::b392:ba9e:24f8:260e", "10.136.5.67"], "architecture": "x86_64", "mac": ["bc:24:11:9a:96:84"], "hostname": "DESKTOP-Q167QR1"}, "source": {"port": 61786, "ip": "127.0.0.1", "domain": "-"}, "@timestamp": "2025-11-08T13:59:44.981Z", "log": {"level": "information"}, "user": {"name": "LOCAL SERVICE", "domain": "NT AUTHORITY", "id": "S-1-5-18"}, "network": {"protocol": "-", "type": "ipv4", "direction": "egress", "community_id": "1:xkxplnZIoBopiJA/G47gcUcHM2I=", "transport": "udp"}, "process": {"pid": 3684, "executable": "C:\\Windows\\System32\\svchost.exe", "name": "svchost.exe", "entity_id": "{6c054e7e-4904-690f-4200-000000000500}"}, "ecs": {"version": "1.12.0"}, "agent": {"ephemeral_id": "e918f62f-a141-4b32-a344-477f03b1b9ea", "id": "b6d0da7e-2d5b-408f-88d3-d607a27fb60e", "name": "DESKTOP-Q167QR1", "type": "winlogbeat", "version": "7.17.29", "hostname": "DESKTOP-Q167QR1"}, "event": {"created": "2025-11-08T14:08:34.421Z", "module": "sysmon", "type": ["connection", "start", "protocol"], "kind": "event", "action": "Network connection detected (rule: NetworkConnect)", "provider": "Microsoft-Windows-Sysmon", "category": ["network"], "code": "3"}, "destination": {"port": 1900, "ip": "239.255.255.250", "domain": "-"}, "winlog": {"event_id": "3", "user": {"name": "SYSTEM", "domain": "NT AUTHORITY", "type": "User", "identifier": "S-1-5-18"}, "channel": "Microsoft-Windows-Sysmon/Operational", "opcode": "Info", "task": "Network connection detected (rule: NetworkConnect)", "computer_name": "DESKTOP-Q167QR1", "process": {"pid": 3804, "thread": {"id": 1008}}, "version": 5, "provider_name": "Microsoft-Windows-Sysmon", "event_data": {"SourcePortName": "-"}, "api": "wineventlog", "provider_guid": "{5770385f-c22a-43e0-bf4c-06f5698ffbd9}", "record_id": 26525}}
{"tags": ["beats_input_codec_plain_applied", "_jsonparsefailure", "pikksilm_sysmon"], "@version": "1", "message": "Network connection detected:\nRuleName: -\nUtcTime: 2025-11-08 13:59:44.981\nProcessGuid: {6c054e7e-4904-690f-4200-000000000500}\nProcessId: 3684\nImage: C:\\Windows\\System32\\svchost.exe\nUser: NT AUTHORITY\\LOCAL SERVICE\nProtocol: udp\nInitiated: false\nSourceIsIpv6: false\nSourceIp: 239.255.255.250\nSourceHostname: -\nSourcePort: 1900\nSourcePortName: -\nDestinationIsIpv6: false\nDestinationIp: 127.0.0.1\nDestinationHostname: -\nDestinationPort: 61786\nDestinationPortName: -", "related": {"ip": ["239.255.255.250", "127.0.0.1"], "user": "LOCAL SERVICE"}, "host": {"hostname": "DESKTOP-Q167QR1", "os": {"family": "windows", "name": "Windows 11 Pro", "kernel": "10.0.22621.2861 (WinBuild.160101.0800)", "type": "windows", "platform": "windows", "version": "10.0", "build": "22631.2861"}, "ip": ["fe80::b392:ba9e:24f8:260e", "10.136.5.67"], "architecture": "x86_64", "mac": ["bc:24:11:9a:96:84"], "id": "6c054e7e-a5b1-4db9-8d63-3f70f302d6af"}, "source": {"port": 1900, "ip": "239.255.255.250", "domain": "-"}, "@timestamp": "2025-11-08T13:59:44.981Z", "log": {"level": "information"}, "user": {"name": "LOCAL SERVICE", "domain": "NT AUTHORITY", "id": "S-1-5-18"}, "network": {"protocol": "-", "type": "ipv4", "direction": "ingress", "community_id": "1:xkxplnZIoBopiJA/G47gcUcHM2I=", "transport": "udp"}, "process": {"name": "svchost.exe", "pid": 3684, "entity_id": "{6c054e7e-4904-690f-4200-000000000500}", "executable": "C:\\Windows\\System32\\svchost.exe"}, "ecs": {"version": "1.12.0"}, "agent": {"hostname": "DESKTOP-Q167QR1", "ephemeral_id": "e918f62f-a141-4b32-a344-477f03b1b9ea", "name": "DESKTOP-Q167QR1", "type": "winlogbeat", "version": "7.17.29", "id": "b6d0da7e-2d5b-408f-88d3-d607a27fb60e"}, "event": {"created": "2025-11-08T14:08:34.421Z", "module": "sysmon", "type": ["connection", "start", "protocol"], "kind": "event", "action": "Network connection detected (rule: NetworkConnect)", "provider": "Microsoft-Windows-Sysmon", "category": ["network"], "code": "3"}, "destination": {"port": 61786, "ip": "127.0.0.1", "domain": "-"}, "winlog": {"event_id": "3", "user": {"name": "SYSTEM", "type": "User", "identifier": "S-1-5-18", "domain": "NT AUTHORITY"}, "task": "Network connection detected (rule: NetworkConnect)", "channel": "Microsoft-Windows-Sysmon/Operational", "opcode": "Info", "computer_name": "DESKTOP-Q167QR1", "process": {"thread": {"id": 1008}, "pid": 3804}, "version": 5, "provider_name": "Microsoft-Windows-Sysmon", "event_data": {"SourcePortName": "-"}, "api": "wineventlog", "provider_guid": "{5770385f-c22a-43e0-bf4c-06f5698ffbd9}", "record_id": 26526}}
{"tags": ["beats_input_codec_plain_applied", "_jsonparsefailure", "pikksilm_sysmon"], "@version": "1", "message": "Network connection detected:\nRuleName: -\nUtcTime: 2025-11-08 13:59:45.110\nProcessGuid: {6c054e7e-c77e-690f-1300-000000000500}\nProcessId: 752\nImage: C:\\Windows\\System32\\svchost.exe\nUser: NT AUTHORITY\\SYSTEM\nProtocol: tcp\nInitiated: true\nSourceIsIpv6: true\nSourceIp: 0:0:0:0:0:0:0:1\nSourceHostname: -\nSourcePort: 49871\nSourcePortName: -\nDestinationIsIpv6: true\nDestinationIp: 0:0:0:0:0:0:0:1\nDestinationHostname: -\nDestinationPort: 47001\nDestinationPortName: -", "related": {"ip": "0:0:0:0:0:0:0:1", "user": "SYSTEM"}, "host": {"id": "6c054e7e-a5b1-4db9-8d63-3f70f302d6af", "os": {"platform": "windows", "family": "windows", "version": "10.0", "name": "Windows 11 Pro", "kernel": "10.0.22621.2861 (WinBuild.160101.0800)", "type": "windows", "build": "22631.2861"}, "ip": ["fe80::b392:ba9e:24f8:260e", "10.136.5.67"], "architecture": "x86_64", "mac": ["bc:24:11:9a:96:84"], "hostname": "DESKTOP-Q167QR1"}, "source": {"port": 49871, "ip": "0:0:0:0:0:0:0:1", "domain": "-"}, "@timestamp": "2025-11-08T13:59:45.110Z", "log": {"level": "information"}, "user": {"name": "SYSTEM", "domain": "NT AUTHORITY", "id": "S-1-5-18"}, "network": {"protocol": "-", "type": "ipv6", "direction": "egress", "community_id": "1:YH8aj1NHfUo+BCMtd16ezLZA5OA=", "transport": "tcp"}, "process": {"pid": 752, "executable": "C:\\Windows\\System32\\svchost.exe", "entity_id": "{6c054e7e-c77e-690f-1300-000000000500}", "name": "svchost.exe"}, "ecs": {"version": "1.12.0"}, "agent": {"ephemeral_id": "e918f62f-a141-4b32-a344-477f03b1b9ea", "id": "b6d0da7e-2d5b-408f-88d3-d607a27fb60e", "name": "DESKTOP-Q167QR1", "type": "winlogbeat", "version": "7.17.29", "hostname": "DESKTOP-Q167QR1"}, "event": {"created": "2025-11-08T14:08:34.440Z", "module": "sysmon", "type": ["connection", "start", "protocol"], "kind": "event", "action": "Network connection detected (rule: NetworkConnect)", "provider": "Microsoft-Windows-Sysmon", "category": ["network"], "code": "3"}, "destination": {"port": 47001, "ip": "0:0:0:0:0:0:0:1", "domain": "-"}, "winlog": {"event_id": "3", "user": {"identifier": "S-1-5-18", "domain": "NT AUTHORITY", "name": "SYSTEM", "type": "User"}, "task": "Network connection detected (rule: NetworkConnect)", "opcode": "Info", "process": {"pid": 3804, "thread": {"id": 1008}}, "computer_name": "DESKTOP-Q167QR1", "channel": "Microsoft-Windows-Sysmon/Operational", "version": 5, "provider_name": "Microsoft-Windows-Sysmon", "event_data": {"SourcePortName": "-"}, "api": "wineventlog", "provider_guid": "{5770385f-c22a-43e0-bf4c-06f5698ffbd9}", "record_id": 26592}}
{"tags": ["beats_input_codec_plain_applied", "_jsonparsefailure", "pikksilm_sysmon"], "@version": "1", "message": "Network connection detected:\nRuleName: -\nUtcTime: 2025-11-08 13:59:45.110\nProcessGuid: {6c054e7e-c777-690f-eb03-000000000000}\nProcessId: 4\nImage: <unknown process>\nUser: -\nProtocol: tcp\nInitiated: false\nSourceIsIpv6: true\nSourceIp: 0:0:0:0:0:0:0:1\nSourceHostname: -\nSourcePort: 49871\nSourcePortName: -\nDestinationIsIpv6: true\nDestinationIp: 0:0:0:0:0:0:0:1\nDestinationHostname: -\nDestinationPort: 47001\nDestinationPortName: -", "related": {"ip": "0:0:0:0:0:0:0:1"}, "host": {"hostname": "DESKTOP-Q167QR1", "os": {"platform": "windows", "type": "windows", "version": "10.0", "family": "windows", "name": "Windows 11 Pro", "kernel": "10.0.22621.2861 (WinBuild.160101.0800)", "build": "22631.2861"}, "ip": ["fe80::b392:ba9e:24f8:260e", "10.136.5.67"], "architecture": "x86_64", "mac": ["bc:24:11:9a:96:84"], "id": "6c054e7e-a5b1-4db9-8d63-3f70f302d6af"}, "source": {"port": 49871, "ip": "0:0:0:0:0:0:0:1", "domain": "-"}, "@timestamp": "2025-11-08T13:59:45.110Z", "log": {"level": "information"}, "user": {"id": "S-1-5-18"}, "network": {"type": "ipv6", "community_id": "1:YH8aj1NHfUo+BCMtd16ezLZA5OA=", "protocol": "-", "direction": "ingress", "transport": "tcp"}, "process": {"pid": 4, "executable": "<unknown process>", "entity_id": "{6c054e7e-c777-690f-eb03-000000000000}", "name": "<unknown process>"}, "ecs": {"version": "1.12.0"}, "agent": {"ephemeral_id": "e918f62f-a141-4b32-a344-477f03b1b9ea", "id": "b6d0da7e-2d5b-408f-88d3-d607a27fb60e", "name": "DESKTOP-Q167QR1", "type": "winlogbeat", "version": "7.17.29", "hostname": "DESKTOP-Q167QR1"}, "event": {"module": "sysmon", "created": "2025-11-08T14:08:34.440Z", "type": ["connection", "start", "protocol"], "kind": "event", "action": "Network connection detected (rule: NetworkConnect)", "provider": "Microsoft-Windows-Sysmon", "category": ["network"], "code": "3"}, "destination": {"port": 47001, "ip": "0:0:0:0:0:0:0:1", "domain": "-"}, "winlog": {"event_id": "3", "user": {"identifier": "S-1-5-18", "type": "User", "domain": "NT AUTHORITY", "name": "SYSTEM"}, "task": "Network connection detected (rule: NetworkConnect)", "opcode": "Info", "channel": "Microsoft-Windows-Sysmon/Operational", "computer_name": "DESKTOP-Q167QR1", "process": {"pid": 3804, "thread": {"id": 1008}}, "version": 5, "provider_name": "Microsoft-Windows-Sysmon", "event_data": {"SourcePortName": "-", "User": "-"}, "api": "wineventlog", "provider_guid": "{5770385f-c22a-43e0-bf4c-06f5698ffbd9}", "record_id": 26593}}
{"tags": ["beats_input_codec_plain_applied", "_jsonparsefailure", "pikksilm_sysmon"], "@version": "1", "message": "Network connection detected:\nRuleName: -\nUtcTime: 2025-11-08 13:59:45.285\nProcessGuid: {6c054e7e-c77e-690f-1300-000000000500}\nProcessId: 752\nImage: C:\\Windows\\System32\\svchost.exe\nUser: NT AUTHORITY\\SYSTEM\nProtocol: tcp\nInitiated: true\nSourceIsIpv6: true\nSourceIp: 0:0:0:0:0:0:0:1\nSourceHostname: -\nSourcePort: 49872\nSourcePortName: -\nDestinationIsIpv6: true\nDestinationIp: 0:0:0:0:0:0:0:1\nDestinationHostname: -\nDestinationPort: 47001\nDestinationPortName: -", "related": {"ip": "0:0:0:0:0:0:0:1", "user": "SYSTEM"}, "host": {"hostname": "DESKTOP-Q167QR1", "os": {"name": "Windows 11 Pro", "kernel": "10.0.22621.2861 (WinBuild.160101.0800)", "type": "windows", "platform": "windows", "version": "10.0", "family": "windows", "build": "22631.2861"}, "ip": ["fe80::b392:ba9e:24f8:260e", "10.136.5.67"], "architecture": "x86_64", "mac": ["bc:24:11:9a:96:84"], "id": "6c054e7e-a5b1-4db9-8d63-3f70f302d6af"}, "source": {"port": 49872, "ip": "0:0:0:0:0:0:0:1", "domain": "-"}, "@timestamp": "2025-11-08T13:59:45.285Z", "log": {"level": "information"}, "user": {"name": "SYSTEM", "domain": "NT AUTHORITY", "id": "S-1-5-18"}, "network": {"community_id": "1:QL+wRGinSIBvsXx1pDsgNrZV25Y=", "protocol": "-", "direction": "egress", "type": "ipv6", "transport": "tcp"}, "process": {"pid": 752, "executable": "C:\\Windows\\System32\\svchost.exe", "name": "svchost.exe", "entity_id": "{6c054e7e-c77e-690f-1300-000000000500}"}, "ecs": {"version": "1.12.0"}, "agent": {"hostname": "DESKTOP-Q167QR1", "ephemeral_id": "e918f62f-a141-4b32-a344-477f03b1b9ea", "name": "DESKTOP-Q167QR1", "type": "winlogbeat", "version": "7.17.29", "id": "b6d0da7e-2d5b-408f-88d3-d607a27fb60e"}, "event": {"module": "sysmon", "created": "2025-11-08T14:08:34.440Z", "type": ["connection", "start", "protocol"], "kind": "event", "action": "Network connection detected (rule: NetworkConnect)", "provider": "Microsoft-Windows-Sysmon", "category": ["network"], "code": "3"}, "destination": {"port": 47001, "ip": "0:0:0:0:0:0:0:1", "domain": "-"}, "winlog": {"event_id": "3", "user": {"identifier": "S-1-5-18", "domain": "NT AUTHORITY", "name": "SYSTEM", "type": "User"}, "channel": "Microsoft-Windows-Sysmon/Operational", "task": "Network connection detected (rule: NetworkConnect)", "opcode": "Info", "computer_name": "DESKTOP-Q167QR1", "process": {"pid": 3804, "thread": {"id": 1008}}, "version": 5, "provider_name": "Microsoft-Windows-Sysmon", "event_data": {"SourcePortName": "-"}, "api": "wineventlog", "provider_guid": "{5770385f-c22a-43e0-bf4c-06f5698ffbd9}", "record_id": 26596}}
{"tags": ["beats_input_codec_plain_applied", "_jsonparsefailure", "pikksilm_sysmon"], "@version": "1", "message": "Network connection detected:\nRuleName: -\nUtcTime: 2025-11-08 13:59:45.285\nProcessGuid: {6c054e7e-c777-690f-eb03-000000000000}\nProcessId: 4\nImage: <unknown process>\nUser: -\nProtocol: tcp\nInitiated: false\nSourceIsIpv6: true\nSourceIp: 0:0:0:0:0:0:0:1\nSourceHostname: -\nSourcePort: 49872\nSourcePortName: -\nDestinationIsIpv6: true\nDestinationIp: 0:0:0:0:0:0:0:1\nDestinationHostname: -\nDestinationPort: 47001\nDestinationPortName: -", "related": {"ip": "0:0:0:0:0:0:0:1"}, "host": {"hostname": "DESKTOP-Q167QR1", "os": {"platform": "windows", "type": "windows", "version": "10.0", "family": "windows", "name": "Windows 11 Pro", "kernel": "10.0.22621.2861 (WinBuild.160101.0800)", "build": "22631.2861"}, "ip": ["fe80::b392:ba9e:24f8:260e", "10.136.5.67"], "architecture": "x86_64", "mac": ["bc:24:11:9a:96:84"], "id": "6c054e7e-a5b1-4db9-8d63-3f70f302d6af"}, "source": {"port": 49872, "ip": "0:0:0:0:0:0:0:1", "domain": "-"}, "@timestamp": "2025-11-08T13:59:45.285Z", "log": {"level": "information"}, "user": {"id": "S-1-5-18"}, "network": {"protocol": "-", "type": "ipv6", "direction": "ingress", "community_id": "1:QL+wRGinSIBvsXx1pDsgNrZV25Y=", "transport": "tcp"}, "process": {"executable": "<unknown process>", "name": "<unknown process>", "entity_id": "{6c054e7e-c777-690f-eb03-000000000000}", "pid": 4}, "ecs": {"version": "1.12.0"}, "agent": {"ephemeral_id": "e918f62f-a141-4b32-a344-477f03b1b9ea", "id": "b6d0da7e-2d5b-408f-88d3-d607a27fb60e", "name": "DESKTOP-Q167QR1", "type": "winlogbeat", "version": "7.17.29", "hostname": "DESKTOP-Q167QR1"}, "event": {"created": "2025-11-08T14:08:34.440Z", "module": "sysmon", "type": ["connection", "start", "protocol"], "kind": "event", "action": "Network connection detected (rule: NetworkConnect)", "provider": "Microsoft-Windows-Sysmon", "category": ["network"], "code": "3"}, "destination": {"port": 47001, "ip": "0:0:0:0:0:0:0:1", "domain": "-"}, "winlog": {"event_id": "3", "user": {"identifier": "S-1-5-18", "domain": "NT AUTHORITY", "name": "SYSTEM", "type": "User"}, "channel": "Microsoft-Windows-Sysmon/Operational", "opcode": "Info", "task": "Network connection detected (rule: NetworkConnect)", "computer_name": "DESKTOP-Q167QR1", "process": {"pid": 3804, "thread": {"id": 1008}}, "version": 5, "provider_name": "Microsoft-Windows-Sysmon", "event_data": {"SourcePortName": "-", "User": "-"}, "api": "wineventlog", "provider_guid": "{5770385f-c22a-43e0-bf4c-06f5698ffbd9}", "record_id": 26597}}
{"tags": ["beats_input_codec_plain_applied", "_jsonparsefailure", "pikksilm_sysmon"], "@version": "1", "message": "Network connection detected:\nRuleName: -\nUtcTime: 2025-11-08 14:02:08.388\nProcessGuid: {9541e27f-c7a9-690f-1300-000000000500}\nProcessId: 1032\nImage: C:\\Windows\\System32\\svchost.exe\nUser: NT AUTHORITY\\SYSTEM\nProtocol: tcp\nInitiated: true\nSourceIsIpv6: false\nSourceIp: 10.136.5.68\nSourceHostname: -\nSourcePort: 49879\nSourcePortName: -\nDestinationIsIpv6: false\nDestinationIp: 13.95.31.18\nDestinationHostname: -\nDestinationPort: 443\nDestinationPortName: -", "related": {"ip": ["10.136.5.68", "13.95.31.18"], "user": "SYSTEM"}, "host": {"hostname": "DESKTOP-5D71Q14", "os": {"name": "Windows 11 Pro", "kernel": "10.0.22621.2861 (WinBuild.160101.0800)", "type": "windows", "platform": "windows", "version": "10.0", "family": "windows", "build": "22631.2861"}, "ip": ["fe80::bfbe:eb73:3f35:ed8b", "10.136.5.68"], "architecture": "x86_64", "mac": ["bc:24:11:f2:aa:20"], "id": "9541e27f-63d3-48ba-a52f-de9a0436a02f"}, "source": {"port": 49879, "ip": "10.136.5.68", "domain": "-"}, "@timestamp": "2025-11-08T14:02:08.388Z", "log": {"level": "information"}, "user": {"name": "SYSTEM", "domain": "NT AUTHORITY", "id": "S-1-5-18"}, "network": {"protocol": "-", "type": "ipv4", "direction": "egress", "community_id": "1:Om1Ax6owvJLuZz65U8gBCsWsa/c=", "transport": "tcp"}, "process": {"executable": "C:\\Windows\\System32\\svchost.exe", "name": "svchost.exe", "entity_id": "{9541e27f-c7a9-690f-1300-000000000500}", "pid": 1032}, "ecs": {"version": "1.12.0"}, "agent": {"ephemeral_id": "d07b82f0-1acc-4d97-9489-166a47073a22", "id": "43e4a97d-cdf0-42b2-8f35-6f5b1e9e1766", "name": "DESKTOP-5D71Q14", "type": "winlogbeat", "version": "7.17.29", "hostname": "DESKTOP-5D71Q14"}, "event": {"created": "2025-11-08T14:08:35.056Z", "module": "sysmon", "type": ["connection", "start", "protocol"], "kind": "event", "action": "Network connection detected (rule: NetworkConnect)", "provider": "Microsoft-Windows-Sysmon", "category": ["network"], "code": "3"}, "destination": {"port": 443, "ip": "13.95.31.18", "domain": "-"}, "winlog": {"event_id": "3", "user": {"identifier": "S-1-5-18", "type": "User", "domain": "NT AUTHORITY", "name": "SYSTEM"}, "channel": "Microsoft-Windows-Sysmon/Operational", "opcode": "Info", "process": {"thread": {"id": 5020}, "pid": 560}, "computer_name": "DESKTOP-5D71Q14", "task": "Network connection detected (rule: NetworkConnect)", "version": 5, "provider_name": "Microsoft-Windows-Sysmon", "event_data": {"SourcePortName": "-"}, "api": "wineventlog", "provider_guid": "{5770385f-c22a-43e0-bf4c-06f5698ffbd9}", "record_id": 28516}}
{"tags": ["beats_input_codec_plain_applied", "_jsonparsefailure", "pikksilm_sysmon"], "@version": "1", "message": "Network connection detected:\nRuleName: -\nUtcTime: 2025-11-08 13:59:47.111\nProcessGuid: {6c054e7e-c77e-690f-1300-000000000500}\nProcessId: 752\nImage: C:\\Windows\\System32\\svchost.exe\nUser: NT AUTHORITY\\SYSTEM\nProtocol: tcp\nInitiated: true\nSourceIsIpv6: false\nSourceIp: 10.136.5.67\nSourceHostname: -\nSourcePort: 49873\nSourcePortName: -\nDestinationIsIpv6: false\nDestinationIp: 13.95.31.18\nDestinationHostname: -\nDestinationPort: 443\nDestinationPortName: -", "related": {"ip": ["10.136.5.67", "13.95.31.18"], "user": "SYSTEM"}, "host": {"id": "6c054e7e-a5b1-4db9-8d63-3f70f302d6af", "os": {"platform": "windows", "family": "windows", "version": "10.0", "name": "Windows 11 Pro", "kernel": "10.0.22621.2861 (WinBuild.160101.0800)", "type": "windows", "build": "22631.2861"}, "ip": ["fe80::b392:ba9e:24f8:260e", "10.136.5.67"], "architecture": "x86_64", "mac": ["bc:24:11:9a:96:84"], "hostname": "DESKTOP-Q167QR1"}, "source": {"port": 49873, "ip": "10.136.5.67", "domain": "-"}, "@timestamp": "2025-11-08T13:59:47.111Z", "log": {"level": "information"}, "user": {"name": "SYSTEM", "domain": "NT AUTHORITY", "id": "S-1-5-18"}, "network": {"type": "ipv4", "community_id": "1:NEpdqwbKLDWeDSAPCVunveuzrpw=", "protocol": "-", "direction": "egress", "transport": "tcp"}, "process": {"pid": 752, "executable": "C:\\Windows\\System32\\svchost.exe", "entity_id": "{6c054e7e-c77e-690f-1300-000000000500}", "name": "svchost.exe"}, "ecs": {"version": "1.12.0"}, "agent": {"ephemeral_id": "e918f62f-a141-4b32-a344-477f03b1b9ea", "id": "b6d0da7e-2d5b-408f-88d3-d607a27fb60e", "name": "DESKTOP-Q167QR1", "type": "winlogbeat", "version": "7.17.29", "hostname": "DESKTOP-Q167QR1"}, "event": {"module": "sysmon", "created": "2025-11-08T14:08:34.659Z", "type": ["connection", "start", "protocol"], "kind": "event", "action": "Network connection detected (rule: NetworkConnect)", "provider": "Microsoft-Windows-Sysmon", "category": ["network"], "code": "3"}, "destination": {"port": 443, "ip": "13.95.31.18", "domain": "-"}, "winlog": {"event_id": "3", "user": {"identifier": "S-1-5-18", "type": "User", "domain": "NT AUTHORITY", "name": "SYSTEM"}, "task": "Network connection detected (rule: NetworkConnect)", "opcode": "Info", "process": {"pid": 3804, "thread": {"id": 1008}}, "computer_name": "DESKTOP-Q167QR1", "channel": "Microsoft-Windows-Sysmon/Operational", "version": 5, "provider_name": "Microsoft-Windows-Sysmon", "event_data": {"SourcePortName": "-"}, "api": "wineventlog", "provider_guid": "{5770385f-c22a-43e0-bf4c-06f5698ffbd9}", "record_id": 26641}}
