{"tags": ["beats_input_codec_plain_applied", "_jsonparsefailure", "pikksilm_sysmon"], "@version": "1", "message": "Network connection detected:\nRuleName: -\nUtcTime: 2025-11-08 14:40:52.517\nProcessGuid: {1c3b4e1a-c768-690f-1300-000000000500}\nProcessId: 1052\nImage: C:\\Windows\\System32\\svchost.exe\nUser: NT AUTHORITY\\SYSTEM\nProtocol: tcp\nInitiated: true\nSourceIsIpv6: true\nSourceIp: 0:0:0:0:0:0:0:1\nSourceHostname: -\nSourcePort: 54146\nSourcePortName: -\nDestinationIsIpv6: true\nDestinationIp: 0:0:0:0:0:0:0:1\nDestinationHostname: -\nDestinationPort: 47001\nDestinationPortName: -", "related": {"ip": "0:0:0:0:0:0:0:1", "user": "SYSTEM"}, "host": {"hostname": "DESKTOP-JQK13SC", "os": {"platform": "windows", "type": "windows", "version": "10.0", "family": "windows", "name": "Windows 11 Pro", "kernel": "10.0.22621.2861 (WinBuild.160101.0800)", "build": "22631.2861"}, "ip": ["fe80::1f13:bebd:ede0:ed8c", "10.136.5.65"], "architecture": "x86_64", "mac": ["bc:24:11:65:5d:85"], "id": "1c3b4e1a-5518-4a6d-af82-298224d18338"}, "source": {"port": 54146, "ip": "0:0:0:0:0:0:0:1", "domain": "-"}, "@timestamp": "2025-11-08T14:40:52.517Z", "log": {"level": "information"}, "user": {"name": "SYSTEM", "domain": "NT AUTHORITY", "id": "S-1-5-18"}, "network": {"protocol": "-", "type": "ipv6", "direction": "egress", "community_id": "1:Er9TujtxtuIlG3eD94Y20u1yFxI=", "transport": "tcp"}, "process": {"pid": 1052, "executable": "C:\\Windows\\System32\\svchost.exe", "entity_id": "{1c3b4e1a-c768-690f-1300-000000000500}", "name": "svchost.exe"}, "ecs": {"version": "1.12.0"}, "agent": {"ephemeral_id": "0eb94074-2147-427a-8c46-6c6578d3ab93", "id": "1a4af485-022d-4981-8d7f-bea9aff53b0f", "name": "DESKTOP-JQK13SC", "type": "winlogbeat", "version": "7.17.29", "hostname": "DESKTOP-JQK13SC"}, "event": {"created": "2025-11-08T14:41:12.528Z", "module": "sysmon", "type": ["connection", "start", "protocol"], "kind": "event", "action": "Network connection detected (rule: NetworkConnect)", "provider": "Microsoft-Windows-Sysmon", "category": ["network"], "code": "3"}, "destination": {"port": 47001, "ip": "0:0:0:0:0:0:0:1", "domain": "-"}, "winlog": {"event_id": "3", "user": {"name": "SYSTEM", "type": "User", "identifier": "S-1-5-18", "domain": "NT AUTHORITY"}, "task": "Network connection detected (rule: NetworkConnect)", "opcode": "Info", "channel": "Microsoft-Windows-Sysmon/Operational", "computer_name": "DESKTOP-JQK13SC", "process": {"pid": 5100, "thread": {"id": 3460}}, "version": 5, "provider_name": "Microsoft-Windows-Sysmon", "event_data": {"SourcePortName": "-"}, "api": "wineventlog", "provider_guid": "{5770385f-c22a-43e0-bf4c-06f5698ffbd9}", "record_id": 78882}}
{"tags": ["beats_input_codec_plain_applied", "_jsonparsefailure", "pikksilm_sysmon"], "@version": "1", "message": "Process Create:\nRuleName: -\nUtcTime: 2025-11-08 14:40:54.272\nProcessGuid: {1c3b4e1a-5676-690f-bc03-000000000500}\nProcessId: 7364\nImage: C:\\Windows\\UUS\\amd64\\MoUsoCoreWorker.exe\nFileVersion: 1023.1020.2192.0\nDescription: MoUSO Core Worker Process\nProduct: Microsoft\u00ae Windows\u00ae Operating System\nCompany: Microsoft Corporation\nOriginalFileName: MoUSOCoreWorker.exe\nCommandLine: C:\\Windows\\uus\\AMD64\\MoUsoCoreWorker.exe\nCurrentDirectory: C:\\Windows\\system32\\\nUser: NT AUTHORITY\\SYSTEM\nLogonGuid: {1c3b4e1a-c766-690f-e703-000000000000}\nLogonId: 0x3E7\nTerminalSessionId: 0\nIntegrityLevel: System\nHashes: SHA1=857DB9C10838D5C18DB5E82587A52E1521A97BE2,MD5=53F375B9E74BDBF23D76569B6889EA27,SHA256=E706ACCA53D0B194C793DF476E730F0A120C2998B48D39DB19307B3E21299782,IMPHASH=319C32EF05DB731CF5427C5A788516CC\nParentProcessGuid: {00000000-0000-0000-0000-000000000000}\nParentProcessId: 1052\nParentImage: -\nParentCommandLine: -\nParentUser: -", "related": {"user": "SYSTEM", "hash": ["857db9c10838d5c18db5e82587a52e1521a97be2", "53f375b9e74bdbf23d76569b6889ea27", "e706acca53d0b194c793df476e730f0a120c2998b48d39db19307b3e21299782", "319c32ef05db731cf5427c5a788516cc"]}, "host": {"id": "1c3b4e1a-5518-4a6d-af82-298224d18338", "os": {"platform": "windows", "type": "windows", "version": "10.0", "family": "windows", "name": "Windows 11 Pro", "kernel": "10.0.22621.2861 (WinBuild.160101.0800)", "build": "22631.2861"}, "ip": ["fe80::1f13:bebd:ede0:ed8c", "10.136.5.65"], "architecture": "x86_64", "mac": ["bc:24:11:65:5d:85"], "hostname": "DESKTOP-JQK13SC"}, "hash": {"sha256": "e706acca53d0b194c793df476e730f0a120c2998b48d39db19307b3e21299782", "imphash": "319c32ef05db731cf5427c5a788516cc", "md5": "53f375b9e74bdbf23d76569b6889ea27", "sha1": "857db9c10838d5c18db5e82587a52e1521a97be2"}, "@timestamp": "2025-11-08T14:40:54.272Z", "log": {"level": "information"}, "user": {"name": "SYSTEM", "domain": "NT AUTHORITY", "id": "S-1-5-18"}, "process": {"working_directory": "C:\\Windows\\system32\\", "executable": "C:\\Windows\\UUS\\amd64\\MoUsoCoreWorker.exe", "entity_id": "{1c3b4e1a-5676-690f-bc03-000000000500}", "pe": {"file_version": "1023.1020.2192.0", "company": "Microsoft Corporation", "imphash": "319c32ef05db731cf5427c5a788516cc", "original_file_name": "MoUSOCoreWorker.exe", "product": "Microsoft\u00ae Windows\u00ae Operating System", "description": "MoUSO Core Worker Process"}, "name": "MoUsoCoreWorker.exe", "hash": {"sha256": "e706acca53d0b194c793df476e730f0a120c2998b48d39db19307b3e21299782", "md5": "53f375b9e74bdbf23d76569b6889ea27", "sha1": "857db9c10838d5c18db5e82587a52e1521a97be2"}, "command_line": "C:\\Windows\\uus\\AMD64\\MoUsoCoreWorker.exe", "pid": 7364, "args": ["C:\\Windows\\uus\\AMD64\\MoUsoCoreWorker.exe"], "parent": {"executable": "-", "name": "-", "entity_id": "{00000000-0000-0000-0000-000000000000}", "command_line": "-", "pid": 1052, "args": ["-"]}}, "ecs": {"version": "1.12.0"}, "agent": {"ephemeral_id": "0eb94074-2147-427a-8c46-6c6578d3ab93", "id": "1a4af485-022d-4981-8d7f-bea9aff53b0f", "name": "DESKTOP-JQK13SC", "type": "winlogbeat", "version": "7.17.29", "hostname": "DESKTOP-JQK13SC"}, "event": {"created": "2025-11-08T14:41:12.668Z", "module": "sysmon", "type": ["start", "process_start"], "kind": "event", "action": "Process Create (rule: ProcessCreate)", "provider": "Microsoft-Windows-Sysmon", "category": ["process"], "code": "1"}, "winlog": {"event_id": "1", "user": {"identifier": "S-1-5-18", "domain": "NT AUTHORITY", "name": "SYSTEM", "type": "User"}, "channel": "Microsoft-Windows-Sysmon/Operational", "process": {"thread": {"id": 1864}, "pid": 5100}, "task": "Process Create (rule: ProcessCreate)", "computer_name": "DESKTOP-JQK13SC", "opcode": "Info", "version": 5, "provider_name": "Microsoft-Windows-Sysmon", "event_data": {"IntegrityLevel": "System", "ParentUser": "-", "Company": "Microsoft Corporation", "TerminalSessionId": "0", "LogonId": "0x3e7", "FileVersion": "1023.1020.2192.0", "LogonGuid": "{1c3b4e1a-c766-690f-e703-000000000000}", "Product": "Microsoft\u00ae Windows\u00ae Operating System", "Description": "MoUSO Core Worker Process"}, "api": "wineventlog", "provider_guid": "{5770385f-c22a-43e0-bf4c-06f5698ffbd9}", "record_id": 78974}}
{"tags": ["beats_input_codec_plain_applied", "_jsonparsefailure", "pikksilm_sysmon"], "@version": "1", "message": "Network connection detected:\nRuleName: -\nUtcTime: 2025-11-08 14:40:52.517\nProcessGuid: {1c3b4e1a-c763-690f-eb03-000000000000}\nProcessId: 4\nImage: <unknown process>\nUser: -\nProtocol: tcp\nInitiated: false\nSourceIsIpv6: true\nSourceIp: 0:0:0:0:0:0:0:1\nSourceHostname: -\nSourcePort: 54146\nSourcePortName: -\nDestinationIsIpv6: true\nDestinationIp: 0:0:0:0:0:0:0:1\nDestinationHostname: -\nDestinationPort: 47001\nDestinationPortName: -", "related": {"ip": "0:0:0:0:0:0:0:1"}, "host": {"id": "1c3b4e1a-5518-4a6d-af82-298224d18338", "os": {"kernel": "10.0.22621.2861 (WinBuild.160101.0800)", "type": "windows", "platform": "windows", "version": "10.0", "family": "windows", "name": "Windows 11 Pro", "build": "22631.2861"}, "ip": ["fe80::1f13:bebd:ede0:ed8c", "10.136.5.65"], "architecture": "x86_64", "mac": ["bc:24:11:65:5d:85"], "hostname": "DESKTOP-JQK13SC"}, "source": {"port": 54146, "ip": "0:0:0:0:0:0:0:1", "domain": "-"}, "@timestamp": "2025-11-08T14:40:52.517Z", "log": {"level": "information"}, "user": {"id": "S-1-5-18"}, "network": {"protocol": "-", "type": "ipv6", "direction": "ingress", "community_id": "1:Er9TujtxtuIlG3eD94Y20u1yFxI=", "transport": "tcp"}, "process": {"name": "<unknown process>", "pid": 4, "entity_id": "{1c3b4e1a-c763-690f-eb03-000000000000}", "executable": "<unknown process>"}, "ecs": {"version": "1.12.0"}, "agent": {"id": "1a4af485-022d-4981-8d7f-bea9aff53b0f", "hostname": "DESKTOP-JQK13SC", "name": "DESKTOP-JQK13SC", "type": "winlogbeat", "version": "7.17.29", "ephemeral_id": "0eb94074-2147-427a-8c46-6c6578d3ab93"}, "event": {"module": "sysmon", "created": "2025-11-08T14:41:12.668Z", "type": ["connection", "start", "protocol"], "kind": "event", "action": "Network connection detected (rule: NetworkConnect)", "provider": "Microsoft-Windows-Sysmon", "category": ["network"], "code": "3"}, "destination": {"port": 47001, "ip": "0:0:0:0:0:0:0:1", "domain": "-"}, "winlog": {"event_id": "3", "user": {"name": "SYSTEM", "domain": "NT AUTHORITY", "type": "User", "identifier": "S-1-5-18"}, "channel": "Microsoft-Windows-Sysmon/Operational", "process": {"pid": 5100, "thread": {"id": 3460}}, "task": "Network connection detected (rule: NetworkConnect)", "computer_name": "DESKTOP-JQK13SC", "opcode": "Info", "version": 5, "provider_name": "Microsoft-Windows-Sysmon", "event_data": {"SourcePortName": "-", "User": "-"}, "api": "wineventlog", "provider_guid": "{5770385f-c22a-43e0-bf4c-06f5698ffbd9}", "record_id": 78967}}
{"tags": ["beats_input_codec_plain_applied", "_jsonparsefailure", "pikksilm_sysmon"], "@version": "1", "message": "Network connection detected:\nRuleName: -\nUtcTime: 2025-11-08 14:40:55.281\nProcessGuid: {1c3b4e1a-c76f-690f-1f00-000000000500}\nProcessId: 1660\nImage: C:\\Windows\\system32\\svchost.exe\nUser: NT AUTHORITY\\NETWORK SERVICE\nProtocol: udp\nInitiated: true\nSourceIsIpv6: false\nSourceIp: 10.136.5.65\nSourceHostname: -\nSourcePort: 51924\nSourcePortName: -\nDestinationIsIpv6: false\nDestinationIp: 8.8.8.8\nDestinationHostname: -\nDestinationPort: 53\nDestinationPortName: -", "related": {"user": "NETWORK SERVICE", "ip": ["10.136.5.65", "8.8.8.8"]}, "host": {"hostname": "DESKTOP-JQK13SC", "os": {"platform": "windows", "type": "windows", "version": "10.0", "family": "windows", "name": "Windows 11 Pro", "kernel": "10.0.22621.2861 (WinBuild.160101.0800)", "build": "22631.2861"}, "ip": ["fe80::1f13:bebd:ede0:ed8c", "10.136.5.65"], "architecture": "x86_64", "mac": ["bc:24:11:65:5d:85"], "id": "1c3b4e1a-5518-4a6d-af82-298224d18338"}, "source": {"port": 51924, "ip": "10.136.5.65", "domain": "-"}, "@timestamp": "2025-11-08T14:40:55.281Z", "log": {"level": "information"}, "user": {"name": "NETWORK SERVICE", "domain": "NT AUTHORITY", "id": "S-1-5-18"}, "network": {"protocol": "-", "type": "ipv4", "direction": "egress", "community_id": "1:W/6WqwVujLvP3NCeeTVFro1AMRI=", "transport": "udp"}, "process": {"pid": 1660, "executable": "C:\\Windows\\system32\\svchost.exe", "entity_id": "{1c3b4e1a-c76f-690f-1f00-000000000500}", "name": "svchost.exe"}, "ecs": {"version": "1.12.0"}, "agent": {"ephemeral_id": "0eb94074-2147-427a-8c46-6c6578d3ab93", "id": "1a4af485-022d-4981-8d7f-bea9aff53b0f", "name": "DESKTOP-JQK13SC", "type": "winlogbeat", "version": "7.17.29", "hostname": "DESKTOP-JQK13SC"}, "event": {"created": "2025-11-08T14:41:13.445Z", "module": "sysmon", "type": ["connection", "start", "protocol"], "kind": "event", "action": "Network connection detected (rule: NetworkConnect)", "provider": "Microsoft-Windows-Sysmon", "category": ["network"], "code": "3"}, "destination": {"port": 53, "ip": "8.8.8.8", "domain": "-"}, "winlog": {"event_id": "3", "user": {"identifier": "S-1-5-18", "type": "User", "domain": "NT AUTHORITY", "name": "SYSTEM"}, "task": "Network connection detected (rule: NetworkConnect)", "channel": "Microsoft-Windows-Sysmon/Operational", "opcode": "Info", "computer_name": "DESKTOP-JQK13SC", "process": {"pid": 5100, "thread": {"id": 3460}}, "version": 5, "provider_name": "Microsoft-Windows-Sysmon", "event_data": {"SourcePortName": "-"}, "api": "wineventlog", "provider_guid": "{5770385f-c22a-43e0-bf4c-06f5698ffbd9}", "record_id": 79326}}
{"tags": ["beats_input_codec_plain_applied", "_jsonparsefailure", "pikksilm_sysmon"], "@version": "1", "message": "Network connection detected:\nRuleName: -\nUtcTime: 2025-11-08 14:40:55.785\nProcessGuid: {1c3b4e1a-c76f-690f-1f00-000000000500}\nProcessId: 1660\nImage: C:\\Windows\\system32\\svchost.exe\nUser: NT AUTHORITY\\NETWORK SERVICE\nProtocol: udp\nInitiated: true\nSourceIsIpv6: false\nSourceIp: 10.136.5.65\nSourceHostname: -\nSourcePort: 64417\nSourcePortName: -\nDestinationIsIpv6: false\nDestinationIp: 1.1.1.1\nDestinationHostname: -\nDestinationPort: 53\nDestinationPortName: -", "related": {"ip": ["10.136.5.65", "1.1.1.1"], "user": "NETWORK SERVICE"}, "host": {"hostname": "DESKTOP-JQK13SC", "os": {"family": "windows", "name": "Windows 11 Pro", "version": "10.0", "kernel": "10.0.22621.2861 (WinBuild.160101.0800)", "type": "windows", "platform": "windows", "build": "22631.2861"}, "ip": ["fe80::1f13:bebd:ede0:ed8c", "10.136.5.65"], "architecture": "x86_64", "mac": ["bc:24:11:65:5d:85"], "id": "1c3b4e1a-5518-4a6d-af82-298224d18338"}, "source": {"port": 64417, "ip": "10.136.5.65", "domain": "-"}, "@timestamp": "2025-11-08T14:40:55.785Z", "log": {"level": "information"}, "user": {"name": "NETWORK SERVICE", "domain": "NT AUTHORITY", "id": "S-1-5-18"}, "network": {"protocol": "-", "type": "ipv4", "direction": "egress", "community_id": "1:B2ucmAAFLQsm74ud0RXnA1UiTmk=", "transport": "udp"}, "process": {"pid": 1660, "executable": "C:\\Windows\\system32\\svchost.exe", "name": "svchost.exe", "entity_id": "{1c3b4e1a-c76f-690f-1f00-000000000500}"}, "ecs": {"version": "1.12.0"}, "agent": {"hostname": "DESKTOP-JQK13SC", "ephemeral_id": "0eb94074-2147-427a-8c46-6c6578d3ab93", "name": "DESKTOP-JQK13SC", "type": "winlogbeat", "version": "7.17.29", "id": "1a4af485-022d-4981-8d7f-bea9aff53b0f"}, "event": {"module": "sysmon", "created": "2025-11-08T14:41:13.680Z", "type": ["connection", "start", "protocol"], "kind": "event", "action": "Network connection detected (rule: NetworkConnect)", "provider": "Microsoft-Windows-Sysmon", "category": ["network"], "code": "3"}, "destination": {"port": 53, "ip": "1.1.1.1", "domain": "-"}, "winlog": {"event_id": "3", "user": {"name": "SYSTEM", "type": "User", "identifier": "S-1-5-18", "domain": "NT AUTHORITY"}, "channel": "Microsoft-Windows-Sysmon/Operational", "opcode": "Info", "process": {"pid": 5100, "thread": {"id": 3460}}, "computer_name": "DESKTOP-JQK13SC", "task": "Network connection detected (rule: NetworkConnect)", "version": 5, "provider_name": "Microsoft-Windows-Sysmon", "event_data": {"SourcePortName": "-"}, "api": "wineventlog", "provider_guid": "{5770385f-c22a-43e0-bf4c-06f5698ffbd9}", "record_id": 79454}}
{"tags": ["beats_input_codec_plain_applied", "_jsonparsefailure", "pikksilm_sysmon"], "@version": "1", "message": "Network connection detected:\nRuleName: -\nUtcTime: 2025-11-08 14:40:55.176\nProcessGuid: {1c3b4e1a-c763-690f-eb03-000000000000}\nProcessId: 4\nImage: <unknown process>\nUser: -\nProtocol: tcp\nInitiated: false\nSourceIsIpv6: true\nSourceIp: 0:0:0:0:0:0:0:1\nSourceHostname: -\nSourcePort: 54147\nSourcePortName: -\nDestinationIsIpv6: true\nDestinationIp: 0:0:0:0:0:0:0:1\nDestinationHostname: -\nDestinationPort: 47001\nDestinationPortName: -", "related": {"ip": "0:0:0:0:0:0:0:1"}, "host": {"hostname": "DESKTOP-JQK13SC", "os": {"kernel": "10.0.22621.2861 (WinBuild.160101.0800)", "type": "windows", "platform": "windows", "version": "10.0", "family": "windows", "name": "Windows 11 Pro", "build": "22631.2861"}, "ip": ["fe80::1f13:bebd:ede0:ed8c", "10.136.5.65"], "architecture": "x86_64", "mac": ["bc:24:11:65:5d:85"], "id": "1c3b4e1a-5518-4a6d-af82-298224d18338"}, "source": {"port": 54147, "ip": "0:0:0:0:0:0:0:1", "domain": "-"}, "@timestamp": "2025-11-08T14:40:55.176Z", "log": {"level": "information"}, "user": {"id": "S-1-5-18"}, "network": {"protocol": "-", "type": "ipv6", "direction": "ingress", "community_id": "1:IS+89DnSQr70EGKVRCqXOP4qi0k=", "transport": "tcp"}, "process": {"pid": 4, "executable": "<unknown process>", "entity_id": "{1c3b4e1a-c763-690f-eb03-000000000000}", "name": "<unknown process>"}, "ecs": {"version": "1.12.0"}, "agent": {"ephemeral_id": "0eb94074-2147-427a-8c46-6c6578d3ab93", "id": "1a4af485-022d-4981-8d7f-bea9aff53b0f", "name": "DESKTOP-JQK13SC", "type": "winlogbeat", "version": "7.17.29", "hostname": "DESKTOP-JQK13SC"}, "event": {"module": "sysmon", "created": "2025-11-08T14:41:13.831Z", "type": ["connection", "start", "protocol"], "kind": "event", "action": "Network connection detected (rule: NetworkConnect)", "provider": "Microsoft-Windows-Sysmon", "category": ["network"], "code": "3"}, "destination": {"port": 47001, "ip": "0:0:0:0:0:0:0:1", "domain": "-"}, "winlog": {"event_id": "3", "user": {"name": "SYSTEM", "domain": "NT AUTHORITY", "type": "User", "identifier": "S-1-5-18"}, "task": "Network connection detected (rule: NetworkConnect)", "opcode": "Info", "channel": "Microsoft-Windows-Sysmon/Operational", "computer_name": "DESKTOP-JQK13SC", "process": {"thread": {"id": 3460}, "pid": 5100}, "version": 5, "provider_name": "Microsoft-Windows-Sysmon", "event_data": {"SourcePortName": "-", "User": "-"}, "api": "wineventlog", "provider_guid": "{5770385f-c22a-43e0-bf4c-06f5698ffbd9}", "record_id": 79509}}
{"tags": ["beats_input_codec_plain_applied", "_jsonparsefailure", "pikksilm_sysmon"], "@version": "1", "message": "Network connection detected:\nRuleName: -\nUtcTime: 2025-11-08 14:40:55.176\nProcessGuid: {1c3b4e1a-c768-690f-1300-000000000500}\nProcessId: 1052\nImage: C:\\Windows\\System32\\svchost.exe\nUser: NT AUTHORITY\\SYSTEM\nProtocol: tcp\nInitiated: true\nSourceIsIpv6: true\nSourceIp: 0:0:0:0:0:0:0:1\nSourceHostname: -\nSourcePort: 54147\nSourcePortName: -\nDestinationIsIpv6: true\nDestinationIp: 0:0:0:0:0:0:0:1\nDestinationHostname: -\nDestinationPort: 47001\nDestinationPortName: -", "related": {"ip": "0:0:0:0:0:0:0:1", "user": "SYSTEM"}, "host": {"hostname": "DESKTOP-JQK13SC", "os": {"name": "Windows 11 Pro", "kernel": "10.0.22621.2861 (WinBuild.160101.0800)", "type": "windows", "platform": "windows", "version": "10.0", "family": "windows", "build": "22631.2861"}, "ip": ["fe80::1f13:bebd:ede0:ed8c", "10.136.5.65"], "architecture": "x86_64", "mac": ["bc:24:11:65:5d:85"], "id": "1c3b4e1a-5518-4a6d-af82-298224d18338"}, "source": {"port": 54147, "ip": "0:0:0:0:0:0:0:1", "domain": "-"}, "@timestamp": "2025-11-08T14:40:55.176Z", "log": {"level": "information"}, "user": {"name": "SYSTEM", "domain": "NT AUTHORITY", "id": "S-1-5-18"}, "network": {"protocol": "-", "type": "ipv6", "direction": "egress", "community_id": "1:IS+89DnSQr70EGKVRCqXOP4qi0k=", "transport": "tcp"}, "process": {"pid": 1052, "executable": "C:\\Windows\\System32\\svchost.exe", "entity_id": "{1c3b4e1a-c768-690f-1300-000000000500}", "name": "svchost.exe"}, "ecs": {"version": "1.12.0"}, "agent": {"ephemeral_id": "0eb94074-2147-427a-8c46-6c6578d3ab93", "id": "1a4af485-022d-4981-8d7f-bea9aff53b0f", "name": "DESKTOP-JQK13SC", "type": "winlogbeat", "version": "7.17.29", "hostname": "DESKTOP-JQK13SC"}, "event": {"module": "sysmon", "created": "2025-11-08T14:41:13.445Z", "type": ["connection", "start", "protocol"], "kind": "event", "action": "Network connection detected (rule: NetworkConnect)", "provider": "Microsoft-Windows-Sysmon", "category": ["network"], "code": "3"}, "destination": {"port": 47001, "ip": "0:0:0:0:0:0:0:1", "domain": "-"}, "winlog": {"event_id": "3", "user": {"identifier": "S-1-5-18", "domain": "NT AUTHORITY", "name": "SYSTEM", "type": "User"}, "channel": "Microsoft-Windows-Sysmon/Operational", "process": {"thread": {"id": 3460}, "pid": 5100}, "opcode": "Info", "computer_name": "DESKTOP-JQK13SC", "task": "Network connection detected (rule: NetworkConnect)", "version": 5, "provider_name": "Microsoft-Windows-Sysmon", "event_data": {"SourcePortName": "-"}, "api": "wineventlog", "provider_guid": "{5770385f-c22a-43e0-bf4c-06f5698ffbd9}", "record_id": 79325}}
{"tags": ["beats_input_codec_plain_applied", "_jsonparsefailure", "pikksilm_sysmon"], "@version": "1", "message": "Network connection detected:\nRuleName: -\nUtcTime: 2025-11-08 14:40:55.374\nProcessGuid: {1c3b4e1a-566f-690f-b703-000000000500}\nProcessId: 8036\nImage: C:\\Windows\\ImmersiveControlPanel\\SystemSettings.exe\nUser: DESKTOP-JQK13SC\\vagrant\nProtocol: tcp\nInitiated: true\nSourceIsIpv6: false\nSourceIp: 10.136.5.65\nSourceHostname: -\nSourcePort: 54148\nSourcePortName: -\nDestinationIsIpv6: false\nDestinationIp: 20.31.169.57\nDestinationHostname: -\nDestinationPort: 443\nDestinationPortName: -", "related": {"ip": ["10.136.5.65", "20.31.169.57"], "user": "vagrant"}, "host": {"hostname": "DESKTOP-JQK13SC", "os": {"name": "Windows 11 Pro", "kernel": "10.0.22621.2861 (WinBuild.160101.0800)", "type": "windows", "platform": "windows", "version": "10.0", "family": "windows", "build": "22631.2861"}, "ip": ["fe80::1f13:bebd:ede0:ed8c", "10.136.5.65"], "architecture": "x86_64", "mac": ["bc:24:11:65:5d:85"], "id": "1c3b4e1a-5518-4a6d-af82-298224d18338"}, "source": {"port": 54148, "ip": "10.136.5.65", "domain": "-"}, "@timestamp": "2025-11-08T14:40:55.374Z", "log": {"level": "information"}, "user": {"name": "vagrant", "domain": "DESKTOP-JQK13SC", "id": "S-1-5-18"}, "network": {"protocol": "-", "type": "ipv4", "direction": "egress", "community_id": "1:4R2se6Q9EmNJmjr5wwentdtmZQ8=", "transport": "tcp"}, "process": {"pid": 8036, "executable": "C:\\Windows\\ImmersiveControlPanel\\SystemSettings.exe", "entity_id": "{1c3b4e1a-566f-690f-b703-000000000500}", "name": "SystemSettings.exe"}, "ecs": {"version": "1.12.0"}, "agent": {"id": "1a4af485-022d-4981-8d7f-bea9aff53b0f", "hostname": "DESKTOP-JQK13SC", "name": "DESKTOP-JQK13SC", "type": "winlogbeat", "version": "7.17.29", "ephemeral_id": "0eb94074-2147-427a-8c46-6c6578d3ab93"}, "event": {"module": "sysmon", "created": "2025-11-08T14:41:13.452Z", "type": ["connection", "start", "protocol"], "kind": "event", "action": "Network connection detected (rule: NetworkConnect)", "provider": "Microsoft-Windows-Sysmon", "category": ["network"], "code": "3"}, "destination": {"port": 443, "ip": "20.31.169.57", "domain": "-"}, "winlog": {"event_id": "3", "user": {"name": "SYSTEM", "type": "User", "identifier": "S-1-5-18", "domain": "NT AUTHORITY"}, "channel": "Microsoft-Windows-Sysmon/Operational", "opcode": "Info", "task": "Network connection detected (rule: NetworkConnect)", "process": {"pid": 5100, "thread": {"id": 3460}}, "computer_name": "DESKTOP-JQK13SC", "version": 5, "provider_name": "Microsoft-Windows-Sysmon", "event_data": {"SourcePortName": "-"}, "api": "wineventlog", "provider_guid": "{5770385f-c22a-43e0-bf4c-06f5698ffbd9}", "record_id": 79365}}
{"tags": ["beats_input_codec_plain_applied", "_jsonparsefailure", "pikksilm_sysmon"], "@version": "1", "message": "Network connection detected:\nRuleName: -\nUtcTime: 2025-11-08 14:40:55.797\nProcessGuid: {1c3b4e1a-c768-690f-1300-000000000500}\nProcessId: 1052\nImage: C:\\Windows\\System32\\svchost.exe\nUser: NT AUTHORITY\\SYSTEM\nProtocol: tcp\nInitiated: true\nSourceIsIpv6: false\nSourceIp: 10.136.5.65\nSourceHostname: -\nSourcePort: 54149\nSourcePortName: -\nDestinationIsIpv6: false\nDestinationIp: 92.122.18.57\nDestinationHostname: -\nDestinationPort: 80\nDestinationPortName: -", "related": {"ip": ["10.136.5.65", "92.122.18.57"], "user": "SYSTEM"}, "host": {"id": "1c3b4e1a-5518-4a6d-af82-298224d18338", "os": {"name": "Windows 11 Pro", "kernel": "10.0.22621.2861 (WinBuild.160101.0800)", "type": "windows", "platform": "windows", "version": "10.0", "family": "windows", "build": "22631.2861"}, "ip": ["fe80::1f13:bebd:ede0:ed8c", "10.136.5.65"], "architecture": "x86_64", "mac": ["bc:24:11:65:5d:85"], "hostname": "DESKTOP-JQK13SC"}, "source": {"port": 54149, "ip": "10.136.5.65", "domain": "-"}, "@timestamp": "2025-11-08T14:40:55.797Z", "log": {"level": "information"}, "user": {"name": "SYSTEM", "domain": "NT AUTHORITY", "id": "S-1-5-18"}, "network": {"protocol": "-", "type": "ipv4", "direction": "egress", "community_id": "1:PczRo3FqbGGxhdFGGMv42TzyjgE=", "transport": "tcp"}, "process": {"pid": 1052, "executable": "C:\\Windows\\System32\\svchost.exe", "entity_id": "{1c3b4e1a-c768-690f-1300-000000000500}", "name": "svchost.exe"}, "ecs": {"version": "1.12.0"}, "agent": {"ephemeral_id": "0eb94074-2147-427a-8c46-6c6578d3ab93", "id": "1a4af485-022d-4981-8d7f-bea9aff53b0f", "name": "DESKTOP-JQK13SC", "type": "winlogbeat", "version": "7.17.29", "hostname": "DESKTOP-JQK13SC"}, "event": {"module": "sysmon", "created": "2025-11-08T14:41:14.088Z", "type": ["connection", "start", "protocol"], "kind": "event", "action": "Network connection detected (rule: NetworkConnect)", "provider": "Microsoft-Windows-Sysmon", "category": ["network"], "code": "3"}, "destination": {"port": 80, "ip": "92.122.18.57", "domain": "-"}, "winlog": {"event_id": "3", "user": {"name": "SYSTEM", "type": "User", "identifier": "S-1-5-18", "domain": "NT AUTHORITY"}, "task": "Network connection detected (rule: NetworkConnect)", "opcode": "Info", "process": {"pid": 5100, "thread": {"id": 3460}}, "computer_name": "DESKTOP-JQK13SC", "channel": "Microsoft-Windows-Sysmon/Operational", "version": 5, "provider_name": "Microsoft-Windows-Sysmon", "event_data": {"SourcePortName": "-"}, "api": "wineventlog", "provider_guid": "{5770385f-c22a-43e0-bf4c-06f5698ffbd9}", "record_id": 79706}}
{"tags": ["beats_input_codec_plain_applied", "_jsonparsefailure", "pikksilm_sysmon"], "@version": "1", "message": "Network connection detected:\nRuleName: -\nUtcTime: 2025-11-08 14:41:01.837\nProcessGuid: {1c3b4e1a-c768-690f-1300-000000000500}\nProcessId: 1052\nImage: C:\\Windows\\System32\\svchost.exe\nUser: NT AUTHORITY\\SYSTEM\nProtocol: tcp\nInitiated: true\nSourceIsIpv6: false\nSourceIp: 10.136.5.65\nSourceHostname: -\nSourcePort: 61074\nSourcePortName: -\nDestinationIsIpv6: false\nDestinationIp: 92.122.18.57\nDestinationHostname: -\nDestinationPort: 80\nDestinationPortName: -", "related": {"user": "SYSTEM", "ip": ["10.136.5.65", "92.122.18.57"]}, "host": {"hostname": "DESKTOP-JQK13SC", "os": {"kernel": "10.0.22621.2861 (WinBuild.160101.0800)", "type": "windows", "platform": "windows", "version": "10.0", "family": "windows", "name": "Windows 11 Pro", "build": "22631.2861"}, "ip": ["fe80::1f13:bebd:ede0:ed8c", "10.136.5.65"], "architecture": "x86_64", "mac": ["bc:24:11:65:5d:85"], "id": "1c3b4e1a-5518-4a6d-af82-298224d18338"}, "source": {"port": 61074, "ip": "10.136.5.65", "domain": "-"}, "@timestamp": "2025-11-08T14:41:01.837Z", "log": {"level": "information"}, "user": {"name": "SYSTEM", "domain": "NT AUTHORITY", "id": "S-1-5-18"}, "network": {"protocol": "-", "type": "ipv4", "direction": "egress", "community_id": "1:+7vSPCdixI46X1eoEH5UHDRjIDo=", "transport": "tcp"}, "process": {"pid": 1052, "executable": "C:\\Windows\\System32\\svchost.exe", "name": "svchost.exe", "entity_id": "{1c3b4e1a-c768-690f-1300-000000000500}"}, "ecs": {"version": "1.12.0"}, "agent": {"ephemeral_id": "0eb94074-2147-427a-8c46-6c6578d3ab93", "id": "1a4af485-022d-4981-8d7f-bea9aff53b0f", "name": "DESKTOP-JQK13SC", "type": "winlogbeat", "version": "7.17.29", "hostname": "DESKTOP-JQK13SC"}, "event": {"module": "sysmon", "created": "2025-11-08T14:41:14.844Z", "type": ["connection", "start", "protocol"], "kind": "event", "action": "Network connection detected (rule: NetworkConnect)", "provider": "Microsoft-Windows-Sysmon", "category": ["network"], "code": "3"}, "destination": {"port": 80, "ip": "92.122.18.57", "domain": "-"}, "winlog": {"event_id": "3", "user": {"name": "SYSTEM", "domain": "NT AUTHORITY", "type": "User", "identifier": "S-1-5-18"}, "channel": "Microsoft-Windows-Sysmon/Operational", "opcode": "Info", "task": "Network connection detected (rule: NetworkConnect)", "process": {"pid": 5100, "thread": {"id": 3460}}, "computer_name": "DESKTOP-JQK13SC", "version": 5, "provider_name": "Microsoft-Windows-Sysmon", "event_data": {"SourcePortName": "-"}, "api": "wineventlog", "provider_guid": "{5770385f-c22a-43e0-bf4c-06f5698ffbd9}", "record_id": 80322}}
{"tags": ["beats_input_codec_plain_applied", "_jsonparsefailure", "pikksilm_sysmon"], "@version": "1", "message": "Network connection detected:\nRuleName: -\nUtcTime: 2025-11-08 14:40:57.077\nProcessGuid: {1c3b4e1a-c768-690f-1300-000000000500}\nProcessId: 1052\nImage: C:\\Windows\\System32\\svchost.exe\nUser: NT AUTHORITY\\SYSTEM\nProtocol: tcp\nInitiated: true\nSourceIsIpv6: false\nSourceIp: 10.136.5.65\nSourceHostname: -\nSourcePort: 54153\nSourcePortName: -\nDestinationIsIpv6: false\nDestinationIp: 92.122.18.57\nDestinationHostname: -\nDestinationPort: 80\nDestinationPortName: -", "related": {"ip": ["10.136.5.65", "92.122.18.57"], "user": "SYSTEM"}, "host": {"id": "1c3b4e1a-5518-4a6d-af82-298224d18338", "os": {"kernel": "10.0.22621.2861 (WinBuild.160101.0800)", "type": "windows", "platform": "windows", "version": "10.0", "family": "windows", "name": "Windows 11 Pro", "build": "22631.2861"}, "ip": ["fe80::1f13:bebd:ede0:ed8c", "10.136.5.65"], "architecture": "x86_64", "mac": ["bc:24:11:65:5d:85"], "hostname": "DESKTOP-JQK13SC"}, "source": {"port": 54153, "ip": "10.136.5.65", "domain": "-"}, "@timestamp": "2025-11-08T14:40:57.077Z", "log": {"level": "information"}, "user": {"name": "SYSTEM", "domain": "NT AUTHORITY", "id": "S-1-5-18"}, "network": {"protocol": "-", "type": "ipv4", "direction": "egress", "community_id": "1:RSfu4djOCFsyWLFyCiMTa5+sSe0=", "transport": "tcp"}, "process": {"pid": 1052, "executable": "C:\\Windows\\System32\\svchost.exe", "entity_id": "{1c3b4e1a-c768-690f-1300-000000000500}", "name": "svchost.exe"}, "ecs": {"version": "1.12.0"}, "agent": {"ephemeral_id": "0eb94074-2147-427a-8c46-6c6578d3ab93", "id": "1a4af485-022d-4981-8d7f-bea9aff53b0f", "name": "DESKTOP-JQK13SC", "type": "winlogbeat", "version": "7.17.29", "hostname": "DESKTOP-JQK13SC"}, "event": {"module": "sysmon", "created": "2025-11-08T14:41:14.362Z", "type": ["connection", "start", "protocol"], "kind": "event", "action": "Network connection detected (rule: NetworkConnect)", "provider": "Microsoft-Windows-Sysmon", "category": ["network"], "code": "3"}, "destination": {"port": 80, "ip": "92.122.18.57", "domain": "-"}, "winlog": {"event_id": "3", "user": {"identifier": "S-1-5-18", "domain": "NT AUTHORITY", "name": "SYSTEM", "type": "User"}, "task": "Network connection detected (rule: NetworkConnect)", "channel": "Microsoft-Windows-Sysmon/Operational", "process": {"thread": {"id": 3460}, "pid": 5100}, "computer_name": "DESKTOP-JQK13SC", "opcode": "Info", "version": 5, "provider_name": "Microsoft-Windows-Sysmon", "event_data": {"SourcePortName": "-"}, "api": "wineventlog", "provider_guid": "{5770385f-c22a-43e0-bf4c-06f5698ffbd9}", "record_id": 79951}}
{"tags": ["beats_input_codec_plain_applied", "_jsonparsefailure", "pikksilm_sysmon"], "@version": "1", "message": "Network connection detected:\nRuleName: -\nUtcTime: 2025-11-08 14:40:56.907\nProcessGuid: {1c3b4e1a-c768-690f-1300-000000000500}\nProcessId: 1052\nImage: C:\\Windows\\System32\\svchost.exe\nUser: NT AUTHORITY\\SYSTEM\nProtocol: tcp\nInitiated: true\nSourceIsIpv6: false\nSourceIp: 10.136.5.65\nSourceHostname: -\nSourcePort: 54152\nSourcePortName: -\nDestinationIsIpv6: false\nDestinationIp: 92.122.18.57\nDestinationHostname: -\nDestinationPort: 80\nDestinationPortName: -", "related": {"ip": ["10.136.5.65", "92.122.18.57"], "user": "SYSTEM"}, "host": {"id": "1c3b4e1a-5518-4a6d-af82-298224d18338", "os": {"kernel": "10.0.22621.2861 (WinBuild.160101.0800)", "type": "windows", "platform": "windows", "version": "10.0", "family": "windows", "name": "Windows 11 Pro", "build": "22631.2861"}, "ip": ["fe80::1f13:bebd:ede0:ed8c", "10.136.5.65"], "architecture": "x86_64", "mac": ["bc:24:11:65:5d:85"], "hostname": "DESKTOP-JQK13SC"}, "source": {"port": 54152, "ip": "10.136.5.65", "domain": "-"}, "@timestamp": "2025-11-08T14:40:56.907Z", "log": {"level": "information"}, "user": {"name": "SYSTEM", "domain": "NT AUTHORITY", "id": "S-1-5-18"}, "network": {"protocol": "-", "type": "ipv4", "direction": "egress", "community_id": "1:cBRg53LpjtKQeLXjbvVDJc2OimU=", "transport": "tcp"}, "process": {"name": "svchost.exe", "pid": 1052, "entity_id": "{1c3b4e1a-c768-690f-1300-000000000500}", "executable": "C:\\Windows\\System32\\svchost.exe"}, "ecs": {"version": "1.12.0"}, "agent": {"ephemeral_id": "0eb94074-2147-427a-8c46-6c6578d3ab93", "id": "1a4af485-022d-4981-8d7f-bea9aff53b0f", "name": "DESKTOP-JQK13SC", "type": "winlogbeat", "version": "7.17.29", "hostname": "DESKTOP-JQK13SC"}, "event": {"module": "sysmon", "created": "2025-11-08T14:41:14.362Z", "type": ["connection", "start", "protocol"], "kind": "event", "action": "Network connection detected (rule: NetworkConnect)", "provider": "Microsoft-Windows-Sysmon", "category": ["network"], "code": "3"}, "destination": {"port": 80, "ip": "92.122.18.57", "domain": "-"}, "winlog": {"event_id": "3", "user": {"name": "SYSTEM", "domain": "NT AUTHORITY", "type": "User", "identifier": "S-1-5-18"}, "task": "Network connection detected (rule: NetworkConnect)", "process": {"pid": 5100, "thread": {"id": 3460}}, "channel": "Microsoft-Windows-Sysmon/Operational", "opcode": "Info", "computer_name": "DESKTOP-JQK13SC", "version": 5, "provider_name": "Microsoft-Windows-Sysmon", "event_data": {"SourcePortName": "-"}, "api": "wineventlog", "provider_guid": "{5770385f-c22a-43e0-bf4c-06f5698ffbd9}", "record_id": 79950}}
{"tags": ["beats_input_codec_plain_applied", "_jsonparsefailure", "pikksilm_sysmon"], "@version": "1", "message": "Network connection detected:\nRuleName: -\nUtcTime: 2025-11-08 14:40:58.483\nProcessGuid: {1c3b4e1a-563d-690f-8903-000000000500}\nProcessId: 5436\nImage: C:\\Program Files (x86)\\Microsoft\\Edge\\Application\\msedge.exe\nUser: DESKTOP-JQK13SC\\vagrant\nProtocol: tcp\nInitiated: true\nSourceIsIpv6: false\nSourceIp: 10.136.5.65\nSourceHostname: -\nSourcePort: 61073\nSourcePortName: -\nDestinationIsIpv6: false\nDestinationIp: 150.171.28.11\nDestinationHostname: -\nDestinationPort: 443\nDestinationPortName: -", "related": {"ip": ["10.136.5.65", "150.171.28.11"], "user": "vagrant"}, "host": {"id": "1c3b4e1a-5518-4a6d-af82-298224d18338", "os": {"platform": "windows", "family": "windows", "version": "10.0", "name": "Windows 11 Pro", "kernel": "10.0.22621.2861 (WinBuild.160101.0800)", "type": "windows", "build": "22631.2861"}, "ip": ["fe80::1f13:bebd:ede0:ed8c", "10.136.5.65"], "architecture": "x86_64", "mac": ["bc:24:11:65:5d:85"], "hostname": "DESKTOP-JQK13SC"}, "source": {"port": 61073, "ip": "10.136.5.65", "domain": "-"}, "@timestamp": "2025-11-08T14:40:58.483Z", "log": {"level": "information"}, "user": {"name": "vagrant", "domain": "DESKTOP-JQK13SC", "id": "S-1-5-18"}, "network": {"protocol": "-", "type": "ipv4", "direction": "egress", "community_id": "1:J59vYIqVbsP0VXyRtsDhmijKcQA=", "transport": "tcp"}, "process": {"pid": 5436, "executable": "C:\\Program Files (x86)\\Microsoft\\Edge\\Application\\msedge.exe", "entity_id": "{1c3b4e1a-563d-690f-8903-000000000500}", "name": "msedge.exe"}, "ecs": {"version": "1.12.0"}, "agent": {"ephemeral_id": "0eb94074-2147-427a-8c46-6c6578d3ab93", "id": "1a4af485-022d-4981-8d7f-bea9aff53b0f", "name": "DESKTOP-JQK13SC", "type": "winlogbeat", "version": "7.17.29", "hostname": "DESKTOP-JQK13SC"}, "event": {"module": "sysmon", "created": "2025-11-08T14:41:14.471Z", "type": ["connection", "start", "protocol"], "kind": "event", "action": "Network connection detected (rule: NetworkConnect)", "provider": "Microsoft-Windows-Sysmon", "category": ["network"], "code": "3"}, "destination": {"port": 443, "ip": "150.171.28.11", "domain": "-"}, "winlog": {"event_id": "3", "user": {"name": "SYSTEM", "type": "User", "identifier": "S-1-5-18", "domain": "NT AUTHORITY"}, "channel": "Microsoft-Windows-Sysmon/Operational", "opcode": "Info", "process": {"pid": 5100, "thread": {"id": 3460}}, "computer_name": "DESKTOP-JQK13SC", "task": "Network connection detected (rule: NetworkConnect)", "version": 5, "provider_name": "Microsoft-Windows-Sysmon", "event_data": {"SourcePortName": "-"}, "api": "wineventlog", "provider_guid": "{5770385f-c22a-43e0-bf4c-06f5698ffbd9}", "record_id": 80059}}
{"tags": ["beats_input_codec_plain_applied", "_jsonparsefailure", "pikksilm_sysmon"], "@version": "1", "message": "Network connection detected:\nRuleName: -\nUtcTime: 2025-11-08 14:40:57.298\nProcessGuid: {1c3b4e1a-c768-690f-1300-000000000500}\nProcessId: 1052\nImage: C:\\Windows\\System32\\svchost.exe\nUser: NT AUTHORITY\\SYSTEM\nProtocol: tcp\nInitiated: true\nSourceIsIpv6: false\nSourceIp: 10.136.5.65\nSourceHostname: -\nSourcePort: 54156\nSourcePortName: -\nDestinationIsIpv6: false\nDestinationIp: 92.122.18.57\nDestinationHostname: -\nDestinationPort: 80\nDestinationPortName: -", "related": {"ip": ["10.136.5.65", "92.122.18.57"], "user": "SYSTEM"}, "host": {"hostname": "DESKTOP-JQK13SC", "os": {"platform": "windows", "type": "windows", "version": "10.0", "family": "windows", "name": "Windows 11 Pro", "kernel": "10.0.22621.2861 (WinBuild.160101.0800)", "build": "22631.2861"}, "ip": ["fe80::1f13:bebd:ede0:ed8c", "10.136.5.65"], "architecture": "x86_64", "mac": ["bc:24:11:65:5d:85"], "id": "1c3b4e1a-5518-4a6d-af82-298224d18338"}, "source": {"port": 54156, "ip": "10.136.5.65", "domain": "-"}, "@timestamp": "2025-11-08T14:40:57.298Z", "log": {"level": "information"}, "user": {"name": "SYSTEM", "domain": "NT AUTHORITY", "id": "S-1-5-18"}, "network": {"protocol": "-", "type": "ipv4", "direction": "egress", "community_id": "1:psNoyGWhCw4k9ndZ2FcDroEX0Dk=", "transport": "tcp"}, "process": {"pid": 1052, "executable": "C:\\Windows\\System32\\svchost.exe", "name": "svchost.exe", "entity_id": "{1c3b4e1a-c768-690f-1300-000000000500}"}, "ecs": {"version": "1.12.0"}, "agent": {"hostname": "DESKTOP-JQK13SC", "ephemeral_id": "0eb94074-2147-427a-8c46-6c6578d3ab93", "name": "DESKTOP-JQK13SC", "type": "winlogbeat", "version": "7.17.29", "id": "1a4af485-022d-4981-8d7f-bea9aff53b0f"}, "event": {"created": "2025-11-08T14:41:14.469Z", "module": "sysmon", "type": ["connection", "start", "protocol"], "kind": "event", "action": "Network connection detected (rule: NetworkConnect)", "provider": "Microsoft-Windows-Sysmon", "category": ["network"], "code": "3"}, "destination": {"port": 80, "ip": "92.122.18.57", "domain": "-"}, "winlog": {"event_id": "3", "user": {"identifier": "S-1-5-18", "domain": "NT AUTHORITY", "name": "SYSTEM", "type": "User"}, "task": "Network connection detected (rule: NetworkConnect)", "opcode": "Info", "channel": "Microsoft-Windows-Sysmon/Operational", "computer_name": "DESKTOP-JQK13SC", "process": {"thread": {"id": 3460}, "pid": 5100}, "version": 5, "provider_name": "Microsoft-Windows-Sysmon", "event_data": {"SourcePortName": "-"}, "api": "wineventlog", "provider_guid": "{5770385f-c22a-43e0-bf4c-06f5698ffbd9}", "record_id": 80037}}
{"tags": ["beats_input_codec_plain_applied", "_jsonparsefailure", "pikksilm_sysmon"], "@version": "1", "message": "Network connection detected:\nRuleName: -\nUtcTime: 2025-11-08 14:40:57.524\nProcessGuid: {1c3b4e1a-563d-690f-8903-000000000500}\nProcessId: 5436\nImage: C:\\Program Files (x86)\\Microsoft\\Edge\\Application\\msedge.exe\nUser: DESKTOP-JQK13SC\\vagrant\nProtocol: udp\nInitiated: true\nSourceIsIpv6: false\nSourceIp: 10.136.5.65\nSourceHostname: -\nSourcePort: 52912\nSourcePortName: -\nDestinationIsIpv6: false\nDestinationIp: 162.159.61.3\nDestinationHostname: -\nDestinationPort: 443\nDestinationPortName: -", "related": {"ip": ["10.136.5.65", "162.159.61.3"], "user": "vagrant"}, "host": {"id": "1c3b4e1a-5518-4a6d-af82-298224d18338", "os": {"platform": "windows", "family": "windows", "version": "10.0", "name": "Windows 11 Pro", "kernel": "10.0.22621.2861 (WinBuild.160101.0800)", "type": "windows", "build": "22631.2861"}, "ip": ["fe80::1f13:bebd:ede0:ed8c", "10.136.5.65"], "architecture": "x86_64", "mac": ["bc:24:11:65:5d:85"], "hostname": "DESKTOP-JQK13SC"}, "source": {"port": 52912, "ip": "10.136.5.65", "domain": "-"}, "@timestamp": "2025-11-08T14:40:57.524Z", "log": {"level": "information"}, "user": {"name": "vagrant", "domain": "DESKTOP-JQK13SC", "id": "S-1-5-18"}, "network": {"protocol": "-", "type": "ipv4", "direction": "egress", "community_id": "1:aci/bkl+pQD9H4WQR+leaaJby0Q=", "transport": "udp"}, "process": {"pid": 5436, "executable": "C:\\Program Files (x86)\\Microsoft\\Edge\\Application\\msedge.exe", "entity_id": "{1c3b4e1a-563d-690f-8903-000000000500}", "name": "msedge.exe"}, "ecs": {"version": "1.12.0"}, "agent": {"hostname": "DESKTOP-JQK13SC", "ephemeral_id": "0eb94074-2147-427a-8c46-6c6578d3ab93", "name": "DESKTOP-JQK13SC", "type": "winlogbeat", "version": "7.17.29", "id": "1a4af485-022d-4981-8d7f-bea9aff53b0f"}, "event": {"module": "sysmon", "created": "2025-11-08T14:41:14.359Z", "type": ["connection", "start", "protocol"], "kind": "event", "action": "Network connection detected (rule: NetworkConnect)", "provider": "Microsoft-Windows-Sysmon", "category": ["network"], "code": "3"}, "destination": {"port": 443, "ip": "162.159.61.3", "domain": "-"}, "winlog": {"event_id": "3", "user": {"identifier": "S-1-5-18", "domain": "NT AUTHORITY", "name": "SYSTEM", "type": "User"}, "channel": "Microsoft-Windows-Sysmon/Operational", "process": {"pid": 5100, "thread": {"id": 3460}}, "task": "Network connection detected (rule: NetworkConnect)", "computer_name": "DESKTOP-JQK13SC", "opcode": "Info", "version": 5, "provider_name": "Microsoft-Windows-Sysmon", "event_data": {"SourcePortName": "-"}, "api": "wineventlog", "provider_guid": "{5770385f-c22a-43e0-bf4c-06f5698ffbd9}", "record_id": 79936}}
{"tags": ["beats_input_codec_plain_applied", "_jsonparsefailure", "pikksilm_sysmon"], "@version": "1", "message": "Network connection detected:\nRuleName: -\nUtcTime: 2025-11-08 14:40:57.598\nProcessGuid: {1c3b4e1a-563d-690f-8903-000000000500}\nProcessId: 5436\nImage: C:\\Program Files (x86)\\Microsoft\\Edge\\Application\\msedge.exe\nUser: DESKTOP-JQK13SC\\vagrant\nProtocol: tcp\nInitiated: true\nSourceIsIpv6: false\nSourceIp: 10.136.5.65\nSourceHostname: -\nSourcePort: 59752\nSourcePortName: -\nDestinationIsIpv6: false\nDestinationIp: 13.107.246.44\nDestinationHostname: -\nDestinationPort: 443\nDestinationPortName: -", "related": {"ip": ["10.136.5.65", "13.107.246.44"], "user": "vagrant"}, "host": {"id": "1c3b4e1a-5518-4a6d-af82-298224d18338", "os": {"platform": "windows", "type": "windows", "version": "10.0", "family": "windows", "name": "Windows 11 Pro", "kernel": "10.0.22621.2861 (WinBuild.160101.0800)", "build": "22631.2861"}, "ip": ["fe80::1f13:bebd:ede0:ed8c", "10.136.5.65"], "architecture": "x86_64", "mac": ["bc:24:11:65:5d:85"], "hostname": "DESKTOP-JQK13SC"}, "source": {"port": 59752, "ip": "10.136.5.65", "domain": "-"}, "@timestamp": "2025-11-08T14:40:57.598Z", "log": {"level": "information"}, "user": {"name": "vagrant", "domain": "DESKTOP-JQK13SC", "id": "S-1-5-18"}, "network": {"protocol": "-", "type": "ipv4", "direction": "egress", "community_id": "1:6cFa0oX1TZTxwlRjA5Jhab0lO+M=", "transport": "tcp"}, "process": {"executable": "C:\\Program Files (x86)\\Microsoft\\Edge\\Application\\msedge.exe", "name": "msedge.exe", "entity_id": "{1c3b4e1a-563d-690f-8903-000000000500}", "pid": 5436}, "ecs": {"version": "1.12.0"}, "agent": {"ephemeral_id": "0eb94074-2147-427a-8c46-6c6578d3ab93", "id": "1a4af485-022d-4981-8d7f-bea9aff53b0f", "name": "DESKTOP-JQK13SC", "type": "winlogbeat", "version": "7.17.29", "hostname": "DESKTOP-JQK13SC"}, "event": {"module": "sysmon", "created": "2025-11-08T14:41:14.362Z", "type": ["connection", "start", "protocol"], "kind": "event", "action": "Network connection detected (rule: NetworkConnect)", "provider": "Microsoft-Windows-Sysmon", "category": ["network"], "code": "3"}, "destination": {"port": 443, "ip": "13.107.246.44", "domain": "-"}, "winlog": {"event_id": "3", "user": {"identifier": "S-1-5-18", "type": "User", "domain": "NT AUTHORITY", "name": "SYSTEM"}, "task": "Network connection detected (rule: NetworkConnect)", "opcode": "Info", "channel": "Microsoft-Windows-Sysmon/Operational", "computer_name": "DESKTOP-JQK13SC", "process": {"thread": {"id": 3460}, "pid": 5100}, "version": 5, "provider_name": "Microsoft-Windows-Sysmon", "event_data": {"SourcePortName": "-"}, "api": "wineventlog", "provider_guid": "{5770385f-c22a-43e0-bf4c-06f5698ffbd9}", "record_id": 79952}}
{"tags": ["beats_input_codec_plain_applied", "_jsonparsefailure", "pikksilm_sysmon"], "@version": "1", "message": "Network connection detected:\nRuleName: -\nUtcTime: 2025-11-08 14:40:56.524\nProcessGuid: {1c3b4e1a-c768-690f-1300-000000000500}\nProcessId: 1052\nImage: C:\\Windows\\System32\\svchost.exe\nUser: NT AUTHORITY\\SYSTEM\nProtocol: tcp\nInitiated: true\nSourceIsIpv6: false\nSourceIp: 10.136.5.65\nSourceHostname: -\nSourcePort: 54151\nSourcePortName: -\nDestinationIsIpv6: false\nDestinationIp: 92.122.18.57\nDestinationHostname: -\nDestinationPort: 80\nDestinationPortName: -", "related": {"ip": ["10.136.5.65", "92.122.18.57"], "user": "SYSTEM"}, "host": {"id": "1c3b4e1a-5518-4a6d-af82-298224d18338", "os": {"platform": "windows", "type": "windows", "version": "10.0", "family": "windows", "name": "Windows 11 Pro", "kernel": "10.0.22621.2861 (WinBuild.160101.0800)", "build": "22631.2861"}, "ip": ["fe80::1f13:bebd:ede0:ed8c", "10.136.5.65"], "architecture": "x86_64", "mac": ["bc:24:11:65:5d:85"], "hostname": "DESKTOP-JQK13SC"}, "source": {"port": 54151, "ip": "10.136.5.65", "domain": "-"}, "@timestamp": "2025-11-08T14:40:56.524Z", "log": {"level": "information"}, "user": {"name": "SYSTEM", "domain": "NT AUTHORITY", "id": "S-1-5-18"}, "network": {"protocol": "-", "type": "ipv4", "direction": "egress", "community_id": "1:+KjfrkIzhHmST8eJlJ2dyddZFmU=", "transport": "tcp"}, "process": {"pid": 1052, "executable": "C:\\Windows\\System32\\svchost.exe", "entity_id": "{1c3b4e1a-c768-690f-1300-000000000500}", "name": "svchost.exe"}, "ecs": {"version": "1.12.0"}, "agent": {"ephemeral_id": "0eb94074-2147-427a-8c46-6c6578d3ab93", "id": "1a4af485-022d-4981-8d7f-bea9aff53b0f", "name": "DESKTOP-JQK13SC", "type": "winlogbeat", "version": "7.17.29", "hostname": "DESKTOP-JQK13SC"}, "event": {"created": "2025-11-08T14:41:14.357Z", "module": "sysmon", "type": ["connection", "start", "protocol"], "kind": "event", "action": "Network connection detected (rule: NetworkConnect)", "provider": "Microsoft-Windows-Sysmon", "category": ["network"], "code": "3"}, "destination": {"port": 80, "ip": "92.122.18.57", "domain": "-"}, "winlog": {"event_id": "3", "user": {"identifier": "S-1-5-18", "type": "User", "domain": "NT AUTHORITY", "name": "SYSTEM"}, "task": "Network connection detected (rule: NetworkConnect)", "process": {"pid": 5100, "thread": {"id": 3460}}, "channel": "Microsoft-Windows-Sysmon/Operational", "computer_name": "DESKTOP-JQK13SC", "opcode": "Info", "version": 5, "provider_name": "Microsoft-Windows-Sysmon", "event_data": {"SourcePortName": "-"}, "api": "wineventlog", "provider_guid": "{5770385f-c22a-43e0-bf4c-06f5698ffbd9}", "record_id": 79916}}
{"tags": ["beats_input_codec_plain_applied", "_jsonparsefailure", "pikksilm_sysmon"], "@version": "1", "message": "Network connection detected:\nRuleName: -\nUtcTime: 2025-11-08 14:40:57.167\nProcessGuid: {1c3b4e1a-c768-690f-1300-000000000500}\nProcessId: 1052\nImage: C:\\Windows\\System32\\svchost.exe\nUser: NT AUTHORITY\\SYSTEM\nProtocol: tcp\nInitiated: true\nSourceIsIpv6: false\nSourceIp: 10.136.5.65\nSourceHostname: -\nSourcePort: 54155\nSourcePortName: -\nDestinationIsIpv6: false\nDestinationIp: 92.122.18.57\nDestinationHostname: -\nDestinationPort: 80\nDestinationPortName: -", "related": {"ip": ["10.136.5.65", "92.122.18.57"], "user": "SYSTEM"}, "host": {"hostname": "DESKTOP-JQK13SC", "os": {"kernel": "10.0.22621.2861 (WinBuild.160101.0800)", "type": "windows", "platform": "windows", "version": "10.0", "family": "windows", "name": "Windows 11 Pro", "build": "22631.2861"}, "ip": ["fe80::1f13:bebd:ede0:ed8c", "10.136.5.65"], "architecture": "x86_64", "mac": ["bc:24:11:65:5d:85"], "id": "1c3b4e1a-5518-4a6d-af82-298224d18338"}, "source": {"port": 54155, "ip": "10.136.5.65", "domain": "-"}, "@timestamp": "2025-11-08T14:40:57.167Z", "log": {"level": "information"}, "user": {"name": "SYSTEM", "domain": "NT AUTHORITY", "id": "S-1-5-18"}, "network": {"type": "ipv4", "community_id": "1:ZQV2HJKYUjgMfVfflKAUN+SPPWk=", "protocol": "-", "direction": "egress", "transport": "tcp"}, "process": {"pid": 1052, "executable": "C:\\Windows\\System32\\svchost.exe", "entity_id": "{1c3b4e1a-c768-690f-1300-000000000500}", "name": "svchost.exe"}, "ecs": {"version": "1.12.0"}, "agent": {"ephemeral_id": "0eb94074-2147-427a-8c46-6c6578d3ab93", "id": "1a4af485-022d-4981-8d7f-bea9aff53b0f", "name": "DESKTOP-JQK13SC", "type": "winlogbeat", "version": "7.17.29", "hostname": "DESKTOP-JQK13SC"}, "event": {"module": "sysmon", "created": "2025-11-08T14:41:14.468Z", "type": ["connection", "start", "protocol"], "kind": "event", "action": "Network connection detected (rule: NetworkConnect)", "provider": "Microsoft-Windows-Sysmon", "category": ["network"], "code": "3"}, "destination": {"port": 80, "ip": "92.122.18.57", "domain": "-"}, "winlog": {"event_id": "3", "user": {"identifier": "S-1-5-18", "domain": "NT AUTHORITY", "name": "SYSTEM", "type": "User"}, "channel": "Microsoft-Windows-Sysmon/Operational", "process": {"pid": 5100, "thread": {"id": 3460}}, "task": "Network connection detected (rule: NetworkConnect)", "computer_name": "DESKTOP-JQK13SC", "opcode": "Info", "version": 5, "provider_name": "Microsoft-Windows-Sysmon", "event_data": {"SourcePortName": "-"}, "api": "wineventlog", "provider_guid": "{5770385f-c22a-43e0-bf4c-06f5698ffbd9}", "record_id": 80036}}
