{"tags": ["beats_input_codec_plain_applied", "_jsonparsefailure", "pikksilm_sysmon"], "@version": "1", "message": "Network connection detected:\nRuleName: -\nUtcTime: 2025-11-08 14:41:19.731\nProcessGuid: {1c3b4e1a-5635-690f-7a03-000000000500}\nProcessId: 6272\nImage: C:\\Program Files (x86)\\Microsoft\\Edge\\Application\\msedge.exe\nUser: DESKTOP-JQK13SC\\vagrant\nProtocol: udp\nInitiated: true\nSourceIsIpv6: false\nSourceIp: 10.136.5.65\nSourceHostname: -\nSourcePort: 5353\nSourcePortName: -\nDestinationIsIpv6: false\nDestinationIp: 224.0.0.251\nDestinationHostname: -\nDestinationPort: 5353\nDestinationPortName: -", "related": {"ip": ["10.136.5.65", "224.0.0.251"], "user": "vagrant"}, "host": {"id": "1c3b4e1a-5518-4a6d-af82-298224d18338", "os": {"name": "Windows 11 Pro", "kernel": "10.0.22621.2861 (WinBuild.160101.0800)", "type": "windows", "platform": "windows", "version": "10.0", "family": "windows", "build": "22631.2861"}, "ip": ["fe80::1f13:bebd:ede0:ed8c", "10.136.5.65"], "architecture": "x86_64", "mac": ["bc:24:11:65:5d:85"], "hostname": "DESKTOP-JQK13SC"}, "source": {"port": 5353, "ip": "10.136.5.65", "domain": "-"}, "@timestamp": "2025-11-08T14:41:19.731Z", "log": {"level": "information"}, "user": {"name": "vagrant", "domain": "DESKTOP-JQK13SC", "id": "S-1-5-18"}, "network": {"protocol": "-", "type": "ipv4", "direction": "egress", "community_id": "1:9p90TsrHkq6X3Q//d3S4sTft1co=", "transport": "udp"}, "process": {"pid": 6272, "executable": "C:\\Program Files (x86)\\Microsoft\\Edge\\Application\\msedge.exe", "entity_id": "{1c3b4e1a-5635-690f-7a03-000000000500}", "name": "msedge.exe"}, "ecs": {"version": "1.12.0"}, "agent": {"ephemeral_id": "0eb94074-2147-427a-8c46-6c6578d3ab93", "id": "1a4af485-022d-4981-8d7f-bea9aff53b0f", "name": "DESKTOP-JQK13SC", "type": "winlogbeat", "version": "7.17.29", "hostname": "DESKTOP-JQK13SC"}, "event": {"created": "2025-11-08T14:41:21.667Z", "module": "sysmon", "type": ["connection", "start", "protocol"], "kind": "event", "action": "Network connection detected (rule: NetworkConnect)", "provider": "Microsoft-Windows-Sysmon", "category": ["network"], "code": "3"}, "destination": {"port": 5353, "ip": "224.0.0.251", "domain": "-"}, "winlog": {"event_id": "3", "user": {"identifier": "S-1-5-18", "type": "User", "domain": "NT AUTHORITY", "name": "SYSTEM"}, "channel": "Microsoft-Windows-Sysmon/Operational", "process": {"pid": 5100, "thread": {"id": 3460}}, "opcode": "Info", "computer_name": "DESKTOP-JQK13SC", "task": "Network connection detected (rule: NetworkConnect)", "version": 5, "provider_name": "Microsoft-Windows-Sysmon", "event_data": {"SourcePortName": "-"}, "api": "wineventlog", "provider_guid": "{5770385f-c22a-43e0-bf4c-06f5698ffbd9}", "record_id": 82614}}
{"tags": ["beats_input_codec_plain_applied", "_jsonparsefailure", "pikksilm_sysmon"], "@version": "1", "message": "Network connection detected:\nRuleName: -\nUtcTime: 2025-11-08 14:41:19.731\nProcessGuid: {1c3b4e1a-5635-690f-7a03-000000000500}\nProcessId: 6272\nImage: C:\\Program Files (x86)\\Microsoft\\Edge\\Application\\msedge.exe\nUser: DESKTOP-JQK13SC\\vagrant\nProtocol: udp\nInitiated: true\nSourceIsIpv6: true\nSourceIp: fe80:0:0:0:1f13:bebd:ede0:ed8c\nSourceHostname: -\nSourcePort: 5353\nSourcePortName: -\nDestinationIsIpv6: true\nDestinationIp: ff02:0:0:0:0:0:0:fb\nDestinationHostname: -\nDestinationPort: 5353\nDestinationPortName: -", "related": {"ip": ["fe80:0:0:0:1f13:bebd:ede0:ed8c", "ff02:0:0:0:0:0:0:fb"], "user": "vagrant"}, "host": {"hostname": "DESKTOP-JQK13SC", "os": {"platform": "windows", "family": "windows", "version": "10.0", "name": "Windows 11 Pro", "kernel": "10.0.22621.2861 (WinBuild.160101.0800)", "type": "windows", "build": "22631.2861"}, "ip": ["fe80::1f13:bebd:ede0:ed8c", "10.136.5.65"], "architecture": "x86_64", "mac": ["bc:24:11:65:5d:85"], "id": "1c3b4e1a-5518-4a6d-af82-298224d18338"}, "source": {"port": 5353, "ip": "fe80:0:0:0:1f13:bebd:ede0:ed8c", "domain": "-"}, "@timestamp": "2025-11-08T14:41:19.731Z", "log": {"level": "information"}, "user": {"name": "vagrant", "domain": "DESKTOP-JQK13SC", "id": "S-1-5-18"}, "network": {"protocol": "-", "type": "ipv6", "direction": "egress", "community_id": "1:noHYU3grCuYocQDQ0fyb37fsxs0=", "transport": "udp"}, "process": {"pid": 6272, "executable": "C:\\Program Files (x86)\\Microsoft\\Edge\\Application\\msedge.exe", "name": "msedge.exe", "entity_id": "{1c3b4e1a-5635-690f-7a03-000000000500}"}, "ecs": {"version": "1.12.0"}, "agent": {"ephemeral_id": "0eb94074-2147-427a-8c46-6c6578d3ab93", "id": "1a4af485-022d-4981-8d7f-bea9aff53b0f", "name": "DESKTOP-JQK13SC", "type": "winlogbeat", "version": "7.17.29", "hostname": "DESKTOP-JQK13SC"}, "event": {"created": "2025-11-08T14:41:21.667Z", "module": "sysmon", "type": ["connection", "start", "protocol"], "kind": "event", "action": "Network connection detected (rule: NetworkConnect)", "provider": "Microsoft-Windows-Sysmon", "category": ["network"], "code": "3"}, "destination": {"port": 5353, "ip": "ff02:0:0:0:0:0:0:fb", "domain": "-"}, "winlog": {"event_id": "3", "user": {"identifier": "S-1-5-18", "domain": "NT AUTHORITY", "name": "SYSTEM", "type": "User"}, "channel": "Microsoft-Windows-Sysmon/Operational", "opcode": "Info", "task": "Network connection detected (rule: NetworkConnect)", "process": {"pid": 5100, "thread": {"id": 3460}}, "computer_name": "DESKTOP-JQK13SC", "version": 5, "provider_name": "Microsoft-Windows-Sysmon", "event_data": {"SourcePortName": "-"}, "api": "wineventlog", "provider_guid": "{5770385f-c22a-43e0-bf4c-06f5698ffbd9}", "record_id": 82617}}
{"tags": ["beats_input_codec_plain_applied", "_jsonparsefailure", "pikksilm_sysmon"], "@version": "1", "message": "Network connection detected:\nRuleName: -\nUtcTime: 2025-11-08 14:41:19.738\nProcessGuid: {4d96f8ad-c7b1-690f-1f00-000000000500}\nProcessId: 1624\nImage: C:\\Windows\\system32\\svchost.exe\nUser: NT AUTHORITY\\NETWORK SERVICE\nProtocol: udp\nInitiated: false\nSourceIsIpv6: false\nSourceIp: 224.0.0.251\nSourceHostname: -\nSourcePort: 5353\nSourcePortName: -\nDestinationIsIpv6: false\nDestinationIp: 10.136.5.65\nDestinationHostname: -\nDestinationPort: 5353\nDestinationPortName: -", "related": {"ip": ["224.0.0.251", "10.136.5.65"], "user": "NETWORK SERVICE"}, "host": {"hostname": "DESKTOP-4KG93DG", "os": {"name": "Windows 11 Pro", "kernel": "10.0.22621.2861 (WinBuild.160101.0800)", "type": "windows", "platform": "windows", "version": "10.0", "family": "windows", "build": "22631.2861"}, "ip": ["fe80::54fd:e63:93ce:bb23", "10.136.5.69"], "architecture": "x86_64", "mac": ["bc:24:11:10:2c:d3"], "id": "4d96f8ad-6ed7-495d-9069-5f56c2ebf694"}, "source": {"port": 5353, "ip": "224.0.0.251", "domain": "-"}, "@timestamp": "2025-11-08T14:41:19.738Z", "log": {"level": "information"}, "user": {"name": "NETWORK SERVICE", "domain": "NT AUTHORITY", "id": "S-1-5-18"}, "network": {"type": "ipv4", "community_id": "1:9p90TsrHkq6X3Q//d3S4sTft1co=", "direction": "ingress", "protocol": "-", "transport": "udp"}, "process": {"name": "svchost.exe", "pid": 1624, "entity_id": "{4d96f8ad-c7b1-690f-1f00-000000000500}", "executable": "C:\\Windows\\system32\\svchost.exe"}, "ecs": {"version": "1.12.0"}, "agent": {"ephemeral_id": "b4008bfb-8e39-4e8e-8ad7-e585c890b879", "id": "bd065c39-423b-48a6-b74e-4c0ace0cf1cc", "name": "DESKTOP-4KG93DG", "type": "winlogbeat", "version": "7.17.29", "hostname": "DESKTOP-4KG93DG"}, "event": {"created": "2025-11-08T14:41:23.045Z", "module": "sysmon", "type": ["connection", "start", "protocol"], "kind": "event", "action": "Network connection detected (rule: NetworkConnect)", "provider": "Microsoft-Windows-Sysmon", "category": ["network"], "code": "3"}, "destination": {"port": 5353, "ip": "10.136.5.65", "domain": "-"}, "winlog": {"event_id": "3", "user": {"name": "SYSTEM", "type": "User", "identifier": "S-1-5-18", "domain": "NT AUTHORITY"}, "channel": "Microsoft-Windows-Sysmon/Operational", "opcode": "Info", "process": {"pid": 2248, "thread": {"id": 496}}, "computer_name": "DESKTOP-4KG93DG", "task": "Network connection detected (rule: NetworkConnect)", "version": 5, "provider_name": "Microsoft-Windows-Sysmon", "event_data": {"SourcePortName": "-"}, "api": "wineventlog", "provider_guid": "{5770385f-c22a-43e0-bf4c-06f5698ffbd9}", "record_id": 39470}}
{"tags": ["beats_input_codec_plain_applied", "_jsonparsefailure", "pikksilm_sysmon"], "@version": "1", "message": "Network connection detected:\nRuleName: -\nUtcTime: 2025-11-08 14:41:19.738\nProcessGuid: {4d96f8ad-c7b1-690f-1f00-000000000500}\nProcessId: 1624\nImage: C:\\Windows\\system32\\svchost.exe\nUser: NT AUTHORITY\\NETWORK SERVICE\nProtocol: udp\nInitiated: false\nSourceIsIpv6: true\nSourceIp: ff02:0:0:0:0:0:0:fb\nSourceHostname: -\nSourcePort: 5353\nSourcePortName: -\nDestinationIsIpv6: true\nDestinationIp: fe80:0:0:0:1f13:bebd:ede0:ed8c\nDestinationHostname: -\nDestinationPort: 5353\nDestinationPortName: -", "related": {"ip": ["ff02:0:0:0:0:0:0:fb", "fe80:0:0:0:1f13:bebd:ede0:ed8c"], "user": "NETWORK SERVICE"}, "host": {"id": "4d96f8ad-6ed7-495d-9069-5f56c2ebf694", "os": {"kernel": "10.0.22621.2861 (WinBuild.160101.0800)", "type": "windows", "platform": "windows", "version": "10.0", "family": "windows", "name": "Windows 11 Pro", "build": "22631.2861"}, "ip": ["fe80::54fd:e63:93ce:bb23", "10.136.5.69"], "architecture": "x86_64", "mac": ["bc:24:11:10:2c:d3"], "hostname": "DESKTOP-4KG93DG"}, "source": {"port": 5353, "ip": "ff02:0:0:0:0:0:0:fb", "domain": "-"}, "@timestamp": "2025-11-08T14:41:19.738Z", "log": {"level": "information"}, "user": {"name": "NETWORK SERVICE", "domain": "NT AUTHORITY", "id": "S-1-5-18"}, "network": {"protocol": "-", "type": "ipv6", "direction": "ingress", "community_id": "1:noHYU3grCuYocQDQ0fyb37fsxs0=", "transport": "udp"}, "process": {"pid": 1624, "executable": "C:\\Windows\\system32\\svchost.exe", "entity_id": "{4d96f8ad-c7b1-690f-1f00-000000000500}", "name": "svchost.exe"}, "ecs": {"version": "1.12.0"}, "agent": {"hostname": "DESKTOP-4KG93DG", "ephemeral_id": "b4008bfb-8e39-4e8e-8ad7-e585c890b879", "name": "DESKTOP-4KG93DG", "type": "winlogbeat", "version": "7.17.29", "id": "bd065c39-423b-48a6-b74e-4c0ace0cf1cc"}, "event": {"module": "sysmon", "created": "2025-11-08T14:41:23.044Z", "type": ["connection", "start", "protocol"], "kind": "event", "action": "Network connection detected (rule: NetworkConnect)", "provider": "Microsoft-Windows-Sysmon", "category": ["network"], "code": "3"}, "destination": {"port": 5353, "ip": "fe80:0:0:0:1f13:bebd:ede0:ed8c", "domain": "-"}, "winlog": {"event_id": "3", "user": {"identifier": "S-1-5-18", "domain": "NT AUTHORITY", "name": "SYSTEM", "type": "User"}, "channel": "Microsoft-Windows-Sysmon/Operational", "opcode": "Info", "task": "Network connection detected (rule: NetworkConnect)", "process": {"thread": {"id": 496}, "pid": 2248}, "computer_name": "DESKTOP-4KG93DG", "version": 5, "provider_name": "Microsoft-Windows-Sysmon", "event_data": {"SourcePortName": "-"}, "api": "wineventlog", "provider_guid": "{5770385f-c22a-43e0-bf4c-06f5698ffbd9}", "record_id": 39468}}
{"tags": ["beats_input_codec_plain_applied", "_jsonparsefailure", "pikksilm_sysmon"], "@version": "1", "message": "Network connection detected:\nRuleName: -\nUtcTime: 2025-11-08 14:41:20.103\nProcessGuid: {1c3b4e1a-c775-690f-3100-000000000500}\nProcessId: 2676\nImage: C:\\Windows\\System32\\svchost.exe\nUser: NT AUTHORITY\\SYSTEM\nProtocol: tcp\nInitiated: true\nSourceIsIpv6: false\nSourceIp: 10.136.5.65\nSourceHostname: -\nSourcePort: 54028\nSourcePortName: -\nDestinationIsIpv6: false\nDestinationIp: 20.42.65.91\nDestinationHostname: -\nDestinationPort: 443\nDestinationPortName: -", "related": {"ip": ["10.136.5.65", "20.42.65.91"], "user": "SYSTEM"}, "host": {"id": "1c3b4e1a-5518-4a6d-af82-298224d18338", "os": {"family": "windows", "name": "Windows 11 Pro", "kernel": "10.0.22621.2861 (WinBuild.160101.0800)", "type": "windows", "platform": "windows", "version": "10.0", "build": "22631.2861"}, "ip": ["fe80::1f13:bebd:ede0:ed8c", "10.136.5.65"], "architecture": "x86_64", "mac": ["bc:24:11:65:5d:85"], "hostname": "DESKTOP-JQK13SC"}, "source": {"port": 54028, "ip": "10.136.5.65", "domain": "-"}, "@timestamp": "2025-11-08T14:41:20.103Z", "log": {"level": "information"}, "user": {"name": "SYSTEM", "domain": "NT AUTHORITY", "id": "S-1-5-18"}, "network": {"community_id": "1:BE4SZeVuMySLr7FGmgGH1MW7k5Y=", "protocol": "-", "direction": "egress", "type": "ipv4", "transport": "tcp"}, "process": {"name": "svchost.exe", "pid": 2676, "entity_id": "{1c3b4e1a-c775-690f-3100-000000000500}", "executable": "C:\\Windows\\System32\\svchost.exe"}, "ecs": {"version": "1.12.0"}, "agent": {"id": "1a4af485-022d-4981-8d7f-bea9aff53b0f", "hostname": "DESKTOP-JQK13SC", "name": "DESKTOP-JQK13SC", "type": "winlogbeat", "version": "7.17.29", "ephemeral_id": "0eb94074-2147-427a-8c46-6c6578d3ab93"}, "event": {"module": "sysmon", "created": "2025-11-08T14:41:23.118Z", "type": ["connection", "start", "protocol"], "kind": "event", "action": "Network connection detected (rule: NetworkConnect)", "provider": "Microsoft-Windows-Sysmon", "category": ["network"], "code": "3"}, "destination": {"port": 443, "ip": "20.42.65.91", "domain": "-"}, "winlog": {"event_id": "3", "user": {"identifier": "S-1-5-18", "domain": "NT AUTHORITY", "name": "SYSTEM", "type": "User"}, "channel": "Microsoft-Windows-Sysmon/Operational", "task": "Network connection detected (rule: NetworkConnect)", "opcode": "Info", "process": {"pid": 5100, "thread": {"id": 3460}}, "computer_name": "DESKTOP-JQK13SC", "version": 5, "provider_name": "Microsoft-Windows-Sysmon", "event_data": {"SourcePortName": "-"}, "api": "wineventlog", "provider_guid": "{5770385f-c22a-43e0-bf4c-06f5698ffbd9}", "record_id": 82780}}
{"tags": ["beats_input_codec_plain_applied", "_jsonparsefailure", "pikksilm_sysmon"], "@version": "1", "message": "Network connection detected:\nRuleName: -\nUtcTime: 2025-11-08 14:41:19.732\nProcessGuid: {1c3b4e1a-c76f-690f-1f00-000000000500}\nProcessId: 1660\nImage: C:\\Windows\\system32\\svchost.exe\nUser: NT AUTHORITY\\NETWORK SERVICE\nProtocol: udp\nInitiated: false\nSourceIsIpv6: true\nSourceIp: ff02:0:0:0:0:0:0:fb\nSourceHostname: -\nSourcePort: 5353\nSourcePortName: -\nDestinationIsIpv6: true\nDestinationIp: fe80:0:0:0:1f13:bebd:ede0:ed8c\nDestinationHostname: -\nDestinationPort: 5353\nDestinationPortName: -", "related": {"ip": ["ff02:0:0:0:0:0:0:fb", "fe80:0:0:0:1f13:bebd:ede0:ed8c"], "user": "NETWORK SERVICE"}, "host": {"hostname": "DESKTOP-JQK13SC", "os": {"family": "windows", "name": "Windows 11 Pro", "version": "10.0", "kernel": "10.0.22621.2861 (WinBuild.160101.0800)", "type": "windows", "platform": "windows", "build": "22631.2861"}, "ip": ["fe80::1f13:bebd:ede0:ed8c", "10.136.5.65"], "architecture": "x86_64", "mac": ["bc:24:11:65:5d:85"], "id": "1c3b4e1a-5518-4a6d-af82-298224d18338"}, "source": {"port": 5353, "ip": "ff02:0:0:0:0:0:0:fb", "domain": "-"}, "@timestamp": "2025-11-08T14:41:19.732Z", "log": {"level": "information"}, "user": {"name": "NETWORK SERVICE", "domain": "NT AUTHORITY", "id": "S-1-5-18"}, "network": {"protocol": "-", "type": "ipv6", "direction": "ingress", "community_id": "1:noHYU3grCuYocQDQ0fyb37fsxs0=", "transport": "udp"}, "process": {"name": "svchost.exe", "pid": 1660, "entity_id": "{1c3b4e1a-c76f-690f-1f00-000000000500}", "executable": "C:\\Windows\\system32\\svchost.exe"}, "ecs": {"version": "1.12.0"}, "agent": {"ephemeral_id": "0eb94074-2147-427a-8c46-6c6578d3ab93", "id": "1a4af485-022d-4981-8d7f-bea9aff53b0f", "name": "DESKTOP-JQK13SC", "type": "winlogbeat", "version": "7.17.29", "hostname": "DESKTOP-JQK13SC"}, "event": {"module": "sysmon", "created": "2025-11-08T14:41:23.111Z", "type": ["connection", "start", "protocol"], "kind": "event", "action": "Network connection detected (rule: NetworkConnect)", "provider": "Microsoft-Windows-Sysmon", "category": ["network"], "code": "3"}, "destination": {"port": 5353, "ip": "fe80:0:0:0:1f13:bebd:ede0:ed8c", "domain": "-"}, "winlog": {"event_id": "3", "user": {"name": "SYSTEM", "type": "User", "identifier": "S-1-5-18", "domain": "NT AUTHORITY"}, "task": "Network connection detected (rule: NetworkConnect)", "process": {"pid": 5100, "thread": {"id": 3460}}, "opcode": "Info", "computer_name": "DESKTOP-JQK13SC", "channel": "Microsoft-Windows-Sysmon/Operational", "version": 5, "provider_name": "Microsoft-Windows-Sysmon", "event_data": {"SourcePortName": "-"}, "api": "wineventlog", "provider_guid": "{5770385f-c22a-43e0-bf4c-06f5698ffbd9}", "record_id": 82729}}
{"tags": ["beats_input_codec_plain_applied", "_jsonparsefailure", "pikksilm_sysmon"], "@version": "1", "message": "Network connection detected:\nRuleName: -\nUtcTime: 2025-11-08 14:41:21.592\nProcessGuid: {1c3b4e1a-c768-690f-1300-000000000500}\nProcessId: 1052\nImage: C:\\Windows\\System32\\svchost.exe\nUser: NT AUTHORITY\\SYSTEM\nProtocol: tcp\nInitiated: true\nSourceIsIpv6: false\nSourceIp: 10.136.5.65\nSourceHostname: -\nSourcePort: 54029\nSourcePortName: -\nDestinationIsIpv6: false\nDestinationIp: 52.165.164.15\nDestinationHostname: -\nDestinationPort: 443\nDestinationPortName: -", "related": {"ip": ["10.136.5.65", "52.165.164.15"], "user": "SYSTEM"}, "host": {"id": "1c3b4e1a-5518-4a6d-af82-298224d18338", "os": {"kernel": "10.0.22621.2861 (WinBuild.160101.0800)", "type": "windows", "platform": "windows", "version": "10.0", "family": "windows", "name": "Windows 11 Pro", "build": "22631.2861"}, "ip": ["fe80::1f13:bebd:ede0:ed8c", "10.136.5.65"], "architecture": "x86_64", "mac": ["bc:24:11:65:5d:85"], "hostname": "DESKTOP-JQK13SC"}, "source": {"port": 54029, "ip": "10.136.5.65", "domain": "-"}, "@timestamp": "2025-11-08T14:41:21.592Z", "log": {"level": "information"}, "user": {"name": "SYSTEM", "domain": "NT AUTHORITY", "id": "S-1-5-18"}, "network": {"protocol": "-", "type": "ipv4", "direction": "egress", "community_id": "1:V6ciNMCKZZuV1HYdkLiEAeVlGmA=", "transport": "tcp"}, "process": {"pid": 1052, "executable": "C:\\Windows\\System32\\svchost.exe", "entity_id": "{1c3b4e1a-c768-690f-1300-000000000500}", "name": "svchost.exe"}, "ecs": {"version": "1.12.0"}, "agent": {"hostname": "DESKTOP-JQK13SC", "ephemeral_id": "0eb94074-2147-427a-8c46-6c6578d3ab93", "name": "DESKTOP-JQK13SC", "type": "winlogbeat", "version": "7.17.29", "id": "1a4af485-022d-4981-8d7f-bea9aff53b0f"}, "event": {"module": "sysmon", "created": "2025-11-08T14:41:23.269Z", "type": ["connection", "start", "protocol"], "kind": "event", "action": "Network connection detected (rule: NetworkConnect)", "provider": "Microsoft-Windows-Sysmon", "category": ["network"], "code": "3"}, "destination": {"port": 443, "ip": "52.165.164.15", "domain": "-"}, "winlog": {"event_id": "3", "user": {"name": "SYSTEM", "type": "User", "identifier": "S-1-5-18", "domain": "NT AUTHORITY"}, "task": "Network connection detected (rule: NetworkConnect)", "opcode": "Info", "process": {"pid": 5100, "thread": {"id": 3460}}, "computer_name": "DESKTOP-JQK13SC", "channel": "Microsoft-Windows-Sysmon/Operational", "version": 5, "provider_name": "Microsoft-Windows-Sysmon", "event_data": {"SourcePortName": "-"}, "api": "wineventlog", "provider_guid": "{5770385f-c22a-43e0-bf4c-06f5698ffbd9}", "record_id": 82873}}
{"tags": ["beats_input_codec_plain_applied", "_jsonparsefailure", "pikksilm_sysmon"], "@version": "1", "message": "Network connection detected:\nRuleName: -\nUtcTime: 2025-11-08 14:41:19.740\nProcessGuid: {b14ecd17-c77f-690f-1f00-000000000500}\nProcessId: 1664\nImage: C:\\Windows\\system32\\svchost.exe\nUser: NT AUTHORITY\\NETWORK SERVICE\nProtocol: udp\nInitiated: false\nSourceIsIpv6: false\nSourceIp: 224.0.0.251\nSourceHostname: -\nSourcePort: 5353\nSourcePortName: -\nDestinationIsIpv6: false\nDestinationIp: 10.136.5.65\nDestinationHostname: -\nDestinationPort: 5353\nDestinationPortName: -", "related": {"ip": ["224.0.0.251", "10.136.5.65"], "user": "NETWORK SERVICE"}, "host": {"hostname": "DESKTOP-8Q44FSM", "os": {"family": "windows", "name": "Windows 11 Pro", "kernel": "10.0.22621.2861 (WinBuild.160101.0800)", "type": "windows", "platform": "windows", "version": "10.0", "build": "22631.2861"}, "ip": ["fe80::48f7:5d50:95ed:189a", "10.136.5.66"], "architecture": "x86_64", "mac": ["bc:24:11:45:94:8e"], "id": "b14ecd17-5d3b-4f55-baee-6ff4cabb34b4"}, "source": {"port": 5353, "ip": "224.0.0.251", "domain": "-"}, "@timestamp": "2025-11-08T14:41:19.740Z", "log": {"level": "information"}, "user": {"name": "NETWORK SERVICE", "domain": "NT AUTHORITY", "id": "S-1-5-18"}, "network": {"protocol": "-", "type": "ipv4", "direction": "ingress", "community_id": "1:9p90TsrHkq6X3Q//d3S4sTft1co=", "transport": "udp"}, "process": {"pid": 1664, "executable": "C:\\Windows\\system32\\svchost.exe", "entity_id": "{b14ecd17-c77f-690f-1f00-000000000500}", "name": "svchost.exe"}, "ecs": {"version": "1.12.0"}, "agent": {"ephemeral_id": "dcd8318d-95d4-4b47-92c0-9b7bdc2aa8b4", "id": "ad03eb5d-aaf5-44d5-b5c0-e19e6c891455", "name": "DESKTOP-8Q44FSM", "type": "winlogbeat", "version": "7.17.29", "hostname": "DESKTOP-8Q44FSM"}, "event": {"module": "sysmon", "created": "2025-11-08T14:41:23.338Z", "type": ["connection", "start", "protocol"], "kind": "event", "action": "Network connection detected (rule: NetworkConnect)", "provider": "Microsoft-Windows-Sysmon", "category": ["network"], "code": "3"}, "destination": {"port": 5353, "ip": "10.136.5.65", "domain": "-"}, "winlog": {"event_id": "3", "user": {"identifier": "S-1-5-18", "domain": "NT AUTHORITY", "name": "SYSTEM", "type": "User"}, "task": "Network connection detected (rule: NetworkConnect)", "opcode": "Info", "process": {"pid": 1156, "thread": {"id": 1884}}, "computer_name": "DESKTOP-8Q44FSM", "channel": "Microsoft-Windows-Sysmon/Operational", "version": 5, "provider_name": "Microsoft-Windows-Sysmon", "event_data": {"SourcePortName": "-"}, "api": "wineventlog", "provider_guid": "{5770385f-c22a-43e0-bf4c-06f5698ffbd9}", "record_id": 38843}}
{"tags": ["beats_input_codec_plain_applied", "_jsonparsefailure", "pikksilm_sysmon"], "@version": "1", "message": "Network connection detected:\nRuleName: -\nUtcTime: 2025-11-08 14:41:19.740\nProcessGuid: {b14ecd17-c77f-690f-1f00-000000000500}\nProcessId: 1664\nImage: C:\\Windows\\system32\\svchost.exe\nUser: NT AUTHORITY\\NETWORK SERVICE\nProtocol: udp\nInitiated: false\nSourceIsIpv6: true\nSourceIp: ff02:0:0:0:0:0:0:fb\nSourceHostname: -\nSourcePort: 5353\nSourcePortName: -\nDestinationIsIpv6: true\nDestinationIp: fe80:0:0:0:1f13:bebd:ede0:ed8c\nDestinationHostname: -\nDestinationPort: 5353\nDestinationPortName: -", "related": {"ip": ["ff02:0:0:0:0:0:0:fb", "fe80:0:0:0:1f13:bebd:ede0:ed8c"], "user": "NETWORK SERVICE"}, "host": {"id": "b14ecd17-5d3b-4f55-baee-6ff4cabb34b4", "os": {"platform": "windows", "type": "windows", "version": "10.0", "family": "windows", "name": "Windows 11 Pro", "kernel": "10.0.22621.2861 (WinBuild.160101.0800)", "build": "22631.2861"}, "ip": ["fe80::48f7:5d50:95ed:189a", "10.136.5.66"], "architecture": "x86_64", "mac": ["bc:24:11:45:94:8e"], "hostname": "DESKTOP-8Q44FSM"}, "source": {"port": 5353, "ip": "ff02:0:0:0:0:0:0:fb", "domain": "-"}, "@timestamp": "2025-11-08T14:41:19.740Z", "log": {"level": "information"}, "user": {"name": "NETWORK SERVICE", "domain": "NT AUTHORITY", "id": "S-1-5-18"}, "network": {"community_id": "1:noHYU3grCuYocQDQ0fyb37fsxs0=", "protocol": "-", "direction": "ingress", "type": "ipv6", "transport": "udp"}, "process": {"name": "svchost.exe", "pid": 1664, "entity_id": "{b14ecd17-c77f-690f-1f00-000000000500}", "executable": "C:\\Windows\\system32\\svchost.exe"}, "ecs": {"version": "1.12.0"}, "agent": {"ephemeral_id": "dcd8318d-95d4-4b47-92c0-9b7bdc2aa8b4", "id": "ad03eb5d-aaf5-44d5-b5c0-e19e6c891455", "name": "DESKTOP-8Q44FSM", "type": "winlogbeat", "version": "7.17.29", "hostname": "DESKTOP-8Q44FSM"}, "event": {"created": "2025-11-08T14:41:23.339Z", "module": "sysmon", "type": ["connection", "start", "protocol"], "kind": "event", "action": "Network connection detected (rule: NetworkConnect)", "provider": "Microsoft-Windows-Sysmon", "category": ["network"], "code": "3"}, "destination": {"port": 5353, "ip": "fe80:0:0:0:1f13:bebd:ede0:ed8c", "domain": "-"}, "winlog": {"event_id": "3", "user": {"identifier": "S-1-5-18", "domain": "NT AUTHORITY", "name": "SYSTEM", "type": "User"}, "channel": "Microsoft-Windows-Sysmon/Operational", "opcode": "Info", "process": {"pid": 1156, "thread": {"id": 1884}}, "computer_name": "DESKTOP-8Q44FSM", "task": "Network connection detected (rule: NetworkConnect)", "version": 5, "provider_name": "Microsoft-Windows-Sysmon", "event_data": {"SourcePortName": "-"}, "api": "wineventlog", "provider_guid": "{5770385f-c22a-43e0-bf4c-06f5698ffbd9}", "record_id": 38844}}
{"tags": ["beats_input_codec_plain_applied", "_jsonparsefailure", "pikksilm_sysmon"], "@version": "1", "message": "Network connection detected:\nRuleName: -\nUtcTime: 2025-11-08 14:41:19.730\nProcessGuid: {6c054e7e-c78a-690f-1f00-000000000500}\nProcessId: 1632\nImage: C:\\Windows\\system32\\svchost.exe\nUser: NT AUTHORITY\\NETWORK SERVICE\nProtocol: udp\nInitiated: false\nSourceIsIpv6: false\nSourceIp: 224.0.0.251\nSourceHostname: -\nSourcePort: 5353\nSourcePortName: -\nDestinationIsIpv6: false\nDestinationIp: 10.136.5.65\nDestinationHostname: -\nDestinationPort: 5353\nDestinationPortName: -", "related": {"ip": ["224.0.0.251", "10.136.5.65"], "user": "NETWORK SERVICE"}, "host": {"id": "6c054e7e-a5b1-4db9-8d63-3f70f302d6af", "os": {"platform": "windows", "type": "windows", "version": "10.0", "family": "windows", "name": "Windows 11 Pro", "kernel": "10.0.22621.2861 (WinBuild.160101.0800)", "build": "22631.2861"}, "ip": ["fe80::b392:ba9e:24f8:260e", "10.136.5.67"], "architecture": "x86_64", "mac": ["bc:24:11:9a:96:84"], "hostname": "DESKTOP-Q167QR1"}, "source": {"port": 5353, "ip": "224.0.0.251", "domain": "-"}, "@timestamp": "2025-11-08T14:41:19.730Z", "log": {"level": "information"}, "user": {"name": "NETWORK SERVICE", "domain": "NT AUTHORITY", "id": "S-1-5-18"}, "network": {"type": "ipv4", "community_id": "1:9p90TsrHkq6X3Q//d3S4sTft1co=", "protocol": "-", "direction": "ingress", "transport": "udp"}, "process": {"pid": 1632, "executable": "C:\\Windows\\system32\\svchost.exe", "entity_id": "{6c054e7e-c78a-690f-1f00-000000000500}", "name": "svchost.exe"}, "ecs": {"version": "1.12.0"}, "agent": {"ephemeral_id": "e918f62f-a141-4b32-a344-477f03b1b9ea", "id": "b6d0da7e-2d5b-408f-88d3-d607a27fb60e", "name": "DESKTOP-Q167QR1", "type": "winlogbeat", "version": "7.17.29", "hostname": "DESKTOP-Q167QR1"}, "event": {"created": "2025-11-08T14:41:23.552Z", "module": "sysmon", "type": ["connection", "start", "protocol"], "kind": "event", "action": "Network connection detected (rule: NetworkConnect)", "provider": "Microsoft-Windows-Sysmon", "category": ["network"], "code": "3"}, "destination": {"port": 5353, "ip": "10.136.5.65", "domain": "-"}, "winlog": {"event_id": "3", "user": {"name": "SYSTEM", "domain": "NT AUTHORITY", "type": "User", "identifier": "S-1-5-18"}, "task": "Network connection detected (rule: NetworkConnect)", "opcode": "Info", "process": {"pid": 3804, "thread": {"id": 1008}}, "computer_name": "DESKTOP-Q167QR1", "channel": "Microsoft-Windows-Sysmon/Operational", "version": 5, "provider_name": "Microsoft-Windows-Sysmon", "event_data": {"SourcePortName": "-"}, "api": "wineventlog", "provider_guid": "{5770385f-c22a-43e0-bf4c-06f5698ffbd9}", "record_id": 37847}}
{"tags": ["beats_input_codec_plain_applied", "_jsonparsefailure", "pikksilm_sysmon"], "@version": "1", "message": "Network connection detected:\nRuleName: -\nUtcTime: 2025-11-08 14:41:19.731\nProcessGuid: {6c054e7e-c78a-690f-1f00-000000000500}\nProcessId: 1632\nImage: C:\\Windows\\system32\\svchost.exe\nUser: NT AUTHORITY\\NETWORK SERVICE\nProtocol: udp\nInitiated: false\nSourceIsIpv6: true\nSourceIp: ff02:0:0:0:0:0:0:fb\nSourceHostname: -\nSourcePort: 5353\nSourcePortName: -\nDestinationIsIpv6: true\nDestinationIp: fe80:0:0:0:1f13:bebd:ede0:ed8c\nDestinationHostname: -\nDestinationPort: 5353\nDestinationPortName: -", "related": {"user": "NETWORK SERVICE", "ip": ["ff02:0:0:0:0:0:0:fb", "fe80:0:0:0:1f13:bebd:ede0:ed8c"]}, "host": {"id": "6c054e7e-a5b1-4db9-8d63-3f70f302d6af", "os": {"name": "Windows 11 Pro", "kernel": "10.0.22621.2861 (WinBuild.160101.0800)", "type": "windows", "platform": "windows", "version": "10.0", "family": "windows", "build": "22631.2861"}, "ip": ["fe80::b392:ba9e:24f8:260e", "10.136.5.67"], "architecture": "x86_64", "mac": ["bc:24:11:9a:96:84"], "hostname": "DESKTOP-Q167QR1"}, "source": {"port": 5353, "ip": "ff02:0:0:0:0:0:0:fb", "domain": "-"}, "@timestamp": "2025-11-08T14:41:19.731Z", "log": {"level": "information"}, "user": {"name": "NETWORK SERVICE", "domain": "NT AUTHORITY", "id": "S-1-5-18"}, "network": {"community_id": "1:noHYU3grCuYocQDQ0fyb37fsxs0=", "protocol": "-", "direction": "ingress", "type": "ipv6", "transport": "udp"}, "process": {"pid": 1632, "executable": "C:\\Windows\\system32\\svchost.exe", "entity_id": "{6c054e7e-c78a-690f-1f00-000000000500}", "name": "svchost.exe"}, "ecs": {"version": "1.12.0"}, "agent": {"ephemeral_id": "e918f62f-a141-4b32-a344-477f03b1b9ea", "id": "b6d0da7e-2d5b-408f-88d3-d607a27fb60e", "name": "DESKTOP-Q167QR1", "type": "winlogbeat", "version": "7.17.29", "hostname": "DESKTOP-Q167QR1"}, "event": {"created": "2025-11-08T14:41:23.552Z", "module": "sysmon", "type": ["connection", "start", "protocol"], "kind": "event", "action": "Network connection detected (rule: NetworkConnect)", "provider": "Microsoft-Windows-Sysmon", "category": ["network"], "code": "3"}, "destination": {"port": 5353, "ip": "fe80:0:0:0:1f13:bebd:ede0:ed8c", "domain": "-"}, "winlog": {"event_id": "3", "user": {"name": "SYSTEM", "type": "User", "identifier": "S-1-5-18", "domain": "NT AUTHORITY"}, "channel": "Microsoft-Windows-Sysmon/Operational", "process": {"pid": 3804, "thread": {"id": 1008}}, "task": "Network connection detected (rule: NetworkConnect)", "computer_name": "DESKTOP-Q167QR1", "opcode": "Info", "version": 5, "provider_name": "Microsoft-Windows-Sysmon", "event_data": {"SourcePortName": "-"}, "api": "wineventlog", "provider_guid": "{5770385f-c22a-43e0-bf4c-06f5698ffbd9}", "record_id": 37849}}
{"tags": ["beats_input_codec_plain_applied", "_jsonparsefailure", "pikksilm_sysmon"], "@version": "1", "message": "Network connection detected:\nRuleName: -\nUtcTime: 2025-11-08 14:41:19.734\nProcessGuid: {9541e27f-c7b0-690f-1f00-000000000500}\nProcessId: 1632\nImage: C:\\Windows\\system32\\svchost.exe\nUser: NT AUTHORITY\\NETWORK SERVICE\nProtocol: udp\nInitiated: false\nSourceIsIpv6: false\nSourceIp: 224.0.0.251\nSourceHostname: -\nSourcePort: 5353\nSourcePortName: -\nDestinationIsIpv6: false\nDestinationIp: 10.136.5.65\nDestinationHostname: -\nDestinationPort: 5353\nDestinationPortName: -", "related": {"ip": ["224.0.0.251", "10.136.5.65"], "user": "NETWORK SERVICE"}, "host": {"hostname": "DESKTOP-5D71Q14", "os": {"family": "windows", "name": "Windows 11 Pro", "kernel": "10.0.22621.2861 (WinBuild.160101.0800)", "type": "windows", "platform": "windows", "version": "10.0", "build": "22631.2861"}, "ip": ["fe80::bfbe:eb73:3f35:ed8b", "10.136.5.68"], "architecture": "x86_64", "mac": ["bc:24:11:f2:aa:20"], "id": "9541e27f-63d3-48ba-a52f-de9a0436a02f"}, "source": {"port": 5353, "ip": "224.0.0.251", "domain": "-"}, "@timestamp": "2025-11-08T14:41:19.734Z", "log": {"level": "information"}, "user": {"name": "NETWORK SERVICE", "domain": "NT AUTHORITY", "id": "S-1-5-18"}, "network": {"protocol": "-", "type": "ipv4", "direction": "ingress", "community_id": "1:9p90TsrHkq6X3Q//d3S4sTft1co=", "transport": "udp"}, "process": {"pid": 1632, "executable": "C:\\Windows\\system32\\svchost.exe", "entity_id": "{9541e27f-c7b0-690f-1f00-000000000500}", "name": "svchost.exe"}, "ecs": {"version": "1.12.0"}, "agent": {"ephemeral_id": "d07b82f0-1acc-4d97-9489-166a47073a22", "id": "43e4a97d-cdf0-42b2-8f35-6f5b1e9e1766", "name": "DESKTOP-5D71Q14", "type": "winlogbeat", "version": "7.17.29", "hostname": "DESKTOP-5D71Q14"}, "event": {"created": "2025-11-08T14:41:24.156Z", "module": "sysmon", "type": ["connection", "start", "protocol"], "kind": "event", "action": "Network connection detected (rule: NetworkConnect)", "provider": "Microsoft-Windows-Sysmon", "category": ["network"], "code": "3"}, "destination": {"port": 5353, "ip": "10.136.5.65", "domain": "-"}, "winlog": {"event_id": "3", "user": {"name": "SYSTEM", "type": "User", "identifier": "S-1-5-18", "domain": "NT AUTHORITY"}, "channel": "Microsoft-Windows-Sysmon/Operational", "task": "Network connection detected (rule: NetworkConnect)", "opcode": "Info", "computer_name": "DESKTOP-5D71Q14", "process": {"pid": 560, "thread": {"id": 5020}}, "version": 5, "provider_name": "Microsoft-Windows-Sysmon", "event_data": {"SourcePortName": "-"}, "api": "wineventlog", "provider_guid": "{5770385f-c22a-43e0-bf4c-06f5698ffbd9}", "record_id": 39433}}
{"tags": ["beats_input_codec_plain_applied", "_jsonparsefailure", "pikksilm_sysmon"], "@version": "1", "message": "Network connection detected:\nRuleName: -\nUtcTime: 2025-11-08 14:41:19.735\nProcessGuid: {9541e27f-c7b0-690f-1f00-000000000500}\nProcessId: 1632\nImage: C:\\Windows\\system32\\svchost.exe\nUser: NT AUTHORITY\\NETWORK SERVICE\nProtocol: udp\nInitiated: false\nSourceIsIpv6: true\nSourceIp: ff02:0:0:0:0:0:0:fb\nSourceHostname: -\nSourcePort: 5353\nSourcePortName: -\nDestinationIsIpv6: true\nDestinationIp: fe80:0:0:0:1f13:bebd:ede0:ed8c\nDestinationHostname: -\nDestinationPort: 5353\nDestinationPortName: -", "related": {"ip": ["ff02:0:0:0:0:0:0:fb", "fe80:0:0:0:1f13:bebd:ede0:ed8c"], "user": "NETWORK SERVICE"}, "host": {"id": "9541e27f-63d3-48ba-a52f-de9a0436a02f", "os": {"family": "windows", "name": "Windows 11 Pro", "version": "10.0", "kernel": "10.0.22621.2861 (WinBuild.160101.0800)", "type": "windows", "platform": "windows", "build": "22631.2861"}, "ip": ["fe80::bfbe:eb73:3f35:ed8b", "10.136.5.68"], "architecture": "x86_64", "mac": ["bc:24:11:f2:aa:20"], "hostname": "DESKTOP-5D71Q14"}, "source": {"port": 5353, "ip": "ff02:0:0:0:0:0:0:fb", "domain": "-"}, "@timestamp": "2025-11-08T14:41:19.735Z", "log": {"level": "information"}, "user": {"name": "NETWORK SERVICE", "domain": "NT AUTHORITY", "id": "S-1-5-18"}, "network": {"community_id": "1:noHYU3grCuYocQDQ0fyb37fsxs0=", "protocol": "-", "direction": "ingress", "type": "ipv6", "transport": "udp"}, "process": {"executable": "C:\\Windows\\system32\\svchost.exe", "name": "svchost.exe", "entity_id": "{9541e27f-c7b0-690f-1f00-000000000500}", "pid": 1632}, "ecs": {"version": "1.12.0"}, "agent": {"ephemeral_id": "d07b82f0-1acc-4d97-9489-166a47073a22", "id": "43e4a97d-cdf0-42b2-8f35-6f5b1e9e1766", "name": "DESKTOP-5D71Q14", "type": "winlogbeat", "version": "7.17.29", "hostname": "DESKTOP-5D71Q14"}, "event": {"module": "sysmon", "created": "2025-11-08T14:41:24.156Z", "type": ["connection", "start", "protocol"], "kind": "event", "action": "Network connection detected (rule: NetworkConnect)", "provider": "Microsoft-Windows-Sysmon", "category": ["network"], "code": "3"}, "destination": {"port": 5353, "ip": "fe80:0:0:0:1f13:bebd:ede0:ed8c", "domain": "-"}, "winlog": {"event_id": "3", "user": {"identifier": "S-1-5-18", "domain": "NT AUTHORITY", "name": "SYSTEM", "type": "User"}, "channel": "Microsoft-Windows-Sysmon/Operational", "opcode": "Info", "process": {"pid": 560, "thread": {"id": 5020}}, "computer_name": "DESKTOP-5D71Q14", "task": "Network connection detected (rule: NetworkConnect)", "version": 5, "provider_name": "Microsoft-Windows-Sysmon", "event_data": {"SourcePortName": "-"}, "api": "wineventlog", "provider_guid": "{5770385f-c22a-43e0-bf4c-06f5698ffbd9}", "record_id": 39435}}
{"tags": ["beats_input_codec_plain_applied", "_jsonparsefailure", "pikksilm_sysmon"], "@version": "1", "message": "Network connection detected:\nRuleName: -\nUtcTime: 2025-11-08 14:41:22.425\nProcessGuid: {1c3b4e1a-c768-690f-1300-000000000500}\nProcessId: 1052\nImage: C:\\Windows\\System32\\svchost.exe\nUser: NT AUTHORITY\\SYSTEM\nProtocol: tcp\nInitiated: true\nSourceIsIpv6: false\nSourceIp: 10.136.5.65\nSourceHostname: -\nSourcePort: 54030\nSourcePortName: -\nDestinationIsIpv6: false\nDestinationIp: 199.232.214.172\nDestinationHostname: -\nDestinationPort: 80\nDestinationPortName: -", "related": {"ip": ["10.136.5.65", "199.232.214.172"], "user": "SYSTEM"}, "host": {"hostname": "DESKTOP-JQK13SC", "os": {"name": "Windows 11 Pro", "kernel": "10.0.22621.2861 (WinBuild.160101.0800)", "type": "windows", "platform": "windows", "version": "10.0", "family": "windows", "build": "22631.2861"}, "ip": ["fe80::1f13:bebd:ede0:ed8c", "10.136.5.65"], "architecture": "x86_64", "mac": ["bc:24:11:65:5d:85"], "id": "1c3b4e1a-5518-4a6d-af82-298224d18338"}, "source": {"port": 54030, "ip": "10.136.5.65", "domain": "-"}, "@timestamp": "2025-11-08T14:41:22.425Z", "log": {"level": "information"}, "user": {"name": "SYSTEM", "domain": "NT AUTHORITY", "id": "S-1-5-18"}, "network": {"protocol": "-", "type": "ipv4", "direction": "egress", "community_id": "1:sshpNARjMR7QlMaUeBdQSx5+YYA=", "transport": "tcp"}, "process": {"executable": "C:\\Windows\\System32\\svchost.exe", "name": "svchost.exe", "entity_id": "{1c3b4e1a-c768-690f-1300-000000000500}", "pid": 1052}, "ecs": {"version": "1.12.0"}, "agent": {"ephemeral_id": "0eb94074-2147-427a-8c46-6c6578d3ab93", "id": "1a4af485-022d-4981-8d7f-bea9aff53b0f", "name": "DESKTOP-JQK13SC", "type": "winlogbeat", "version": "7.17.29", "hostname": "DESKTOP-JQK13SC"}, "event": {"module": "sysmon", "created": "2025-11-08T14:41:24.610Z", "type": ["connection", "start", "protocol"], "kind": "event", "action": "Network connection detected (rule: NetworkConnect)", "provider": "Microsoft-Windows-Sysmon", "category": ["network"], "code": "3"}, "destination": {"port": 80, "ip": "199.232.214.172", "domain": "-"}, "winlog": {"event_id": "3", "user": {"name": "SYSTEM", "domain": "NT AUTHORITY", "type": "User", "identifier": "S-1-5-18"}, "channel": "Microsoft-Windows-Sysmon/Operational", "opcode": "Info", "process": {"thread": {"id": 3460}, "pid": 5100}, "computer_name": "DESKTOP-JQK13SC", "task": "Network connection detected (rule: NetworkConnect)", "version": 5, "provider_name": "Microsoft-Windows-Sysmon", "event_data": {"SourcePortName": "-"}, "api": "wineventlog", "provider_guid": "{5770385f-c22a-43e0-bf4c-06f5698ffbd9}", "record_id": 83099}}
{"tags": ["beats_input_codec_plain_applied", "_jsonparsefailure", "pikksilm_sysmon"], "@version": "1", "message": "Network connection detected:\nRuleName: -\nUtcTime: 2025-11-08 14:41:23.386\nProcessGuid: {1c3b4e1a-563d-690f-8903-000000000500}\nProcessId: 5436\nImage: C:\\Program Files (x86)\\Microsoft\\Edge\\Application\\msedge.exe\nUser: DESKTOP-JQK13SC\\vagrant\nProtocol: tcp\nInitiated: true\nSourceIsIpv6: false\nSourceIp: 10.136.5.65\nSourceHostname: -\nSourcePort: 59477\nSourcePortName: -\nDestinationIsIpv6: false\nDestinationIp: 216.58.212.10\nDestinationHostname: -\nDestinationPort: 443\nDestinationPortName: -", "related": {"ip": ["10.136.5.65", "216.58.212.10"], "user": "vagrant"}, "host": {"id": "1c3b4e1a-5518-4a6d-af82-298224d18338", "os": {"name": "Windows 11 Pro", "kernel": "10.0.22621.2861 (WinBuild.160101.0800)", "type": "windows", "platform": "windows", "version": "10.0", "family": "windows", "build": "22631.2861"}, "ip": ["fe80::1f13:bebd:ede0:ed8c", "10.136.5.65"], "architecture": "x86_64", "mac": ["bc:24:11:65:5d:85"], "hostname": "DESKTOP-JQK13SC"}, "source": {"port": 59477, "ip": "10.136.5.65", "domain": "-"}, "@timestamp": "2025-11-08T14:41:23.386Z", "log": {"level": "information"}, "user": {"name": "vagrant", "domain": "DESKTOP-JQK13SC", "id": "S-1-5-18"}, "network": {"type": "ipv4", "community_id": "1:d9kGVStxAS2WsNeFwytm6kY31iw=", "protocol": "-", "direction": "egress", "transport": "tcp"}, "process": {"executable": "C:\\Program Files (x86)\\Microsoft\\Edge\\Application\\msedge.exe", "name": "msedge.exe", "entity_id": "{1c3b4e1a-563d-690f-8903-000000000500}", "pid": 5436}, "ecs": {"version": "1.12.0"}, "agent": {"ephemeral_id": "0eb94074-2147-427a-8c46-6c6578d3ab93", "id": "1a4af485-022d-4981-8d7f-bea9aff53b0f", "name": "DESKTOP-JQK13SC", "type": "winlogbeat", "version": "7.17.29", "hostname": "DESKTOP-JQK13SC"}, "event": {"created": "2025-11-08T14:41:26.882Z", "module": "sysmon", "type": ["connection", "start", "protocol"], "kind": "event", "action": "Network connection detected (rule: NetworkConnect)", "provider": "Microsoft-Windows-Sysmon", "category": ["network"], "code": "3"}, "destination": {"port": 443, "ip": "216.58.212.10", "domain": "-"}, "winlog": {"event_id": "3", "user": {"identifier": "S-1-5-18", "domain": "NT AUTHORITY", "name": "SYSTEM", "type": "User"}, "task": "Network connection detected (rule: NetworkConnect)", "process": {"pid": 5100, "thread": {"id": 3460}}, "channel": "Microsoft-Windows-Sysmon/Operational", "computer_name": "DESKTOP-JQK13SC", "opcode": "Info", "version": 5, "provider_name": "Microsoft-Windows-Sysmon", "event_data": {"SourcePortName": "-"}, "api": "wineventlog", "provider_guid": "{5770385f-c22a-43e0-bf4c-06f5698ffbd9}", "record_id": 83300}}
{"tags": ["beats_input_codec_plain_applied", "_jsonparsefailure", "pikksilm_sysmon"], "@version": "1", "message": "Network connection detected:\nRuleName: -\nUtcTime: 2025-11-08 14:41:23.390\nProcessGuid: {1c3b4e1a-563d-690f-8903-000000000500}\nProcessId: 5436\nImage: C:\\Program Files (x86)\\Microsoft\\Edge\\Application\\msedge.exe\nUser: DESKTOP-JQK13SC\\vagrant\nProtocol: tcp\nInitiated: true\nSourceIsIpv6: false\nSourceIp: 10.136.5.65\nSourceHostname: -\nSourcePort: 57737\nSourcePortName: -\nDestinationIsIpv6: false\nDestinationIp: 150.171.28.11\nDestinationHostname: -\nDestinationPort: 443\nDestinationPortName: -", "related": {"ip": ["10.136.5.65", "150.171.28.11"], "user": "vagrant"}, "host": {"hostname": "DESKTOP-JQK13SC", "os": {"family": "windows", "name": "Windows 11 Pro", "kernel": "10.0.22621.2861 (WinBuild.160101.0800)", "type": "windows", "platform": "windows", "version": "10.0", "build": "22631.2861"}, "ip": ["fe80::1f13:bebd:ede0:ed8c", "10.136.5.65"], "architecture": "x86_64", "mac": ["bc:24:11:65:5d:85"], "id": "1c3b4e1a-5518-4a6d-af82-298224d18338"}, "source": {"port": 57737, "ip": "10.136.5.65", "domain": "-"}, "@timestamp": "2025-11-08T14:41:23.390Z", "log": {"level": "information"}, "user": {"name": "vagrant", "domain": "DESKTOP-JQK13SC", "id": "S-1-5-18"}, "network": {"protocol": "-", "type": "ipv4", "direction": "egress", "community_id": "1:XVVhu5en/sV7xpT6OSQyz6AjWNI=", "transport": "tcp"}, "process": {"pid": 5436, "executable": "C:\\Program Files (x86)\\Microsoft\\Edge\\Application\\msedge.exe", "entity_id": "{1c3b4e1a-563d-690f-8903-000000000500}", "name": "msedge.exe"}, "ecs": {"version": "1.12.0"}, "agent": {"id": "1a4af485-022d-4981-8d7f-bea9aff53b0f", "hostname": "DESKTOP-JQK13SC", "name": "DESKTOP-JQK13SC", "type": "winlogbeat", "version": "7.17.29", "ephemeral_id": "0eb94074-2147-427a-8c46-6c6578d3ab93"}, "event": {"created": "2025-11-08T14:41:26.890Z", "module": "sysmon", "type": ["connection", "start", "protocol"], "kind": "event", "action": "Network connection detected (rule: NetworkConnect)", "provider": "Microsoft-Windows-Sysmon", "category": ["network"], "code": "3"}, "destination": {"port": 443, "ip": "150.171.28.11", "domain": "-"}, "winlog": {"event_id": "3", "user": {"identifier": "S-1-5-18", "domain": "NT AUTHORITY", "name": "SYSTEM", "type": "User"}, "task": "Network connection detected (rule: NetworkConnect)", "opcode": "Info", "process": {"pid": 5100, "thread": {"id": 3460}}, "computer_name": "DESKTOP-JQK13SC", "channel": "Microsoft-Windows-Sysmon/Operational", "version": 5, "provider_name": "Microsoft-Windows-Sysmon", "event_data": {"SourcePortName": "-"}, "api": "wineventlog", "provider_guid": "{5770385f-c22a-43e0-bf4c-06f5698ffbd9}", "record_id": 83301}}
{"tags": ["beats_input_codec_plain_applied", "_jsonparsefailure", "pikksilm_sysmon"], "@version": "1", "message": "Network connection detected:\nRuleName: -\nUtcTime: 2025-11-08 14:41:26.693\nProcessGuid: {1c3b4e1a-c775-690f-3100-000000000500}\nProcessId: 2676\nImage: C:\\Windows\\System32\\svchost.exe\nUser: NT AUTHORITY\\SYSTEM\nProtocol: tcp\nInitiated: true\nSourceIsIpv6: false\nSourceIp: 10.136.5.65\nSourceHostname: -\nSourcePort: 57738\nSourcePortName: -\nDestinationIsIpv6: false\nDestinationIp: 20.42.65.91\nDestinationHostname: -\nDestinationPort: 443\nDestinationPortName: -", "related": {"ip": ["10.136.5.65", "20.42.65.91"], "user": "SYSTEM"}, "host": {"id": "1c3b4e1a-5518-4a6d-af82-298224d18338", "os": {"platform": "windows", "type": "windows", "version": "10.0", "family": "windows", "name": "Windows 11 Pro", "kernel": "10.0.22621.2861 (WinBuild.160101.0800)", "build": "22631.2861"}, "ip": ["fe80::1f13:bebd:ede0:ed8c", "10.136.5.65"], "architecture": "x86_64", "mac": ["bc:24:11:65:5d:85"], "hostname": "DESKTOP-JQK13SC"}, "source": {"port": 57738, "ip": "10.136.5.65", "domain": "-"}, "@timestamp": "2025-11-08T14:41:26.693Z", "log": {"level": "information"}, "user": {"name": "SYSTEM", "domain": "NT AUTHORITY", "id": "S-1-5-18"}, "network": {"protocol": "-", "type": "ipv4", "direction": "egress", "community_id": "1:h6ysDeH0b2YXl8Ecchg5EkydrBg=", "transport": "tcp"}, "process": {"name": "svchost.exe", "pid": 2676, "entity_id": "{1c3b4e1a-c775-690f-3100-000000000500}", "executable": "C:\\Windows\\System32\\svchost.exe"}, "ecs": {"version": "1.12.0"}, "agent": {"hostname": "DESKTOP-JQK13SC", "ephemeral_id": "0eb94074-2147-427a-8c46-6c6578d3ab93", "name": "DESKTOP-JQK13SC", "type": "winlogbeat", "version": "7.17.29", "id": "1a4af485-022d-4981-8d7f-bea9aff53b0f"}, "event": {"module": "sysmon", "created": "2025-11-08T14:41:32.328Z", "type": ["connection", "start", "protocol"], "kind": "event", "action": "Network connection detected (rule: NetworkConnect)", "provider": "Microsoft-Windows-Sysmon", "category": ["network"], "code": "3"}, "destination": {"port": 443, "ip": "20.42.65.91", "domain": "-"}, "winlog": {"event_id": "3", "user": {"identifier": "S-1-5-18", "domain": "NT AUTHORITY", "name": "SYSTEM", "type": "User"}, "task": "Network connection detected (rule: NetworkConnect)", "opcode": "Info", "process": {"pid": 5100, "thread": {"id": 3460}}, "computer_name": "DESKTOP-JQK13SC", "channel": "Microsoft-Windows-Sysmon/Operational", "version": 5, "provider_name": "Microsoft-Windows-Sysmon", "event_data": {"SourcePortName": "-"}, "api": "wineventlog", "provider_guid": "{5770385f-c22a-43e0-bf4c-06f5698ffbd9}", "record_id": 84014}}
{"tags": ["beats_input_codec_plain_applied", "_jsonparsefailure", "pikksilm_sysmon"], "@version": "1", "message": "Network connection detected:\nRuleName: -\nUtcTime: 2025-11-08 14:41:27.133\nProcessGuid: {1c3b4e1a-5676-690f-bc03-000000000500}\nProcessId: 7364\nImage: C:\\Windows\\UUS\\amd64\\MoUsoCoreWorker.exe\nUser: NT AUTHORITY\\SYSTEM\nProtocol: tcp\nInitiated: true\nSourceIsIpv6: false\nSourceIp: 10.136.5.65\nSourceHostname: -\nSourcePort: 57739\nSourcePortName: -\nDestinationIsIpv6: false\nDestinationIp: 4.231.128.59\nDestinationHostname: -\nDestinationPort: 443\nDestinationPortName: -", "related": {"ip": ["10.136.5.65", "4.231.128.59"], "user": "SYSTEM"}, "host": {"hostname": "DESKTOP-JQK13SC", "os": {"family": "windows", "name": "Windows 11 Pro", "version": "10.0", "kernel": "10.0.22621.2861 (WinBuild.160101.0800)", "type": "windows", "platform": "windows", "build": "22631.2861"}, "ip": ["fe80::1f13:bebd:ede0:ed8c", "10.136.5.65"], "architecture": "x86_64", "mac": ["bc:24:11:65:5d:85"], "id": "1c3b4e1a-5518-4a6d-af82-298224d18338"}, "source": {"port": 57739, "ip": "10.136.5.65", "domain": "-"}, "@timestamp": "2025-11-08T14:41:27.133Z", "log": {"level": "information"}, "user": {"name": "SYSTEM", "domain": "NT AUTHORITY", "id": "S-1-5-18"}, "network": {"protocol": "-", "type": "ipv4", "direction": "egress", "community_id": "1:vXbApL+VmlhpU0awX7192RVkKaY=", "transport": "tcp"}, "process": {"pid": 7364, "executable": "C:\\Windows\\UUS\\amd64\\MoUsoCoreWorker.exe", "name": "MoUsoCoreWorker.exe", "entity_id": "{1c3b4e1a-5676-690f-bc03-000000000500}"}, "ecs": {"version": "1.12.0"}, "agent": {"ephemeral_id": "0eb94074-2147-427a-8c46-6c6578d3ab93", "id": "1a4af485-022d-4981-8d7f-bea9aff53b0f", "name": "DESKTOP-JQK13SC", "type": "winlogbeat", "version": "7.17.29", "hostname": "DESKTOP-JQK13SC"}, "event": {"created": "2025-11-08T14:41:32.728Z", "module": "sysmon", "type": ["connection", "start", "protocol"], "kind": "event", "action": "Network connection detected (rule: NetworkConnect)", "provider": "Microsoft-Windows-Sysmon", "category": ["network"], "code": "3"}, "destination": {"port": 443, "ip": "4.231.128.59", "domain": "-"}, "winlog": {"event_id": "3", "user": {"identifier": "S-1-5-18", "type": "User", "domain": "NT AUTHORITY", "name": "SYSTEM"}, "channel": "Microsoft-Windows-Sysmon/Operational", "process": {"pid": 5100, "thread": {"id": 3460}}, "opcode": "Info", "computer_name": "DESKTOP-JQK13SC", "task": "Network connection detected (rule: NetworkConnect)", "version": 5, "provider_name": "Microsoft-Windows-Sysmon", "event_data": {"SourcePortName": "-"}, "api": "wineventlog", "provider_guid": "{5770385f-c22a-43e0-bf4c-06f5698ffbd9}", "record_id": 84206}}
