{"tags": ["beats_input_codec_plain_applied", "_jsonparsefailure", "pikksilm_sysmon"], "@version": "1", "message": "Network connection detected:\nRuleName: -\nUtcTime: 2025-11-08 14:05:45.592\nProcessGuid: {1c3b4e1a-c768-690f-1300-000000000500}\nProcessId: 1052\nImage: C:\\Windows\\System32\\svchost.exe\nUser: NT AUTHORITY\\SYSTEM\nProtocol: tcp\nInitiated: true\nSourceIsIpv6: false\nSourceIp: 10.136.5.65\nSourceHostname: -\nSourcePort: 49896\nSourcePortName: -\nDestinationIsIpv6: false\nDestinationIp: 4.231.128.59\nDestinationHostname: -\nDestinationPort: 443\nDestinationPortName: -", "related": {"ip": ["10.136.5.65", "4.231.128.59"], "user": "SYSTEM"}, "host": {"hostname": "DESKTOP-JQK13SC", "os": {"family": "windows", "name": "Windows 11 Pro", "kernel": "10.0.22621.2861 (WinBuild.160101.0800)", "type": "windows", "platform": "windows", "version": "10.0", "build": "22631.2861"}, "ip": ["fe80::1f13:bebd:ede0:ed8c", "10.136.5.65"], "architecture": "x86_64", "mac": ["bc:24:11:65:5d:85"], "id": "1c3b4e1a-5518-4a6d-af82-298224d18338"}, "source": {"port": 49896, "ip": "10.136.5.65", "domain": "-"}, "@timestamp": "2025-11-08T14:05:45.592Z", "log": {"level": "information"}, "user": {"name": "SYSTEM", "domain": "NT AUTHORITY", "id": "S-1-5-18"}, "network": {"protocol": "-", "type": "ipv4", "direction": "egress", "community_id": "1:09KLMNzbt63kTim53/fHB4ZGMe8=", "transport": "tcp"}, "process": {"executable": "C:\\Windows\\System32\\svchost.exe", "name": "svchost.exe", "entity_id": "{1c3b4e1a-c768-690f-1300-000000000500}", "pid": 1052}, "ecs": {"version": "1.12.0"}, "agent": {"ephemeral_id": "0eb94074-2147-427a-8c46-6c6578d3ab93", "id": "1a4af485-022d-4981-8d7f-bea9aff53b0f", "name": "DESKTOP-JQK13SC", "type": "winlogbeat", "version": "7.17.29", "hostname": "DESKTOP-JQK13SC"}, "event": {"created": "2025-11-08T14:08:38.762Z", "module": "sysmon", "type": ["connection", "start", "protocol"], "kind": "event", "action": "Network connection detected (rule: NetworkConnect)", "provider": "Microsoft-Windows-Sysmon", "category": ["network"], "code": "3"}, "destination": {"port": 443, "ip": "4.231.128.59", "domain": "-"}, "winlog": {"event_id": "3", "user": {"name": "SYSTEM", "type": "User", "identifier": "S-1-5-18", "domain": "NT AUTHORITY"}, "task": "Network connection detected (rule: NetworkConnect)", "process": {"pid": 5100, "thread": {"id": 3460}}, "opcode": "Info", "computer_name": "DESKTOP-JQK13SC", "channel": "Microsoft-Windows-Sysmon/Operational", "version": 5, "provider_name": "Microsoft-Windows-Sysmon", "event_data": {"SourcePortName": "-"}, "api": "wineventlog", "provider_guid": "{5770385f-c22a-43e0-bf4c-06f5698ffbd9}", "record_id": 30911}}
{"tags": ["beats_input_codec_plain_applied", "_jsonparsefailure", "pikksilm_sysmon"], "@version": "1", "message": "Network connection detected:\nRuleName: -\nUtcTime: 2025-11-08 14:05:54.895\nProcessGuid: {1c3b4e1a-c76f-690f-1f00-000000000500}\nProcessId: 1660\nImage: C:\\Windows\\system32\\svchost.exe\nUser: NT AUTHORITY\\NETWORK SERVICE\nProtocol: udp\nInitiated: false\nSourceIsIpv6: true\nSourceIp: ff02:0:0:0:0:0:0:fb\nSourceHostname: -\nSourcePort: 5353\nSourcePortName: -\nDestinationIsIpv6: true\nDestinationIp: fe80:0:0:0:c6c:e0a2:4a0a:bcf4\nDestinationHostname: -\nDestinationPort: 5353\nDestinationPortName: -", "related": {"ip": ["ff02:0:0:0:0:0:0:fb", "fe80:0:0:0:c6c:e0a2:4a0a:bcf4"], "user": "NETWORK SERVICE"}, "host": {"id": "1c3b4e1a-5518-4a6d-af82-298224d18338", "os": {"platform": "windows", "family": "windows", "version": "10.0", "name": "Windows 11 Pro", "kernel": "10.0.22621.2861 (WinBuild.160101.0800)", "type": "windows", "build": "22631.2861"}, "ip": ["fe80::1f13:bebd:ede0:ed8c", "10.136.5.65"], "architecture": "x86_64", "mac": ["bc:24:11:65:5d:85"], "hostname": "DESKTOP-JQK13SC"}, "source": {"port": 5353, "ip": "ff02:0:0:0:0:0:0:fb", "domain": "-"}, "@timestamp": "2025-11-08T14:05:54.895Z", "log": {"level": "information"}, "user": {"name": "NETWORK SERVICE", "domain": "NT AUTHORITY", "id": "S-1-5-18"}, "network": {"community_id": "1:V8ZY39GF2AWzDszKeQ8yMyhpOdw=", "protocol": "-", "direction": "ingress", "type": "ipv6", "transport": "udp"}, "process": {"pid": 1660, "executable": "C:\\Windows\\system32\\svchost.exe", "name": "svchost.exe", "entity_id": "{1c3b4e1a-c76f-690f-1f00-000000000500}"}, "ecs": {"version": "1.12.0"}, "agent": {"ephemeral_id": "0eb94074-2147-427a-8c46-6c6578d3ab93", "id": "1a4af485-022d-4981-8d7f-bea9aff53b0f", "name": "DESKTOP-JQK13SC", "type": "winlogbeat", "version": "7.17.29", "hostname": "DESKTOP-JQK13SC"}, "event": {"created": "2025-11-08T14:08:39.128Z", "module": "sysmon", "type": ["connection", "start", "protocol"], "kind": "event", "action": "Network connection detected (rule: NetworkConnect)", "provider": "Microsoft-Windows-Sysmon", "category": ["network"], "code": "3"}, "destination": {"port": 5353, "ip": "fe80:0:0:0:c6c:e0a2:4a0a:bcf4", "domain": "-"}, "winlog": {"event_id": "3", "user": {"name": "SYSTEM", "type": "User", "identifier": "S-1-5-18", "domain": "NT AUTHORITY"}, "task": "Network connection detected (rule: NetworkConnect)", "process": {"pid": 5100, "thread": {"id": 3460}}, "channel": "Microsoft-Windows-Sysmon/Operational", "computer_name": "DESKTOP-JQK13SC", "opcode": "Info", "version": 5, "provider_name": "Microsoft-Windows-Sysmon", "event_data": {"SourcePortName": "-"}, "api": "wineventlog", "provider_guid": "{5770385f-c22a-43e0-bf4c-06f5698ffbd9}", "record_id": 31143}}
{"tags": ["beats_input_codec_plain_applied", "_jsonparsefailure", "pikksilm_sysmon"], "@version": "1", "message": "Network connection detected:\nRuleName: -\nUtcTime: 2025-11-08 14:01:52.875\nProcessGuid: {6c054e7e-c78a-690f-1f00-000000000500}\nProcessId: 1632\nImage: C:\\Windows\\system32\\svchost.exe\nUser: NT AUTHORITY\\NETWORK SERVICE\nProtocol: udp\nInitiated: true\nSourceIsIpv6: false\nSourceIp: 10.136.5.67\nSourceHostname: -\nSourcePort: 55724\nSourcePortName: -\nDestinationIsIpv6: false\nDestinationIp: 8.8.8.8\nDestinationHostname: -\nDestinationPort: 53\nDestinationPortName: -", "related": {"ip": ["10.136.5.67", "8.8.8.8"], "user": "NETWORK SERVICE"}, "host": {"id": "6c054e7e-a5b1-4db9-8d63-3f70f302d6af", "os": {"platform": "windows", "family": "windows", "version": "10.0", "name": "Windows 11 Pro", "kernel": "10.0.22621.2861 (WinBuild.160101.0800)", "type": "windows", "build": "22631.2861"}, "ip": ["fe80::b392:ba9e:24f8:260e", "10.136.5.67"], "architecture": "x86_64", "mac": ["bc:24:11:9a:96:84"], "hostname": "DESKTOP-Q167QR1"}, "source": {"port": 55724, "ip": "10.136.5.67", "domain": "-"}, "@timestamp": "2025-11-08T14:01:52.875Z", "log": {"level": "information"}, "user": {"name": "NETWORK SERVICE", "domain": "NT AUTHORITY", "id": "S-1-5-18"}, "network": {"type": "ipv4", "community_id": "1:hDkljCsk+fqMhgC7gNNNg9dGm+0=", "protocol": "-", "direction": "egress", "transport": "udp"}, "process": {"pid": 1632, "executable": "C:\\Windows\\system32\\svchost.exe", "entity_id": "{6c054e7e-c78a-690f-1f00-000000000500}", "name": "svchost.exe"}, "ecs": {"version": "1.12.0"}, "agent": {"ephemeral_id": "e918f62f-a141-4b32-a344-477f03b1b9ea", "id": "b6d0da7e-2d5b-408f-88d3-d607a27fb60e", "name": "DESKTOP-Q167QR1", "type": "winlogbeat", "version": "7.17.29", "hostname": "DESKTOP-Q167QR1"}, "event": {"module": "sysmon", "created": "2025-11-08T14:08:39.237Z", "type": ["connection", "start", "protocol"], "kind": "event", "action": "Network connection detected (rule: NetworkConnect)", "provider": "Microsoft-Windows-Sysmon", "category": ["network"], "code": "3"}, "destination": {"port": 53, "ip": "8.8.8.8", "domain": "-"}, "winlog": {"event_id": "3", "user": {"identifier": "S-1-5-18", "domain": "NT AUTHORITY", "name": "SYSTEM", "type": "User"}, "channel": "Microsoft-Windows-Sysmon/Operational", "opcode": "Info", "process": {"thread": {"id": 1008}, "pid": 3804}, "computer_name": "DESKTOP-Q167QR1", "task": "Network connection detected (rule: NetworkConnect)", "version": 5, "provider_name": "Microsoft-Windows-Sysmon", "event_data": {"SourcePortName": "-"}, "api": "wineventlog", "provider_guid": "{5770385f-c22a-43e0-bf4c-06f5698ffbd9}", "record_id": 29263}}
{"tags": ["beats_input_codec_plain_applied", "_jsonparsefailure", "pikksilm_sysmon"], "@version": "1", "message": "Network connection detected:\nRuleName: -\nUtcTime: 2025-11-08 14:01:54.052\nProcessGuid: {6c054e7e-c78a-690f-1f00-000000000500}\nProcessId: 1632\nImage: C:\\Windows\\system32\\svchost.exe\nUser: NT AUTHORITY\\NETWORK SERVICE\nProtocol: udp\nInitiated: true\nSourceIsIpv6: false\nSourceIp: 10.136.5.67\nSourceHostname: -\nSourcePort: 59254\nSourcePortName: -\nDestinationIsIpv6: false\nDestinationIp: 1.1.1.1\nDestinationHostname: -\nDestinationPort: 53\nDestinationPortName: -", "related": {"ip": ["10.136.5.67", "1.1.1.1"], "user": "NETWORK SERVICE"}, "host": {"hostname": "DESKTOP-Q167QR1", "os": {"platform": "windows", "type": "windows", "version": "10.0", "family": "windows", "name": "Windows 11 Pro", "kernel": "10.0.22621.2861 (WinBuild.160101.0800)", "build": "22631.2861"}, "ip": ["fe80::b392:ba9e:24f8:260e", "10.136.5.67"], "architecture": "x86_64", "mac": ["bc:24:11:9a:96:84"], "id": "6c054e7e-a5b1-4db9-8d63-3f70f302d6af"}, "source": {"port": 59254, "ip": "10.136.5.67", "domain": "-"}, "@timestamp": "2025-11-08T14:01:54.052Z", "log": {"level": "information"}, "user": {"name": "NETWORK SERVICE", "domain": "NT AUTHORITY", "id": "S-1-5-18"}, "network": {"type": "ipv4", "community_id": "1:XxkSmjdNg9NapXsnIu7+wkQ28aE=", "protocol": "-", "direction": "egress", "transport": "udp"}, "process": {"pid": 1632, "executable": "C:\\Windows\\system32\\svchost.exe", "name": "svchost.exe", "entity_id": "{6c054e7e-c78a-690f-1f00-000000000500}"}, "ecs": {"version": "1.12.0"}, "agent": {"ephemeral_id": "e918f62f-a141-4b32-a344-477f03b1b9ea", "id": "b6d0da7e-2d5b-408f-88d3-d607a27fb60e", "name": "DESKTOP-Q167QR1", "type": "winlogbeat", "version": "7.17.29", "hostname": "DESKTOP-Q167QR1"}, "event": {"created": "2025-11-08T14:08:39.237Z", "module": "sysmon", "type": ["connection", "start", "protocol"], "kind": "event", "action": "Network connection detected (rule: NetworkConnect)", "provider": "Microsoft-Windows-Sysmon", "category": ["network"], "code": "3"}, "destination": {"port": 53, "ip": "1.1.1.1", "domain": "-"}, "winlog": {"event_id": "3", "user": {"identifier": "S-1-5-18", "domain": "NT AUTHORITY", "name": "SYSTEM", "type": "User"}, "task": "Network connection detected (rule: NetworkConnect)", "opcode": "Info", "process": {"pid": 3804, "thread": {"id": 1008}}, "computer_name": "DESKTOP-Q167QR1", "channel": "Microsoft-Windows-Sysmon/Operational", "version": 5, "provider_name": "Microsoft-Windows-Sysmon", "event_data": {"SourcePortName": "-"}, "api": "wineventlog", "provider_guid": "{5770385f-c22a-43e0-bf4c-06f5698ffbd9}", "record_id": 29266}}
{"tags": ["beats_input_codec_plain_applied", "_jsonparsefailure", "pikksilm_sysmon"], "@version": "1", "message": "Network connection detected:\nRuleName: -\nUtcTime: 2025-11-08 14:03:33.552\nProcessGuid: {9541e27f-c7a9-690f-1300-000000000500}\nProcessId: 1032\nImage: C:\\Windows\\System32\\svchost.exe\nUser: NT AUTHORITY\\SYSTEM\nProtocol: tcp\nInitiated: true\nSourceIsIpv6: false\nSourceIp: 10.136.5.68\nSourceHostname: -\nSourcePort: 49885\nSourcePortName: -\nDestinationIsIpv6: false\nDestinationIp: 20.190.177.82\nDestinationHostname: -\nDestinationPort: 443\nDestinationPortName: -", "related": {"ip": ["10.136.5.68", "20.190.177.82"], "user": "SYSTEM"}, "host": {"hostname": "DESKTOP-5D71Q14", "os": {"platform": "windows", "family": "windows", "version": "10.0", "name": "Windows 11 Pro", "kernel": "10.0.22621.2861 (WinBuild.160101.0800)", "type": "windows", "build": "22631.2861"}, "ip": ["fe80::bfbe:eb73:3f35:ed8b", "10.136.5.68"], "architecture": "x86_64", "mac": ["bc:24:11:f2:aa:20"], "id": "9541e27f-63d3-48ba-a52f-de9a0436a02f"}, "source": {"port": 49885, "ip": "10.136.5.68", "domain": "-"}, "@timestamp": "2025-11-08T14:03:33.552Z", "log": {"level": "information"}, "user": {"name": "SYSTEM", "domain": "NT AUTHORITY", "id": "S-1-5-18"}, "network": {"protocol": "-", "type": "ipv4", "direction": "egress", "community_id": "1:EV9/LWe33tTWPVKXZEYcYkYULmw=", "transport": "tcp"}, "process": {"executable": "C:\\Windows\\System32\\svchost.exe", "name": "svchost.exe", "entity_id": "{9541e27f-c7a9-690f-1300-000000000500}", "pid": 1032}, "ecs": {"version": "1.12.0"}, "agent": {"ephemeral_id": "d07b82f0-1acc-4d97-9489-166a47073a22", "id": "43e4a97d-cdf0-42b2-8f35-6f5b1e9e1766", "name": "DESKTOP-5D71Q14", "type": "winlogbeat", "version": "7.17.29", "hostname": "DESKTOP-5D71Q14"}, "event": {"created": "2025-11-08T14:08:39.108Z", "module": "sysmon", "type": ["connection", "start", "protocol"], "kind": "event", "action": "Network connection detected (rule: NetworkConnect)", "provider": "Microsoft-Windows-Sysmon", "category": ["network"], "code": "3"}, "destination": {"port": 443, "ip": "20.190.177.82", "domain": "-"}, "winlog": {"event_id": "3", "user": {"name": "SYSTEM", "type": "User", "identifier": "S-1-5-18", "domain": "NT AUTHORITY"}, "channel": "Microsoft-Windows-Sysmon/Operational", "opcode": "Info", "process": {"pid": 560, "thread": {"id": 5020}}, "computer_name": "DESKTOP-5D71Q14", "task": "Network connection detected (rule: NetworkConnect)", "version": 5, "provider_name": "Microsoft-Windows-Sysmon", "event_data": {"SourcePortName": "-"}, "api": "wineventlog", "provider_guid": "{5770385f-c22a-43e0-bf4c-06f5698ffbd9}", "record_id": 30683}}
{"tags": ["beats_input_codec_plain_applied", "_jsonparsefailure", "pikksilm_sysmon"], "@version": "1", "message": "Network connection detected:\nRuleName: -\nUtcTime: 2025-11-08 14:03:34.559\nProcessGuid: {9541e27f-c7a9-690f-1300-000000000500}\nProcessId: 1032\nImage: C:\\Windows\\System32\\svchost.exe\nUser: NT AUTHORITY\\SYSTEM\nProtocol: tcp\nInitiated: true\nSourceIsIpv6: false\nSourceIp: 10.136.5.68\nSourceHostname: -\nSourcePort: 49886\nSourcePortName: -\nDestinationIsIpv6: false\nDestinationIp: 20.73.194.208\nDestinationHostname: -\nDestinationPort: 443\nDestinationPortName: -", "related": {"ip": ["10.136.5.68", "20.73.194.208"], "user": "SYSTEM"}, "host": {"id": "9541e27f-63d3-48ba-a52f-de9a0436a02f", "os": {"name": "Windows 11 Pro", "kernel": "10.0.22621.2861 (WinBuild.160101.0800)", "type": "windows", "platform": "windows", "version": "10.0", "family": "windows", "build": "22631.2861"}, "ip": ["fe80::bfbe:eb73:3f35:ed8b", "10.136.5.68"], "architecture": "x86_64", "mac": ["bc:24:11:f2:aa:20"], "hostname": "DESKTOP-5D71Q14"}, "source": {"port": 49886, "ip": "10.136.5.68", "domain": "-"}, "@timestamp": "2025-11-08T14:03:34.559Z", "log": {"level": "information"}, "user": {"name": "SYSTEM", "domain": "NT AUTHORITY", "id": "S-1-5-18"}, "network": {"type": "ipv4", "community_id": "1:+kznTLPSdYWGi6A9wWpDf4eGX6E=", "direction": "egress", "protocol": "-", "transport": "tcp"}, "process": {"executable": "C:\\Windows\\System32\\svchost.exe", "name": "svchost.exe", "entity_id": "{9541e27f-c7a9-690f-1300-000000000500}", "pid": 1032}, "ecs": {"version": "1.12.0"}, "agent": {"hostname": "DESKTOP-5D71Q14", "ephemeral_id": "d07b82f0-1acc-4d97-9489-166a47073a22", "name": "DESKTOP-5D71Q14", "type": "winlogbeat", "version": "7.17.29", "id": "43e4a97d-cdf0-42b2-8f35-6f5b1e9e1766"}, "event": {"module": "sysmon", "created": "2025-11-08T14:08:39.492Z", "type": ["connection", "start", "protocol"], "kind": "event", "action": "Network connection detected (rule: NetworkConnect)", "provider": "Microsoft-Windows-Sysmon", "category": ["network"], "code": "3"}, "destination": {"port": 443, "ip": "20.73.194.208", "domain": "-"}, "winlog": {"event_id": "3", "user": {"identifier": "S-1-5-18", "domain": "NT AUTHORITY", "name": "SYSTEM", "type": "User"}, "channel": "Microsoft-Windows-Sysmon/Operational", "opcode": "Info", "task": "Network connection detected (rule: NetworkConnect)", "computer_name": "DESKTOP-5D71Q14", "process": {"thread": {"id": 5020}, "pid": 560}, "version": 5, "provider_name": "Microsoft-Windows-Sysmon", "event_data": {"SourcePortName": "-"}, "api": "wineventlog", "provider_guid": "{5770385f-c22a-43e0-bf4c-06f5698ffbd9}", "record_id": 30827}}
{"tags": ["beats_input_codec_plain_applied", "_jsonparsefailure", "pikksilm_sysmon"], "@version": "1", "message": "Network connection detected:\nRuleName: -\nUtcTime: 2025-11-08 14:03:37.000\nProcessGuid: {9541e27f-c7b0-690f-1f00-000000000500}\nProcessId: 1632\nImage: C:\\Windows\\system32\\svchost.exe\nUser: NT AUTHORITY\\NETWORK SERVICE\nProtocol: udp\nInitiated: false\nSourceIsIpv6: true\nSourceIp: ff02:0:0:0:0:0:0:fb\nSourceHostname: -\nSourcePort: 5353\nSourcePortName: -\nDestinationIsIpv6: true\nDestinationIp: fe80:0:0:0:952:7d47:5bad:175b\nDestinationHostname: -\nDestinationPort: 5353\nDestinationPortName: -", "related": {"ip": ["ff02:0:0:0:0:0:0:fb", "fe80:0:0:0:952:7d47:5bad:175b"], "user": "NETWORK SERVICE"}, "host": {"id": "9541e27f-63d3-48ba-a52f-de9a0436a02f", "os": {"platform": "windows", "family": "windows", "version": "10.0", "name": "Windows 11 Pro", "kernel": "10.0.22621.2861 (WinBuild.160101.0800)", "type": "windows", "build": "22631.2861"}, "ip": ["fe80::bfbe:eb73:3f35:ed8b", "10.136.5.68"], "architecture": "x86_64", "mac": ["bc:24:11:f2:aa:20"], "hostname": "DESKTOP-5D71Q14"}, "source": {"port": 5353, "ip": "ff02:0:0:0:0:0:0:fb", "domain": "-"}, "@timestamp": "2025-11-08T14:03:37.000Z", "log": {"level": "information"}, "user": {"name": "NETWORK SERVICE", "domain": "NT AUTHORITY", "id": "S-1-5-18"}, "network": {"protocol": "-", "type": "ipv6", "direction": "ingress", "community_id": "1:3ip/9BOXlRhblOLLRsvBhxuzw+w=", "transport": "udp"}, "process": {"pid": 1632, "executable": "C:\\Windows\\system32\\svchost.exe", "entity_id": "{9541e27f-c7b0-690f-1f00-000000000500}", "name": "svchost.exe"}, "ecs": {"version": "1.12.0"}, "agent": {"id": "43e4a97d-cdf0-42b2-8f35-6f5b1e9e1766", "hostname": "DESKTOP-5D71Q14", "name": "DESKTOP-5D71Q14", "type": "winlogbeat", "version": "7.17.29", "ephemeral_id": "d07b82f0-1acc-4d97-9489-166a47073a22"}, "event": {"created": "2025-11-08T14:08:39.492Z", "module": "sysmon", "type": ["connection", "start", "protocol"], "kind": "event", "action": "Network connection detected (rule: NetworkConnect)", "provider": "Microsoft-Windows-Sysmon", "category": ["network"], "code": "3"}, "destination": {"port": 5353, "ip": "fe80:0:0:0:952:7d47:5bad:175b", "domain": "-"}, "winlog": {"event_id": "3", "user": {"identifier": "S-1-5-18", "type": "User", "domain": "NT AUTHORITY", "name": "SYSTEM"}, "channel": "Microsoft-Windows-Sysmon/Operational", "opcode": "Info", "process": {"pid": 560, "thread": {"id": 5020}}, "computer_name": "DESKTOP-5D71Q14", "task": "Network connection detected (rule: NetworkConnect)", "version": 5, "provider_name": "Microsoft-Windows-Sysmon", "event_data": {"SourcePortName": "-"}, "api": "wineventlog", "provider_guid": "{5770385f-c22a-43e0-bf4c-06f5698ffbd9}", "record_id": 30829}}
{"tags": ["beats_input_codec_plain_applied", "_jsonparsefailure", "pikksilm_sysmon"], "@version": "1", "message": "Network connection detected:\nRuleName: -\nUtcTime: 2025-11-08 14:03:36.996\nProcessGuid: {6c054e7e-c78a-690f-1f00-000000000500}\nProcessId: 1632\nImage: C:\\Windows\\system32\\svchost.exe\nUser: NT AUTHORITY\\NETWORK SERVICE\nProtocol: udp\nInitiated: false\nSourceIsIpv6: true\nSourceIp: ff02:0:0:0:0:0:0:fb\nSourceHostname: -\nSourcePort: 5353\nSourcePortName: -\nDestinationIsIpv6: true\nDestinationIp: fe80:0:0:0:952:7d47:5bad:175b\nDestinationHostname: -\nDestinationPort: 5353\nDestinationPortName: -", "related": {"user": "NETWORK SERVICE", "ip": ["ff02:0:0:0:0:0:0:fb", "fe80:0:0:0:952:7d47:5bad:175b"]}, "host": {"hostname": "DESKTOP-Q167QR1", "os": {"platform": "windows", "type": "windows", "version": "10.0", "family": "windows", "name": "Windows 11 Pro", "kernel": "10.0.22621.2861 (WinBuild.160101.0800)", "build": "22631.2861"}, "ip": ["fe80::b392:ba9e:24f8:260e", "10.136.5.67"], "architecture": "x86_64", "mac": ["bc:24:11:9a:96:84"], "id": "6c054e7e-a5b1-4db9-8d63-3f70f302d6af"}, "source": {"port": 5353, "ip": "ff02:0:0:0:0:0:0:fb", "domain": "-"}, "@timestamp": "2025-11-08T14:03:36.996Z", "log": {"level": "information"}, "user": {"name": "NETWORK SERVICE", "domain": "NT AUTHORITY", "id": "S-1-5-18"}, "network": {"protocol": "-", "type": "ipv6", "direction": "ingress", "community_id": "1:3ip/9BOXlRhblOLLRsvBhxuzw+w=", "transport": "udp"}, "process": {"pid": 1632, "executable": "C:\\Windows\\system32\\svchost.exe", "entity_id": "{6c054e7e-c78a-690f-1f00-000000000500}", "name": "svchost.exe"}, "ecs": {"version": "1.12.0"}, "agent": {"hostname": "DESKTOP-Q167QR1", "ephemeral_id": "e918f62f-a141-4b32-a344-477f03b1b9ea", "name": "DESKTOP-Q167QR1", "type": "winlogbeat", "version": "7.17.29", "id": "b6d0da7e-2d5b-408f-88d3-d607a27fb60e"}, "event": {"module": "sysmon", "created": "2025-11-08T14:08:40.133Z", "type": ["connection", "start", "protocol"], "kind": "event", "action": "Network connection detected (rule: NetworkConnect)", "provider": "Microsoft-Windows-Sysmon", "category": ["network"], "code": "3"}, "destination": {"port": 5353, "ip": "fe80:0:0:0:952:7d47:5bad:175b", "domain": "-"}, "winlog": {"event_id": "3", "user": {"identifier": "S-1-5-18", "type": "User", "domain": "NT AUTHORITY", "name": "SYSTEM"}, "task": "Network connection detected (rule: NetworkConnect)", "channel": "Microsoft-Windows-Sysmon/Operational", "process": {"thread": {"id": 1008}, "pid": 3804}, "computer_name": "DESKTOP-Q167QR1", "opcode": "Info", "version": 5, "provider_name": "Microsoft-Windows-Sysmon", "event_data": {"SourcePortName": "-"}, "api": "wineventlog", "provider_guid": "{5770385f-c22a-43e0-bf4c-06f5698ffbd9}", "record_id": 29715}}
{"tags": ["beats_input_codec_plain_applied", "_jsonparsefailure", "pikksilm_sysmon"], "@version": "1", "message": "Network connection detected:\nRuleName: -\nUtcTime: 2025-11-08 14:07:30.809\nProcessGuid: {1c3b4e1a-c76f-690f-1f00-000000000500}\nProcessId: 1660\nImage: C:\\Windows\\system32\\svchost.exe\nUser: NT AUTHORITY\\NETWORK SERVICE\nProtocol: udp\nInitiated: false\nSourceIsIpv6: true\nSourceIp: ff02:0:0:0:0:0:0:fb\nSourceHostname: -\nSourcePort: 5353\nSourcePortName: -\nDestinationIsIpv6: true\nDestinationIp: fe80:0:0:0:f872:203e:d15:a6c\nDestinationHostname: -\nDestinationPort: 5353\nDestinationPortName: -", "related": {"ip": ["ff02:0:0:0:0:0:0:fb", "fe80:0:0:0:f872:203e:d15:a6c"], "user": "NETWORK SERVICE"}, "host": {"id": "1c3b4e1a-5518-4a6d-af82-298224d18338", "os": {"kernel": "10.0.22621.2861 (WinBuild.160101.0800)", "type": "windows", "platform": "windows", "version": "10.0", "family": "windows", "name": "Windows 11 Pro", "build": "22631.2861"}, "ip": ["fe80::1f13:bebd:ede0:ed8c", "10.136.5.65"], "architecture": "x86_64", "mac": ["bc:24:11:65:5d:85"], "hostname": "DESKTOP-JQK13SC"}, "source": {"port": 5353, "ip": "ff02:0:0:0:0:0:0:fb", "domain": "-"}, "@timestamp": "2025-11-08T14:07:30.809Z", "log": {"level": "information"}, "user": {"name": "NETWORK SERVICE", "domain": "NT AUTHORITY", "id": "S-1-5-18"}, "network": {"protocol": "-", "type": "ipv6", "direction": "ingress", "community_id": "1:SSnn16u5iPFEYSpI9QrEeoLozwc=", "transport": "udp"}, "process": {"pid": 1660, "executable": "C:\\Windows\\system32\\svchost.exe", "entity_id": "{1c3b4e1a-c76f-690f-1f00-000000000500}", "name": "svchost.exe"}, "ecs": {"version": "1.12.0"}, "agent": {"ephemeral_id": "0eb94074-2147-427a-8c46-6c6578d3ab93", "id": "1a4af485-022d-4981-8d7f-bea9aff53b0f", "name": "DESKTOP-JQK13SC", "type": "winlogbeat", "version": "7.17.29", "hostname": "DESKTOP-JQK13SC"}, "event": {"module": "sysmon", "created": "2025-11-08T14:08:40.393Z", "type": ["connection", "start", "protocol"], "kind": "event", "action": "Network connection detected (rule: NetworkConnect)", "provider": "Microsoft-Windows-Sysmon", "category": ["network"], "code": "3"}, "destination": {"port": 5353, "ip": "fe80:0:0:0:f872:203e:d15:a6c", "domain": "-"}, "winlog": {"event_id": "3", "user": {"name": "SYSTEM", "domain": "NT AUTHORITY", "type": "User", "identifier": "S-1-5-18"}, "task": "Network connection detected (rule: NetworkConnect)", "opcode": "Info", "process": {"pid": 5100, "thread": {"id": 3460}}, "computer_name": "DESKTOP-JQK13SC", "channel": "Microsoft-Windows-Sysmon/Operational", "version": 5, "provider_name": "Microsoft-Windows-Sysmon", "event_data": {"SourcePortName": "-"}, "api": "wineventlog", "provider_guid": "{5770385f-c22a-43e0-bf4c-06f5698ffbd9}", "record_id": 31793}}
{"tags": ["beats_input_codec_plain_applied", "_jsonparsefailure", "pikksilm_sysmon"], "@version": "1", "message": "Network connection detected:\nRuleName: -\nUtcTime: 2025-11-08 14:05:54.897\nProcessGuid: {9541e27f-c7b0-690f-1f00-000000000500}\nProcessId: 1632\nImage: C:\\Windows\\system32\\svchost.exe\nUser: NT AUTHORITY\\NETWORK SERVICE\nProtocol: udp\nInitiated: false\nSourceIsIpv6: true\nSourceIp: ff02:0:0:0:0:0:0:fb\nSourceHostname: -\nSourcePort: 5353\nSourcePortName: -\nDestinationIsIpv6: true\nDestinationIp: fe80:0:0:0:c6c:e0a2:4a0a:bcf4\nDestinationHostname: -\nDestinationPort: 5353\nDestinationPortName: -", "related": {"ip": ["ff02:0:0:0:0:0:0:fb", "fe80:0:0:0:c6c:e0a2:4a0a:bcf4"], "user": "NETWORK SERVICE"}, "host": {"id": "9541e27f-63d3-48ba-a52f-de9a0436a02f", "os": {"family": "windows", "name": "Windows 11 Pro", "kernel": "10.0.22621.2861 (WinBuild.160101.0800)", "type": "windows", "platform": "windows", "version": "10.0", "build": "22631.2861"}, "ip": ["fe80::bfbe:eb73:3f35:ed8b", "10.136.5.68"], "architecture": "x86_64", "mac": ["bc:24:11:f2:aa:20"], "hostname": "DESKTOP-5D71Q14"}, "source": {"port": 5353, "ip": "ff02:0:0:0:0:0:0:fb", "domain": "-"}, "@timestamp": "2025-11-08T14:05:54.897Z", "log": {"level": "information"}, "user": {"name": "NETWORK SERVICE", "domain": "NT AUTHORITY", "id": "S-1-5-18"}, "network": {"type": "ipv6", "community_id": "1:V8ZY39GF2AWzDszKeQ8yMyhpOdw=", "protocol": "-", "direction": "ingress", "transport": "udp"}, "process": {"executable": "C:\\Windows\\system32\\svchost.exe", "name": "svchost.exe", "entity_id": "{9541e27f-c7b0-690f-1f00-000000000500}", "pid": 1632}, "ecs": {"version": "1.12.0"}, "agent": {"hostname": "DESKTOP-5D71Q14", "ephemeral_id": "d07b82f0-1acc-4d97-9489-166a47073a22", "name": "DESKTOP-5D71Q14", "type": "winlogbeat", "version": "7.17.29", "id": "43e4a97d-cdf0-42b2-8f35-6f5b1e9e1766"}, "event": {"created": "2025-11-08T14:08:41.655Z", "module": "sysmon", "type": ["connection", "start", "protocol"], "kind": "event", "action": "Network connection detected (rule: NetworkConnect)", "provider": "Microsoft-Windows-Sysmon", "category": ["network"], "code": "3"}, "destination": {"port": 5353, "ip": "fe80:0:0:0:c6c:e0a2:4a0a:bcf4", "domain": "-"}, "winlog": {"event_id": "3", "user": {"name": "SYSTEM", "type": "User", "identifier": "S-1-5-18", "domain": "NT AUTHORITY"}, "channel": "Microsoft-Windows-Sysmon/Operational", "process": {"pid": 560, "thread": {"id": 5020}}, "task": "Network connection detected (rule: NetworkConnect)", "computer_name": "DESKTOP-5D71Q14", "opcode": "Info", "version": 5, "provider_name": "Microsoft-Windows-Sysmon", "event_data": {"SourcePortName": "-"}, "api": "wineventlog", "provider_guid": "{5770385f-c22a-43e0-bf4c-06f5698ffbd9}", "record_id": 31955}}
{"tags": ["beats_input_codec_plain_applied", "_jsonparsefailure", "pikksilm_sysmon"], "@version": "1", "message": "Network connection detected:\nRuleName: -\nUtcTime: 2025-11-08 14:05:54.893\nProcessGuid: {6c054e7e-c78a-690f-1f00-000000000500}\nProcessId: 1632\nImage: C:\\Windows\\system32\\svchost.exe\nUser: NT AUTHORITY\\NETWORK SERVICE\nProtocol: udp\nInitiated: false\nSourceIsIpv6: true\nSourceIp: ff02:0:0:0:0:0:0:fb\nSourceHostname: -\nSourcePort: 5353\nSourcePortName: -\nDestinationIsIpv6: true\nDestinationIp: fe80:0:0:0:c6c:e0a2:4a0a:bcf4\nDestinationHostname: -\nDestinationPort: 5353\nDestinationPortName: -", "related": {"ip": ["ff02:0:0:0:0:0:0:fb", "fe80:0:0:0:c6c:e0a2:4a0a:bcf4"], "user": "NETWORK SERVICE"}, "host": {"id": "6c054e7e-a5b1-4db9-8d63-3f70f302d6af", "os": {"family": "windows", "name": "Windows 11 Pro", "version": "10.0", "kernel": "10.0.22621.2861 (WinBuild.160101.0800)", "type": "windows", "platform": "windows", "build": "22631.2861"}, "ip": ["fe80::b392:ba9e:24f8:260e", "10.136.5.67"], "architecture": "x86_64", "mac": ["bc:24:11:9a:96:84"], "hostname": "DESKTOP-Q167QR1"}, "source": {"port": 5353, "ip": "ff02:0:0:0:0:0:0:fb", "domain": "-"}, "@timestamp": "2025-11-08T14:05:54.893Z", "log": {"level": "information"}, "user": {"name": "NETWORK SERVICE", "domain": "NT AUTHORITY", "id": "S-1-5-18"}, "network": {"type": "ipv6", "community_id": "1:V8ZY39GF2AWzDszKeQ8yMyhpOdw=", "protocol": "-", "direction": "ingress", "transport": "udp"}, "process": {"name": "svchost.exe", "pid": 1632, "entity_id": "{6c054e7e-c78a-690f-1f00-000000000500}", "executable": "C:\\Windows\\system32\\svchost.exe"}, "ecs": {"version": "1.12.0"}, "agent": {"id": "b6d0da7e-2d5b-408f-88d3-d607a27fb60e", "hostname": "DESKTOP-Q167QR1", "name": "DESKTOP-Q167QR1", "type": "winlogbeat", "version": "7.17.29", "ephemeral_id": "e918f62f-a141-4b32-a344-477f03b1b9ea"}, "event": {"created": "2025-11-08T14:08:42.206Z", "module": "sysmon", "type": ["connection", "start", "protocol"], "kind": "event", "action": "Network connection detected (rule: NetworkConnect)", "provider": "Microsoft-Windows-Sysmon", "category": ["network"], "code": "3"}, "destination": {"port": 5353, "ip": "fe80:0:0:0:c6c:e0a2:4a0a:bcf4", "domain": "-"}, "winlog": {"event_id": "3", "user": {"identifier": "S-1-5-18", "domain": "NT AUTHORITY", "name": "SYSTEM", "type": "User"}, "channel": "Microsoft-Windows-Sysmon/Operational", "task": "Network connection detected (rule: NetworkConnect)", "opcode": "Info", "computer_name": "DESKTOP-Q167QR1", "process": {"pid": 3804, "thread": {"id": 1008}}, "version": 5, "provider_name": "Microsoft-Windows-Sysmon", "event_data": {"SourcePortName": "-"}, "api": "wineventlog", "provider_guid": "{5770385f-c22a-43e0-bf4c-06f5698ffbd9}", "record_id": 30704}}
{"tags": ["beats_input_codec_plain_applied", "_jsonparsefailure", "pikksilm_sysmon"], "@version": "1", "message": "Network connection detected:\nRuleName: -\nUtcTime: 2025-11-08 14:07:30.811\nProcessGuid: {9541e27f-c7b0-690f-1f00-000000000500}\nProcessId: 1632\nImage: C:\\Windows\\system32\\svchost.exe\nUser: NT AUTHORITY\\NETWORK SERVICE\nProtocol: udp\nInitiated: false\nSourceIsIpv6: true\nSourceIp: ff02:0:0:0:0:0:0:fb\nSourceHostname: -\nSourcePort: 5353\nSourcePortName: -\nDestinationIsIpv6: true\nDestinationIp: fe80:0:0:0:f872:203e:d15:a6c\nDestinationHostname: -\nDestinationPort: 5353\nDestinationPortName: -", "related": {"ip": ["ff02:0:0:0:0:0:0:fb", "fe80:0:0:0:f872:203e:d15:a6c"], "user": "NETWORK SERVICE"}, "host": {"hostname": "DESKTOP-5D71Q14", "os": {"family": "windows", "name": "Windows 11 Pro", "kernel": "10.0.22621.2861 (WinBuild.160101.0800)", "type": "windows", "platform": "windows", "version": "10.0", "build": "22631.2861"}, "ip": ["fe80::bfbe:eb73:3f35:ed8b", "10.136.5.68"], "architecture": "x86_64", "mac": ["bc:24:11:f2:aa:20"], "id": "9541e27f-63d3-48ba-a52f-de9a0436a02f"}, "source": {"port": 5353, "ip": "ff02:0:0:0:0:0:0:fb", "domain": "-"}, "@timestamp": "2025-11-08T14:07:30.811Z", "log": {"level": "information"}, "user": {"name": "NETWORK SERVICE", "domain": "NT AUTHORITY", "id": "S-1-5-18"}, "network": {"type": "ipv6", "community_id": "1:SSnn16u5iPFEYSpI9QrEeoLozwc=", "direction": "ingress", "protocol": "-", "transport": "udp"}, "process": {"pid": 1632, "executable": "C:\\Windows\\system32\\svchost.exe", "entity_id": "{9541e27f-c7b0-690f-1f00-000000000500}", "name": "svchost.exe"}, "ecs": {"version": "1.12.0"}, "agent": {"ephemeral_id": "d07b82f0-1acc-4d97-9489-166a47073a22", "id": "43e4a97d-cdf0-42b2-8f35-6f5b1e9e1766", "name": "DESKTOP-5D71Q14", "type": "winlogbeat", "version": "7.17.29", "hostname": "DESKTOP-5D71Q14"}, "event": {"created": "2025-11-08T14:08:42.316Z", "module": "sysmon", "type": ["connection", "start", "protocol"], "kind": "event", "action": "Network connection detected (rule: NetworkConnect)", "provider": "Microsoft-Windows-Sysmon", "category": ["network"], "code": "3"}, "destination": {"port": 5353, "ip": "fe80:0:0:0:f872:203e:d15:a6c", "domain": "-"}, "winlog": {"event_id": "3", "user": {"identifier": "S-1-5-18", "type": "User", "domain": "NT AUTHORITY", "name": "SYSTEM"}, "task": "Network connection detected (rule: NetworkConnect)", "opcode": "Info", "process": {"pid": 560, "thread": {"id": 5020}}, "computer_name": "DESKTOP-5D71Q14", "channel": "Microsoft-Windows-Sysmon/Operational", "version": 5, "provider_name": "Microsoft-Windows-Sysmon", "event_data": {"SourcePortName": "-"}, "api": "wineventlog", "provider_guid": "{5770385f-c22a-43e0-bf4c-06f5698ffbd9}", "record_id": 32293}}
{"tags": ["beats_input_codec_plain_applied", "_jsonparsefailure", "pikksilm_sysmon"], "@version": "1", "message": "Network connection detected:\nRuleName: -\nUtcTime: 2025-11-08 14:07:30.807\nProcessGuid: {6c054e7e-c78a-690f-1f00-000000000500}\nProcessId: 1632\nImage: C:\\Windows\\system32\\svchost.exe\nUser: NT AUTHORITY\\NETWORK SERVICE\nProtocol: udp\nInitiated: false\nSourceIsIpv6: true\nSourceIp: ff02:0:0:0:0:0:0:fb\nSourceHostname: -\nSourcePort: 5353\nSourcePortName: -\nDestinationIsIpv6: true\nDestinationIp: fe80:0:0:0:f872:203e:d15:a6c\nDestinationHostname: -\nDestinationPort: 5353\nDestinationPortName: -", "related": {"ip": ["ff02:0:0:0:0:0:0:fb", "fe80:0:0:0:f872:203e:d15:a6c"], "user": "NETWORK SERVICE"}, "host": {"hostname": "DESKTOP-Q167QR1", "os": {"kernel": "10.0.22621.2861 (WinBuild.160101.0800)", "type": "windows", "platform": "windows", "version": "10.0", "family": "windows", "name": "Windows 11 Pro", "build": "22631.2861"}, "ip": ["fe80::b392:ba9e:24f8:260e", "10.136.5.67"], "architecture": "x86_64", "mac": ["bc:24:11:9a:96:84"], "id": "6c054e7e-a5b1-4db9-8d63-3f70f302d6af"}, "source": {"port": 5353, "ip": "ff02:0:0:0:0:0:0:fb", "domain": "-"}, "@timestamp": "2025-11-08T14:07:30.807Z", "log": {"level": "information"}, "user": {"name": "NETWORK SERVICE", "domain": "NT AUTHORITY", "id": "S-1-5-18"}, "network": {"protocol": "-", "type": "ipv6", "direction": "ingress", "community_id": "1:SSnn16u5iPFEYSpI9QrEeoLozwc=", "transport": "udp"}, "process": {"pid": 1632, "executable": "C:\\Windows\\system32\\svchost.exe", "name": "svchost.exe", "entity_id": "{6c054e7e-c78a-690f-1f00-000000000500}"}, "ecs": {"version": "1.12.0"}, "agent": {"ephemeral_id": "e918f62f-a141-4b32-a344-477f03b1b9ea", "id": "b6d0da7e-2d5b-408f-88d3-d607a27fb60e", "name": "DESKTOP-Q167QR1", "type": "winlogbeat", "version": "7.17.29", "hostname": "DESKTOP-Q167QR1"}, "event": {"module": "sysmon", "created": "2025-11-08T14:08:42.763Z", "type": ["connection", "start", "protocol"], "kind": "event", "action": "Network connection detected (rule: NetworkConnect)", "provider": "Microsoft-Windows-Sysmon", "category": ["network"], "code": "3"}, "destination": {"port": 5353, "ip": "fe80:0:0:0:f872:203e:d15:a6c", "domain": "-"}, "winlog": {"event_id": "3", "user": {"identifier": "S-1-5-18", "domain": "NT AUTHORITY", "name": "SYSTEM", "type": "User"}, "channel": "Microsoft-Windows-Sysmon/Operational", "process": {"pid": 3804, "thread": {"id": 1008}}, "opcode": "Info", "computer_name": "DESKTOP-Q167QR1", "task": "Network connection detected (rule: NetworkConnect)", "version": 5, "provider_name": "Microsoft-Windows-Sysmon", "event_data": {"SourcePortName": "-"}, "api": "wineventlog", "provider_guid": "{5770385f-c22a-43e0-bf4c-06f5698ffbd9}", "record_id": 31039}}
{"tags": ["beats_input_codec_plain_applied", "_jsonparsefailure", "pikksilm_sysmon"], "@version": "1", "message": "Network connection detected:\nRuleName: -\nUtcTime: 2025-11-08 14:08:45.285\nProcessGuid: {9541e27f-c7b0-690f-1f00-000000000500}\nProcessId: 1632\nImage: C:\\Windows\\system32\\svchost.exe\nUser: NT AUTHORITY\\NETWORK SERVICE\nProtocol: udp\nInitiated: true\nSourceIsIpv6: false\nSourceIp: 10.136.5.68\nSourceHostname: -\nSourcePort: 58016\nSourcePortName: -\nDestinationIsIpv6: false\nDestinationIp: 1.1.1.1\nDestinationHostname: -\nDestinationPort: 53\nDestinationPortName: -", "related": {"ip": ["10.136.5.68", "1.1.1.1"], "user": "NETWORK SERVICE"}, "host": {"id": "9541e27f-63d3-48ba-a52f-de9a0436a02f", "os": {"family": "windows", "name": "Windows 11 Pro", "version": "10.0", "kernel": "10.0.22621.2861 (WinBuild.160101.0800)", "type": "windows", "platform": "windows", "build": "22631.2861"}, "ip": ["fe80::bfbe:eb73:3f35:ed8b", "10.136.5.68"], "architecture": "x86_64", "mac": ["bc:24:11:f2:aa:20"], "hostname": "DESKTOP-5D71Q14"}, "source": {"port": 58016, "ip": "10.136.5.68", "domain": "-"}, "@timestamp": "2025-11-08T14:08:45.285Z", "log": {"level": "information"}, "user": {"name": "NETWORK SERVICE", "domain": "NT AUTHORITY", "id": "S-1-5-18"}, "network": {"type": "ipv4", "community_id": "1:fUTaSU+wCNRPVHddzf+iZdBQrsM=", "direction": "egress", "protocol": "-", "transport": "udp"}, "process": {"pid": 1632, "executable": "C:\\Windows\\system32\\svchost.exe", "entity_id": "{9541e27f-c7b0-690f-1f00-000000000500}", "name": "svchost.exe"}, "ecs": {"version": "1.12.0"}, "agent": {"hostname": "DESKTOP-5D71Q14", "ephemeral_id": "d07b82f0-1acc-4d97-9489-166a47073a22", "name": "DESKTOP-5D71Q14", "type": "winlogbeat", "version": "7.17.29", "id": "43e4a97d-cdf0-42b2-8f35-6f5b1e9e1766"}, "event": {"created": "2025-11-08T14:08:47.755Z", "module": "sysmon", "type": ["connection", "start", "protocol"], "kind": "event", "action": "Network connection detected (rule: NetworkConnect)", "provider": "Microsoft-Windows-Sysmon", "category": ["network"], "code": "3"}, "destination": {"port": 53, "ip": "1.1.1.1", "domain": "-"}, "winlog": {"event_id": "3", "user": {"name": "SYSTEM", "type": "User", "identifier": "S-1-5-18", "domain": "NT AUTHORITY"}, "task": "Network connection detected (rule: NetworkConnect)", "process": {"pid": 560, "thread": {"id": 5020}}, "opcode": "Info", "computer_name": "DESKTOP-5D71Q14", "channel": "Microsoft-Windows-Sysmon/Operational", "version": 5, "provider_name": "Microsoft-Windows-Sysmon", "event_data": {"SourcePortName": "-"}, "api": "wineventlog", "provider_guid": "{5770385f-c22a-43e0-bf4c-06f5698ffbd9}", "record_id": 32943}}
{"tags": ["beats_input_codec_plain_applied", "_jsonparsefailure", "pikksilm_sysmon"], "@version": "1", "message": "Network connection detected:\nRuleName: -\nUtcTime: 2025-11-08 14:00:31.864\nProcessGuid: {4d96f8ad-4936-690f-4900-000000000500}\nProcessId: 3840\nImage: C:\\Windows\\System32\\svchost.exe\nUser: NT AUTHORITY\\LOCAL SERVICE\nProtocol: udp\nInitiated: true\nSourceIsIpv6: false\nSourceIp: 10.136.5.69\nSourceHostname: -\nSourcePort: 56958\nSourcePortName: -\nDestinationIsIpv6: false\nDestinationIp: 239.255.255.250\nDestinationHostname: -\nDestinationPort: 1900\nDestinationPortName: -", "related": {"user": "LOCAL SERVICE", "ip": ["10.136.5.69", "239.255.255.250"]}, "host": {"id": "4d96f8ad-6ed7-495d-9069-5f56c2ebf694", "os": {"kernel": "10.0.22621.2861 (WinBuild.160101.0800)", "type": "windows", "platform": "windows", "version": "10.0", "family": "windows", "name": "Windows 11 Pro", "build": "22631.2861"}, "ip": ["fe80::54fd:e63:93ce:bb23", "10.136.5.69"], "architecture": "x86_64", "mac": ["bc:24:11:10:2c:d3"], "hostname": "DESKTOP-4KG93DG"}, "source": {"port": 56958, "ip": "10.136.5.69", "domain": "-"}, "@timestamp": "2025-11-08T14:00:31.864Z", "log": {"level": "information"}, "user": {"name": "LOCAL SERVICE", "domain": "NT AUTHORITY", "id": "S-1-5-18"}, "network": {"type": "ipv4", "community_id": "1:TsJ8mh8/Ri74PZmRmkDP0VlDPuM=", "protocol": "-", "direction": "egress", "transport": "udp"}, "process": {"pid": 3840, "executable": "C:\\Windows\\System32\\svchost.exe", "entity_id": "{4d96f8ad-4936-690f-4900-000000000500}", "name": "svchost.exe"}, "ecs": {"version": "1.12.0"}, "agent": {"ephemeral_id": "b4008bfb-8e39-4e8e-8ad7-e585c890b879", "id": "bd065c39-423b-48a6-b74e-4c0ace0cf1cc", "name": "DESKTOP-4KG93DG", "type": "winlogbeat", "version": "7.17.29", "hostname": "DESKTOP-4KG93DG"}, "event": {"created": "2025-11-08T14:08:46.966Z", "module": "sysmon", "type": ["connection", "start", "protocol"], "kind": "event", "action": "Network connection detected (rule: NetworkConnect)", "provider": "Microsoft-Windows-Sysmon", "category": ["network"], "code": "3"}, "destination": {"port": 1900, "ip": "239.255.255.250", "domain": "-"}, "winlog": {"event_id": "3", "user": {"identifier": "S-1-5-18", "domain": "NT AUTHORITY", "name": "SYSTEM", "type": "User"}, "task": "Network connection detected (rule: NetworkConnect)", "opcode": "Info", "channel": "Microsoft-Windows-Sysmon/Operational", "computer_name": "DESKTOP-4KG93DG", "process": {"pid": 2248, "thread": {"id": 496}}, "version": 5, "provider_name": "Microsoft-Windows-Sysmon", "event_data": {"SourcePortName": "-"}, "api": "wineventlog", "provider_guid": "{5770385f-c22a-43e0-bf4c-06f5698ffbd9}", "record_id": 26214}}
{"tags": ["beats_input_codec_plain_applied", "_jsonparsefailure", "pikksilm_sysmon"], "@version": "1", "message": "Network connection detected:\nRuleName: -\nUtcTime: 2025-11-08 14:00:31.864\nProcessGuid: {4d96f8ad-4936-690f-4900-000000000500}\nProcessId: 3840\nImage: C:\\Windows\\System32\\svchost.exe\nUser: NT AUTHORITY\\LOCAL SERVICE\nProtocol: udp\nInitiated: true\nSourceIsIpv6: false\nSourceIp: 127.0.0.1\nSourceHostname: -\nSourcePort: 56959\nSourcePortName: -\nDestinationIsIpv6: false\nDestinationIp: 239.255.255.250\nDestinationHostname: -\nDestinationPort: 1900\nDestinationPortName: -", "related": {"ip": ["127.0.0.1", "239.255.255.250"], "user": "LOCAL SERVICE"}, "host": {"hostname": "DESKTOP-4KG93DG", "os": {"family": "windows", "name": "Windows 11 Pro", "version": "10.0", "kernel": "10.0.22621.2861 (WinBuild.160101.0800)", "type": "windows", "platform": "windows", "build": "22631.2861"}, "ip": ["fe80::54fd:e63:93ce:bb23", "10.136.5.69"], "architecture": "x86_64", "mac": ["bc:24:11:10:2c:d3"], "id": "4d96f8ad-6ed7-495d-9069-5f56c2ebf694"}, "source": {"port": 56959, "ip": "127.0.0.1", "domain": "-"}, "@timestamp": "2025-11-08T14:00:31.864Z", "log": {"level": "information"}, "user": {"name": "LOCAL SERVICE", "domain": "NT AUTHORITY", "id": "S-1-5-18"}, "network": {"protocol": "-", "type": "ipv4", "direction": "egress", "community_id": "1:vag5XORBPOw2XqgXruTPfYvGTxg=", "transport": "udp"}, "process": {"pid": 3840, "executable": "C:\\Windows\\System32\\svchost.exe", "name": "svchost.exe", "entity_id": "{4d96f8ad-4936-690f-4900-000000000500}"}, "ecs": {"version": "1.12.0"}, "agent": {"ephemeral_id": "b4008bfb-8e39-4e8e-8ad7-e585c890b879", "id": "bd065c39-423b-48a6-b74e-4c0ace0cf1cc", "name": "DESKTOP-4KG93DG", "type": "winlogbeat", "version": "7.17.29", "hostname": "DESKTOP-4KG93DG"}, "event": {"created": "2025-11-08T14:08:46.966Z", "module": "sysmon", "type": ["connection", "start", "protocol"], "kind": "event", "action": "Network connection detected (rule: NetworkConnect)", "provider": "Microsoft-Windows-Sysmon", "category": ["network"], "code": "3"}, "destination": {"port": 1900, "ip": "239.255.255.250", "domain": "-"}, "winlog": {"event_id": "3", "user": {"identifier": "S-1-5-18", "domain": "NT AUTHORITY", "name": "SYSTEM", "type": "User"}, "task": "Network connection detected (rule: NetworkConnect)", "opcode": "Info", "channel": "Microsoft-Windows-Sysmon/Operational", "computer_name": "DESKTOP-4KG93DG", "process": {"pid": 2248, "thread": {"id": 496}}, "version": 5, "provider_name": "Microsoft-Windows-Sysmon", "event_data": {"SourcePortName": "-"}, "api": "wineventlog", "provider_guid": "{5770385f-c22a-43e0-bf4c-06f5698ffbd9}", "record_id": 26215}}
{"tags": ["beats_input_codec_plain_applied", "_jsonparsefailure", "pikksilm_sysmon"], "@version": "1", "message": "Network connection detected:\nRuleName: -\nUtcTime: 2025-11-08 14:00:31.865\nProcessGuid: {4d96f8ad-4936-690f-4900-000000000500}\nProcessId: 3840\nImage: C:\\Windows\\System32\\svchost.exe\nUser: NT AUTHORITY\\LOCAL SERVICE\nProtocol: udp\nInitiated: false\nSourceIsIpv6: false\nSourceIp: 239.255.255.250\nSourceHostname: -\nSourcePort: 1900\nSourcePortName: -\nDestinationIsIpv6: false\nDestinationIp: 127.0.0.1\nDestinationHostname: -\nDestinationPort: 56959\nDestinationPortName: -", "related": {"ip": ["239.255.255.250", "127.0.0.1"], "user": "LOCAL SERVICE"}, "host": {"hostname": "DESKTOP-4KG93DG", "os": {"platform": "windows", "type": "windows", "version": "10.0", "family": "windows", "name": "Windows 11 Pro", "kernel": "10.0.22621.2861 (WinBuild.160101.0800)", "build": "22631.2861"}, "ip": ["fe80::54fd:e63:93ce:bb23", "10.136.5.69"], "architecture": "x86_64", "mac": ["bc:24:11:10:2c:d3"], "id": "4d96f8ad-6ed7-495d-9069-5f56c2ebf694"}, "source": {"port": 1900, "ip": "239.255.255.250", "domain": "-"}, "@timestamp": "2025-11-08T14:00:31.865Z", "log": {"level": "information"}, "user": {"name": "LOCAL SERVICE", "domain": "NT AUTHORITY", "id": "S-1-5-18"}, "network": {"protocol": "-", "type": "ipv4", "direction": "ingress", "community_id": "1:vag5XORBPOw2XqgXruTPfYvGTxg=", "transport": "udp"}, "process": {"executable": "C:\\Windows\\System32\\svchost.exe", "name": "svchost.exe", "entity_id": "{4d96f8ad-4936-690f-4900-000000000500}", "pid": 3840}, "ecs": {"version": "1.12.0"}, "agent": {"ephemeral_id": "b4008bfb-8e39-4e8e-8ad7-e585c890b879", "id": "bd065c39-423b-48a6-b74e-4c0ace0cf1cc", "name": "DESKTOP-4KG93DG", "type": "winlogbeat", "version": "7.17.29", "hostname": "DESKTOP-4KG93DG"}, "event": {"created": "2025-11-08T14:08:46.966Z", "module": "sysmon", "type": ["connection", "start", "protocol"], "kind": "event", "action": "Network connection detected (rule: NetworkConnect)", "provider": "Microsoft-Windows-Sysmon", "category": ["network"], "code": "3"}, "destination": {"port": 56959, "ip": "127.0.0.1", "domain": "-"}, "winlog": {"event_id": "3", "user": {"identifier": "S-1-5-18", "domain": "NT AUTHORITY", "name": "SYSTEM", "type": "User"}, "channel": "Microsoft-Windows-Sysmon/Operational", "opcode": "Info", "process": {"thread": {"id": 496}, "pid": 2248}, "computer_name": "DESKTOP-4KG93DG", "task": "Network connection detected (rule: NetworkConnect)", "version": 5, "provider_name": "Microsoft-Windows-Sysmon", "event_data": {"SourcePortName": "-"}, "api": "wineventlog", "provider_guid": "{5770385f-c22a-43e0-bf4c-06f5698ffbd9}", "record_id": 26216}}
{"tags": ["beats_input_codec_plain_applied", "_jsonparsefailure", "pikksilm_sysmon"], "@version": "1", "message": "Network connection detected:\nRuleName: -\nUtcTime: 2025-11-08 14:00:32.310\nProcessGuid: {4d96f8ad-c7a1-690f-eb03-000000000000}\nProcessId: 4\nImage: <unknown process>\nUser: -\nProtocol: tcp\nInitiated: false\nSourceIsIpv6: true\nSourceIp: 0:0:0:0:0:0:0:1\nSourceHostname: -\nSourcePort: 49868\nSourcePortName: -\nDestinationIsIpv6: true\nDestinationIp: 0:0:0:0:0:0:0:1\nDestinationHostname: -\nDestinationPort: 47001\nDestinationPortName: -", "related": {"ip": "0:0:0:0:0:0:0:1"}, "host": {"id": "4d96f8ad-6ed7-495d-9069-5f56c2ebf694", "os": {"platform": "windows", "type": "windows", "version": "10.0", "family": "windows", "name": "Windows 11 Pro", "kernel": "10.0.22621.2861 (WinBuild.160101.0800)", "build": "22631.2861"}, "ip": ["fe80::54fd:e63:93ce:bb23", "10.136.5.69"], "architecture": "x86_64", "mac": ["bc:24:11:10:2c:d3"], "hostname": "DESKTOP-4KG93DG"}, "source": {"port": 49868, "ip": "0:0:0:0:0:0:0:1", "domain": "-"}, "@timestamp": "2025-11-08T14:00:32.310Z", "log": {"level": "information"}, "user": {"id": "S-1-5-18"}, "network": {"community_id": "1:rFu7h8r1JLjcw2bLXPvBjHEupA4=", "protocol": "-", "direction": "ingress", "type": "ipv6", "transport": "tcp"}, "process": {"executable": "<unknown process>", "name": "<unknown process>", "entity_id": "{4d96f8ad-c7a1-690f-eb03-000000000000}", "pid": 4}, "ecs": {"version": "1.12.0"}, "agent": {"ephemeral_id": "b4008bfb-8e39-4e8e-8ad7-e585c890b879", "id": "bd065c39-423b-48a6-b74e-4c0ace0cf1cc", "name": "DESKTOP-4KG93DG", "type": "winlogbeat", "version": "7.17.29", "hostname": "DESKTOP-4KG93DG"}, "event": {"created": "2025-11-08T14:08:46.974Z", "module": "sysmon", "type": ["connection", "start", "protocol"], "kind": "event", "action": "Network connection detected (rule: NetworkConnect)", "provider": "Microsoft-Windows-Sysmon", "category": ["network"], "code": "3"}, "destination": {"port": 47001, "ip": "0:0:0:0:0:0:0:1", "domain": "-"}, "winlog": {"event_id": "3", "user": {"identifier": "S-1-5-18", "type": "User", "domain": "NT AUTHORITY", "name": "SYSTEM"}, "channel": "Microsoft-Windows-Sysmon/Operational", "process": {"thread": {"id": 496}, "pid": 2248}, "opcode": "Info", "computer_name": "DESKTOP-4KG93DG", "task": "Network connection detected (rule: NetworkConnect)", "version": 5, "provider_name": "Microsoft-Windows-Sysmon", "event_data": {"SourcePortName": "-", "User": "-"}, "api": "wineventlog", "provider_guid": "{5770385f-c22a-43e0-bf4c-06f5698ffbd9}", "record_id": 26236}}
