{"tags": ["beats_input_codec_plain_applied", "_jsonparsefailure", "pikksilm_sysmon"], "@version": "1", "message": "Process Create:\nRuleName: -\nUtcTime: 2025-11-08 14:34:51.943\nProcessGuid: {9541e27f-550b-690f-2c03-000000000500}\nProcessId: 2616\nImage: C:\\Payloads\\totally_legit.exe\nFileVersion: -\nDescription: -\nProduct: -\nCompany: -\nOriginalFileName: -\nCommandLine: C:/Payloads/totally_legit.exe \nCurrentDirectory: C:\\Users\\vagrant\\\nUser: DESKTOP-5D71Q14\\vagrant\nLogonGuid: {9541e27f-54fc-690f-dee2-5d0000000000}\nLogonId: 0x5DE2DE\nTerminalSessionId: 0\nIntegrityLevel: High\nHashes: SHA1=9B5D3A622D86F0BFBC50403533DBB7CE1944BCBB,MD5=7A3D92875A6582E900AF17D79EA49C5E,SHA256=BC82AC7E4CD06B6AD0097508CB9A84821A5A72B7AD14BB8A8E8E4CE9ED884843,IMPHASH=03F09B593CE0DF99B563B890A7B877EB\nParentProcessGuid: {9541e27f-550b-690f-2b03-000000000500}\nParentProcessId: 4860\nParentImage: C:\\Windows\\System32\\cmd.exe\nParentCommandLine: \"C:\\Windows\\system32\\cmd.exe\" /c start  C:/Payloads/totally_legit.exe\nParentUser: DESKTOP-5D71Q14\\vagrant", "related": {"user": "vagrant", "hash": ["9b5d3a622d86f0bfbc50403533dbb7ce1944bcbb", "7a3d92875a6582e900af17d79ea49c5e", "bc82ac7e4cd06b6ad0097508cb9a84821a5a72b7ad14bb8a8e8e4ce9ed884843", "03f09b593ce0df99b563b890a7b877eb"]}, "host": {"hostname": "DESKTOP-5D71Q14", "os": {"platform": "windows", "type": "windows", "version": "10.0", "family": "windows", "name": "Windows 11 Pro", "kernel": "10.0.22621.2861 (WinBuild.160101.0800)", "build": "22631.2861"}, "ip": ["fe80::bfbe:eb73:3f35:ed8b", "10.136.5.68"], "architecture": "x86_64", "mac": ["bc:24:11:f2:aa:20"], "id": "9541e27f-63d3-48ba-a52f-de9a0436a02f"}, "hash": {"sha256": "bc82ac7e4cd06b6ad0097508cb9a84821a5a72b7ad14bb8a8e8e4ce9ed884843", "imphash": "03f09b593ce0df99b563b890a7b877eb", "md5": "7a3d92875a6582e900af17d79ea49c5e", "sha1": "9b5d3a622d86f0bfbc50403533dbb7ce1944bcbb"}, "@timestamp": "2025-11-08T14:34:51.943Z", "log": {"level": "information"}, "user": {"name": "vagrant", "domain": "DESKTOP-5D71Q14", "id": "S-1-5-18"}, "process": {"executable": "C:\\Payloads\\totally_legit.exe", "name": "totally_legit.exe", "entity_id": "{9541e27f-550b-690f-2c03-000000000500}", "working_directory": "C:\\Users\\vagrant\\", "hash": {"sha256": "bc82ac7e4cd06b6ad0097508cb9a84821a5a72b7ad14bb8a8e8e4ce9ed884843", "md5": "7a3d92875a6582e900af17d79ea49c5e", "sha1": "9b5d3a622d86f0bfbc50403533dbb7ce1944bcbb"}, "pe": {"file_version": "-", "company": "-", "imphash": "03f09b593ce0df99b563b890a7b877eb", "original_file_name": "-", "product": "-", "description": "-"}, "command_line": "C:/Payloads/totally_legit.exe ", "pid": 2616, "args": ["C:/Payloads/totally_legit.exe"], "parent": {"name": "cmd.exe", "executable": "C:\\Windows\\System32\\cmd.exe", "entity_id": "{9541e27f-550b-690f-2b03-000000000500}", "command_line": "\"C:\\Windows\\system32\\cmd.exe\" /c start  C:/Payloads/totally_legit.exe", "args": ["C:\\Windows\\system32\\cmd.exe", "/c", "start", "C:/Payloads/totally_legit.exe"], "pid": 4860}}, "ecs": {"version": "1.12.0"}, "agent": {"hostname": "DESKTOP-5D71Q14", "ephemeral_id": "d07b82f0-1acc-4d97-9489-166a47073a22", "name": "DESKTOP-5D71Q14", "type": "winlogbeat", "version": "7.17.29", "id": "43e4a97d-cdf0-42b2-8f35-6f5b1e9e1766"}, "event": {"created": "2025-11-08T14:34:53.016Z", "module": "sysmon", "type": ["start", "process_start"], "kind": "event", "action": "Process Create (rule: ProcessCreate)", "provider": "Microsoft-Windows-Sysmon", "category": ["process"], "code": "1"}, "winlog": {"event_id": "1", "user": {"identifier": "S-1-5-18", "domain": "NT AUTHORITY", "name": "SYSTEM", "type": "User"}, "task": "Process Create (rule: ProcessCreate)", "opcode": "Info", "channel": "Microsoft-Windows-Sysmon/Operational", "computer_name": "DESKTOP-5D71Q14", "process": {"pid": 560, "thread": {"id": 804}}, "version": 5, "provider_name": "Microsoft-Windows-Sysmon", "event_data": {"IntegrityLevel": "High", "ParentUser": "DESKTOP-5D71Q14\\vagrant", "Company": "-", "TerminalSessionId": "0", "LogonGuid": "{9541e27f-54fc-690f-dee2-5d0000000000}", "LogonId": "0x5de2de", "FileVersion": "-", "Product": "-", "Description": "-"}, "api": "wineventlog", "provider_guid": "{5770385f-c22a-43e0-bf4c-06f5698ffbd9}", "record_id": 38769}}
{"tags": ["beats_input_codec_plain_applied", "_jsonparsefailure", "pikksilm_sysmon"], "@version": "1", "message": "Network connection detected:\nRuleName: -\nUtcTime: 2025-11-08 14:34:58.956\nProcessGuid: {4d96f8ad-4928-690f-3500-000000000500}\nProcessId: 2796\nImage: C:\\Program Files\\Windows Defender\\MsMpEng.exe\nUser: NT AUTHORITY\\SYSTEM\nProtocol: tcp\nInitiated: true\nSourceIsIpv6: false\nSourceIp: 10.136.5.69\nSourceHostname: -\nSourcePort: 49930\nSourcePortName: -\nDestinationIsIpv6: false\nDestinationIp: 4.208.165.248\nDestinationHostname: -\nDestinationPort: 443\nDestinationPortName: -", "related": {"ip": ["10.136.5.69", "4.208.165.248"], "user": "SYSTEM"}, "host": {"hostname": "DESKTOP-4KG93DG", "os": {"kernel": "10.0.22621.2861 (WinBuild.160101.0800)", "type": "windows", "platform": "windows", "version": "10.0", "family": "windows", "name": "Windows 11 Pro", "build": "22631.2861"}, "ip": ["fe80::54fd:e63:93ce:bb23", "10.136.5.69"], "architecture": "x86_64", "mac": ["bc:24:11:10:2c:d3"], "id": "4d96f8ad-6ed7-495d-9069-5f56c2ebf694"}, "source": {"port": 49930, "ip": "10.136.5.69", "domain": "-"}, "@timestamp": "2025-11-08T14:34:58.956Z", "log": {"level": "information"}, "user": {"name": "SYSTEM", "domain": "NT AUTHORITY", "id": "S-1-5-18"}, "network": {"protocol": "-", "type": "ipv4", "direction": "egress", "community_id": "1:YLKC/fyKF2qzHLW2Fh4PnaJ03sw=", "transport": "tcp"}, "process": {"pid": 2796, "executable": "C:\\Program Files\\Windows Defender\\MsMpEng.exe", "entity_id": "{4d96f8ad-4928-690f-3500-000000000500}", "name": "MsMpEng.exe"}, "ecs": {"version": "1.12.0"}, "agent": {"ephemeral_id": "b4008bfb-8e39-4e8e-8ad7-e585c890b879", "id": "bd065c39-423b-48a6-b74e-4c0ace0cf1cc", "name": "DESKTOP-4KG93DG", "type": "winlogbeat", "version": "7.17.29", "hostname": "DESKTOP-4KG93DG"}, "event": {"created": "2025-11-08T14:35:00.475Z", "module": "sysmon", "type": ["connection", "start", "protocol"], "kind": "event", "action": "Network connection detected (rule: NetworkConnect)", "provider": "Microsoft-Windows-Sysmon", "category": ["network"], "code": "3"}, "destination": {"port": 443, "ip": "4.208.165.248", "domain": "-"}, "winlog": {"event_id": "3", "user": {"name": "SYSTEM", "domain": "NT AUTHORITY", "type": "User", "identifier": "S-1-5-18"}, "task": "Network connection detected (rule: NetworkConnect)", "opcode": "Info", "channel": "Microsoft-Windows-Sysmon/Operational", "computer_name": "DESKTOP-4KG93DG", "process": {"pid": 2248, "thread": {"id": 496}}, "version": 5, "provider_name": "Microsoft-Windows-Sysmon", "event_data": {"SourcePortName": "-"}, "api": "wineventlog", "provider_guid": "{5770385f-c22a-43e0-bf4c-06f5698ffbd9}", "record_id": 38944}}
{"tags": ["beats_input_codec_plain_applied", "_jsonparsefailure", "pikksilm_sysmon"], "@version": "1", "message": "Network connection detected:\nRuleName: -\nUtcTime: 2025-11-08 14:34:58.903\nProcessGuid: {4d96f8ad-c7b1-690f-1f00-000000000500}\nProcessId: 1624\nImage: C:\\Windows\\system32\\svchost.exe\nUser: NT AUTHORITY\\NETWORK SERVICE\nProtocol: udp\nInitiated: true\nSourceIsIpv6: false\nSourceIp: 10.136.5.69\nSourceHostname: -\nSourcePort: 59665\nSourcePortName: -\nDestinationIsIpv6: false\nDestinationIp: 1.1.1.1\nDestinationHostname: -\nDestinationPort: 53\nDestinationPortName: -", "related": {"ip": ["10.136.5.69", "1.1.1.1"], "user": "NETWORK SERVICE"}, "host": {"hostname": "DESKTOP-4KG93DG", "os": {"platform": "windows", "type": "windows", "version": "10.0", "family": "windows", "name": "Windows 11 Pro", "kernel": "10.0.22621.2861 (WinBuild.160101.0800)", "build": "22631.2861"}, "ip": ["fe80::54fd:e63:93ce:bb23", "10.136.5.69"], "architecture": "x86_64", "mac": ["bc:24:11:10:2c:d3"], "id": "4d96f8ad-6ed7-495d-9069-5f56c2ebf694"}, "source": {"port": 59665, "ip": "10.136.5.69", "domain": "-"}, "@timestamp": "2025-11-08T14:34:58.903Z", "log": {"level": "information"}, "user": {"name": "NETWORK SERVICE", "domain": "NT AUTHORITY", "id": "S-1-5-18"}, "network": {"type": "ipv4", "community_id": "1:9M4Gp6DK/PkQRRKwm6AXMVXgq6U=", "direction": "egress", "protocol": "-", "transport": "udp"}, "process": {"executable": "C:\\Windows\\system32\\svchost.exe", "name": "svchost.exe", "entity_id": "{4d96f8ad-c7b1-690f-1f00-000000000500}", "pid": 1624}, "ecs": {"version": "1.12.0"}, "agent": {"ephemeral_id": "b4008bfb-8e39-4e8e-8ad7-e585c890b879", "id": "bd065c39-423b-48a6-b74e-4c0ace0cf1cc", "name": "DESKTOP-4KG93DG", "type": "winlogbeat", "version": "7.17.29", "hostname": "DESKTOP-4KG93DG"}, "event": {"module": "sysmon", "created": "2025-11-08T14:35:01.515Z", "type": ["connection", "start", "protocol"], "kind": "event", "action": "Network connection detected (rule: NetworkConnect)", "provider": "Microsoft-Windows-Sysmon", "category": ["network"], "code": "3"}, "destination": {"port": 53, "ip": "1.1.1.1", "domain": "-"}, "winlog": {"event_id": "3", "user": {"identifier": "S-1-5-18", "domain": "NT AUTHORITY", "name": "SYSTEM", "type": "User"}, "channel": "Microsoft-Windows-Sysmon/Operational", "process": {"pid": 2248, "thread": {"id": 496}}, "opcode": "Info", "computer_name": "DESKTOP-4KG93DG", "task": "Network connection detected (rule: NetworkConnect)", "version": 5, "provider_name": "Microsoft-Windows-Sysmon", "event_data": {"SourcePortName": "-"}, "api": "wineventlog", "provider_guid": "{5770385f-c22a-43e0-bf4c-06f5698ffbd9}", "record_id": 38957}}
{"tags": ["beats_input_codec_plain_applied", "_jsonparsefailure", "pikksilm_sysmon"], "@version": "1", "message": "Network connection detected:\nRuleName: -\nUtcTime: 2025-11-08 14:34:59.231\nProcessGuid: {b14ecd17-c77f-690f-1f00-000000000500}\nProcessId: 1664\nImage: C:\\Windows\\system32\\svchost.exe\nUser: NT AUTHORITY\\NETWORK SERVICE\nProtocol: udp\nInitiated: true\nSourceIsIpv6: false\nSourceIp: 10.136.5.66\nSourceHostname: -\nSourcePort: 56725\nSourcePortName: -\nDestinationIsIpv6: false\nDestinationIp: 1.1.1.1\nDestinationHostname: -\nDestinationPort: 53\nDestinationPortName: -", "related": {"ip": ["10.136.5.66", "1.1.1.1"], "user": "NETWORK SERVICE"}, "host": {"id": "b14ecd17-5d3b-4f55-baee-6ff4cabb34b4", "os": {"platform": "windows", "family": "windows", "version": "10.0", "name": "Windows 11 Pro", "kernel": "10.0.22621.2861 (WinBuild.160101.0800)", "type": "windows", "build": "22631.2861"}, "ip": ["fe80::48f7:5d50:95ed:189a", "10.136.5.66"], "architecture": "x86_64", "mac": ["bc:24:11:45:94:8e"], "hostname": "DESKTOP-8Q44FSM"}, "source": {"port": 56725, "ip": "10.136.5.66", "domain": "-"}, "@timestamp": "2025-11-08T14:34:59.231Z", "log": {"level": "information"}, "user": {"name": "NETWORK SERVICE", "domain": "NT AUTHORITY", "id": "S-1-5-18"}, "network": {"protocol": "-", "type": "ipv4", "direction": "egress", "community_id": "1:qTm8t4jJa0IIK1vyIG6i0xAEvBU=", "transport": "udp"}, "process": {"pid": 1664, "executable": "C:\\Windows\\system32\\svchost.exe", "entity_id": "{b14ecd17-c77f-690f-1f00-000000000500}", "name": "svchost.exe"}, "ecs": {"version": "1.12.0"}, "agent": {"hostname": "DESKTOP-8Q44FSM", "ephemeral_id": "dcd8318d-95d4-4b47-92c0-9b7bdc2aa8b4", "name": "DESKTOP-8Q44FSM", "type": "winlogbeat", "version": "7.17.29", "id": "ad03eb5d-aaf5-44d5-b5c0-e19e6c891455"}, "event": {"created": "2025-11-08T14:35:01.458Z", "module": "sysmon", "type": ["connection", "start", "protocol"], "kind": "event", "action": "Network connection detected (rule: NetworkConnect)", "provider": "Microsoft-Windows-Sysmon", "category": ["network"], "code": "3"}, "destination": {"port": 53, "ip": "1.1.1.1", "domain": "-"}, "winlog": {"event_id": "3", "user": {"name": "SYSTEM", "type": "User", "identifier": "S-1-5-18", "domain": "NT AUTHORITY"}, "task": "Network connection detected (rule: NetworkConnect)", "process": {"pid": 1156, "thread": {"id": 1884}}, "opcode": "Info", "computer_name": "DESKTOP-8Q44FSM", "channel": "Microsoft-Windows-Sysmon/Operational", "version": 5, "provider_name": "Microsoft-Windows-Sysmon", "event_data": {"SourcePortName": "-"}, "api": "wineventlog", "provider_guid": "{5770385f-c22a-43e0-bf4c-06f5698ffbd9}", "record_id": 38140}}
{"tags": ["beats_input_codec_plain_applied", "_jsonparsefailure", "pikksilm_sysmon"], "@version": "1", "message": "Network connection detected:\nRuleName: -\nUtcTime: 2025-11-08 14:34:59.470\nProcessGuid: {b14ecd17-c77f-690f-1f00-000000000500}\nProcessId: 1664\nImage: C:\\Windows\\system32\\svchost.exe\nUser: NT AUTHORITY\\NETWORK SERVICE\nProtocol: udp\nInitiated: true\nSourceIsIpv6: false\nSourceIp: 10.136.5.66\nSourceHostname: -\nSourcePort: 56725\nSourcePortName: -\nDestinationIsIpv6: false\nDestinationIp: 8.8.8.8\nDestinationHostname: -\nDestinationPort: 53\nDestinationPortName: -", "related": {"ip": ["10.136.5.66", "8.8.8.8"], "user": "NETWORK SERVICE"}, "host": {"id": "b14ecd17-5d3b-4f55-baee-6ff4cabb34b4", "os": {"platform": "windows", "type": "windows", "version": "10.0", "family": "windows", "name": "Windows 11 Pro", "kernel": "10.0.22621.2861 (WinBuild.160101.0800)", "build": "22631.2861"}, "ip": ["fe80::48f7:5d50:95ed:189a", "10.136.5.66"], "architecture": "x86_64", "mac": ["bc:24:11:45:94:8e"], "hostname": "DESKTOP-8Q44FSM"}, "source": {"port": 56725, "ip": "10.136.5.66", "domain": "-"}, "@timestamp": "2025-11-08T14:34:59.470Z", "log": {"level": "information"}, "user": {"name": "NETWORK SERVICE", "domain": "NT AUTHORITY", "id": "S-1-5-18"}, "network": {"type": "ipv4", "community_id": "1:jOFKlnu/eRWOq6YXaNv0+mYOmgs=", "protocol": "-", "direction": "egress", "transport": "udp"}, "process": {"pid": 1664, "executable": "C:\\Windows\\system32\\svchost.exe", "entity_id": "{b14ecd17-c77f-690f-1f00-000000000500}", "name": "svchost.exe"}, "ecs": {"version": "1.12.0"}, "agent": {"ephemeral_id": "dcd8318d-95d4-4b47-92c0-9b7bdc2aa8b4", "id": "ad03eb5d-aaf5-44d5-b5c0-e19e6c891455", "name": "DESKTOP-8Q44FSM", "type": "winlogbeat", "version": "7.17.29", "hostname": "DESKTOP-8Q44FSM"}, "event": {"created": "2025-11-08T14:35:02.480Z", "module": "sysmon", "type": ["connection", "start", "protocol"], "kind": "event", "action": "Network connection detected (rule: NetworkConnect)", "provider": "Microsoft-Windows-Sysmon", "category": ["network"], "code": "3"}, "destination": {"port": 53, "ip": "8.8.8.8", "domain": "-"}, "winlog": {"event_id": "3", "user": {"identifier": "S-1-5-18", "domain": "NT AUTHORITY", "name": "SYSTEM", "type": "User"}, "channel": "Microsoft-Windows-Sysmon/Operational", "opcode": "Info", "task": "Network connection detected (rule: NetworkConnect)", "computer_name": "DESKTOP-8Q44FSM", "process": {"pid": 1156, "thread": {"id": 1884}}, "version": 5, "provider_name": "Microsoft-Windows-Sysmon", "event_data": {"SourcePortName": "-"}, "api": "wineventlog", "provider_guid": "{5770385f-c22a-43e0-bf4c-06f5698ffbd9}", "record_id": 38154}}
{"tags": ["beats_input_codec_plain_applied", "_jsonparsefailure", "pikksilm_sysmon"], "@version": "1", "message": "Network connection detected:\nRuleName: -\nUtcTime: 2025-11-08 14:34:59.285\nProcessGuid: {b14ecd17-c787-690f-3700-000000000500}\nProcessId: 2836\nImage: C:\\Program Files\\Windows Defender\\MsMpEng.exe\nUser: NT AUTHORITY\\SYSTEM\nProtocol: tcp\nInitiated: true\nSourceIsIpv6: false\nSourceIp: 10.136.5.66\nSourceHostname: -\nSourcePort: 49932\nSourcePortName: -\nDestinationIsIpv6: false\nDestinationIp: 4.208.165.248\nDestinationHostname: -\nDestinationPort: 443\nDestinationPortName: -", "related": {"ip": ["10.136.5.66", "4.208.165.248"], "user": "SYSTEM"}, "host": {"hostname": "DESKTOP-8Q44FSM", "os": {"family": "windows", "name": "Windows 11 Pro", "version": "10.0", "kernel": "10.0.22621.2861 (WinBuild.160101.0800)", "type": "windows", "platform": "windows", "build": "22631.2861"}, "ip": ["fe80::48f7:5d50:95ed:189a", "10.136.5.66"], "architecture": "x86_64", "mac": ["bc:24:11:45:94:8e"], "id": "b14ecd17-5d3b-4f55-baee-6ff4cabb34b4"}, "source": {"port": 49932, "ip": "10.136.5.66", "domain": "-"}, "@timestamp": "2025-11-08T14:34:59.285Z", "log": {"level": "information"}, "user": {"name": "SYSTEM", "domain": "NT AUTHORITY", "id": "S-1-5-18"}, "network": {"type": "ipv4", "community_id": "1:8LLygeKG+N8ZrQnHjIKt6psfqwk=", "direction": "egress", "protocol": "-", "transport": "tcp"}, "process": {"pid": 2836, "executable": "C:\\Program Files\\Windows Defender\\MsMpEng.exe", "entity_id": "{b14ecd17-c787-690f-3700-000000000500}", "name": "MsMpEng.exe"}, "ecs": {"version": "1.12.0"}, "agent": {"ephemeral_id": "dcd8318d-95d4-4b47-92c0-9b7bdc2aa8b4", "id": "ad03eb5d-aaf5-44d5-b5c0-e19e6c891455", "name": "DESKTOP-8Q44FSM", "type": "winlogbeat", "version": "7.17.29", "hostname": "DESKTOP-8Q44FSM"}, "event": {"module": "sysmon", "created": "2025-11-08T14:35:02.481Z", "type": ["connection", "start", "protocol"], "kind": "event", "action": "Network connection detected (rule: NetworkConnect)", "provider": "Microsoft-Windows-Sysmon", "category": ["network"], "code": "3"}, "destination": {"port": 443, "ip": "4.208.165.248", "domain": "-"}, "winlog": {"event_id": "3", "user": {"name": "SYSTEM", "type": "User", "identifier": "S-1-5-18", "domain": "NT AUTHORITY"}, "channel": "Microsoft-Windows-Sysmon/Operational", "opcode": "Info", "process": {"pid": 1156, "thread": {"id": 1884}}, "computer_name": "DESKTOP-8Q44FSM", "task": "Network connection detected (rule: NetworkConnect)", "version": 5, "provider_name": "Microsoft-Windows-Sysmon", "event_data": {"SourcePortName": "-"}, "api": "wineventlog", "provider_guid": "{5770385f-c22a-43e0-bf4c-06f5698ffbd9}", "record_id": 38158}}
{"tags": ["beats_input_codec_plain_applied", "_jsonparsefailure", "pikksilm_sysmon"], "@version": "1", "message": "Network connection detected:\nRuleName: -\nUtcTime: 2025-11-08 14:34:59.542\nProcessGuid: {b14ecd17-c787-690f-3700-000000000500}\nProcessId: 2836\nImage: C:\\Program Files\\Windows Defender\\MsMpEng.exe\nUser: NT AUTHORITY\\SYSTEM\nProtocol: tcp\nInitiated: true\nSourceIsIpv6: false\nSourceIp: 10.136.5.66\nSourceHostname: -\nSourcePort: 49933\nSourcePortName: -\nDestinationIsIpv6: false\nDestinationIp: 4.208.165.241\nDestinationHostname: -\nDestinationPort: 443\nDestinationPortName: -", "related": {"ip": ["10.136.5.66", "4.208.165.241"], "user": "SYSTEM"}, "host": {"id": "b14ecd17-5d3b-4f55-baee-6ff4cabb34b4", "os": {"platform": "windows", "type": "windows", "version": "10.0", "family": "windows", "name": "Windows 11 Pro", "kernel": "10.0.22621.2861 (WinBuild.160101.0800)", "build": "22631.2861"}, "ip": ["fe80::48f7:5d50:95ed:189a", "10.136.5.66"], "architecture": "x86_64", "mac": ["bc:24:11:45:94:8e"], "hostname": "DESKTOP-8Q44FSM"}, "source": {"port": 49933, "ip": "10.136.5.66", "domain": "-"}, "@timestamp": "2025-11-08T14:34:59.542Z", "log": {"level": "information"}, "user": {"name": "SYSTEM", "domain": "NT AUTHORITY", "id": "S-1-5-18"}, "network": {"protocol": "-", "type": "ipv4", "direction": "egress", "community_id": "1:2znuxUPTQn2Ss83/CS790tlCLfo=", "transport": "tcp"}, "process": {"pid": 2836, "executable": "C:\\Program Files\\Windows Defender\\MsMpEng.exe", "name": "MsMpEng.exe", "entity_id": "{b14ecd17-c787-690f-3700-000000000500}"}, "ecs": {"version": "1.12.0"}, "agent": {"hostname": "DESKTOP-8Q44FSM", "ephemeral_id": "dcd8318d-95d4-4b47-92c0-9b7bdc2aa8b4", "name": "DESKTOP-8Q44FSM", "type": "winlogbeat", "version": "7.17.29", "id": "ad03eb5d-aaf5-44d5-b5c0-e19e6c891455"}, "event": {"module": "sysmon", "created": "2025-11-08T14:35:02.481Z", "type": ["connection", "start", "protocol"], "kind": "event", "action": "Network connection detected (rule: NetworkConnect)", "provider": "Microsoft-Windows-Sysmon", "category": ["network"], "code": "3"}, "destination": {"port": 443, "ip": "4.208.165.241", "domain": "-"}, "winlog": {"event_id": "3", "user": {"identifier": "S-1-5-18", "domain": "NT AUTHORITY", "name": "SYSTEM", "type": "User"}, "task": "Network connection detected (rule: NetworkConnect)", "opcode": "Info", "process": {"pid": 1156, "thread": {"id": 1884}}, "computer_name": "DESKTOP-8Q44FSM", "channel": "Microsoft-Windows-Sysmon/Operational", "version": 5, "provider_name": "Microsoft-Windows-Sysmon", "event_data": {"SourcePortName": "-"}, "api": "wineventlog", "provider_guid": "{5770385f-c22a-43e0-bf4c-06f5698ffbd9}", "record_id": 38155}}
{"tags": ["beats_input_codec_plain_applied", "_jsonparsefailure", "pikksilm_sysmon"], "@version": "1", "message": "Network connection detected:\nRuleName: -\nUtcTime: 2025-11-08 14:35:00.551\nProcessGuid: {1c3b4e1a-c76f-690f-1f00-000000000500}\nProcessId: 1660\nImage: C:\\Windows\\system32\\svchost.exe\nUser: NT AUTHORITY\\NETWORK SERVICE\nProtocol: udp\nInitiated: true\nSourceIsIpv6: false\nSourceIp: 10.136.5.65\nSourceHostname: -\nSourcePort: 64456\nSourcePortName: -\nDestinationIsIpv6: false\nDestinationIp: 1.1.1.1\nDestinationHostname: -\nDestinationPort: 53\nDestinationPortName: -", "related": {"ip": ["10.136.5.65", "1.1.1.1"], "user": "NETWORK SERVICE"}, "host": {"hostname": "DESKTOP-JQK13SC", "os": {"name": "Windows 11 Pro", "kernel": "10.0.22621.2861 (WinBuild.160101.0800)", "type": "windows", "platform": "windows", "version": "10.0", "family": "windows", "build": "22631.2861"}, "ip": ["fe80::1f13:bebd:ede0:ed8c", "10.136.5.65"], "architecture": "x86_64", "mac": ["bc:24:11:65:5d:85"], "id": "1c3b4e1a-5518-4a6d-af82-298224d18338"}, "source": {"port": 64456, "ip": "10.136.5.65", "domain": "-"}, "@timestamp": "2025-11-08T14:35:00.551Z", "log": {"level": "information"}, "user": {"name": "NETWORK SERVICE", "domain": "NT AUTHORITY", "id": "S-1-5-18"}, "network": {"type": "ipv4", "community_id": "1:GOGM6mi0tfPhGz8/EDk3czoqzmU=", "direction": "egress", "protocol": "-", "transport": "udp"}, "process": {"pid": 1660, "executable": "C:\\Windows\\system32\\svchost.exe", "entity_id": "{1c3b4e1a-c76f-690f-1f00-000000000500}", "name": "svchost.exe"}, "ecs": {"version": "1.12.0"}, "agent": {"ephemeral_id": "0eb94074-2147-427a-8c46-6c6578d3ab93", "id": "1a4af485-022d-4981-8d7f-bea9aff53b0f", "name": "DESKTOP-JQK13SC", "type": "winlogbeat", "version": "7.17.29", "hostname": "DESKTOP-JQK13SC"}, "event": {"module": "sysmon", "created": "2025-11-08T14:35:02.691Z", "type": ["connection", "start", "protocol"], "kind": "event", "action": "Network connection detected (rule: NetworkConnect)", "provider": "Microsoft-Windows-Sysmon", "category": ["network"], "code": "3"}, "destination": {"port": 53, "ip": "1.1.1.1", "domain": "-"}, "winlog": {"event_id": "3", "user": {"identifier": "S-1-5-18", "domain": "NT AUTHORITY", "name": "SYSTEM", "type": "User"}, "channel": "Microsoft-Windows-Sysmon/Operational", "task": "Network connection detected (rule: NetworkConnect)", "opcode": "Info", "computer_name": "DESKTOP-JQK13SC", "process": {"thread": {"id": 3460}, "pid": 5100}, "version": 5, "provider_name": "Microsoft-Windows-Sysmon", "event_data": {"SourcePortName": "-"}, "api": "wineventlog", "provider_guid": "{5770385f-c22a-43e0-bf4c-06f5698ffbd9}", "record_id": 37862}}
{"tags": ["beats_input_codec_plain_applied", "_jsonparsefailure", "pikksilm_sysmon"], "@version": "1", "message": "Network connection detected:\nRuleName: -\nUtcTime: 2025-11-08 14:35:00.142\nProcessGuid: {6c054e7e-c78a-690f-1f00-000000000500}\nProcessId: 1632\nImage: C:\\Windows\\system32\\svchost.exe\nUser: NT AUTHORITY\\NETWORK SERVICE\nProtocol: udp\nInitiated: true\nSourceIsIpv6: false\nSourceIp: 10.136.5.67\nSourceHostname: -\nSourcePort: 59254\nSourcePortName: -\nDestinationIsIpv6: false\nDestinationIp: 1.1.1.1\nDestinationHostname: -\nDestinationPort: 53\nDestinationPortName: -", "related": {"ip": ["10.136.5.67", "1.1.1.1"], "user": "NETWORK SERVICE"}, "host": {"id": "6c054e7e-a5b1-4db9-8d63-3f70f302d6af", "os": {"platform": "windows", "type": "windows", "version": "10.0", "family": "windows", "name": "Windows 11 Pro", "kernel": "10.0.22621.2861 (WinBuild.160101.0800)", "build": "22631.2861"}, "ip": ["fe80::b392:ba9e:24f8:260e", "10.136.5.67"], "architecture": "x86_64", "mac": ["bc:24:11:9a:96:84"], "hostname": "DESKTOP-Q167QR1"}, "source": {"port": 59254, "ip": "10.136.5.67", "domain": "-"}, "@timestamp": "2025-11-08T14:35:00.142Z", "log": {"level": "information"}, "user": {"name": "NETWORK SERVICE", "domain": "NT AUTHORITY", "id": "S-1-5-18"}, "network": {"protocol": "-", "type": "ipv4", "direction": "egress", "community_id": "1:XxkSmjdNg9NapXsnIu7+wkQ28aE=", "transport": "udp"}, "process": {"pid": 1632, "executable": "C:\\Windows\\system32\\svchost.exe", "entity_id": "{6c054e7e-c78a-690f-1f00-000000000500}", "name": "svchost.exe"}, "ecs": {"version": "1.12.0"}, "agent": {"ephemeral_id": "e918f62f-a141-4b32-a344-477f03b1b9ea", "id": "b6d0da7e-2d5b-408f-88d3-d607a27fb60e", "name": "DESKTOP-Q167QR1", "type": "winlogbeat", "version": "7.17.29", "hostname": "DESKTOP-Q167QR1"}, "event": {"module": "sysmon", "created": "2025-11-08T14:35:02.868Z", "type": ["connection", "start", "protocol"], "kind": "event", "action": "Network connection detected (rule: NetworkConnect)", "provider": "Microsoft-Windows-Sysmon", "category": ["network"], "code": "3"}, "destination": {"port": 53, "ip": "1.1.1.1", "domain": "-"}, "winlog": {"event_id": "3", "user": {"name": "SYSTEM", "domain": "NT AUTHORITY", "type": "User", "identifier": "S-1-5-18"}, "task": "Network connection detected (rule: NetworkConnect)", "process": {"pid": 3804, "thread": {"id": 1008}}, "channel": "Microsoft-Windows-Sysmon/Operational", "computer_name": "DESKTOP-Q167QR1", "opcode": "Info", "version": 5, "provider_name": "Microsoft-Windows-Sysmon", "event_data": {"SourcePortName": "-"}, "api": "wineventlog", "provider_guid": "{5770385f-c22a-43e0-bf4c-06f5698ffbd9}", "record_id": 37325}}
{"tags": ["beats_input_codec_plain_applied", "_jsonparsefailure", "pikksilm_sysmon"], "@version": "1", "message": "Network connection detected:\nRuleName: -\nUtcTime: 2025-11-08 14:35:00.196\nProcessGuid: {6c054e7e-4900-690f-3900-000000000500}\nProcessId: 2932\nImage: C:\\Program Files\\Windows Defender\\MsMpEng.exe\nUser: NT AUTHORITY\\SYSTEM\nProtocol: tcp\nInitiated: true\nSourceIsIpv6: false\nSourceIp: 10.136.5.67\nSourceHostname: -\nSourcePort: 49931\nSourcePortName: -\nDestinationIsIpv6: false\nDestinationIp: 4.208.165.248\nDestinationHostname: -\nDestinationPort: 443\nDestinationPortName: -", "related": {"ip": ["10.136.5.67", "4.208.165.248"], "user": "SYSTEM"}, "host": {"hostname": "DESKTOP-Q167QR1", "os": {"platform": "windows", "family": "windows", "version": "10.0", "name": "Windows 11 Pro", "kernel": "10.0.22621.2861 (WinBuild.160101.0800)", "type": "windows", "build": "22631.2861"}, "ip": ["fe80::b392:ba9e:24f8:260e", "10.136.5.67"], "architecture": "x86_64", "mac": ["bc:24:11:9a:96:84"], "id": "6c054e7e-a5b1-4db9-8d63-3f70f302d6af"}, "source": {"port": 49931, "ip": "10.136.5.67", "domain": "-"}, "@timestamp": "2025-11-08T14:35:00.196Z", "log": {"level": "information"}, "user": {"name": "SYSTEM", "domain": "NT AUTHORITY", "id": "S-1-5-18"}, "network": {"type": "ipv4", "community_id": "1:J5bp6gtcmg3pzHdXrX8U9psMqew=", "direction": "egress", "protocol": "-", "transport": "tcp"}, "process": {"pid": 2932, "executable": "C:\\Program Files\\Windows Defender\\MsMpEng.exe", "name": "MsMpEng.exe", "entity_id": "{6c054e7e-4900-690f-3900-000000000500}"}, "ecs": {"version": "1.12.0"}, "agent": {"ephemeral_id": "e918f62f-a141-4b32-a344-477f03b1b9ea", "id": "b6d0da7e-2d5b-408f-88d3-d607a27fb60e", "name": "DESKTOP-Q167QR1", "type": "winlogbeat", "version": "7.17.29", "hostname": "DESKTOP-Q167QR1"}, "event": {"module": "sysmon", "created": "2025-11-08T14:35:02.875Z", "type": ["connection", "start", "protocol"], "kind": "event", "action": "Network connection detected (rule: NetworkConnect)", "provider": "Microsoft-Windows-Sysmon", "category": ["network"], "code": "3"}, "destination": {"port": 443, "ip": "4.208.165.248", "domain": "-"}, "winlog": {"event_id": "3", "user": {"identifier": "S-1-5-18", "domain": "NT AUTHORITY", "name": "SYSTEM", "type": "User"}, "task": "Network connection detected (rule: NetworkConnect)", "opcode": "Info", "channel": "Microsoft-Windows-Sysmon/Operational", "computer_name": "DESKTOP-Q167QR1", "process": {"pid": 3804, "thread": {"id": 1008}}, "version": 5, "provider_name": "Microsoft-Windows-Sysmon", "event_data": {"SourcePortName": "-"}, "api": "wineventlog", "provider_guid": "{5770385f-c22a-43e0-bf4c-06f5698ffbd9}", "record_id": 37347}}
{"tags": ["beats_input_codec_plain_applied", "_jsonparsefailure", "pikksilm_sysmon"], "@version": "1", "message": "Network connection detected:\nRuleName: -\nUtcTime: 2025-11-08 14:35:00.313\nProcessGuid: {9541e27f-c7b0-690f-1f00-000000000500}\nProcessId: 1632\nImage: C:\\Windows\\system32\\svchost.exe\nUser: NT AUTHORITY\\NETWORK SERVICE\nProtocol: udp\nInitiated: true\nSourceIsIpv6: false\nSourceIp: 10.136.5.68\nSourceHostname: -\nSourcePort: 58016\nSourcePortName: -\nDestinationIsIpv6: false\nDestinationIp: 1.1.1.1\nDestinationHostname: -\nDestinationPort: 53\nDestinationPortName: -", "related": {"ip": ["10.136.5.68", "1.1.1.1"], "user": "NETWORK SERVICE"}, "host": {"hostname": "DESKTOP-5D71Q14", "os": {"platform": "windows", "family": "windows", "version": "10.0", "name": "Windows 11 Pro", "kernel": "10.0.22621.2861 (WinBuild.160101.0800)", "type": "windows", "build": "22631.2861"}, "ip": ["fe80::bfbe:eb73:3f35:ed8b", "10.136.5.68"], "architecture": "x86_64", "mac": ["bc:24:11:f2:aa:20"], "id": "9541e27f-63d3-48ba-a52f-de9a0436a02f"}, "source": {"port": 58016, "ip": "10.136.5.68", "domain": "-"}, "@timestamp": "2025-11-08T14:35:00.313Z", "log": {"level": "information"}, "user": {"name": "NETWORK SERVICE", "domain": "NT AUTHORITY", "id": "S-1-5-18"}, "network": {"protocol": "-", "type": "ipv4", "direction": "egress", "community_id": "1:fUTaSU+wCNRPVHddzf+iZdBQrsM=", "transport": "udp"}, "process": {"executable": "C:\\Windows\\system32\\svchost.exe", "name": "svchost.exe", "entity_id": "{9541e27f-c7b0-690f-1f00-000000000500}", "pid": 1632}, "ecs": {"version": "1.12.0"}, "agent": {"hostname": "DESKTOP-5D71Q14", "ephemeral_id": "d07b82f0-1acc-4d97-9489-166a47073a22", "name": "DESKTOP-5D71Q14", "type": "winlogbeat", "version": "7.17.29", "id": "43e4a97d-cdf0-42b2-8f35-6f5b1e9e1766"}, "event": {"created": "2025-11-08T14:35:03.439Z", "module": "sysmon", "type": ["connection", "start", "protocol"], "kind": "event", "action": "Network connection detected (rule: NetworkConnect)", "provider": "Microsoft-Windows-Sysmon", "category": ["network"], "code": "3"}, "destination": {"port": 53, "ip": "1.1.1.1", "domain": "-"}, "winlog": {"event_id": "3", "user": {"identifier": "S-1-5-18", "type": "User", "domain": "NT AUTHORITY", "name": "SYSTEM"}, "channel": "Microsoft-Windows-Sysmon/Operational", "task": "Network connection detected (rule: NetworkConnect)", "opcode": "Info", "computer_name": "DESKTOP-5D71Q14", "process": {"pid": 560, "thread": {"id": 5020}}, "version": 5, "provider_name": "Microsoft-Windows-Sysmon", "event_data": {"SourcePortName": "-"}, "api": "wineventlog", "provider_guid": "{5770385f-c22a-43e0-bf4c-06f5698ffbd9}", "record_id": 38935}}
{"tags": ["beats_input_codec_plain_applied", "_jsonparsefailure", "pikksilm_sysmon"], "@version": "1", "message": "Network connection detected:\nRuleName: -\nUtcTime: 2025-11-08 14:35:00.366\nProcessGuid: {9541e27f-4928-690f-3700-000000000500}\nProcessId: 2856\nImage: C:\\Program Files\\Windows Defender\\MsMpEng.exe\nUser: NT AUTHORITY\\SYSTEM\nProtocol: tcp\nInitiated: true\nSourceIsIpv6: false\nSourceIp: 10.136.5.68\nSourceHostname: -\nSourcePort: 49929\nSourcePortName: -\nDestinationIsIpv6: false\nDestinationIp: 4.208.165.248\nDestinationHostname: -\nDestinationPort: 443\nDestinationPortName: -", "related": {"ip": ["10.136.5.68", "4.208.165.248"], "user": "SYSTEM"}, "host": {"hostname": "DESKTOP-5D71Q14", "os": {"family": "windows", "name": "Windows 11 Pro", "kernel": "10.0.22621.2861 (WinBuild.160101.0800)", "type": "windows", "platform": "windows", "version": "10.0", "build": "22631.2861"}, "ip": ["fe80::bfbe:eb73:3f35:ed8b", "10.136.5.68"], "architecture": "x86_64", "mac": ["bc:24:11:f2:aa:20"], "id": "9541e27f-63d3-48ba-a52f-de9a0436a02f"}, "source": {"port": 49929, "ip": "10.136.5.68", "domain": "-"}, "@timestamp": "2025-11-08T14:35:00.366Z", "log": {"level": "information"}, "user": {"name": "SYSTEM", "domain": "NT AUTHORITY", "id": "S-1-5-18"}, "network": {"type": "ipv4", "community_id": "1:0NQXDH2LEa9xVlZRTEelYAC2F4Y=", "protocol": "-", "direction": "egress", "transport": "tcp"}, "process": {"pid": 2856, "executable": "C:\\Program Files\\Windows Defender\\MsMpEng.exe", "entity_id": "{9541e27f-4928-690f-3700-000000000500}", "name": "MsMpEng.exe"}, "ecs": {"version": "1.12.0"}, "agent": {"hostname": "DESKTOP-5D71Q14", "ephemeral_id": "d07b82f0-1acc-4d97-9489-166a47073a22", "name": "DESKTOP-5D71Q14", "type": "winlogbeat", "version": "7.17.29", "id": "43e4a97d-cdf0-42b2-8f35-6f5b1e9e1766"}, "event": {"module": "sysmon", "created": "2025-11-08T14:35:03.440Z", "type": ["connection", "start", "protocol"], "kind": "event", "action": "Network connection detected (rule: NetworkConnect)", "provider": "Microsoft-Windows-Sysmon", "category": ["network"], "code": "3"}, "destination": {"port": 443, "ip": "4.208.165.248", "domain": "-"}, "winlog": {"event_id": "3", "user": {"identifier": "S-1-5-18", "domain": "NT AUTHORITY", "name": "SYSTEM", "type": "User"}, "channel": "Microsoft-Windows-Sysmon/Operational", "process": {"pid": 560, "thread": {"id": 5020}}, "opcode": "Info", "computer_name": "DESKTOP-5D71Q14", "task": "Network connection detected (rule: NetworkConnect)", "version": 5, "provider_name": "Microsoft-Windows-Sysmon", "event_data": {"SourcePortName": "-"}, "api": "wineventlog", "provider_guid": "{5770385f-c22a-43e0-bf4c-06f5698ffbd9}", "record_id": 38936}}
{"tags": ["beats_input_codec_plain_applied", "_jsonparsefailure", "pikksilm_sysmon"], "@version": "1", "message": "Network connection detected:\nRuleName: -\nUtcTime: 2025-11-08 14:35:00.288\nProcessGuid: {b14ecd17-550a-690f-3103-000000000500}\nProcessId: 904\nImage: C:\\Payloads\\totally_legit.exe\nUser: DESKTOP-8Q44FSM\\vagrant\nProtocol: tcp\nInitiated: true\nSourceIsIpv6: false\nSourceIp: 10.136.5.66\nSourceHostname: -\nSourcePort: 49934\nSourcePortName: -\nDestinationIsIpv6: false\nDestinationIp: 10.136.5.33\nDestinationHostname: -\nDestinationPort: 443\nDestinationPortName: -", "related": {"ip": ["10.136.5.66", "10.136.5.33"], "user": "vagrant"}, "host": {"id": "b14ecd17-5d3b-4f55-baee-6ff4cabb34b4", "os": {"platform": "windows", "family": "windows", "version": "10.0", "name": "Windows 11 Pro", "kernel": "10.0.22621.2861 (WinBuild.160101.0800)", "type": "windows", "build": "22631.2861"}, "ip": ["fe80::48f7:5d50:95ed:189a", "10.136.5.66"], "architecture": "x86_64", "mac": ["bc:24:11:45:94:8e"], "hostname": "DESKTOP-8Q44FSM"}, "source": {"port": 49934, "ip": "10.136.5.66", "domain": "-"}, "@timestamp": "2025-11-08T14:35:00.288Z", "log": {"level": "information"}, "user": {"name": "vagrant", "domain": "DESKTOP-8Q44FSM", "id": "S-1-5-18"}, "network": {"protocol": "-", "type": "ipv4", "direction": "egress", "community_id": "1:aMaW1ar0/vfSxiovmXotErARW2k=", "transport": "tcp"}, "process": {"pid": 904, "executable": "C:\\Payloads\\totally_legit.exe", "entity_id": "{b14ecd17-550a-690f-3103-000000000500}", "name": "totally_legit.exe"}, "ecs": {"version": "1.12.0"}, "agent": {"ephemeral_id": "dcd8318d-95d4-4b47-92c0-9b7bdc2aa8b4", "id": "ad03eb5d-aaf5-44d5-b5c0-e19e6c891455", "name": "DESKTOP-8Q44FSM", "type": "winlogbeat", "version": "7.17.29", "hostname": "DESKTOP-8Q44FSM"}, "event": {"module": "sysmon", "created": "2025-11-08T14:35:03.485Z", "type": ["connection", "start", "protocol"], "kind": "event", "action": "Network connection detected (rule: NetworkConnect)", "provider": "Microsoft-Windows-Sysmon", "category": ["network"], "code": "3"}, "destination": {"port": 443, "ip": "10.136.5.33", "domain": "-"}, "winlog": {"event_id": "3", "user": {"identifier": "S-1-5-18", "domain": "NT AUTHORITY", "name": "SYSTEM", "type": "User"}, "task": "Network connection detected (rule: NetworkConnect)", "opcode": "Info", "process": {"pid": 1156, "thread": {"id": 1884}}, "computer_name": "DESKTOP-8Q44FSM", "channel": "Microsoft-Windows-Sysmon/Operational", "version": 5, "provider_name": "Microsoft-Windows-Sysmon", "event_data": {"SourcePortName": "-"}, "api": "wineventlog", "provider_guid": "{5770385f-c22a-43e0-bf4c-06f5698ffbd9}", "record_id": 38160}}
{"tags": ["beats_input_codec_plain_applied", "_jsonparsefailure", "pikksilm_sysmon"], "@version": "1", "message": "Network connection detected:\nRuleName: -\nUtcTime: 2025-11-08 14:35:00.303\nProcessGuid: {4d96f8ad-550a-690f-3403-000000000500}\nProcessId: 3700\nImage: C:\\Payloads\\totally_legit.exe\nUser: DESKTOP-4KG93DG\\vagrant\nProtocol: tcp\nInitiated: true\nSourceIsIpv6: false\nSourceIp: 10.136.5.69\nSourceHostname: -\nSourcePort: 49931\nSourcePortName: -\nDestinationIsIpv6: false\nDestinationIp: 10.136.5.33\nDestinationHostname: -\nDestinationPort: 443\nDestinationPortName: -", "related": {"ip": ["10.136.5.69", "10.136.5.33"], "user": "vagrant"}, "host": {"id": "4d96f8ad-6ed7-495d-9069-5f56c2ebf694", "os": {"name": "Windows 11 Pro", "kernel": "10.0.22621.2861 (WinBuild.160101.0800)", "type": "windows", "platform": "windows", "version": "10.0", "family": "windows", "build": "22631.2861"}, "ip": ["fe80::54fd:e63:93ce:bb23", "10.136.5.69"], "architecture": "x86_64", "mac": ["bc:24:11:10:2c:d3"], "hostname": "DESKTOP-4KG93DG"}, "source": {"port": 49931, "ip": "10.136.5.69", "domain": "-"}, "@timestamp": "2025-11-08T14:35:00.303Z", "log": {"level": "information"}, "user": {"name": "vagrant", "domain": "DESKTOP-4KG93DG", "id": "S-1-5-18"}, "network": {"protocol": "-", "type": "ipv4", "direction": "egress", "community_id": "1:RZvuVHPG3bw22GrjOMiOfiD7vHY=", "transport": "tcp"}, "process": {"pid": 3700, "executable": "C:\\Payloads\\totally_legit.exe", "entity_id": "{4d96f8ad-550a-690f-3403-000000000500}", "name": "totally_legit.exe"}, "ecs": {"version": "1.12.0"}, "agent": {"id": "bd065c39-423b-48a6-b74e-4c0ace0cf1cc", "hostname": "DESKTOP-4KG93DG", "name": "DESKTOP-4KG93DG", "type": "winlogbeat", "version": "7.17.29", "ephemeral_id": "b4008bfb-8e39-4e8e-8ad7-e585c890b879"}, "event": {"module": "sysmon", "created": "2025-11-08T14:35:03.550Z", "type": ["connection", "start", "protocol"], "kind": "event", "action": "Network connection detected (rule: NetworkConnect)", "provider": "Microsoft-Windows-Sysmon", "category": ["network"], "code": "3"}, "destination": {"port": 443, "ip": "10.136.5.33", "domain": "-"}, "winlog": {"event_id": "3", "user": {"name": "SYSTEM", "type": "User", "identifier": "S-1-5-18", "domain": "NT AUTHORITY"}, "channel": "Microsoft-Windows-Sysmon/Operational", "process": {"pid": 2248, "thread": {"id": 496}}, "task": "Network connection detected (rule: NetworkConnect)", "computer_name": "DESKTOP-4KG93DG", "opcode": "Info", "version": 5, "provider_name": "Microsoft-Windows-Sysmon", "event_data": {"SourcePortName": "-"}, "api": "wineventlog", "provider_guid": "{5770385f-c22a-43e0-bf4c-06f5698ffbd9}", "record_id": 38959}}
{"tags": ["beats_input_codec_plain_applied", "_jsonparsefailure", "pikksilm_sysmon"], "@version": "1", "message": "Network connection detected:\nRuleName: -\nUtcTime: 2025-11-08 14:35:00.603\nProcessGuid: {1c3b4e1a-c775-690f-3500-000000000500}\nProcessId: 2816\nImage: C:\\Program Files\\Windows Defender\\MsMpEng.exe\nUser: NT AUTHORITY\\SYSTEM\nProtocol: tcp\nInitiated: true\nSourceIsIpv6: false\nSourceIp: 10.136.5.65\nSourceHostname: -\nSourcePort: 49927\nSourcePortName: -\nDestinationIsIpv6: false\nDestinationIp: 4.208.165.248\nDestinationHostname: -\nDestinationPort: 443\nDestinationPortName: -", "related": {"ip": ["10.136.5.65", "4.208.165.248"], "user": "SYSTEM"}, "host": {"hostname": "DESKTOP-JQK13SC", "os": {"platform": "windows", "family": "windows", "version": "10.0", "name": "Windows 11 Pro", "kernel": "10.0.22621.2861 (WinBuild.160101.0800)", "type": "windows", "build": "22631.2861"}, "ip": ["fe80::1f13:bebd:ede0:ed8c", "10.136.5.65"], "architecture": "x86_64", "mac": ["bc:24:11:65:5d:85"], "id": "1c3b4e1a-5518-4a6d-af82-298224d18338"}, "source": {"port": 49927, "ip": "10.136.5.65", "domain": "-"}, "@timestamp": "2025-11-08T14:35:00.603Z", "log": {"level": "information"}, "user": {"name": "SYSTEM", "domain": "NT AUTHORITY", "id": "S-1-5-18"}, "network": {"community_id": "1:kBLucMH7XlzcRjjyShDLAVSoweE=", "protocol": "-", "direction": "egress", "type": "ipv4", "transport": "tcp"}, "process": {"pid": 2816, "executable": "C:\\Program Files\\Windows Defender\\MsMpEng.exe", "entity_id": "{1c3b4e1a-c775-690f-3500-000000000500}", "name": "MsMpEng.exe"}, "ecs": {"version": "1.12.0"}, "agent": {"ephemeral_id": "0eb94074-2147-427a-8c46-6c6578d3ab93", "id": "1a4af485-022d-4981-8d7f-bea9aff53b0f", "name": "DESKTOP-JQK13SC", "type": "winlogbeat", "version": "7.17.29", "hostname": "DESKTOP-JQK13SC"}, "event": {"module": "sysmon", "created": "2025-11-08T14:35:03.708Z", "type": ["connection", "start", "protocol"], "kind": "event", "action": "Network connection detected (rule: NetworkConnect)", "provider": "Microsoft-Windows-Sysmon", "category": ["network"], "code": "3"}, "destination": {"port": 443, "ip": "4.208.165.248", "domain": "-"}, "winlog": {"event_id": "3", "user": {"identifier": "S-1-5-18", "domain": "NT AUTHORITY", "name": "SYSTEM", "type": "User"}, "channel": "Microsoft-Windows-Sysmon/Operational", "opcode": "Info", "process": {"pid": 5100, "thread": {"id": 3460}}, "computer_name": "DESKTOP-JQK13SC", "task": "Network connection detected (rule: NetworkConnect)", "version": 5, "provider_name": "Microsoft-Windows-Sysmon", "event_data": {"SourcePortName": "-"}, "api": "wineventlog", "provider_guid": "{5770385f-c22a-43e0-bf4c-06f5698ffbd9}", "record_id": 37864}}
{"tags": ["beats_input_codec_plain_applied", "_jsonparsefailure", "pikksilm_sysmon"], "@version": "1", "message": "Network connection detected:\nRuleName: -\nUtcTime: 2025-11-08 14:35:01.673\nProcessGuid: {9541e27f-550b-690f-2c03-000000000500}\nProcessId: 2616\nImage: C:\\Payloads\\totally_legit.exe\nUser: DESKTOP-5D71Q14\\vagrant\nProtocol: tcp\nInitiated: true\nSourceIsIpv6: false\nSourceIp: 10.136.5.68\nSourceHostname: -\nSourcePort: 49930\nSourcePortName: -\nDestinationIsIpv6: false\nDestinationIp: 10.136.5.33\nDestinationHostname: -\nDestinationPort: 443\nDestinationPortName: -", "related": {"ip": ["10.136.5.68", "10.136.5.33"], "user": "vagrant"}, "host": {"id": "9541e27f-63d3-48ba-a52f-de9a0436a02f", "os": {"platform": "windows", "type": "windows", "version": "10.0", "family": "windows", "name": "Windows 11 Pro", "kernel": "10.0.22621.2861 (WinBuild.160101.0800)", "build": "22631.2861"}, "ip": ["fe80::bfbe:eb73:3f35:ed8b", "10.136.5.68"], "architecture": "x86_64", "mac": ["bc:24:11:f2:aa:20"], "hostname": "DESKTOP-5D71Q14"}, "source": {"port": 49930, "ip": "10.136.5.68", "domain": "-"}, "@timestamp": "2025-11-08T14:35:01.673Z", "log": {"level": "information"}, "user": {"name": "vagrant", "domain": "DESKTOP-5D71Q14", "id": "S-1-5-18"}, "network": {"protocol": "-", "type": "ipv4", "direction": "egress", "community_id": "1:T050I/GFEc0OHaMMYzQeSUNbEb4=", "transport": "tcp"}, "process": {"pid": 2616, "executable": "C:\\Payloads\\totally_legit.exe", "name": "totally_legit.exe", "entity_id": "{9541e27f-550b-690f-2c03-000000000500}"}, "ecs": {"version": "1.12.0"}, "agent": {"id": "43e4a97d-cdf0-42b2-8f35-6f5b1e9e1766", "hostname": "DESKTOP-5D71Q14", "name": "DESKTOP-5D71Q14", "type": "winlogbeat", "version": "7.17.29", "ephemeral_id": "d07b82f0-1acc-4d97-9489-166a47073a22"}, "event": {"created": "2025-11-08T14:35:04.444Z", "module": "sysmon", "type": ["connection", "start", "protocol"], "kind": "event", "action": "Network connection detected (rule: NetworkConnect)", "provider": "Microsoft-Windows-Sysmon", "category": ["network"], "code": "3"}, "destination": {"port": 443, "ip": "10.136.5.33", "domain": "-"}, "winlog": {"event_id": "3", "user": {"identifier": "S-1-5-18", "type": "User", "domain": "NT AUTHORITY", "name": "SYSTEM"}, "channel": "Microsoft-Windows-Sysmon/Operational", "opcode": "Info", "process": {"pid": 560, "thread": {"id": 5020}}, "computer_name": "DESKTOP-5D71Q14", "task": "Network connection detected (rule: NetworkConnect)", "version": 5, "provider_name": "Microsoft-Windows-Sysmon", "event_data": {"SourcePortName": "-"}, "api": "wineventlog", "provider_guid": "{5770385f-c22a-43e0-bf4c-06f5698ffbd9}", "record_id": 38937}}
{"tags": ["beats_input_codec_plain_applied", "_jsonparsefailure", "pikksilm_sysmon"], "@version": "1", "message": "Network connection detected:\nRuleName: -\nUtcTime: 2025-11-08 14:35:01.587\nProcessGuid: {1c3b4e1a-550c-690f-2d03-000000000500}\nProcessId: 932\nImage: C:\\Payloads\\totally_legit.exe\nUser: DESKTOP-JQK13SC\\vagrant\nProtocol: tcp\nInitiated: true\nSourceIsIpv6: false\nSourceIp: 10.136.5.65\nSourceHostname: -\nSourcePort: 49929\nSourcePortName: -\nDestinationIsIpv6: false\nDestinationIp: 10.136.5.33\nDestinationHostname: -\nDestinationPort: 443\nDestinationPortName: -", "related": {"ip": ["10.136.5.65", "10.136.5.33"], "user": "vagrant"}, "host": {"id": "1c3b4e1a-5518-4a6d-af82-298224d18338", "os": {"name": "Windows 11 Pro", "kernel": "10.0.22621.2861 (WinBuild.160101.0800)", "type": "windows", "platform": "windows", "version": "10.0", "family": "windows", "build": "22631.2861"}, "ip": ["fe80::1f13:bebd:ede0:ed8c", "10.136.5.65"], "architecture": "x86_64", "mac": ["bc:24:11:65:5d:85"], "hostname": "DESKTOP-JQK13SC"}, "source": {"port": 49929, "ip": "10.136.5.65", "domain": "-"}, "@timestamp": "2025-11-08T14:35:01.587Z", "log": {"level": "information"}, "user": {"name": "vagrant", "domain": "DESKTOP-JQK13SC", "id": "S-1-5-18"}, "network": {"protocol": "-", "type": "ipv4", "direction": "egress", "community_id": "1:eMZ0H3ylBRKYyAAPSW2s6z1YAZg=", "transport": "tcp"}, "process": {"name": "totally_legit.exe", "pid": 932, "entity_id": "{1c3b4e1a-550c-690f-2d03-000000000500}", "executable": "C:\\Payloads\\totally_legit.exe"}, "ecs": {"version": "1.12.0"}, "agent": {"ephemeral_id": "0eb94074-2147-427a-8c46-6c6578d3ab93", "id": "1a4af485-022d-4981-8d7f-bea9aff53b0f", "name": "DESKTOP-JQK13SC", "type": "winlogbeat", "version": "7.17.29", "hostname": "DESKTOP-JQK13SC"}, "event": {"created": "2025-11-08T14:35:04.717Z", "module": "sysmon", "type": ["connection", "start", "protocol"], "kind": "event", "action": "Network connection detected (rule: NetworkConnect)", "provider": "Microsoft-Windows-Sysmon", "category": ["network"], "code": "3"}, "destination": {"port": 443, "ip": "10.136.5.33", "domain": "-"}, "winlog": {"event_id": "3", "user": {"identifier": "S-1-5-18", "domain": "NT AUTHORITY", "name": "SYSTEM", "type": "User"}, "channel": "Microsoft-Windows-Sysmon/Operational", "task": "Network connection detected (rule: NetworkConnect)", "opcode": "Info", "computer_name": "DESKTOP-JQK13SC", "process": {"pid": 5100, "thread": {"id": 3460}}, "version": 5, "provider_name": "Microsoft-Windows-Sysmon", "event_data": {"SourcePortName": "-"}, "api": "wineventlog", "provider_guid": "{5770385f-c22a-43e0-bf4c-06f5698ffbd9}", "record_id": 37868}}
