{"tags": ["beats_input_codec_plain_applied", "_jsonparsefailure", "pikksilm_sysmon"], "@version": "1", "message": "Network connection detected:\nRuleName: -\nUtcTime: 2025-11-08 14:35:00.821\nProcessGuid: {1c3b4e1a-c775-690f-3500-000000000500}\nProcessId: 2816\nImage: C:\\Program Files\\Windows Defender\\MsMpEng.exe\nUser: NT AUTHORITY\\SYSTEM\nProtocol: tcp\nInitiated: true\nSourceIsIpv6: false\nSourceIp: 10.136.5.65\nSourceHostname: -\nSourcePort: 49928\nSourcePortName: -\nDestinationIsIpv6: false\nDestinationIp: 4.208.165.247\nDestinationHostname: -\nDestinationPort: 443\nDestinationPortName: -", "related": {"ip": ["10.136.5.65", "4.208.165.247"], "user": "SYSTEM"}, "host": {"hostname": "DESKTOP-JQK13SC", "os": {"family": "windows", "name": "Windows 11 Pro", "version": "10.0", "kernel": "10.0.22621.2861 (WinBuild.160101.0800)", "type": "windows", "platform": "windows", "build": "22631.2861"}, "ip": ["fe80::1f13:bebd:ede0:ed8c", "10.136.5.65"], "architecture": "x86_64", "mac": ["bc:24:11:65:5d:85"], "id": "1c3b4e1a-5518-4a6d-af82-298224d18338"}, "source": {"port": 49928, "ip": "10.136.5.65", "domain": "-"}, "@timestamp": "2025-11-08T14:35:00.821Z", "log": {"level": "information"}, "user": {"name": "SYSTEM", "domain": "NT AUTHORITY", "id": "S-1-5-18"}, "network": {"protocol": "-", "type": "ipv4", "direction": "egress", "community_id": "1:+KGoaK7fBmBKB4hHwgdmh1WZAkM=", "transport": "tcp"}, "process": {"pid": 2816, "executable": "C:\\Program Files\\Windows Defender\\MsMpEng.exe", "name": "MsMpEng.exe", "entity_id": "{1c3b4e1a-c775-690f-3500-000000000500}"}, "ecs": {"version": "1.12.0"}, "agent": {"ephemeral_id": "0eb94074-2147-427a-8c46-6c6578d3ab93", "id": "1a4af485-022d-4981-8d7f-bea9aff53b0f", "name": "DESKTOP-JQK13SC", "type": "winlogbeat", "version": "7.17.29", "hostname": "DESKTOP-JQK13SC"}, "event": {"created": "2025-11-08T14:35:04.717Z", "module": "sysmon", "type": ["connection", "start", "protocol"], "kind": "event", "action": "Network connection detected (rule: NetworkConnect)", "provider": "Microsoft-Windows-Sysmon", "category": ["network"], "code": "3"}, "destination": {"port": 443, "ip": "4.208.165.247", "domain": "-"}, "winlog": {"event_id": "3", "user": {"identifier": "S-1-5-18", "domain": "NT AUTHORITY", "name": "SYSTEM", "type": "User"}, "channel": "Microsoft-Windows-Sysmon/Operational", "process": {"pid": 5100, "thread": {"id": 3460}}, "opcode": "Info", "computer_name": "DESKTOP-JQK13SC", "task": "Network connection detected (rule: NetworkConnect)", "version": 5, "provider_name": "Microsoft-Windows-Sysmon", "event_data": {"SourcePortName": "-"}, "api": "wineventlog", "provider_guid": "{5770385f-c22a-43e0-bf4c-06f5698ffbd9}", "record_id": 37867}}
{"tags": ["beats_input_codec_plain_applied", "_jsonparsefailure", "pikksilm_sysmon"], "@version": "1", "message": "Network connection detected:\nRuleName: -\nUtcTime: 2025-11-08 14:35:01.484\nProcessGuid: {6c054e7e-550a-690f-2703-000000000500}\nProcessId: 788\nImage: C:\\Payloads\\totally_legit.exe\nUser: DESKTOP-Q167QR1\\vagrant\nProtocol: tcp\nInitiated: true\nSourceIsIpv6: false\nSourceIp: 10.136.5.67\nSourceHostname: -\nSourcePort: 49932\nSourcePortName: -\nDestinationIsIpv6: false\nDestinationIp: 10.136.5.33\nDestinationHostname: -\nDestinationPort: 443\nDestinationPortName: -", "related": {"ip": ["10.136.5.67", "10.136.5.33"], "user": "vagrant"}, "host": {"hostname": "DESKTOP-Q167QR1", "os": {"platform": "windows", "family": "windows", "version": "10.0", "name": "Windows 11 Pro", "kernel": "10.0.22621.2861 (WinBuild.160101.0800)", "type": "windows", "build": "22631.2861"}, "ip": ["fe80::b392:ba9e:24f8:260e", "10.136.5.67"], "architecture": "x86_64", "mac": ["bc:24:11:9a:96:84"], "id": "6c054e7e-a5b1-4db9-8d63-3f70f302d6af"}, "source": {"port": 49932, "ip": "10.136.5.67", "domain": "-"}, "@timestamp": "2025-11-08T14:35:01.484Z", "log": {"level": "information"}, "user": {"name": "vagrant", "domain": "DESKTOP-Q167QR1", "id": "S-1-5-18"}, "network": {"type": "ipv4", "community_id": "1:+FSYwbIfBiNtFTHVeMcnLePMHo0=", "direction": "egress", "protocol": "-", "transport": "tcp"}, "process": {"executable": "C:\\Payloads\\totally_legit.exe", "name": "totally_legit.exe", "entity_id": "{6c054e7e-550a-690f-2703-000000000500}", "pid": 788}, "ecs": {"version": "1.12.0"}, "agent": {"ephemeral_id": "e918f62f-a141-4b32-a344-477f03b1b9ea", "id": "b6d0da7e-2d5b-408f-88d3-d607a27fb60e", "name": "DESKTOP-Q167QR1", "type": "winlogbeat", "version": "7.17.29", "hostname": "DESKTOP-Q167QR1"}, "event": {"created": "2025-11-08T14:35:04.882Z", "module": "sysmon", "type": ["connection", "start", "protocol"], "kind": "event", "action": "Network connection detected (rule: NetworkConnect)", "provider": "Microsoft-Windows-Sysmon", "category": ["network"], "code": "3"}, "destination": {"port": 443, "ip": "10.136.5.33", "domain": "-"}, "winlog": {"event_id": "3", "user": {"name": "SYSTEM", "domain": "NT AUTHORITY", "type": "User", "identifier": "S-1-5-18"}, "channel": "Microsoft-Windows-Sysmon/Operational", "task": "Network connection detected (rule: NetworkConnect)", "process": {"thread": {"id": 1008}, "pid": 3804}, "computer_name": "DESKTOP-Q167QR1", "opcode": "Info", "version": 5, "provider_name": "Microsoft-Windows-Sysmon", "event_data": {"SourcePortName": "-"}, "api": "wineventlog", "provider_guid": "{5770385f-c22a-43e0-bf4c-06f5698ffbd9}", "record_id": 37348}}
{"tags": ["beats_input_codec_plain_applied", "_jsonparsefailure", "pikksilm_sysmon"], "@version": "1", "message": "Process Create:\nRuleName: -\nUtcTime: 2025-11-08 14:35:58.264\nProcessGuid: {9541e27f-554e-690f-3003-000000000500}\nProcessId: 876\nImage: C:\\Windows\\System32\\WerFault.exe\nFileVersion: 10.0.22621.2506 (WinBuild.160101.0800)\nDescription: Windows Problem Reporting\nProduct: Microsoft\u00ae Windows\u00ae Operating System\nCompany: Microsoft Corporation\nOriginalFileName: WerFault.exe\nCommandLine: C:\\Windows\\system32\\WerFault.exe -u -p 2616 -s 3220\nCurrentDirectory: C:\\Windows\\system32\\\nUser: DESKTOP-5D71Q14\\vagrant\nLogonGuid: {9541e27f-54fc-690f-dee2-5d0000000000}\nLogonId: 0x5DE2DE\nTerminalSessionId: 0\nIntegrityLevel: High\nHashes: SHA1=F853DDE3F62975C50533FFB4AE18FF4B4C756FF1,MD5=2E8B6EEDA1D82904717092AEEDBCFED4,SHA256=EC9D2023F691A6936E2E91EE0FDAF2583A62458BD2C1E75A31D5350B6F25DC0B,IMPHASH=1A3B057EA98DD9C8D80F5748F75EE936\nParentProcessGuid: {9541e27f-550b-690f-2c03-000000000500}\nParentProcessId: 2616\nParentImage: C:\\Payloads\\totally_legit.exe\nParentCommandLine: C:/Payloads/totally_legit.exe \nParentUser: DESKTOP-5D71Q14\\vagrant", "related": {"user": "vagrant", "hash": ["f853dde3f62975c50533ffb4ae18ff4b4c756ff1", "2e8b6eeda1d82904717092aeedbcfed4", "ec9d2023f691a6936e2e91ee0fdaf2583a62458bd2c1e75a31d5350b6f25dc0b", "1a3b057ea98dd9c8d80f5748f75ee936"]}, "host": {"hostname": "DESKTOP-5D71Q14", "os": {"kernel": "10.0.22621.2861 (WinBuild.160101.0800)", "type": "windows", "platform": "windows", "version": "10.0", "family": "windows", "name": "Windows 11 Pro", "build": "22631.2861"}, "ip": ["fe80::bfbe:eb73:3f35:ed8b", "10.136.5.68"], "architecture": "x86_64", "mac": ["bc:24:11:f2:aa:20"], "id": "9541e27f-63d3-48ba-a52f-de9a0436a02f"}, "hash": {"sha256": "ec9d2023f691a6936e2e91ee0fdaf2583a62458bd2c1e75a31d5350b6f25dc0b", "imphash": "1a3b057ea98dd9c8d80f5748f75ee936", "md5": "2e8b6eeda1d82904717092aeedbcfed4", "sha1": "f853dde3f62975c50533ffb4ae18ff4b4c756ff1"}, "@timestamp": "2025-11-08T14:35:58.264Z", "log": {"level": "information"}, "user": {"name": "vagrant", "domain": "DESKTOP-5D71Q14", "id": "S-1-5-18"}, "process": {"working_directory": "C:\\Windows\\system32\\", "pe": {"file_version": "10.0.22621.2506 (WinBuild.160101.0800)", "company": "Microsoft Corporation", "imphash": "1a3b057ea98dd9c8d80f5748f75ee936", "original_file_name": "WerFault.exe", "product": "Microsoft\u00ae Windows\u00ae Operating System", "description": "Windows Problem Reporting"}, "entity_id": "{9541e27f-554e-690f-3003-000000000500}", "executable": "C:\\Windows\\System32\\WerFault.exe", "hash": {"sha256": "ec9d2023f691a6936e2e91ee0fdaf2583a62458bd2c1e75a31d5350b6f25dc0b", "md5": "2e8b6eeda1d82904717092aeedbcfed4", "sha1": "f853dde3f62975c50533ffb4ae18ff4b4c756ff1"}, "name": "WerFault.exe", "command_line": "C:\\Windows\\system32\\WerFault.exe -u -p 2616 -s 3220", "args": ["C:\\Windows\\system32\\WerFault.exe", "-u", "-p", "2616", "-s", "3220"], "pid": 876, "parent": {"executable": "C:\\Payloads\\totally_legit.exe", "name": "totally_legit.exe", "entity_id": "{9541e27f-550b-690f-2c03-000000000500}", "command_line": "C:/Payloads/totally_legit.exe ", "pid": 2616, "args": ["C:/Payloads/totally_legit.exe"]}}, "ecs": {"version": "1.12.0"}, "agent": {"id": "43e4a97d-cdf0-42b2-8f35-6f5b1e9e1766", "hostname": "DESKTOP-5D71Q14", "name": "DESKTOP-5D71Q14", "type": "winlogbeat", "version": "7.17.29", "ephemeral_id": "d07b82f0-1acc-4d97-9489-166a47073a22"}, "event": {"created": "2025-11-08T14:35:58.796Z", "module": "sysmon", "type": ["start", "process_start"], "kind": "event", "action": "Process Create (rule: ProcessCreate)", "provider": "Microsoft-Windows-Sysmon", "category": ["process"], "code": "1"}, "winlog": {"event_id": "1", "user": {"identifier": "S-1-5-18", "domain": "NT AUTHORITY", "name": "SYSTEM", "type": "User"}, "channel": "Microsoft-Windows-Sysmon/Operational", "opcode": "Info", "task": "Process Create (rule: ProcessCreate)", "computer_name": "DESKTOP-5D71Q14", "process": {"pid": 560, "thread": {"id": 804}}, "version": 5, "provider_name": "Microsoft-Windows-Sysmon", "event_data": {"IntegrityLevel": "High", "ParentUser": "DESKTOP-5D71Q14\\vagrant", "Company": "Microsoft Corporation", "TerminalSessionId": "0", "LogonId": "0x5de2de", "FileVersion": "10.0.22621.2506 (WinBuild.160101.0800)", "LogonGuid": "{9541e27f-54fc-690f-dee2-5d0000000000}", "Description": "Windows Problem Reporting", "Product": "Microsoft\u00ae Windows\u00ae Operating System"}, "api": "wineventlog", "provider_guid": "{5770385f-c22a-43e0-bf4c-06f5698ffbd9}", "record_id": 39054}}
{"tags": ["beats_input_codec_plain_applied", "_jsonparsefailure", "pikksilm_sysmon"], "@version": "1", "message": "Process Create:\nRuleName: -\nUtcTime: 2025-11-08 14:36:02.146\nProcessGuid: {6c054e7e-5552-690f-2b03-000000000500}\nProcessId: 3908\nImage: C:\\Windows\\System32\\WerFault.exe\nFileVersion: 10.0.22621.2506 (WinBuild.160101.0800)\nDescription: Windows Problem Reporting\nProduct: Microsoft\u00ae Windows\u00ae Operating System\nCompany: Microsoft Corporation\nOriginalFileName: WerFault.exe\nCommandLine: C:\\Windows\\system32\\WerFault.exe -u -p 788 -s 3528\nCurrentDirectory: C:\\Windows\\system32\\\nUser: DESKTOP-Q167QR1\\vagrant\nLogonGuid: {6c054e7e-54fc-690f-5cab-580000000000}\nLogonId: 0x58AB5C\nTerminalSessionId: 0\nIntegrityLevel: High\nHashes: SHA1=F853DDE3F62975C50533FFB4AE18FF4B4C756FF1,MD5=2E8B6EEDA1D82904717092AEEDBCFED4,SHA256=EC9D2023F691A6936E2E91EE0FDAF2583A62458BD2C1E75A31D5350B6F25DC0B,IMPHASH=1A3B057EA98DD9C8D80F5748F75EE936\nParentProcessGuid: {6c054e7e-550a-690f-2703-000000000500}\nParentProcessId: 788\nParentImage: C:\\Payloads\\totally_legit.exe\nParentCommandLine: C:/Payloads/totally_legit.exe \nParentUser: DESKTOP-Q167QR1\\vagrant", "related": {"user": "vagrant", "hash": ["f853dde3f62975c50533ffb4ae18ff4b4c756ff1", "2e8b6eeda1d82904717092aeedbcfed4", "ec9d2023f691a6936e2e91ee0fdaf2583a62458bd2c1e75a31d5350b6f25dc0b", "1a3b057ea98dd9c8d80f5748f75ee936"]}, "host": {"id": "6c054e7e-a5b1-4db9-8d63-3f70f302d6af", "os": {"platform": "windows", "family": "windows", "version": "10.0", "name": "Windows 11 Pro", "kernel": "10.0.22621.2861 (WinBuild.160101.0800)", "type": "windows", "build": "22631.2861"}, "ip": ["fe80::b392:ba9e:24f8:260e", "10.136.5.67"], "architecture": "x86_64", "mac": ["bc:24:11:9a:96:84"], "hostname": "DESKTOP-Q167QR1"}, "hash": {"sha256": "ec9d2023f691a6936e2e91ee0fdaf2583a62458bd2c1e75a31d5350b6f25dc0b", "imphash": "1a3b057ea98dd9c8d80f5748f75ee936", "md5": "2e8b6eeda1d82904717092aeedbcfed4", "sha1": "f853dde3f62975c50533ffb4ae18ff4b4c756ff1"}, "@timestamp": "2025-11-08T14:36:02.146Z", "log": {"level": "information"}, "user": {"name": "vagrant", "domain": "DESKTOP-Q167QR1", "id": "S-1-5-18"}, "process": {"executable": "C:\\Windows\\System32\\WerFault.exe", "working_directory": "C:\\Windows\\system32\\", "entity_id": "{6c054e7e-5552-690f-2b03-000000000500}", "pe": {"file_version": "10.0.22621.2506 (WinBuild.160101.0800)", "company": "Microsoft Corporation", "imphash": "1a3b057ea98dd9c8d80f5748f75ee936", "original_file_name": "WerFault.exe", "product": "Microsoft\u00ae Windows\u00ae Operating System", "description": "Windows Problem Reporting"}, "hash": {"sha256": "ec9d2023f691a6936e2e91ee0fdaf2583a62458bd2c1e75a31d5350b6f25dc0b", "md5": "2e8b6eeda1d82904717092aeedbcfed4", "sha1": "f853dde3f62975c50533ffb4ae18ff4b4c756ff1"}, "name": "WerFault.exe", "command_line": "C:\\Windows\\system32\\WerFault.exe -u -p 788 -s 3528", "pid": 3908, "args": ["C:\\Windows\\system32\\WerFault.exe", "-u", "-p", "788", "-s", "3528"], "parent": {"name": "totally_legit.exe", "executable": "C:\\Payloads\\totally_legit.exe", "entity_id": "{6c054e7e-550a-690f-2703-000000000500}", "command_line": "C:/Payloads/totally_legit.exe ", "args": ["C:/Payloads/totally_legit.exe"], "pid": 788}}, "ecs": {"version": "1.12.0"}, "agent": {"ephemeral_id": "e918f62f-a141-4b32-a344-477f03b1b9ea", "id": "b6d0da7e-2d5b-408f-88d3-d607a27fb60e", "name": "DESKTOP-Q167QR1", "type": "winlogbeat", "version": "7.17.29", "hostname": "DESKTOP-Q167QR1"}, "event": {"created": "2025-11-08T14:36:02.407Z", "module": "sysmon", "type": ["start", "process_start"], "kind": "event", "action": "Process Create (rule: ProcessCreate)", "provider": "Microsoft-Windows-Sysmon", "category": ["process"], "code": "1"}, "winlog": {"event_id": "1", "user": {"identifier": "S-1-5-18", "domain": "NT AUTHORITY", "name": "SYSTEM", "type": "User"}, "channel": "Microsoft-Windows-Sysmon/Operational", "opcode": "Info", "process": {"thread": {"id": 4152}, "pid": 3804}, "task": "Process Create (rule: ProcessCreate)", "computer_name": "DESKTOP-Q167QR1", "version": 5, "provider_name": "Microsoft-Windows-Sysmon", "event_data": {"IntegrityLevel": "High", "ParentUser": "DESKTOP-Q167QR1\\vagrant", "Company": "Microsoft Corporation", "TerminalSessionId": "0", "LogonGuid": "{6c054e7e-54fc-690f-5cab-580000000000}", "FileVersion": "10.0.22621.2506 (WinBuild.160101.0800)", "LogonId": "0x58ab5c", "Description": "Windows Problem Reporting", "Product": "Microsoft\u00ae Windows\u00ae Operating System"}, "api": "wineventlog", "provider_guid": "{5770385f-c22a-43e0-bf4c-06f5698ffbd9}", "record_id": 37484}}
{"tags": ["beats_input_codec_plain_applied", "_jsonparsefailure", "pikksilm_sysmon"], "@version": "1", "message": "Network connection detected:\nRuleName: -\nUtcTime: 2025-11-08 14:36:01.207\nProcessGuid: {9541e27f-c7a9-690f-1300-000000000500}\nProcessId: 1032\nImage: C:\\Windows\\System32\\svchost.exe\nUser: NT AUTHORITY\\SYSTEM\nProtocol: tcp\nInitiated: true\nSourceIsIpv6: false\nSourceIp: 10.136.5.68\nSourceHostname: -\nSourcePort: 49931\nSourcePortName: -\nDestinationIsIpv6: false\nDestinationIp: 20.190.147.3\nDestinationHostname: -\nDestinationPort: 443\nDestinationPortName: -", "related": {"ip": ["10.136.5.68", "20.190.147.3"], "user": "SYSTEM"}, "host": {"hostname": "DESKTOP-5D71Q14", "os": {"platform": "windows", "type": "windows", "version": "10.0", "family": "windows", "name": "Windows 11 Pro", "kernel": "10.0.22621.2861 (WinBuild.160101.0800)", "build": "22631.2861"}, "ip": ["fe80::bfbe:eb73:3f35:ed8b", "10.136.5.68"], "architecture": "x86_64", "mac": ["bc:24:11:f2:aa:20"], "id": "9541e27f-63d3-48ba-a52f-de9a0436a02f"}, "source": {"port": 49931, "ip": "10.136.5.68", "domain": "-"}, "@timestamp": "2025-11-08T14:36:01.207Z", "log": {"level": "information"}, "user": {"name": "SYSTEM", "domain": "NT AUTHORITY", "id": "S-1-5-18"}, "network": {"type": "ipv4", "community_id": "1:VJ6ayRkcm7szn1uXyyA6tFz5xXE=", "direction": "egress", "protocol": "-", "transport": "tcp"}, "process": {"executable": "C:\\Windows\\System32\\svchost.exe", "name": "svchost.exe", "entity_id": "{9541e27f-c7a9-690f-1300-000000000500}", "pid": 1032}, "ecs": {"version": "1.12.0"}, "agent": {"ephemeral_id": "d07b82f0-1acc-4d97-9489-166a47073a22", "id": "43e4a97d-cdf0-42b2-8f35-6f5b1e9e1766", "name": "DESKTOP-5D71Q14", "type": "winlogbeat", "version": "7.17.29", "hostname": "DESKTOP-5D71Q14"}, "event": {"created": "2025-11-08T14:36:04.572Z", "module": "sysmon", "type": ["connection", "start", "protocol"], "kind": "event", "action": "Network connection detected (rule: NetworkConnect)", "provider": "Microsoft-Windows-Sysmon", "category": ["network"], "code": "3"}, "destination": {"port": 443, "ip": "20.190.147.3", "domain": "-"}, "winlog": {"event_id": "3", "user": {"name": "SYSTEM", "type": "User", "identifier": "S-1-5-18", "domain": "NT AUTHORITY"}, "channel": "Microsoft-Windows-Sysmon/Operational", "process": {"pid": 560, "thread": {"id": 5020}}, "opcode": "Info", "computer_name": "DESKTOP-5D71Q14", "task": "Network connection detected (rule: NetworkConnect)", "version": 5, "provider_name": "Microsoft-Windows-Sysmon", "event_data": {"SourcePortName": "-"}, "api": "wineventlog", "provider_guid": "{5770385f-c22a-43e0-bf4c-06f5698ffbd9}", "record_id": 39305}}
{"tags": ["beats_input_codec_plain_applied", "_jsonparsefailure", "pikksilm_sysmon"], "@version": "1", "message": "Network connection detected:\nRuleName: -\nUtcTime: 2025-11-08 14:36:03.024\nProcessGuid: {9541e27f-554e-690f-3003-000000000500}\nProcessId: 876\nImage: C:\\Windows\\System32\\WerFault.exe\nUser: DESKTOP-5D71Q14\\vagrant\nProtocol: tcp\nInitiated: true\nSourceIsIpv6: false\nSourceIp: 10.136.5.68\nSourceHostname: -\nSourcePort: 49932\nSourcePortName: -\nDestinationIsIpv6: false\nDestinationIp: 172.178.240.162\nDestinationHostname: -\nDestinationPort: 443\nDestinationPortName: -", "related": {"ip": ["10.136.5.68", "172.178.240.162"], "user": "vagrant"}, "host": {"id": "9541e27f-63d3-48ba-a52f-de9a0436a02f", "os": {"kernel": "10.0.22621.2861 (WinBuild.160101.0800)", "type": "windows", "platform": "windows", "version": "10.0", "family": "windows", "name": "Windows 11 Pro", "build": "22631.2861"}, "ip": ["fe80::bfbe:eb73:3f35:ed8b", "10.136.5.68"], "architecture": "x86_64", "mac": ["bc:24:11:f2:aa:20"], "hostname": "DESKTOP-5D71Q14"}, "source": {"port": 49932, "ip": "10.136.5.68", "domain": "-"}, "@timestamp": "2025-11-08T14:36:03.024Z", "log": {"level": "information"}, "user": {"name": "vagrant", "domain": "DESKTOP-5D71Q14", "id": "S-1-5-18"}, "network": {"type": "ipv4", "community_id": "1:GQ92L0V6aa3T9xBMZJR1pgIKZPo=", "protocol": "-", "direction": "egress", "transport": "tcp"}, "process": {"pid": 876, "executable": "C:\\Windows\\System32\\WerFault.exe", "entity_id": "{9541e27f-554e-690f-3003-000000000500}", "name": "WerFault.exe"}, "ecs": {"version": "1.12.0"}, "agent": {"ephemeral_id": "d07b82f0-1acc-4d97-9489-166a47073a22", "id": "43e4a97d-cdf0-42b2-8f35-6f5b1e9e1766", "name": "DESKTOP-5D71Q14", "type": "winlogbeat", "version": "7.17.29", "hostname": "DESKTOP-5D71Q14"}, "event": {"module": "sysmon", "created": "2025-11-08T14:36:04.572Z", "type": ["connection", "start", "protocol"], "kind": "event", "action": "Network connection detected (rule: NetworkConnect)", "provider": "Microsoft-Windows-Sysmon", "category": ["network"], "code": "3"}, "destination": {"port": 443, "ip": "172.178.240.162", "domain": "-"}, "winlog": {"event_id": "3", "user": {"identifier": "S-1-5-18", "domain": "NT AUTHORITY", "name": "SYSTEM", "type": "User"}, "task": "Network connection detected (rule: NetworkConnect)", "process": {"pid": 560, "thread": {"id": 5020}}, "channel": "Microsoft-Windows-Sysmon/Operational", "computer_name": "DESKTOP-5D71Q14", "opcode": "Info", "version": 5, "provider_name": "Microsoft-Windows-Sysmon", "event_data": {"SourcePortName": "-"}, "api": "wineventlog", "provider_guid": "{5770385f-c22a-43e0-bf4c-06f5698ffbd9}", "record_id": 39312}}
{"tags": ["beats_input_codec_plain_applied", "_jsonparsefailure", "pikksilm_sysmon"], "@version": "1", "message": "Process Create:\nRuleName: -\nUtcTime: 2025-11-08 14:36:06.056\nProcessGuid: {4d96f8ad-5556-690f-3803-000000000500}\nProcessId: 1504\nImage: C:\\Windows\\System32\\WerFault.exe\nFileVersion: 10.0.22621.2506 (WinBuild.160101.0800)\nDescription: Windows Problem Reporting\nProduct: Microsoft\u00ae Windows\u00ae Operating System\nCompany: Microsoft Corporation\nOriginalFileName: WerFault.exe\nCommandLine: C:\\Windows\\system32\\WerFault.exe -u -p 3700 -s 3608\nCurrentDirectory: C:\\Windows\\system32\\\nUser: DESKTOP-4KG93DG\\vagrant\nLogonGuid: {4d96f8ad-54fc-690f-a2c0-5d0000000000}\nLogonId: 0x5DC0A2\nTerminalSessionId: 0\nIntegrityLevel: High\nHashes: SHA1=F853DDE3F62975C50533FFB4AE18FF4B4C756FF1,MD5=2E8B6EEDA1D82904717092AEEDBCFED4,SHA256=EC9D2023F691A6936E2E91EE0FDAF2583A62458BD2C1E75A31D5350B6F25DC0B,IMPHASH=1A3B057EA98DD9C8D80F5748F75EE936\nParentProcessGuid: {4d96f8ad-550a-690f-3403-000000000500}\nParentProcessId: 3700\nParentImage: C:\\Payloads\\totally_legit.exe\nParentCommandLine: C:/Payloads/totally_legit.exe \nParentUser: DESKTOP-4KG93DG\\vagrant", "related": {"user": "vagrant", "hash": ["f853dde3f62975c50533ffb4ae18ff4b4c756ff1", "2e8b6eeda1d82904717092aeedbcfed4", "ec9d2023f691a6936e2e91ee0fdaf2583a62458bd2c1e75a31d5350b6f25dc0b", "1a3b057ea98dd9c8d80f5748f75ee936"]}, "host": {"id": "4d96f8ad-6ed7-495d-9069-5f56c2ebf694", "os": {"family": "windows", "name": "Windows 11 Pro", "kernel": "10.0.22621.2861 (WinBuild.160101.0800)", "type": "windows", "platform": "windows", "version": "10.0", "build": "22631.2861"}, "ip": ["fe80::54fd:e63:93ce:bb23", "10.136.5.69"], "architecture": "x86_64", "mac": ["bc:24:11:10:2c:d3"], "hostname": "DESKTOP-4KG93DG"}, "hash": {"sha256": "ec9d2023f691a6936e2e91ee0fdaf2583a62458bd2c1e75a31d5350b6f25dc0b", "imphash": "1a3b057ea98dd9c8d80f5748f75ee936", "md5": "2e8b6eeda1d82904717092aeedbcfed4", "sha1": "f853dde3f62975c50533ffb4ae18ff4b4c756ff1"}, "@timestamp": "2025-11-08T14:36:06.056Z", "log": {"level": "information"}, "user": {"name": "vagrant", "domain": "DESKTOP-4KG93DG", "id": "S-1-5-18"}, "process": {"name": "WerFault.exe", "pe": {"file_version": "10.0.22621.2506 (WinBuild.160101.0800)", "company": "Microsoft Corporation", "imphash": "1a3b057ea98dd9c8d80f5748f75ee936", "original_file_name": "WerFault.exe", "product": "Microsoft\u00ae Windows\u00ae Operating System", "description": "Windows Problem Reporting"}, "entity_id": "{4d96f8ad-5556-690f-3803-000000000500}", "executable": "C:\\Windows\\System32\\WerFault.exe", "hash": {"sha256": "ec9d2023f691a6936e2e91ee0fdaf2583a62458bd2c1e75a31d5350b6f25dc0b", "md5": "2e8b6eeda1d82904717092aeedbcfed4", "sha1": "f853dde3f62975c50533ffb4ae18ff4b4c756ff1"}, "working_directory": "C:\\Windows\\system32\\", "command_line": "C:\\Windows\\system32\\WerFault.exe -u -p 3700 -s 3608", "args": ["C:\\Windows\\system32\\WerFault.exe", "-u", "-p", "3700", "-s", "3608"], "pid": 1504, "parent": {"name": "totally_legit.exe", "executable": "C:\\Payloads\\totally_legit.exe", "entity_id": "{4d96f8ad-550a-690f-3403-000000000500}", "command_line": "C:/Payloads/totally_legit.exe ", "args": ["C:/Payloads/totally_legit.exe"], "pid": 3700}}, "ecs": {"version": "1.12.0"}, "agent": {"ephemeral_id": "b4008bfb-8e39-4e8e-8ad7-e585c890b879", "id": "bd065c39-423b-48a6-b74e-4c0ace0cf1cc", "name": "DESKTOP-4KG93DG", "type": "winlogbeat", "version": "7.17.29", "hostname": "DESKTOP-4KG93DG"}, "event": {"module": "sysmon", "created": "2025-11-08T14:36:06.848Z", "type": ["start", "process_start"], "kind": "event", "action": "Process Create (rule: ProcessCreate)", "provider": "Microsoft-Windows-Sysmon", "category": ["process"], "code": "1"}, "winlog": {"event_id": "1", "user": {"identifier": "S-1-5-18", "domain": "NT AUTHORITY", "name": "SYSTEM", "type": "User"}, "channel": "Microsoft-Windows-Sysmon/Operational", "opcode": "Info", "task": "Process Create (rule: ProcessCreate)", "computer_name": "DESKTOP-4KG93DG", "process": {"thread": {"id": 4352}, "pid": 2248}, "version": 5, "provider_name": "Microsoft-Windows-Sysmon", "event_data": {"IntegrityLevel": "High", "Company": "Microsoft Corporation", "ParentUser": "DESKTOP-4KG93DG\\vagrant", "TerminalSessionId": "0", "LogonId": "0x5dc0a2", "LogonGuid": "{4d96f8ad-54fc-690f-a2c0-5d0000000000}", "FileVersion": "10.0.22621.2506 (WinBuild.160101.0800)", "Product": "Microsoft\u00ae Windows\u00ae Operating System", "Description": "Windows Problem Reporting"}, "api": "wineventlog", "provider_guid": "{5770385f-c22a-43e0-bf4c-06f5698ffbd9}", "record_id": 39094}}
{"tags": ["beats_input_codec_plain_applied", "_jsonparsefailure", "pikksilm_sysmon"], "@version": "1", "message": "Process Create:\nRuleName: -\nUtcTime: 2025-11-08 14:36:06.127\nProcessGuid: {1c3b4e1a-5556-690f-3103-000000000500}\nProcessId: 1716\nImage: C:\\Windows\\System32\\WerFault.exe\nFileVersion: 10.0.22621.2506 (WinBuild.160101.0800)\nDescription: Windows Problem Reporting\nProduct: Microsoft\u00ae Windows\u00ae Operating System\nCompany: Microsoft Corporation\nOriginalFileName: WerFault.exe\nCommandLine: C:\\Windows\\system32\\WerFault.exe -u -p 932 -s 2028\nCurrentDirectory: C:\\Windows\\system32\\\nUser: DESKTOP-JQK13SC\\vagrant\nLogonGuid: {1c3b4e1a-54fc-690f-c284-5b0000000000}\nLogonId: 0x5B84C2\nTerminalSessionId: 0\nIntegrityLevel: High\nHashes: SHA1=F853DDE3F62975C50533FFB4AE18FF4B4C756FF1,MD5=2E8B6EEDA1D82904717092AEEDBCFED4,SHA256=EC9D2023F691A6936E2E91EE0FDAF2583A62458BD2C1E75A31D5350B6F25DC0B,IMPHASH=1A3B057EA98DD9C8D80F5748F75EE936\nParentProcessGuid: {1c3b4e1a-550c-690f-2d03-000000000500}\nParentProcessId: 932\nParentImage: C:\\Payloads\\totally_legit.exe\nParentCommandLine: C:/Payloads/totally_legit.exe \nParentUser: DESKTOP-JQK13SC\\vagrant", "related": {"user": "vagrant", "hash": ["f853dde3f62975c50533ffb4ae18ff4b4c756ff1", "2e8b6eeda1d82904717092aeedbcfed4", "ec9d2023f691a6936e2e91ee0fdaf2583a62458bd2c1e75a31d5350b6f25dc0b", "1a3b057ea98dd9c8d80f5748f75ee936"]}, "host": {"id": "1c3b4e1a-5518-4a6d-af82-298224d18338", "os": {"platform": "windows", "type": "windows", "version": "10.0", "family": "windows", "name": "Windows 11 Pro", "kernel": "10.0.22621.2861 (WinBuild.160101.0800)", "build": "22631.2861"}, "ip": ["fe80::1f13:bebd:ede0:ed8c", "10.136.5.65"], "architecture": "x86_64", "mac": ["bc:24:11:65:5d:85"], "hostname": "DESKTOP-JQK13SC"}, "hash": {"sha256": "ec9d2023f691a6936e2e91ee0fdaf2583a62458bd2c1e75a31d5350b6f25dc0b", "imphash": "1a3b057ea98dd9c8d80f5748f75ee936", "md5": "2e8b6eeda1d82904717092aeedbcfed4", "sha1": "f853dde3f62975c50533ffb4ae18ff4b4c756ff1"}, "@timestamp": "2025-11-08T14:36:06.127Z", "log": {"level": "information"}, "user": {"name": "vagrant", "domain": "DESKTOP-JQK13SC", "id": "S-1-5-18"}, "process": {"executable": "C:\\Windows\\System32\\WerFault.exe", "working_directory": "C:\\Windows\\system32\\", "entity_id": "{1c3b4e1a-5556-690f-3103-000000000500}", "name": "WerFault.exe", "hash": {"sha256": "ec9d2023f691a6936e2e91ee0fdaf2583a62458bd2c1e75a31d5350b6f25dc0b", "md5": "2e8b6eeda1d82904717092aeedbcfed4", "sha1": "f853dde3f62975c50533ffb4ae18ff4b4c756ff1"}, "pe": {"file_version": "10.0.22621.2506 (WinBuild.160101.0800)", "company": "Microsoft Corporation", "imphash": "1a3b057ea98dd9c8d80f5748f75ee936", "original_file_name": "WerFault.exe", "product": "Microsoft\u00ae Windows\u00ae Operating System", "description": "Windows Problem Reporting"}, "command_line": "C:\\Windows\\system32\\WerFault.exe -u -p 932 -s 2028", "args": ["C:\\Windows\\system32\\WerFault.exe", "-u", "-p", "932", "-s", "2028"], "pid": 1716, "parent": {"name": "totally_legit.exe", "executable": "C:\\Payloads\\totally_legit.exe", "entity_id": "{1c3b4e1a-550c-690f-2d03-000000000500}", "command_line": "C:/Payloads/totally_legit.exe ", "args": ["C:/Payloads/totally_legit.exe"], "pid": 932}}, "ecs": {"version": "1.12.0"}, "agent": {"ephemeral_id": "0eb94074-2147-427a-8c46-6c6578d3ab93", "id": "1a4af485-022d-4981-8d7f-bea9aff53b0f", "name": "DESKTOP-JQK13SC", "type": "winlogbeat", "version": "7.17.29", "hostname": "DESKTOP-JQK13SC"}, "event": {"created": "2025-11-08T14:36:07.035Z", "module": "sysmon", "type": ["start", "process_start"], "kind": "event", "action": "Process Create (rule: ProcessCreate)", "provider": "Microsoft-Windows-Sysmon", "category": ["process"], "code": "1"}, "winlog": {"event_id": "1", "user": {"name": "SYSTEM", "type": "User", "identifier": "S-1-5-18", "domain": "NT AUTHORITY"}, "channel": "Microsoft-Windows-Sysmon/Operational", "opcode": "Info", "task": "Process Create (rule: ProcessCreate)", "computer_name": "DESKTOP-JQK13SC", "process": {"pid": 5100, "thread": {"id": 1864}}, "version": 5, "provider_name": "Microsoft-Windows-Sysmon", "event_data": {"IntegrityLevel": "High", "ParentUser": "DESKTOP-JQK13SC\\vagrant", "Company": "Microsoft Corporation", "TerminalSessionId": "0", "LogonId": "0x5b84c2", "LogonGuid": "{1c3b4e1a-54fc-690f-c284-5b0000000000}", "FileVersion": "10.0.22621.2506 (WinBuild.160101.0800)", "Product": "Microsoft\u00ae Windows\u00ae Operating System", "Description": "Windows Problem Reporting"}, "api": "wineventlog", "provider_guid": "{5770385f-c22a-43e0-bf4c-06f5698ffbd9}", "record_id": 37990}}
{"tags": ["beats_input_codec_plain_applied", "_jsonparsefailure", "pikksilm_sysmon"], "@version": "1", "message": "Network connection detected:\nRuleName: -\nUtcTime: 2025-11-08 14:36:04.702\nProcessGuid: {6c054e7e-c77e-690f-1300-000000000500}\nProcessId: 752\nImage: C:\\Windows\\System32\\svchost.exe\nUser: NT AUTHORITY\\SYSTEM\nProtocol: tcp\nInitiated: true\nSourceIsIpv6: false\nSourceIp: 10.136.5.67\nSourceHostname: -\nSourcePort: 49933\nSourcePortName: -\nDestinationIsIpv6: false\nDestinationIp: 20.190.147.1\nDestinationHostname: -\nDestinationPort: 443\nDestinationPortName: -", "related": {"ip": ["10.136.5.67", "20.190.147.1"], "user": "SYSTEM"}, "host": {"id": "6c054e7e-a5b1-4db9-8d63-3f70f302d6af", "os": {"platform": "windows", "type": "windows", "version": "10.0", "family": "windows", "name": "Windows 11 Pro", "kernel": "10.0.22621.2861 (WinBuild.160101.0800)", "build": "22631.2861"}, "ip": ["fe80::b392:ba9e:24f8:260e", "10.136.5.67"], "architecture": "x86_64", "mac": ["bc:24:11:9a:96:84"], "hostname": "DESKTOP-Q167QR1"}, "source": {"port": 49933, "ip": "10.136.5.67", "domain": "-"}, "@timestamp": "2025-11-08T14:36:04.702Z", "log": {"level": "information"}, "user": {"name": "SYSTEM", "domain": "NT AUTHORITY", "id": "S-1-5-18"}, "network": {"protocol": "-", "type": "ipv4", "direction": "egress", "community_id": "1:Wb1en03Kl+nPMdRz+MP23Yj55gQ=", "transport": "tcp"}, "process": {"name": "svchost.exe", "pid": 752, "entity_id": "{6c054e7e-c77e-690f-1300-000000000500}", "executable": "C:\\Windows\\System32\\svchost.exe"}, "ecs": {"version": "1.12.0"}, "agent": {"ephemeral_id": "e918f62f-a141-4b32-a344-477f03b1b9ea", "id": "b6d0da7e-2d5b-408f-88d3-d607a27fb60e", "name": "DESKTOP-Q167QR1", "type": "winlogbeat", "version": "7.17.29", "hostname": "DESKTOP-Q167QR1"}, "event": {"created": "2025-11-08T14:36:08.043Z", "module": "sysmon", "type": ["connection", "start", "protocol"], "kind": "event", "action": "Network connection detected (rule: NetworkConnect)", "provider": "Microsoft-Windows-Sysmon", "category": ["network"], "code": "3"}, "destination": {"port": 443, "ip": "20.190.147.1", "domain": "-"}, "winlog": {"event_id": "3", "user": {"name": "SYSTEM", "domain": "NT AUTHORITY", "type": "User", "identifier": "S-1-5-18"}, "channel": "Microsoft-Windows-Sysmon/Operational", "process": {"pid": 3804, "thread": {"id": 1008}}, "opcode": "Info", "computer_name": "DESKTOP-Q167QR1", "task": "Network connection detected (rule: NetworkConnect)", "version": 5, "provider_name": "Microsoft-Windows-Sysmon", "event_data": {"SourcePortName": "-"}, "api": "wineventlog", "provider_guid": "{5770385f-c22a-43e0-bf4c-06f5698ffbd9}", "record_id": 37735}}
{"tags": ["beats_input_codec_plain_applied", "_jsonparsefailure", "pikksilm_sysmon"], "@version": "1", "message": "Network connection detected:\nRuleName: -\nUtcTime: 2025-11-08 14:36:05.981\nProcessGuid: {6c054e7e-5552-690f-2b03-000000000500}\nProcessId: 3908\nImage: C:\\Windows\\System32\\WerFault.exe\nUser: DESKTOP-Q167QR1\\vagrant\nProtocol: tcp\nInitiated: true\nSourceIsIpv6: false\nSourceIp: 10.136.5.67\nSourceHostname: -\nSourcePort: 49934\nSourcePortName: -\nDestinationIsIpv6: false\nDestinationIp: 172.178.240.162\nDestinationHostname: -\nDestinationPort: 443\nDestinationPortName: -", "related": {"ip": ["10.136.5.67", "172.178.240.162"], "user": "vagrant"}, "host": {"id": "6c054e7e-a5b1-4db9-8d63-3f70f302d6af", "os": {"kernel": "10.0.22621.2861 (WinBuild.160101.0800)", "type": "windows", "platform": "windows", "version": "10.0", "family": "windows", "name": "Windows 11 Pro", "build": "22631.2861"}, "ip": ["fe80::b392:ba9e:24f8:260e", "10.136.5.67"], "architecture": "x86_64", "mac": ["bc:24:11:9a:96:84"], "hostname": "DESKTOP-Q167QR1"}, "source": {"port": 49934, "ip": "10.136.5.67", "domain": "-"}, "@timestamp": "2025-11-08T14:36:05.981Z", "log": {"level": "information"}, "user": {"name": "vagrant", "domain": "DESKTOP-Q167QR1", "id": "S-1-5-18"}, "network": {"type": "ipv4", "community_id": "1:HiCIG8ktijx81jyq43AxvyfQheQ=", "protocol": "-", "direction": "egress", "transport": "tcp"}, "process": {"executable": "C:\\Windows\\System32\\WerFault.exe", "name": "WerFault.exe", "entity_id": "{6c054e7e-5552-690f-2b03-000000000500}", "pid": 3908}, "ecs": {"version": "1.12.0"}, "agent": {"ephemeral_id": "e918f62f-a141-4b32-a344-477f03b1b9ea", "id": "b6d0da7e-2d5b-408f-88d3-d607a27fb60e", "name": "DESKTOP-Q167QR1", "type": "winlogbeat", "version": "7.17.29", "hostname": "DESKTOP-Q167QR1"}, "event": {"created": "2025-11-08T14:36:09.062Z", "module": "sysmon", "type": ["connection", "start", "protocol"], "kind": "event", "action": "Network connection detected (rule: NetworkConnect)", "provider": "Microsoft-Windows-Sysmon", "category": ["network"], "code": "3"}, "destination": {"port": 443, "ip": "172.178.240.162", "domain": "-"}, "winlog": {"event_id": "3", "user": {"identifier": "S-1-5-18", "type": "User", "domain": "NT AUTHORITY", "name": "SYSTEM"}, "task": "Network connection detected (rule: NetworkConnect)", "channel": "Microsoft-Windows-Sysmon/Operational", "process": {"pid": 3804, "thread": {"id": 1008}}, "computer_name": "DESKTOP-Q167QR1", "opcode": "Info", "version": 5, "provider_name": "Microsoft-Windows-Sysmon", "event_data": {"SourcePortName": "-"}, "api": "wineventlog", "provider_guid": "{5770385f-c22a-43e0-bf4c-06f5698ffbd9}", "record_id": 37753}}
{"tags": ["beats_input_codec_plain_applied", "_jsonparsefailure", "pikksilm_sysmon"], "@version": "1", "message": "Network connection detected:\nRuleName: -\nUtcTime: 2025-11-08 14:36:07.920\nProcessGuid: {4d96f8ad-c7a9-690f-1300-000000000500}\nProcessId: 1004\nImage: C:\\Windows\\System32\\svchost.exe\nUser: NT AUTHORITY\\SYSTEM\nProtocol: tcp\nInitiated: true\nSourceIsIpv6: false\nSourceIp: 10.136.5.69\nSourceHostname: -\nSourcePort: 49932\nSourcePortName: -\nDestinationIsIpv6: false\nDestinationIp: 20.190.147.3\nDestinationHostname: -\nDestinationPort: 443\nDestinationPortName: -", "related": {"ip": ["10.136.5.69", "20.190.147.3"], "user": "SYSTEM"}, "host": {"hostname": "DESKTOP-4KG93DG", "os": {"platform": "windows", "type": "windows", "version": "10.0", "family": "windows", "name": "Windows 11 Pro", "kernel": "10.0.22621.2861 (WinBuild.160101.0800)", "build": "22631.2861"}, "ip": ["fe80::54fd:e63:93ce:bb23", "10.136.5.69"], "architecture": "x86_64", "mac": ["bc:24:11:10:2c:d3"], "id": "4d96f8ad-6ed7-495d-9069-5f56c2ebf694"}, "source": {"port": 49932, "ip": "10.136.5.69", "domain": "-"}, "@timestamp": "2025-11-08T14:36:07.920Z", "log": {"level": "information"}, "user": {"name": "SYSTEM", "domain": "NT AUTHORITY", "id": "S-1-5-18"}, "network": {"community_id": "1:w3G/G8NRtVzmn4RNMv9SbaonXd8=", "protocol": "-", "direction": "egress", "type": "ipv4", "transport": "tcp"}, "process": {"pid": 1004, "executable": "C:\\Windows\\System32\\svchost.exe", "name": "svchost.exe", "entity_id": "{4d96f8ad-c7a9-690f-1300-000000000500}"}, "ecs": {"version": "1.12.0"}, "agent": {"ephemeral_id": "b4008bfb-8e39-4e8e-8ad7-e585c890b879", "id": "bd065c39-423b-48a6-b74e-4c0ace0cf1cc", "name": "DESKTOP-4KG93DG", "type": "winlogbeat", "version": "7.17.29", "hostname": "DESKTOP-4KG93DG"}, "event": {"module": "sysmon", "created": "2025-11-08T14:36:11.382Z", "type": ["connection", "start", "protocol"], "kind": "event", "action": "Network connection detected (rule: NetworkConnect)", "provider": "Microsoft-Windows-Sysmon", "category": ["network"], "code": "3"}, "destination": {"port": 443, "ip": "20.190.147.3", "domain": "-"}, "winlog": {"event_id": "3", "user": {"name": "SYSTEM", "type": "User", "identifier": "S-1-5-18", "domain": "NT AUTHORITY"}, "task": "Network connection detected (rule: NetworkConnect)", "process": {"pid": 2248, "thread": {"id": 496}}, "opcode": "Info", "channel": "Microsoft-Windows-Sysmon/Operational", "computer_name": "DESKTOP-4KG93DG", "version": 5, "provider_name": "Microsoft-Windows-Sysmon", "event_data": {"SourcePortName": "-"}, "api": "wineventlog", "provider_guid": "{5770385f-c22a-43e0-bf4c-06f5698ffbd9}", "record_id": 39347}}
{"tags": ["beats_input_codec_plain_applied", "_jsonparsefailure", "pikksilm_sysmon"], "@version": "1", "message": "Network connection detected:\nRuleName: -\nUtcTime: 2025-11-08 14:36:08.210\nProcessGuid: {1c3b4e1a-c768-690f-1300-000000000500}\nProcessId: 1052\nImage: C:\\Windows\\System32\\svchost.exe\nUser: NT AUTHORITY\\SYSTEM\nProtocol: tcp\nInitiated: true\nSourceIsIpv6: false\nSourceIp: 10.136.5.65\nSourceHostname: -\nSourcePort: 49930\nSourcePortName: -\nDestinationIsIpv6: false\nDestinationIp: 20.190.147.3\nDestinationHostname: -\nDestinationPort: 443\nDestinationPortName: -", "related": {"ip": ["10.136.5.65", "20.190.147.3"], "user": "SYSTEM"}, "host": {"hostname": "DESKTOP-JQK13SC", "os": {"name": "Windows 11 Pro", "kernel": "10.0.22621.2861 (WinBuild.160101.0800)", "type": "windows", "platform": "windows", "version": "10.0", "family": "windows", "build": "22631.2861"}, "ip": ["fe80::1f13:bebd:ede0:ed8c", "10.136.5.65"], "architecture": "x86_64", "mac": ["bc:24:11:65:5d:85"], "id": "1c3b4e1a-5518-4a6d-af82-298224d18338"}, "source": {"port": 49930, "ip": "10.136.5.65", "domain": "-"}, "@timestamp": "2025-11-08T14:36:08.210Z", "log": {"level": "information"}, "user": {"name": "SYSTEM", "domain": "NT AUTHORITY", "id": "S-1-5-18"}, "network": {"protocol": "-", "type": "ipv4", "direction": "egress", "community_id": "1:3DX/pwWn1tAjcBL/J0ohxRzCZ+E=", "transport": "tcp"}, "process": {"pid": 1052, "executable": "C:\\Windows\\System32\\svchost.exe", "entity_id": "{1c3b4e1a-c768-690f-1300-000000000500}", "name": "svchost.exe"}, "ecs": {"version": "1.12.0"}, "agent": {"ephemeral_id": "0eb94074-2147-427a-8c46-6c6578d3ab93", "id": "1a4af485-022d-4981-8d7f-bea9aff53b0f", "name": "DESKTOP-JQK13SC", "type": "winlogbeat", "version": "7.17.29", "hostname": "DESKTOP-JQK13SC"}, "event": {"module": "sysmon", "created": "2025-11-08T14:36:11.634Z", "type": ["connection", "start", "protocol"], "kind": "event", "action": "Network connection detected (rule: NetworkConnect)", "provider": "Microsoft-Windows-Sysmon", "category": ["network"], "code": "3"}, "destination": {"port": 443, "ip": "20.190.147.3", "domain": "-"}, "winlog": {"event_id": "3", "user": {"name": "SYSTEM", "type": "User", "identifier": "S-1-5-18", "domain": "NT AUTHORITY"}, "task": "Network connection detected (rule: NetworkConnect)", "process": {"pid": 5100, "thread": {"id": 3460}}, "channel": "Microsoft-Windows-Sysmon/Operational", "computer_name": "DESKTOP-JQK13SC", "opcode": "Info", "version": 5, "provider_name": "Microsoft-Windows-Sysmon", "event_data": {"SourcePortName": "-"}, "api": "wineventlog", "provider_guid": "{5770385f-c22a-43e0-bf4c-06f5698ffbd9}", "record_id": 38236}}
{"tags": ["beats_input_codec_plain_applied", "_jsonparsefailure", "pikksilm_sysmon"], "@version": "1", "message": "Network connection detected:\nRuleName: -\nUtcTime: 2025-11-08 14:36:09.531\nProcessGuid: {1c3b4e1a-5556-690f-3103-000000000500}\nProcessId: 1716\nImage: C:\\Windows\\System32\\WerFault.exe\nUser: DESKTOP-JQK13SC\\vagrant\nProtocol: tcp\nInitiated: true\nSourceIsIpv6: false\nSourceIp: 10.136.5.65\nSourceHostname: -\nSourcePort: 49931\nSourcePortName: -\nDestinationIsIpv6: false\nDestinationIp: 172.178.240.162\nDestinationHostname: -\nDestinationPort: 443\nDestinationPortName: -", "related": {"ip": ["10.136.5.65", "172.178.240.162"], "user": "vagrant"}, "host": {"hostname": "DESKTOP-JQK13SC", "os": {"platform": "windows", "type": "windows", "version": "10.0", "family": "windows", "name": "Windows 11 Pro", "kernel": "10.0.22621.2861 (WinBuild.160101.0800)", "build": "22631.2861"}, "ip": ["fe80::1f13:bebd:ede0:ed8c", "10.136.5.65"], "architecture": "x86_64", "mac": ["bc:24:11:65:5d:85"], "id": "1c3b4e1a-5518-4a6d-af82-298224d18338"}, "source": {"port": 49931, "ip": "10.136.5.65", "domain": "-"}, "@timestamp": "2025-11-08T14:36:09.531Z", "log": {"level": "information"}, "user": {"name": "vagrant", "domain": "DESKTOP-JQK13SC", "id": "S-1-5-18"}, "network": {"protocol": "-", "type": "ipv4", "direction": "egress", "community_id": "1:NbO02ih5vJTd6WisGmz3JEG6xP0=", "transport": "tcp"}, "process": {"pid": 1716, "executable": "C:\\Windows\\System32\\WerFault.exe", "entity_id": "{1c3b4e1a-5556-690f-3103-000000000500}", "name": "WerFault.exe"}, "ecs": {"version": "1.12.0"}, "agent": {"ephemeral_id": "0eb94074-2147-427a-8c46-6c6578d3ab93", "id": "1a4af485-022d-4981-8d7f-bea9aff53b0f", "name": "DESKTOP-JQK13SC", "type": "winlogbeat", "version": "7.17.29", "hostname": "DESKTOP-JQK13SC"}, "event": {"created": "2025-11-08T14:36:11.634Z", "module": "sysmon", "type": ["connection", "start", "protocol"], "kind": "event", "action": "Network connection detected (rule: NetworkConnect)", "provider": "Microsoft-Windows-Sysmon", "category": ["network"], "code": "3"}, "destination": {"port": 443, "ip": "172.178.240.162", "domain": "-"}, "winlog": {"event_id": "3", "user": {"identifier": "S-1-5-18", "type": "User", "domain": "NT AUTHORITY", "name": "SYSTEM"}, "task": "Network connection detected (rule: NetworkConnect)", "process": {"pid": 5100, "thread": {"id": 3460}}, "opcode": "Info", "computer_name": "DESKTOP-JQK13SC", "channel": "Microsoft-Windows-Sysmon/Operational", "version": 5, "provider_name": "Microsoft-Windows-Sysmon", "event_data": {"SourcePortName": "-"}, "api": "wineventlog", "provider_guid": "{5770385f-c22a-43e0-bf4c-06f5698ffbd9}", "record_id": 38239}}
{"tags": ["beats_input_codec_plain_applied", "_jsonparsefailure", "pikksilm_sysmon"], "@version": "1", "message": "Network connection detected:\nRuleName: -\nUtcTime: 2025-11-08 14:36:09.686\nProcessGuid: {4d96f8ad-5556-690f-3803-000000000500}\nProcessId: 1504\nImage: C:\\Windows\\System32\\WerFault.exe\nUser: DESKTOP-4KG93DG\\vagrant\nProtocol: tcp\nInitiated: true\nSourceIsIpv6: false\nSourceIp: 10.136.5.69\nSourceHostname: -\nSourcePort: 49933\nSourcePortName: -\nDestinationIsIpv6: false\nDestinationIp: 172.178.240.162\nDestinationHostname: -\nDestinationPort: 443\nDestinationPortName: -", "related": {"ip": ["10.136.5.69", "172.178.240.162"], "user": "vagrant"}, "host": {"hostname": "DESKTOP-4KG93DG", "os": {"platform": "windows", "family": "windows", "version": "10.0", "name": "Windows 11 Pro", "kernel": "10.0.22621.2861 (WinBuild.160101.0800)", "type": "windows", "build": "22631.2861"}, "ip": ["fe80::54fd:e63:93ce:bb23", "10.136.5.69"], "architecture": "x86_64", "mac": ["bc:24:11:10:2c:d3"], "id": "4d96f8ad-6ed7-495d-9069-5f56c2ebf694"}, "source": {"port": 49933, "ip": "10.136.5.69", "domain": "-"}, "@timestamp": "2025-11-08T14:36:09.686Z", "log": {"level": "information"}, "user": {"name": "vagrant", "domain": "DESKTOP-4KG93DG", "id": "S-1-5-18"}, "network": {"protocol": "-", "type": "ipv4", "direction": "egress", "community_id": "1:wVPV4OD4WstFefczWvuS66y5dMM=", "transport": "tcp"}, "process": {"pid": 1504, "executable": "C:\\Windows\\System32\\WerFault.exe", "name": "WerFault.exe", "entity_id": "{4d96f8ad-5556-690f-3803-000000000500}"}, "ecs": {"version": "1.12.0"}, "agent": {"ephemeral_id": "b4008bfb-8e39-4e8e-8ad7-e585c890b879", "id": "bd065c39-423b-48a6-b74e-4c0ace0cf1cc", "name": "DESKTOP-4KG93DG", "type": "winlogbeat", "version": "7.17.29", "hostname": "DESKTOP-4KG93DG"}, "event": {"module": "sysmon", "created": "2025-11-08T14:36:12.438Z", "type": ["connection", "start", "protocol"], "kind": "event", "action": "Network connection detected (rule: NetworkConnect)", "provider": "Microsoft-Windows-Sysmon", "category": ["network"], "code": "3"}, "destination": {"port": 443, "ip": "172.178.240.162", "domain": "-"}, "winlog": {"event_id": "3", "user": {"name": "SYSTEM", "domain": "NT AUTHORITY", "type": "User", "identifier": "S-1-5-18"}, "task": "Network connection detected (rule: NetworkConnect)", "process": {"pid": 2248, "thread": {"id": 496}}, "channel": "Microsoft-Windows-Sysmon/Operational", "computer_name": "DESKTOP-4KG93DG", "opcode": "Info", "version": 5, "provider_name": "Microsoft-Windows-Sysmon", "event_data": {"SourcePortName": "-"}, "api": "wineventlog", "provider_guid": "{5770385f-c22a-43e0-bf4c-06f5698ffbd9}", "record_id": 39352}}
{"tags": ["beats_input_codec_plain_applied", "_jsonparsefailure", "pikksilm_sysmon"], "@version": "1", "message": "Process Create:\nRuleName: -\nUtcTime: 2025-11-08 14:36:26.488\nProcessGuid: {b14ecd17-556a-690f-3203-000000000500}\nProcessId: 3832\nImage: C:\\Windows\\System32\\notepad.exe\nFileVersion: 10.0.22621.2506 (WinBuild.160101.0800)\nDescription: Notepad\nProduct: Microsoft\u00ae Windows\u00ae Operating System\nCompany: Microsoft Corporation\nOriginalFileName: NOTEPAD.EXE\nCommandLine: Notepad.exe\nCurrentDirectory: C:\\Users\\vagrant\\\nUser: DESKTOP-8Q44FSM\\vagrant\nLogonGuid: {b14ecd17-54fc-690f-3b3e-5d0000000000}\nLogonId: 0x5D3E3B\nTerminalSessionId: 0\nIntegrityLevel: High\nHashes: SHA1=2DD2EBDA72F2DA767B458B7C4C73606B03CAC765,MD5=6BAECEAA8AA6B3F3A29694EE8BDBADC4,SHA256=6188586345A1B370A60E43F41228EBA5746D0D17DAB8E9BE05D53FDD7ABE7061,IMPHASH=0E6BCCF88F4251909D1746DBA78CBA57\nParentProcessGuid: {b14ecd17-550a-690f-3103-000000000500}\nParentProcessId: 904\nParentImage: C:\\Payloads\\totally_legit.exe\nParentCommandLine: C:/Payloads/totally_legit.exe \nParentUser: DESKTOP-8Q44FSM\\vagrant", "related": {"hash": ["2dd2ebda72f2da767b458b7c4c73606b03cac765", "6baeceaa8aa6b3f3a29694ee8bdbadc4", "6188586345a1b370a60e43f41228eba5746d0d17dab8e9be05d53fdd7abe7061", "0e6bccf88f4251909d1746dba78cba57"], "user": "vagrant"}, "host": {"id": "b14ecd17-5d3b-4f55-baee-6ff4cabb34b4", "os": {"platform": "windows", "family": "windows", "version": "10.0", "name": "Windows 11 Pro", "kernel": "10.0.22621.2861 (WinBuild.160101.0800)", "type": "windows", "build": "22631.2861"}, "ip": ["fe80::48f7:5d50:95ed:189a", "10.136.5.66"], "architecture": "x86_64", "mac": ["bc:24:11:45:94:8e"], "hostname": "DESKTOP-8Q44FSM"}, "hash": {"sha256": "6188586345a1b370a60e43f41228eba5746d0d17dab8e9be05d53fdd7abe7061", "imphash": "0e6bccf88f4251909d1746dba78cba57", "md5": "6baeceaa8aa6b3f3a29694ee8bdbadc4", "sha1": "2dd2ebda72f2da767b458b7c4c73606b03cac765"}, "@timestamp": "2025-11-08T14:36:26.488Z", "log": {"level": "information"}, "user": {"name": "vagrant", "domain": "DESKTOP-8Q44FSM", "id": "S-1-5-18"}, "process": {"name": "notepad.exe", "pe": {"file_version": "10.0.22621.2506 (WinBuild.160101.0800)", "company": "Microsoft Corporation", "imphash": "0e6bccf88f4251909d1746dba78cba57", "original_file_name": "NOTEPAD.EXE", "product": "Microsoft\u00ae Windows\u00ae Operating System", "description": "Notepad"}, "entity_id": "{b14ecd17-556a-690f-3203-000000000500}", "executable": "C:\\Windows\\System32\\notepad.exe", "hash": {"sha256": "6188586345a1b370a60e43f41228eba5746d0d17dab8e9be05d53fdd7abe7061", "md5": "6baeceaa8aa6b3f3a29694ee8bdbadc4", "sha1": "2dd2ebda72f2da767b458b7c4c73606b03cac765"}, "working_directory": "C:\\Users\\vagrant\\", "command_line": "Notepad.exe", "args": ["Notepad.exe"], "pid": 3832, "parent": {"name": "totally_legit.exe", "executable": "C:\\Payloads\\totally_legit.exe", "entity_id": "{b14ecd17-550a-690f-3103-000000000500}", "command_line": "C:/Payloads/totally_legit.exe ", "args": ["C:/Payloads/totally_legit.exe"], "pid": 904}}, "ecs": {"version": "1.12.0"}, "agent": {"ephemeral_id": "dcd8318d-95d4-4b47-92c0-9b7bdc2aa8b4", "id": "ad03eb5d-aaf5-44d5-b5c0-e19e6c891455", "name": "DESKTOP-8Q44FSM", "type": "winlogbeat", "version": "7.17.29", "hostname": "DESKTOP-8Q44FSM"}, "event": {"module": "sysmon", "created": "2025-11-08T14:36:27.731Z", "type": ["start", "process_start"], "kind": "event", "action": "Process Create (rule: ProcessCreate)", "provider": "Microsoft-Windows-Sysmon", "category": ["process"], "code": "1"}, "winlog": {"event_id": "1", "user": {"identifier": "S-1-5-18", "domain": "NT AUTHORITY", "name": "SYSTEM", "type": "User"}, "task": "Process Create (rule: ProcessCreate)", "process": {"pid": 1156, "thread": {"id": 3716}}, "opcode": "Info", "computer_name": "DESKTOP-8Q44FSM", "channel": "Microsoft-Windows-Sysmon/Operational", "version": 5, "provider_name": "Microsoft-Windows-Sysmon", "event_data": {"IntegrityLevel": "High", "Company": "Microsoft Corporation", "ParentUser": "DESKTOP-8Q44FSM\\vagrant", "TerminalSessionId": "0", "LogonId": "0x5d3e3b", "FileVersion": "10.0.22621.2506 (WinBuild.160101.0800)", "LogonGuid": "{b14ecd17-54fc-690f-3b3e-5d0000000000}", "Description": "Notepad", "Product": "Microsoft\u00ae Windows\u00ae Operating System"}, "api": "wineventlog", "provider_guid": "{5770385f-c22a-43e0-bf4c-06f5698ffbd9}", "record_id": 38208}}
