{"tags": ["beats_input_codec_plain_applied", "_jsonparsefailure", "pikksilm_sysmon"], "@version": "1", "message": "Network connection detected:\nRuleName: -\nUtcTime: 2025-11-08 14:36:34.728\nProcessGuid: {b14ecd17-556a-690f-3203-000000000500}\nProcessId: 3832\nImage: C:\\Windows\\System32\\notepad.exe\nUser: DESKTOP-8Q44FSM\\vagrant\nProtocol: tcp\nInitiated: true\nSourceIsIpv6: false\nSourceIp: 10.136.5.66\nSourceHostname: -\nSourcePort: 49935\nSourcePortName: -\nDestinationIsIpv6: false\nDestinationIp: 10.136.5.33\nDestinationHostname: -\nDestinationPort: 443\nDestinationPortName: -", "related": {"ip": ["10.136.5.66", "10.136.5.33"], "user": "vagrant"}, "host": {"hostname": "DESKTOP-8Q44FSM", "os": {"family": "windows", "name": "Windows 11 Pro", "kernel": "10.0.22621.2861 (WinBuild.160101.0800)", "type": "windows", "platform": "windows", "version": "10.0", "build": "22631.2861"}, "ip": ["fe80::48f7:5d50:95ed:189a", "10.136.5.66"], "architecture": "x86_64", "mac": ["bc:24:11:45:94:8e"], "id": "b14ecd17-5d3b-4f55-baee-6ff4cabb34b4"}, "source": {"port": 49935, "ip": "10.136.5.66", "domain": "-"}, "@timestamp": "2025-11-08T14:36:34.728Z", "log": {"level": "information"}, "user": {"name": "vagrant", "domain": "DESKTOP-8Q44FSM", "id": "S-1-5-18"}, "network": {"protocol": "-", "type": "ipv4", "direction": "egress", "community_id": "1:HUrp84VMq//eZN4yhTLBNsb+5qo=", "transport": "tcp"}, "process": {"pid": 3832, "executable": "C:\\Windows\\System32\\notepad.exe", "entity_id": "{b14ecd17-556a-690f-3203-000000000500}", "name": "notepad.exe"}, "ecs": {"version": "1.12.0"}, "agent": {"ephemeral_id": "dcd8318d-95d4-4b47-92c0-9b7bdc2aa8b4", "id": "ad03eb5d-aaf5-44d5-b5c0-e19e6c891455", "name": "DESKTOP-8Q44FSM", "type": "winlogbeat", "version": "7.17.29", "hostname": "DESKTOP-8Q44FSM"}, "event": {"module": "sysmon", "created": "2025-11-08T14:36:36.945Z", "type": ["connection", "start", "protocol"], "kind": "event", "action": "Network connection detected (rule: NetworkConnect)", "provider": "Microsoft-Windows-Sysmon", "category": ["network"], "code": "3"}, "destination": {"port": 443, "ip": "10.136.5.33", "domain": "-"}, "winlog": {"event_id": "3", "user": {"identifier": "S-1-5-18", "domain": "NT AUTHORITY", "name": "SYSTEM", "type": "User"}, "channel": "Microsoft-Windows-Sysmon/Operational", "opcode": "Info", "task": "Network connection detected (rule: NetworkConnect)", "computer_name": "DESKTOP-8Q44FSM", "process": {"pid": 1156, "thread": {"id": 1884}}, "version": 5, "provider_name": "Microsoft-Windows-Sysmon", "event_data": {"SourcePortName": "-"}, "api": "wineventlog", "provider_guid": "{5770385f-c22a-43e0-bf4c-06f5698ffbd9}", "record_id": 38318}}
{"tags": ["beats_input_codec_plain_applied", "_jsonparsefailure", "pikksilm_sysmon"], "@version": "1", "message": "Network connection detected:\nRuleName: -\nUtcTime: 2025-11-08 14:37:43.768\nProcessGuid: {1c3b4e1a-4c35-690f-8502-000000000500}\nProcessId: 2616\nImage: C:\\Windows\\System32\\svchost.exe\nUser: NT AUTHORITY\\NETWORK SERVICE\nProtocol: tcp\nInitiated: false\nSourceIsIpv6: false\nSourceIp: 10.24.25.52\nSourceHostname: -\nSourcePort: 53874\nSourcePortName: -\nDestinationIsIpv6: false\nDestinationIp: 10.136.5.65\nDestinationHostname: -\nDestinationPort: 3389\nDestinationPortName: -", "related": {"user": "NETWORK SERVICE", "ip": ["10.24.25.52", "10.136.5.65"]}, "host": {"id": "1c3b4e1a-5518-4a6d-af82-298224d18338", "os": {"name": "Windows 11 Pro", "kernel": "10.0.22621.2861 (WinBuild.160101.0800)", "type": "windows", "platform": "windows", "version": "10.0", "family": "windows", "build": "22631.2861"}, "ip": ["fe80::1f13:bebd:ede0:ed8c", "10.136.5.65"], "architecture": "x86_64", "mac": ["bc:24:11:65:5d:85"], "hostname": "DESKTOP-JQK13SC"}, "source": {"port": 53874, "ip": "10.24.25.52", "domain": "-"}, "@timestamp": "2025-11-08T14:37:43.768Z", "log": {"level": "information"}, "user": {"name": "NETWORK SERVICE", "domain": "NT AUTHORITY", "id": "S-1-5-18"}, "network": {"protocol": "-", "type": "ipv4", "direction": "ingress", "community_id": "1:fXES4XJBxNLNGZh7K4mQy+6AhKA=", "transport": "tcp"}, "process": {"name": "svchost.exe", "pid": 2616, "entity_id": "{1c3b4e1a-4c35-690f-8502-000000000500}", "executable": "C:\\Windows\\System32\\svchost.exe"}, "ecs": {"version": "1.12.0"}, "agent": {"hostname": "DESKTOP-JQK13SC", "ephemeral_id": "0eb94074-2147-427a-8c46-6c6578d3ab93", "name": "DESKTOP-JQK13SC", "type": "winlogbeat", "version": "7.17.29", "id": "1a4af485-022d-4981-8d7f-bea9aff53b0f"}, "event": {"module": "sysmon", "created": "2025-11-08T14:37:47.065Z", "type": ["connection", "start", "protocol"], "kind": "event", "action": "Network connection detected (rule: NetworkConnect)", "provider": "Microsoft-Windows-Sysmon", "category": ["network"], "code": "3"}, "destination": {"port": 3389, "ip": "10.136.5.65", "domain": "-"}, "winlog": {"event_id": "3", "user": {"identifier": "S-1-5-18", "domain": "NT AUTHORITY", "name": "SYSTEM", "type": "User"}, "task": "Network connection detected (rule: NetworkConnect)", "process": {"pid": 5100, "thread": {"id": 3460}}, "opcode": "Info", "computer_name": "DESKTOP-JQK13SC", "channel": "Microsoft-Windows-Sysmon/Operational", "version": 5, "provider_name": "Microsoft-Windows-Sysmon", "event_data": {"SourcePortName": "-"}, "api": "wineventlog", "provider_guid": "{5770385f-c22a-43e0-bf4c-06f5698ffbd9}", "record_id": 38388}}
{"tags": ["beats_input_codec_plain_applied", "_jsonparsefailure", "pikksilm_sysmon"], "@version": "1", "message": "Network connection detected:\nRuleName: -\nUtcTime: 2025-11-08 14:37:48.580\nProcessGuid: {1c3b4e1a-c768-690f-1300-000000000500}\nProcessId: 1052\nImage: C:\\Windows\\System32\\svchost.exe\nUser: NT AUTHORITY\\SYSTEM\nProtocol: tcp\nInitiated: true\nSourceIsIpv6: false\nSourceIp: 10.136.5.65\nSourceHostname: -\nSourcePort: 49936\nSourcePortName: -\nDestinationIsIpv6: false\nDestinationIp: 92.122.18.57\nDestinationHostname: -\nDestinationPort: 80\nDestinationPortName: -", "related": {"ip": ["10.136.5.65", "92.122.18.57"], "user": "SYSTEM"}, "host": {"hostname": "DESKTOP-JQK13SC", "os": {"family": "windows", "name": "Windows 11 Pro", "version": "10.0", "kernel": "10.0.22621.2861 (WinBuild.160101.0800)", "type": "windows", "platform": "windows", "build": "22631.2861"}, "ip": ["fe80::1f13:bebd:ede0:ed8c", "10.136.5.65"], "architecture": "x86_64", "mac": ["bc:24:11:65:5d:85"], "id": "1c3b4e1a-5518-4a6d-af82-298224d18338"}, "source": {"port": 49936, "ip": "10.136.5.65", "domain": "-"}, "@timestamp": "2025-11-08T14:37:48.580Z", "log": {"level": "information"}, "user": {"name": "SYSTEM", "domain": "NT AUTHORITY", "id": "S-1-5-18"}, "network": {"protocol": "-", "type": "ipv4", "direction": "egress", "community_id": "1:4BBPZPdepAJ5XB3TNLACiaop6Os=", "transport": "tcp"}, "process": {"pid": 1052, "executable": "C:\\Windows\\System32\\svchost.exe", "entity_id": "{1c3b4e1a-c768-690f-1300-000000000500}", "name": "svchost.exe"}, "ecs": {"version": "1.12.0"}, "agent": {"ephemeral_id": "0eb94074-2147-427a-8c46-6c6578d3ab93", "id": "1a4af485-022d-4981-8d7f-bea9aff53b0f", "name": "DESKTOP-JQK13SC", "type": "winlogbeat", "version": "7.17.29", "hostname": "DESKTOP-JQK13SC"}, "event": {"created": "2025-11-08T14:37:53.009Z", "module": "sysmon", "type": ["connection", "start", "protocol"], "kind": "event", "action": "Network connection detected (rule: NetworkConnect)", "provider": "Microsoft-Windows-Sysmon", "category": ["network"], "code": "3"}, "destination": {"port": 80, "ip": "92.122.18.57", "domain": "-"}, "winlog": {"event_id": "3", "user": {"identifier": "S-1-5-18", "type": "User", "domain": "NT AUTHORITY", "name": "SYSTEM"}, "task": "Network connection detected (rule: NetworkConnect)", "process": {"pid": 5100, "thread": {"id": 3460}}, "channel": "Microsoft-Windows-Sysmon/Operational", "computer_name": "DESKTOP-JQK13SC", "opcode": "Info", "version": 5, "provider_name": "Microsoft-Windows-Sysmon", "event_data": {"SourcePortName": "-"}, "api": "wineventlog", "provider_guid": "{5770385f-c22a-43e0-bf4c-06f5698ffbd9}", "record_id": 38768}}
{"tags": ["beats_input_codec_plain_applied", "_jsonparsefailure", "pikksilm_sysmon"], "@version": "1", "message": "Network connection detected:\nRuleName: -\nUtcTime: 2025-11-08 14:37:48.496\nProcessGuid: {1c3b4e1a-c768-690f-1300-000000000500}\nProcessId: 1052\nImage: C:\\Windows\\System32\\svchost.exe\nUser: NT AUTHORITY\\SYSTEM\nProtocol: tcp\nInitiated: true\nSourceIsIpv6: false\nSourceIp: 10.136.5.65\nSourceHostname: -\nSourcePort: 49935\nSourcePortName: -\nDestinationIsIpv6: false\nDestinationIp: 92.122.18.57\nDestinationHostname: -\nDestinationPort: 80\nDestinationPortName: -", "related": {"ip": ["10.136.5.65", "92.122.18.57"], "user": "SYSTEM"}, "host": {"id": "1c3b4e1a-5518-4a6d-af82-298224d18338", "os": {"platform": "windows", "family": "windows", "version": "10.0", "name": "Windows 11 Pro", "kernel": "10.0.22621.2861 (WinBuild.160101.0800)", "type": "windows", "build": "22631.2861"}, "ip": ["fe80::1f13:bebd:ede0:ed8c", "10.136.5.65"], "architecture": "x86_64", "mac": ["bc:24:11:65:5d:85"], "hostname": "DESKTOP-JQK13SC"}, "source": {"port": 49935, "ip": "10.136.5.65", "domain": "-"}, "@timestamp": "2025-11-08T14:37:48.496Z", "log": {"level": "information"}, "user": {"name": "SYSTEM", "domain": "NT AUTHORITY", "id": "S-1-5-18"}, "network": {"protocol": "-", "type": "ipv4", "direction": "egress", "community_id": "1:f8Ea3unK5kN+14+yg6aCf/ojJ0Q=", "transport": "tcp"}, "process": {"executable": "C:\\Windows\\System32\\svchost.exe", "name": "svchost.exe", "entity_id": "{1c3b4e1a-c768-690f-1300-000000000500}", "pid": 1052}, "ecs": {"version": "1.12.0"}, "agent": {"hostname": "DESKTOP-JQK13SC", "ephemeral_id": "0eb94074-2147-427a-8c46-6c6578d3ab93", "name": "DESKTOP-JQK13SC", "type": "winlogbeat", "version": "7.17.29", "id": "1a4af485-022d-4981-8d7f-bea9aff53b0f"}, "event": {"module": "sysmon", "created": "2025-11-08T14:37:53.211Z", "type": ["connection", "start", "protocol"], "kind": "event", "action": "Network connection detected (rule: NetworkConnect)", "provider": "Microsoft-Windows-Sysmon", "category": ["network"], "code": "3"}, "destination": {"port": 80, "ip": "92.122.18.57", "domain": "-"}, "winlog": {"event_id": "3", "user": {"name": "SYSTEM", "domain": "NT AUTHORITY", "type": "User", "identifier": "S-1-5-18"}, "task": "Network connection detected (rule: NetworkConnect)", "process": {"pid": 5100, "thread": {"id": 3460}}, "opcode": "Info", "computer_name": "DESKTOP-JQK13SC", "channel": "Microsoft-Windows-Sysmon/Operational", "version": 5, "provider_name": "Microsoft-Windows-Sysmon", "event_data": {"SourcePortName": "-"}, "api": "wineventlog", "provider_guid": "{5770385f-c22a-43e0-bf4c-06f5698ffbd9}", "record_id": 38864}}
{"tags": ["beats_input_codec_plain_applied", "_jsonparsefailure", "pikksilm_sysmon"], "@version": "1", "message": "Network connection detected:\nRuleName: -\nUtcTime: 2025-11-08 14:37:48.358\nProcessGuid: {1c3b4e1a-c768-690f-1300-000000000500}\nProcessId: 1052\nImage: C:\\Windows\\System32\\svchost.exe\nUser: NT AUTHORITY\\SYSTEM\nProtocol: tcp\nInitiated: true\nSourceIsIpv6: false\nSourceIp: 10.136.5.65\nSourceHostname: -\nSourcePort: 49932\nSourcePortName: -\nDestinationIsIpv6: false\nDestinationIp: 92.122.18.57\nDestinationHostname: -\nDestinationPort: 80\nDestinationPortName: -", "related": {"ip": ["10.136.5.65", "92.122.18.57"], "user": "SYSTEM"}, "host": {"id": "1c3b4e1a-5518-4a6d-af82-298224d18338", "os": {"platform": "windows", "family": "windows", "version": "10.0", "name": "Windows 11 Pro", "kernel": "10.0.22621.2861 (WinBuild.160101.0800)", "type": "windows", "build": "22631.2861"}, "ip": ["fe80::1f13:bebd:ede0:ed8c", "10.136.5.65"], "architecture": "x86_64", "mac": ["bc:24:11:65:5d:85"], "hostname": "DESKTOP-JQK13SC"}, "source": {"port": 49932, "ip": "10.136.5.65", "domain": "-"}, "@timestamp": "2025-11-08T14:37:48.358Z", "log": {"level": "information"}, "user": {"name": "SYSTEM", "domain": "NT AUTHORITY", "id": "S-1-5-18"}, "network": {"protocol": "-", "type": "ipv4", "direction": "egress", "community_id": "1:fS8JHlnhzStvbEtPUaqcOxfsZZs=", "transport": "tcp"}, "process": {"executable": "C:\\Windows\\System32\\svchost.exe", "name": "svchost.exe", "entity_id": "{1c3b4e1a-c768-690f-1300-000000000500}", "pid": 1052}, "ecs": {"version": "1.12.0"}, "agent": {"ephemeral_id": "0eb94074-2147-427a-8c46-6c6578d3ab93", "id": "1a4af485-022d-4981-8d7f-bea9aff53b0f", "name": "DESKTOP-JQK13SC", "type": "winlogbeat", "version": "7.17.29", "hostname": "DESKTOP-JQK13SC"}, "event": {"created": "2025-11-08T14:37:53.211Z", "module": "sysmon", "type": ["connection", "start", "protocol"], "kind": "event", "action": "Network connection detected (rule: NetworkConnect)", "provider": "Microsoft-Windows-Sysmon", "category": ["network"], "code": "3"}, "destination": {"port": 80, "ip": "92.122.18.57", "domain": "-"}, "winlog": {"event_id": "3", "user": {"identifier": "S-1-5-18", "domain": "NT AUTHORITY", "name": "SYSTEM", "type": "User"}, "task": "Network connection detected (rule: NetworkConnect)", "opcode": "Info", "channel": "Microsoft-Windows-Sysmon/Operational", "process": {"pid": 5100, "thread": {"id": 3460}}, "computer_name": "DESKTOP-JQK13SC", "version": 5, "provider_name": "Microsoft-Windows-Sysmon", "event_data": {"SourcePortName": "-"}, "api": "wineventlog", "provider_guid": "{5770385f-c22a-43e0-bf4c-06f5698ffbd9}", "record_id": 38862}}
{"tags": ["beats_input_codec_plain_applied", "_jsonparsefailure", "pikksilm_sysmon"], "@version": "1", "message": "Network connection detected:\nRuleName: -\nUtcTime: 2025-11-08 14:37:48.386\nProcessGuid: {1c3b4e1a-c768-690f-1300-000000000500}\nProcessId: 1052\nImage: C:\\Windows\\System32\\svchost.exe\nUser: NT AUTHORITY\\SYSTEM\nProtocol: tcp\nInitiated: true\nSourceIsIpv6: false\nSourceIp: 10.136.5.65\nSourceHostname: -\nSourcePort: 49933\nSourcePortName: -\nDestinationIsIpv6: false\nDestinationIp: 92.122.18.57\nDestinationHostname: -\nDestinationPort: 80\nDestinationPortName: -", "related": {"user": "SYSTEM", "ip": ["10.136.5.65", "92.122.18.57"]}, "host": {"id": "1c3b4e1a-5518-4a6d-af82-298224d18338", "os": {"family": "windows", "name": "Windows 11 Pro", "version": "10.0", "kernel": "10.0.22621.2861 (WinBuild.160101.0800)", "type": "windows", "platform": "windows", "build": "22631.2861"}, "ip": ["fe80::1f13:bebd:ede0:ed8c", "10.136.5.65"], "architecture": "x86_64", "mac": ["bc:24:11:65:5d:85"], "hostname": "DESKTOP-JQK13SC"}, "source": {"port": 49933, "ip": "10.136.5.65", "domain": "-"}, "@timestamp": "2025-11-08T14:37:48.386Z", "log": {"level": "information"}, "user": {"name": "SYSTEM", "domain": "NT AUTHORITY", "id": "S-1-5-18"}, "network": {"type": "ipv4", "community_id": "1:yONQWQVLQ5x3u6w62TJmO2V6eQc=", "protocol": "-", "direction": "egress", "transport": "tcp"}, "process": {"pid": 1052, "executable": "C:\\Windows\\System32\\svchost.exe", "name": "svchost.exe", "entity_id": "{1c3b4e1a-c768-690f-1300-000000000500}"}, "ecs": {"version": "1.12.0"}, "agent": {"id": "1a4af485-022d-4981-8d7f-bea9aff53b0f", "hostname": "DESKTOP-JQK13SC", "name": "DESKTOP-JQK13SC", "type": "winlogbeat", "version": "7.17.29", "ephemeral_id": "0eb94074-2147-427a-8c46-6c6578d3ab93"}, "event": {"created": "2025-11-08T14:37:53.009Z", "module": "sysmon", "type": ["connection", "start", "protocol"], "kind": "event", "action": "Network connection detected (rule: NetworkConnect)", "provider": "Microsoft-Windows-Sysmon", "category": ["network"], "code": "3"}, "destination": {"port": 80, "ip": "92.122.18.57", "domain": "-"}, "winlog": {"event_id": "3", "user": {"name": "SYSTEM", "domain": "NT AUTHORITY", "type": "User", "identifier": "S-1-5-18"}, "channel": "Microsoft-Windows-Sysmon/Operational", "process": {"pid": 5100, "thread": {"id": 3460}}, "opcode": "Info", "computer_name": "DESKTOP-JQK13SC", "task": "Network connection detected (rule: NetworkConnect)", "version": 5, "provider_name": "Microsoft-Windows-Sysmon", "event_data": {"SourcePortName": "-"}, "api": "wineventlog", "provider_guid": "{5770385f-c22a-43e0-bf4c-06f5698ffbd9}", "record_id": 38767}}
{"tags": ["beats_input_codec_plain_applied", "_jsonparsefailure", "pikksilm_sysmon"], "@version": "1", "message": "Network connection detected:\nRuleName: -\nUtcTime: 2025-11-08 14:37:48.418\nProcessGuid: {1c3b4e1a-c768-690f-1300-000000000500}\nProcessId: 1052\nImage: C:\\Windows\\System32\\svchost.exe\nUser: NT AUTHORITY\\SYSTEM\nProtocol: tcp\nInitiated: true\nSourceIsIpv6: false\nSourceIp: 10.136.5.65\nSourceHostname: -\nSourcePort: 49934\nSourcePortName: -\nDestinationIsIpv6: false\nDestinationIp: 92.122.18.57\nDestinationHostname: -\nDestinationPort: 80\nDestinationPortName: -", "related": {"ip": ["10.136.5.65", "92.122.18.57"], "user": "SYSTEM"}, "host": {"id": "1c3b4e1a-5518-4a6d-af82-298224d18338", "os": {"platform": "windows", "family": "windows", "version": "10.0", "name": "Windows 11 Pro", "kernel": "10.0.22621.2861 (WinBuild.160101.0800)", "type": "windows", "build": "22631.2861"}, "ip": ["fe80::1f13:bebd:ede0:ed8c", "10.136.5.65"], "architecture": "x86_64", "mac": ["bc:24:11:65:5d:85"], "hostname": "DESKTOP-JQK13SC"}, "source": {"port": 49934, "ip": "10.136.5.65", "domain": "-"}, "@timestamp": "2025-11-08T14:37:48.418Z", "log": {"level": "information"}, "user": {"name": "SYSTEM", "domain": "NT AUTHORITY", "id": "S-1-5-18"}, "network": {"protocol": "-", "type": "ipv4", "direction": "egress", "community_id": "1:oNRECC974/3y2YvpRSSiTHWNHJE=", "transport": "tcp"}, "process": {"pid": 1052, "executable": "C:\\Windows\\System32\\svchost.exe", "entity_id": "{1c3b4e1a-c768-690f-1300-000000000500}", "name": "svchost.exe"}, "ecs": {"version": "1.12.0"}, "agent": {"ephemeral_id": "0eb94074-2147-427a-8c46-6c6578d3ab93", "id": "1a4af485-022d-4981-8d7f-bea9aff53b0f", "name": "DESKTOP-JQK13SC", "type": "winlogbeat", "version": "7.17.29", "hostname": "DESKTOP-JQK13SC"}, "event": {"created": "2025-11-08T14:37:53.211Z", "module": "sysmon", "type": ["connection", "start", "protocol"], "kind": "event", "action": "Network connection detected (rule: NetworkConnect)", "provider": "Microsoft-Windows-Sysmon", "category": ["network"], "code": "3"}, "destination": {"port": 80, "ip": "92.122.18.57", "domain": "-"}, "winlog": {"event_id": "3", "user": {"identifier": "S-1-5-18", "domain": "NT AUTHORITY", "name": "SYSTEM", "type": "User"}, "channel": "Microsoft-Windows-Sysmon/Operational", "opcode": "Info", "task": "Network connection detected (rule: NetworkConnect)", "computer_name": "DESKTOP-JQK13SC", "process": {"pid": 5100, "thread": {"id": 3460}}, "version": 5, "provider_name": "Microsoft-Windows-Sysmon", "event_data": {"SourcePortName": "-"}, "api": "wineventlog", "provider_guid": "{5770385f-c22a-43e0-bf4c-06f5698ffbd9}", "record_id": 38863}}
{"tags": ["beats_input_codec_plain_applied", "_jsonparsefailure", "pikksilm_sysmon"], "@version": "1", "message": "Network connection detected:\nRuleName: -\nUtcTime: 2025-11-08 14:37:48.899\nProcessGuid: {1c3b4e1a-c768-690f-1300-000000000500}\nProcessId: 1052\nImage: C:\\Windows\\System32\\svchost.exe\nUser: NT AUTHORITY\\SYSTEM\nProtocol: tcp\nInitiated: true\nSourceIsIpv6: false\nSourceIp: 10.136.5.65\nSourceHostname: -\nSourcePort: 49937\nSourcePortName: -\nDestinationIsIpv6: false\nDestinationIp: 92.122.18.57\nDestinationHostname: -\nDestinationPort: 80\nDestinationPortName: -", "related": {"ip": ["10.136.5.65", "92.122.18.57"], "user": "SYSTEM"}, "host": {"id": "1c3b4e1a-5518-4a6d-af82-298224d18338", "os": {"family": "windows", "name": "Windows 11 Pro", "kernel": "10.0.22621.2861 (WinBuild.160101.0800)", "type": "windows", "platform": "windows", "version": "10.0", "build": "22631.2861"}, "ip": ["fe80::1f13:bebd:ede0:ed8c", "10.136.5.65"], "architecture": "x86_64", "mac": ["bc:24:11:65:5d:85"], "hostname": "DESKTOP-JQK13SC"}, "source": {"port": 49937, "ip": "10.136.5.65", "domain": "-"}, "@timestamp": "2025-11-08T14:37:48.899Z", "log": {"level": "information"}, "user": {"name": "SYSTEM", "domain": "NT AUTHORITY", "id": "S-1-5-18"}, "network": {"protocol": "-", "type": "ipv4", "direction": "egress", "community_id": "1:Z5K06nLquLYa9gjxIt1e+MD+Qmo=", "transport": "tcp"}, "process": {"pid": 1052, "executable": "C:\\Windows\\System32\\svchost.exe", "entity_id": "{1c3b4e1a-c768-690f-1300-000000000500}", "name": "svchost.exe"}, "ecs": {"version": "1.12.0"}, "agent": {"ephemeral_id": "0eb94074-2147-427a-8c46-6c6578d3ab93", "id": "1a4af485-022d-4981-8d7f-bea9aff53b0f", "name": "DESKTOP-JQK13SC", "type": "winlogbeat", "version": "7.17.29", "hostname": "DESKTOP-JQK13SC"}, "event": {"created": "2025-11-08T14:37:53.211Z", "module": "sysmon", "type": ["connection", "start", "protocol"], "kind": "event", "action": "Network connection detected (rule: NetworkConnect)", "provider": "Microsoft-Windows-Sysmon", "category": ["network"], "code": "3"}, "destination": {"port": 80, "ip": "92.122.18.57", "domain": "-"}, "winlog": {"event_id": "3", "user": {"identifier": "S-1-5-18", "domain": "NT AUTHORITY", "name": "SYSTEM", "type": "User"}, "channel": "Microsoft-Windows-Sysmon/Operational", "process": {"pid": 5100, "thread": {"id": 3460}}, "task": "Network connection detected (rule: NetworkConnect)", "computer_name": "DESKTOP-JQK13SC", "opcode": "Info", "version": 5, "provider_name": "Microsoft-Windows-Sysmon", "event_data": {"SourcePortName": "-"}, "api": "wineventlog", "provider_guid": "{5770385f-c22a-43e0-bf4c-06f5698ffbd9}", "record_id": 38865}}
{"tags": ["beats_input_codec_plain_applied", "_jsonparsefailure", "pikksilm_sysmon"], "@version": "1", "message": "Network connection detected:\nRuleName: -\nUtcTime: 2025-11-08 14:37:50.179\nProcessGuid: {1c3b4e1a-c768-690f-1300-000000000500}\nProcessId: 1052\nImage: C:\\Windows\\System32\\svchost.exe\nUser: NT AUTHORITY\\SYSTEM\nProtocol: tcp\nInitiated: true\nSourceIsIpv6: false\nSourceIp: 10.136.5.65\nSourceHostname: -\nSourcePort: 49938\nSourcePortName: -\nDestinationIsIpv6: false\nDestinationIp: 92.122.18.57\nDestinationHostname: -\nDestinationPort: 80\nDestinationPortName: -", "related": {"ip": ["10.136.5.65", "92.122.18.57"], "user": "SYSTEM"}, "host": {"hostname": "DESKTOP-JQK13SC", "os": {"family": "windows", "name": "Windows 11 Pro", "kernel": "10.0.22621.2861 (WinBuild.160101.0800)", "type": "windows", "platform": "windows", "version": "10.0", "build": "22631.2861"}, "ip": ["fe80::1f13:bebd:ede0:ed8c", "10.136.5.65"], "architecture": "x86_64", "mac": ["bc:24:11:65:5d:85"], "id": "1c3b4e1a-5518-4a6d-af82-298224d18338"}, "source": {"port": 49938, "ip": "10.136.5.65", "domain": "-"}, "@timestamp": "2025-11-08T14:37:50.179Z", "log": {"level": "information"}, "user": {"name": "SYSTEM", "domain": "NT AUTHORITY", "id": "S-1-5-18"}, "network": {"protocol": "-", "type": "ipv4", "direction": "egress", "community_id": "1:gbJqKeBTvaPSbrbZ4lVd3fcH2H8=", "transport": "tcp"}, "process": {"pid": 1052, "executable": "C:\\Windows\\System32\\svchost.exe", "entity_id": "{1c3b4e1a-c768-690f-1300-000000000500}", "name": "svchost.exe"}, "ecs": {"version": "1.12.0"}, "agent": {"ephemeral_id": "0eb94074-2147-427a-8c46-6c6578d3ab93", "id": "1a4af485-022d-4981-8d7f-bea9aff53b0f", "name": "DESKTOP-JQK13SC", "type": "winlogbeat", "version": "7.17.29", "hostname": "DESKTOP-JQK13SC"}, "event": {"module": "sysmon", "created": "2025-11-08T14:37:53.460Z", "type": ["connection", "start", "protocol"], "kind": "event", "action": "Network connection detected (rule: NetworkConnect)", "provider": "Microsoft-Windows-Sysmon", "category": ["network"], "code": "3"}, "destination": {"port": 80, "ip": "92.122.18.57", "domain": "-"}, "winlog": {"event_id": "3", "user": {"identifier": "S-1-5-18", "type": "User", "domain": "NT AUTHORITY", "name": "SYSTEM"}, "task": "Network connection detected (rule: NetworkConnect)", "process": {"thread": {"id": 3460}, "pid": 5100}, "opcode": "Info", "computer_name": "DESKTOP-JQK13SC", "channel": "Microsoft-Windows-Sysmon/Operational", "version": 5, "provider_name": "Microsoft-Windows-Sysmon", "event_data": {"SourcePortName": "-"}, "api": "wineventlog", "provider_guid": "{5770385f-c22a-43e0-bf4c-06f5698ffbd9}", "record_id": 38944}}
{"tags": ["beats_input_codec_plain_applied", "_jsonparsefailure", "pikksilm_sysmon"], "@version": "1", "message": "Network connection detected:\nRuleName: -\nUtcTime: 2025-11-08 14:37:50.984\nProcessGuid: {1c3b4e1a-c768-690f-1300-000000000500}\nProcessId: 1052\nImage: C:\\Windows\\System32\\svchost.exe\nUser: NT AUTHORITY\\SYSTEM\nProtocol: tcp\nInitiated: true\nSourceIsIpv6: false\nSourceIp: 10.136.5.65\nSourceHostname: -\nSourcePort: 49939\nSourcePortName: -\nDestinationIsIpv6: false\nDestinationIp: 92.122.18.57\nDestinationHostname: -\nDestinationPort: 80\nDestinationPortName: -", "related": {"ip": ["10.136.5.65", "92.122.18.57"], "user": "SYSTEM"}, "host": {"hostname": "DESKTOP-JQK13SC", "os": {"family": "windows", "name": "Windows 11 Pro", "version": "10.0", "kernel": "10.0.22621.2861 (WinBuild.160101.0800)", "type": "windows", "platform": "windows", "build": "22631.2861"}, "ip": ["fe80::1f13:bebd:ede0:ed8c", "10.136.5.65"], "architecture": "x86_64", "mac": ["bc:24:11:65:5d:85"], "id": "1c3b4e1a-5518-4a6d-af82-298224d18338"}, "source": {"port": 49939, "ip": "10.136.5.65", "domain": "-"}, "@timestamp": "2025-11-08T14:37:50.984Z", "log": {"level": "information"}, "user": {"name": "SYSTEM", "domain": "NT AUTHORITY", "id": "S-1-5-18"}, "network": {"type": "ipv4", "community_id": "1:mTpWdAZqTSqlvdZdfwaYigwJVmo=", "direction": "egress", "protocol": "-", "transport": "tcp"}, "process": {"executable": "C:\\Windows\\System32\\svchost.exe", "name": "svchost.exe", "entity_id": "{1c3b4e1a-c768-690f-1300-000000000500}", "pid": 1052}, "ecs": {"version": "1.12.0"}, "agent": {"hostname": "DESKTOP-JQK13SC", "ephemeral_id": "0eb94074-2147-427a-8c46-6c6578d3ab93", "name": "DESKTOP-JQK13SC", "type": "winlogbeat", "version": "7.17.29", "id": "1a4af485-022d-4981-8d7f-bea9aff53b0f"}, "event": {"created": "2025-11-08T14:37:59.236Z", "module": "sysmon", "type": ["connection", "start", "protocol"], "kind": "event", "action": "Network connection detected (rule: NetworkConnect)", "provider": "Microsoft-Windows-Sysmon", "category": ["network"], "code": "3"}, "destination": {"port": 80, "ip": "92.122.18.57", "domain": "-"}, "winlog": {"event_id": "3", "user": {"name": "SYSTEM", "domain": "NT AUTHORITY", "type": "User", "identifier": "S-1-5-18"}, "task": "Network connection detected (rule: NetworkConnect)", "process": {"pid": 5100, "thread": {"id": 3460}}, "opcode": "Info", "computer_name": "DESKTOP-JQK13SC", "channel": "Microsoft-Windows-Sysmon/Operational", "version": 5, "provider_name": "Microsoft-Windows-Sysmon", "event_data": {"SourcePortName": "-"}, "api": "wineventlog", "provider_guid": "{5770385f-c22a-43e0-bf4c-06f5698ffbd9}", "record_id": 39072}}
{"tags": ["beats_input_codec_plain_applied", "_jsonparsefailure", "pikksilm_sysmon"], "@version": "1", "message": "Network connection detected:\nRuleName: -\nUtcTime: 2025-11-08 14:37:51.610\nProcessGuid: {1c3b4e1a-c768-690f-1300-000000000500}\nProcessId: 1052\nImage: C:\\Windows\\System32\\svchost.exe\nUser: NT AUTHORITY\\SYSTEM\nProtocol: tcp\nInitiated: true\nSourceIsIpv6: false\nSourceIp: 10.136.5.65\nSourceHostname: -\nSourcePort: 49940\nSourcePortName: -\nDestinationIsIpv6: false\nDestinationIp: 92.122.18.57\nDestinationHostname: -\nDestinationPort: 80\nDestinationPortName: -", "related": {"ip": ["10.136.5.65", "92.122.18.57"], "user": "SYSTEM"}, "host": {"id": "1c3b4e1a-5518-4a6d-af82-298224d18338", "os": {"platform": "windows", "family": "windows", "version": "10.0", "name": "Windows 11 Pro", "kernel": "10.0.22621.2861 (WinBuild.160101.0800)", "type": "windows", "build": "22631.2861"}, "ip": ["fe80::1f13:bebd:ede0:ed8c", "10.136.5.65"], "architecture": "x86_64", "mac": ["bc:24:11:65:5d:85"], "hostname": "DESKTOP-JQK13SC"}, "source": {"port": 49940, "ip": "10.136.5.65", "domain": "-"}, "@timestamp": "2025-11-08T14:37:51.610Z", "log": {"level": "information"}, "user": {"name": "SYSTEM", "domain": "NT AUTHORITY", "id": "S-1-5-18"}, "network": {"protocol": "-", "type": "ipv4", "direction": "egress", "community_id": "1:fOeSC5DeudFbJK6YCA4kCOHw4JQ=", "transport": "tcp"}, "process": {"pid": 1052, "executable": "C:\\Windows\\System32\\svchost.exe", "name": "svchost.exe", "entity_id": "{1c3b4e1a-c768-690f-1300-000000000500}"}, "ecs": {"version": "1.12.0"}, "agent": {"ephemeral_id": "0eb94074-2147-427a-8c46-6c6578d3ab93", "id": "1a4af485-022d-4981-8d7f-bea9aff53b0f", "name": "DESKTOP-JQK13SC", "type": "winlogbeat", "version": "7.17.29", "hostname": "DESKTOP-JQK13SC"}, "event": {"module": "sysmon", "created": "2025-11-08T14:37:59.233Z", "type": ["connection", "start", "protocol"], "kind": "event", "action": "Network connection detected (rule: NetworkConnect)", "provider": "Microsoft-Windows-Sysmon", "category": ["network"], "code": "3"}, "destination": {"port": 80, "ip": "92.122.18.57", "domain": "-"}, "winlog": {"event_id": "3", "user": {"name": "SYSTEM", "domain": "NT AUTHORITY", "type": "User", "identifier": "S-1-5-18"}, "channel": "Microsoft-Windows-Sysmon/Operational", "process": {"pid": 5100, "thread": {"id": 3460}}, "opcode": "Info", "computer_name": "DESKTOP-JQK13SC", "task": "Network connection detected (rule: NetworkConnect)", "version": 5, "provider_name": "Microsoft-Windows-Sysmon", "event_data": {"SourcePortName": "-"}, "api": "wineventlog", "provider_guid": "{5770385f-c22a-43e0-bf4c-06f5698ffbd9}", "record_id": 39054}}
{"tags": ["beats_input_codec_plain_applied", "_jsonparsefailure", "pikksilm_sysmon"], "@version": "1", "message": "Process Create:\nRuleName: -\nUtcTime: 2025-11-08 14:37:54.339\nProcessGuid: {1c3b4e1a-55c2-690f-3d03-000000000500}\nProcessId: 4508\nImage: C:\\Windows\\System32\\svchost.exe\nFileVersion: 10.0.22621.1 (WinBuild.160101.0800)\nDescription: Host Process for Windows Services\nProduct: Microsoft\u00ae Windows\u00ae Operating System\nCompany: Microsoft Corporation\nOriginalFileName: svchost.exe\nCommandLine: C:\\Windows\\system32\\svchost.exe -k WebThreatDefense -p\nCurrentDirectory: C:\\Windows\\system32\\\nUser: NT AUTHORITY\\LOCAL SERVICE\nLogonGuid: {1c3b4e1a-c768-690f-e503-000000000000}\nLogonId: 0x3E5\nTerminalSessionId: 0\nIntegrityLevel: System\nHashes: SHA1=3F64C98F22DA277A07CAB248C44C56EEDB796A81,MD5=8EC922C7A58A8701AB481B7BE9644536,SHA256=949BFB5B4C7D58D92F3F9C5F8EC7CA4CEAFFD10EC5F0020F0A987C472D61C54B,IMPHASH=76B4BAE80D2C3B08BB062D97BF9CA791\nParentProcessGuid: {00000000-0000-0000-0000-000000000000}\nParentProcessId: 760\nParentImage: -\nParentCommandLine: -\nParentUser: -", "related": {"user": "LOCAL SERVICE", "hash": ["3f64c98f22da277a07cab248c44c56eedb796a81", "8ec922c7a58a8701ab481b7be9644536", "949bfb5b4c7d58d92f3f9c5f8ec7ca4ceaffd10ec5f0020f0a987c472d61c54b", "76b4bae80d2c3b08bb062d97bf9ca791"]}, "host": {"hostname": "DESKTOP-JQK13SC", "os": {"platform": "windows", "type": "windows", "version": "10.0", "family": "windows", "name": "Windows 11 Pro", "kernel": "10.0.22621.2861 (WinBuild.160101.0800)", "build": "22631.2861"}, "ip": ["fe80::1f13:bebd:ede0:ed8c", "10.136.5.65"], "architecture": "x86_64", "mac": ["bc:24:11:65:5d:85"], "id": "1c3b4e1a-5518-4a6d-af82-298224d18338"}, "hash": {"sha256": "949bfb5b4c7d58d92f3f9c5f8ec7ca4ceaffd10ec5f0020f0a987c472d61c54b", "imphash": "76b4bae80d2c3b08bb062d97bf9ca791", "md5": "8ec922c7a58a8701ab481b7be9644536", "sha1": "3f64c98f22da277a07cab248c44c56eedb796a81"}, "@timestamp": "2025-11-08T14:37:54.339Z", "log": {"level": "information"}, "user": {"name": "LOCAL SERVICE", "domain": "NT AUTHORITY", "id": "S-1-5-18"}, "process": {"working_directory": "C:\\Windows\\system32\\", "pe": {"file_version": "10.0.22621.1 (WinBuild.160101.0800)", "company": "Microsoft Corporation", "imphash": "76b4bae80d2c3b08bb062d97bf9ca791", "original_file_name": "svchost.exe", "product": "Microsoft\u00ae Windows\u00ae Operating System", "description": "Host Process for Windows Services"}, "name": "svchost.exe", "entity_id": "{1c3b4e1a-55c2-690f-3d03-000000000500}", "hash": {"sha256": "949bfb5b4c7d58d92f3f9c5f8ec7ca4ceaffd10ec5f0020f0a987c472d61c54b", "md5": "8ec922c7a58a8701ab481b7be9644536", "sha1": "3f64c98f22da277a07cab248c44c56eedb796a81"}, "executable": "C:\\Windows\\System32\\svchost.exe", "command_line": "C:\\Windows\\system32\\svchost.exe -k WebThreatDefense -p", "pid": 4508, "args": ["C:\\Windows\\system32\\svchost.exe", "-k", "WebThreatDefense", "-p"], "parent": {"executable": "-", "name": "-", "entity_id": "{00000000-0000-0000-0000-000000000000}", "command_line": "-", "pid": 760, "args": ["-"]}}, "ecs": {"version": "1.12.0"}, "agent": {"hostname": "DESKTOP-JQK13SC", "ephemeral_id": "0eb94074-2147-427a-8c46-6c6578d3ab93", "name": "DESKTOP-JQK13SC", "type": "winlogbeat", "version": "7.17.29", "id": "1a4af485-022d-4981-8d7f-bea9aff53b0f"}, "event": {"created": "2025-11-08T14:37:59.241Z", "module": "sysmon", "type": ["start", "process_start"], "kind": "event", "action": "Process Create (rule: ProcessCreate)", "provider": "Microsoft-Windows-Sysmon", "category": ["process"], "code": "1"}, "winlog": {"event_id": "1", "user": {"name": "SYSTEM", "domain": "NT AUTHORITY", "type": "User", "identifier": "S-1-5-18"}, "channel": "Microsoft-Windows-Sysmon/Operational", "opcode": "Info", "process": {"pid": 5100, "thread": {"id": 1864}}, "computer_name": "DESKTOP-JQK13SC", "task": "Process Create (rule: ProcessCreate)", "version": 5, "provider_name": "Microsoft-Windows-Sysmon", "event_data": {"IntegrityLevel": "System", "ParentUser": "-", "Company": "Microsoft Corporation", "TerminalSessionId": "0", "LogonGuid": "{1c3b4e1a-c768-690f-e503-000000000000}", "FileVersion": "10.0.22621.1 (WinBuild.160101.0800)", "LogonId": "0x3e5", "Product": "Microsoft\u00ae Windows\u00ae Operating System", "Description": "Host Process for Windows Services"}, "api": "wineventlog", "provider_guid": "{5770385f-c22a-43e0-bf4c-06f5698ffbd9}", "record_id": 39110}}
{"tags": ["beats_input_codec_plain_applied", "_jsonparsefailure", "pikksilm_sysmon"], "@version": "1", "message": "Process Create:\nRuleName: -\nUtcTime: 2025-11-08 14:37:58.913\nProcessGuid: {1c3b4e1a-55c6-690f-4903-000000000500}\nProcessId: 4152\nImage: C:\\Windows\\explorer.exe\nFileVersion: 10.0.22621.2792 (WinBuild.160101.0800)\nDescription: Windows Explorer\nProduct: Microsoft\u00ae Windows\u00ae Operating System\nCompany: Microsoft Corporation\nOriginalFileName: EXPLORER.EXE\nCommandLine: C:\\Windows\\Explorer.EXE\nCurrentDirectory: C:\\Windows\\system32\\\nUser: DESKTOP-JQK13SC\\vagrant\nLogonGuid: {1c3b4e1a-55c0-690f-09f1-5f0000000000}\nLogonId: 0x5FF109\nTerminalSessionId: 2\nIntegrityLevel: High\nHashes: SHA1=1996815C474B75F849A0883B523F378BE95131B8,MD5=0833E505DCC2203D6375CAB9FFF4F480,SHA256=05DCFA28FEF24BD79AD2FC7B5E236024D6875BA49F2A5ED09E43C27EE7F1BFC2,IMPHASH=473A14900D56BCA8ED95DE90F5635429\nParentProcessGuid: {1c3b4e1a-55c6-690f-4803-000000000500}\nParentProcessId: 3404\nParentImage: C:\\Windows\\System32\\userinit.exe\nParentCommandLine: C:\\Windows\\system32\\userinit.exe\nParentUser: DESKTOP-JQK13SC\\vagrant", "related": {"user": "vagrant", "hash": ["1996815c474b75f849a0883b523f378be95131b8", "0833e505dcc2203d6375cab9fff4f480", "05dcfa28fef24bd79ad2fc7b5e236024d6875ba49f2a5ed09e43c27ee7f1bfc2", "473a14900d56bca8ed95de90f5635429"]}, "host": {"hostname": "DESKTOP-JQK13SC", "os": {"family": "windows", "name": "Windows 11 Pro", "version": "10.0", "kernel": "10.0.22621.2861 (WinBuild.160101.0800)", "type": "windows", "platform": "windows", "build": "22631.2861"}, "ip": ["fe80::1f13:bebd:ede0:ed8c", "10.136.5.65"], "architecture": "x86_64", "mac": ["bc:24:11:65:5d:85"], "id": "1c3b4e1a-5518-4a6d-af82-298224d18338"}, "hash": {"sha256": "05dcfa28fef24bd79ad2fc7b5e236024d6875ba49f2a5ed09e43c27ee7f1bfc2", "imphash": "473a14900d56bca8ed95de90f5635429", "md5": "0833e505dcc2203d6375cab9fff4f480", "sha1": "1996815c474b75f849a0883b523f378be95131b8"}, "@timestamp": "2025-11-08T14:37:58.913Z", "log": {"level": "information"}, "user": {"name": "vagrant", "domain": "DESKTOP-JQK13SC", "id": "S-1-5-18"}, "process": {"working_directory": "C:\\Windows\\system32\\", "executable": "C:\\Windows\\explorer.exe", "entity_id": "{1c3b4e1a-55c6-690f-4903-000000000500}", "name": "explorer.exe", "hash": {"sha256": "05dcfa28fef24bd79ad2fc7b5e236024d6875ba49f2a5ed09e43c27ee7f1bfc2", "md5": "0833e505dcc2203d6375cab9fff4f480", "sha1": "1996815c474b75f849a0883b523f378be95131b8"}, "pe": {"file_version": "10.0.22621.2792 (WinBuild.160101.0800)", "company": "Microsoft Corporation", "imphash": "473a14900d56bca8ed95de90f5635429", "original_file_name": "EXPLORER.EXE", "product": "Microsoft\u00ae Windows\u00ae Operating System", "description": "Windows Explorer"}, "command_line": "C:\\Windows\\Explorer.EXE", "pid": 4152, "args": ["C:\\Windows\\Explorer.EXE"], "parent": {"executable": "C:\\Windows\\System32\\userinit.exe", "name": "userinit.exe", "entity_id": "{1c3b4e1a-55c6-690f-4803-000000000500}", "command_line": "C:\\Windows\\system32\\userinit.exe", "pid": 3404, "args": ["C:\\Windows\\system32\\userinit.exe"]}}, "ecs": {"version": "1.12.0"}, "agent": {"id": "1a4af485-022d-4981-8d7f-bea9aff53b0f", "hostname": "DESKTOP-JQK13SC", "name": "DESKTOP-JQK13SC", "type": "winlogbeat", "version": "7.17.29", "ephemeral_id": "0eb94074-2147-427a-8c46-6c6578d3ab93"}, "event": {"created": "2025-11-08T14:38:06.236Z", "module": "sysmon", "type": ["start", "process_start"], "kind": "event", "action": "Process Create (rule: ProcessCreate)", "provider": "Microsoft-Windows-Sysmon", "category": ["process"], "code": "1"}, "winlog": {"event_id": "1", "user": {"identifier": "S-1-5-18", "domain": "NT AUTHORITY", "name": "SYSTEM", "type": "User"}, "task": "Process Create (rule: ProcessCreate)", "process": {"pid": 5100, "thread": {"id": 1864}}, "opcode": "Info", "computer_name": "DESKTOP-JQK13SC", "channel": "Microsoft-Windows-Sysmon/Operational", "version": 5, "provider_name": "Microsoft-Windows-Sysmon", "event_data": {"IntegrityLevel": "High", "ParentUser": "DESKTOP-JQK13SC\\vagrant", "Company": "Microsoft Corporation", "TerminalSessionId": "2", "LogonGuid": "{1c3b4e1a-55c0-690f-09f1-5f0000000000}", "FileVersion": "10.0.22621.2792 (WinBuild.160101.0800)", "LogonId": "0x5ff109", "Product": "Microsoft\u00ae Windows\u00ae Operating System", "Description": "Windows Explorer"}, "api": "wineventlog", "provider_guid": "{5770385f-c22a-43e0-bf4c-06f5698ffbd9}", "record_id": 41105}}
{"tags": ["beats_input_codec_plain_applied", "_jsonparsefailure", "pikksilm_sysmon"], "@version": "1", "message": "Network connection detected:\nRuleName: -\nUtcTime: 2025-11-08 14:37:55.951\nProcessGuid: {1c3b4e1a-c768-690f-1300-000000000500}\nProcessId: 1052\nImage: C:\\Windows\\System32\\svchost.exe\nUser: NT AUTHORITY\\SYSTEM\nProtocol: tcp\nInitiated: true\nSourceIsIpv6: false\nSourceIp: 10.136.5.65\nSourceHostname: -\nSourcePort: 49941\nSourcePortName: -\nDestinationIsIpv6: false\nDestinationIp: 20.190.147.11\nDestinationHostname: -\nDestinationPort: 443\nDestinationPortName: -", "related": {"ip": ["10.136.5.65", "20.190.147.11"], "user": "SYSTEM"}, "host": {"hostname": "DESKTOP-JQK13SC", "os": {"name": "Windows 11 Pro", "kernel": "10.0.22621.2861 (WinBuild.160101.0800)", "type": "windows", "platform": "windows", "version": "10.0", "family": "windows", "build": "22631.2861"}, "ip": ["fe80::1f13:bebd:ede0:ed8c", "10.136.5.65"], "architecture": "x86_64", "mac": ["bc:24:11:65:5d:85"], "id": "1c3b4e1a-5518-4a6d-af82-298224d18338"}, "source": {"port": 49941, "ip": "10.136.5.65", "domain": "-"}, "@timestamp": "2025-11-08T14:37:55.951Z", "log": {"level": "information"}, "user": {"name": "SYSTEM", "domain": "NT AUTHORITY", "id": "S-1-5-18"}, "network": {"protocol": "-", "type": "ipv4", "direction": "egress", "community_id": "1:cB6LZKnHp2hPZaUvcza7R4cJ/V0=", "transport": "tcp"}, "process": {"pid": 1052, "executable": "C:\\Windows\\System32\\svchost.exe", "entity_id": "{1c3b4e1a-c768-690f-1300-000000000500}", "name": "svchost.exe"}, "ecs": {"version": "1.12.0"}, "agent": {"ephemeral_id": "0eb94074-2147-427a-8c46-6c6578d3ab93", "id": "1a4af485-022d-4981-8d7f-bea9aff53b0f", "name": "DESKTOP-JQK13SC", "type": "winlogbeat", "version": "7.17.29", "hostname": "DESKTOP-JQK13SC"}, "event": {"module": "sysmon", "created": "2025-11-08T14:38:06.231Z", "type": ["connection", "start", "protocol"], "kind": "event", "action": "Network connection detected (rule: NetworkConnect)", "provider": "Microsoft-Windows-Sysmon", "category": ["network"], "code": "3"}, "destination": {"port": 443, "ip": "20.190.147.11", "domain": "-"}, "winlog": {"event_id": "3", "user": {"identifier": "S-1-5-18", "domain": "NT AUTHORITY", "name": "SYSTEM", "type": "User"}, "channel": "Microsoft-Windows-Sysmon/Operational", "opcode": "Info", "process": {"pid": 5100, "thread": {"id": 3460}}, "computer_name": "DESKTOP-JQK13SC", "task": "Network connection detected (rule: NetworkConnect)", "version": 5, "provider_name": "Microsoft-Windows-Sysmon", "event_data": {"SourcePortName": "-"}, "api": "wineventlog", "provider_guid": "{5770385f-c22a-43e0-bf4c-06f5698ffbd9}", "record_id": 41044}}
{"tags": ["beats_input_codec_plain_applied", "_jsonparsefailure", "pikksilm_sysmon"], "@version": "1", "message": "Network connection detected:\nRuleName: -\nUtcTime: 2025-11-08 14:38:22.065\nProcessGuid: {1c3b4e1a-c76e-690f-1d00-000000000500}\nProcessId: 1468\nImage: C:\\Windows\\System32\\svchost.exe\nUser: NT AUTHORITY\\NETWORK SERVICE\nProtocol: tcp\nInitiated: true\nSourceIsIpv6: false\nSourceIp: 10.136.5.65\nSourceHostname: -\nSourcePort: 49943\nSourcePortName: -\nDestinationIsIpv6: false\nDestinationIp: 104.76.220.185\nDestinationHostname: -\nDestinationPort: 80\nDestinationPortName: -", "related": {"ip": ["10.136.5.65", "104.76.220.185"], "user": "NETWORK SERVICE"}, "host": {"hostname": "DESKTOP-JQK13SC", "os": {"family": "windows", "name": "Windows 11 Pro", "version": "10.0", "kernel": "10.0.22621.2861 (WinBuild.160101.0800)", "type": "windows", "platform": "windows", "build": "22631.2861"}, "ip": ["fe80::1f13:bebd:ede0:ed8c", "10.136.5.65"], "architecture": "x86_64", "mac": ["bc:24:11:65:5d:85"], "id": "1c3b4e1a-5518-4a6d-af82-298224d18338"}, "source": {"port": 49943, "ip": "10.136.5.65", "domain": "-"}, "@timestamp": "2025-11-08T14:38:22.065Z", "log": {"level": "information"}, "user": {"name": "NETWORK SERVICE", "domain": "NT AUTHORITY", "id": "S-1-5-18"}, "network": {"community_id": "1:rEPORWWblB0N7ln7jm0Uo5r6pd8=", "protocol": "-", "direction": "egress", "type": "ipv4", "transport": "tcp"}, "process": {"name": "svchost.exe", "pid": 1468, "entity_id": "{1c3b4e1a-c76e-690f-1d00-000000000500}", "executable": "C:\\Windows\\System32\\svchost.exe"}, "ecs": {"version": "1.12.0"}, "agent": {"ephemeral_id": "0eb94074-2147-427a-8c46-6c6578d3ab93", "id": "1a4af485-022d-4981-8d7f-bea9aff53b0f", "name": "DESKTOP-JQK13SC", "type": "winlogbeat", "version": "7.17.29", "hostname": "DESKTOP-JQK13SC"}, "event": {"module": "sysmon", "created": "2025-11-08T14:39:16.705Z", "type": ["connection", "start", "protocol"], "kind": "event", "action": "Network connection detected (rule: NetworkConnect)", "provider": "Microsoft-Windows-Sysmon", "category": ["network"], "code": "3"}, "destination": {"port": 80, "ip": "104.76.220.185", "domain": "-"}, "winlog": {"event_id": "3", "user": {"identifier": "S-1-5-18", "type": "User", "domain": "NT AUTHORITY", "name": "SYSTEM"}, "channel": "Microsoft-Windows-Sysmon/Operational", "opcode": "Info", "process": {"thread": {"id": 3460}, "pid": 5100}, "computer_name": "DESKTOP-JQK13SC", "task": "Network connection detected (rule: NetworkConnect)", "version": 5, "provider_name": "Microsoft-Windows-Sysmon", "event_data": {"SourcePortName": "-"}, "api": "wineventlog", "provider_guid": "{5770385f-c22a-43e0-bf4c-06f5698ffbd9}", "record_id": 63704}}
{"tags": ["beats_input_codec_plain_applied", "_jsonparsefailure", "pikksilm_sysmon"], "@version": "1", "message": "Network connection detected:\nRuleName: -\nUtcTime: 2025-11-08 14:38:22.040\nProcessGuid: {1c3b4e1a-c76f-690f-1f00-000000000500}\nProcessId: 1660\nImage: C:\\Windows\\system32\\svchost.exe\nUser: NT AUTHORITY\\NETWORK SERVICE\nProtocol: udp\nInitiated: true\nSourceIsIpv6: false\nSourceIp: 10.136.5.65\nSourceHostname: -\nSourcePort: 63981\nSourcePortName: -\nDestinationIsIpv6: false\nDestinationIp: 1.1.1.1\nDestinationHostname: -\nDestinationPort: 53\nDestinationPortName: -", "related": {"ip": ["10.136.5.65", "1.1.1.1"], "user": "NETWORK SERVICE"}, "host": {"id": "1c3b4e1a-5518-4a6d-af82-298224d18338", "os": {"platform": "windows", "type": "windows", "version": "10.0", "family": "windows", "name": "Windows 11 Pro", "kernel": "10.0.22621.2861 (WinBuild.160101.0800)", "build": "22631.2861"}, "ip": ["fe80::1f13:bebd:ede0:ed8c", "10.136.5.65"], "architecture": "x86_64", "mac": ["bc:24:11:65:5d:85"], "hostname": "DESKTOP-JQK13SC"}, "source": {"port": 63981, "ip": "10.136.5.65", "domain": "-"}, "@timestamp": "2025-11-08T14:38:22.040Z", "log": {"level": "information"}, "user": {"name": "NETWORK SERVICE", "domain": "NT AUTHORITY", "id": "S-1-5-18"}, "network": {"protocol": "-", "type": "ipv4", "direction": "egress", "community_id": "1:JVfeJNx6+uz1y6aVVI1oPFVyrTs=", "transport": "udp"}, "process": {"pid": 1660, "executable": "C:\\Windows\\system32\\svchost.exe", "entity_id": "{1c3b4e1a-c76f-690f-1f00-000000000500}", "name": "svchost.exe"}, "ecs": {"version": "1.12.0"}, "agent": {"hostname": "DESKTOP-JQK13SC", "ephemeral_id": "0eb94074-2147-427a-8c46-6c6578d3ab93", "name": "DESKTOP-JQK13SC", "type": "winlogbeat", "version": "7.17.29", "id": "1a4af485-022d-4981-8d7f-bea9aff53b0f"}, "event": {"created": "2025-11-08T14:39:16.705Z", "module": "sysmon", "type": ["connection", "start", "protocol"], "kind": "event", "action": "Network connection detected (rule: NetworkConnect)", "provider": "Microsoft-Windows-Sysmon", "category": ["network"], "code": "3"}, "destination": {"port": 53, "ip": "1.1.1.1", "domain": "-"}, "winlog": {"event_id": "3", "user": {"name": "SYSTEM", "domain": "NT AUTHORITY", "type": "User", "identifier": "S-1-5-18"}, "task": "Network connection detected (rule: NetworkConnect)", "process": {"pid": 5100, "thread": {"id": 3460}}, "opcode": "Info", "computer_name": "DESKTOP-JQK13SC", "channel": "Microsoft-Windows-Sysmon/Operational", "version": 5, "provider_name": "Microsoft-Windows-Sysmon", "event_data": {"SourcePortName": "-"}, "api": "wineventlog", "provider_guid": "{5770385f-c22a-43e0-bf4c-06f5698ffbd9}", "record_id": 63702}}
{"tags": ["beats_input_codec_plain_applied", "_jsonparsefailure", "pikksilm_sysmon"], "@version": "1", "message": "Network connection detected:\nRuleName: -\nUtcTime: 2025-11-08 14:38:21.847\nProcessGuid: {1c3b4e1a-55c6-690f-4903-000000000500}\nProcessId: 4152\nImage: C:\\Windows\\explorer.exe\nUser: DESKTOP-JQK13SC\\vagrant\nProtocol: tcp\nInitiated: true\nSourceIsIpv6: false\nSourceIp: 10.136.5.65\nSourceHostname: -\nSourcePort: 49942\nSourcePortName: -\nDestinationIsIpv6: false\nDestinationIp: 92.123.103.74\nDestinationHostname: -\nDestinationPort: 443\nDestinationPortName: -", "related": {"ip": ["10.136.5.65", "92.123.103.74"], "user": "vagrant"}, "host": {"id": "1c3b4e1a-5518-4a6d-af82-298224d18338", "os": {"name": "Windows 11 Pro", "kernel": "10.0.22621.2861 (WinBuild.160101.0800)", "type": "windows", "platform": "windows", "version": "10.0", "family": "windows", "build": "22631.2861"}, "ip": ["fe80::1f13:bebd:ede0:ed8c", "10.136.5.65"], "architecture": "x86_64", "mac": ["bc:24:11:65:5d:85"], "hostname": "DESKTOP-JQK13SC"}, "source": {"port": 49942, "ip": "10.136.5.65", "domain": "-"}, "@timestamp": "2025-11-08T14:38:21.847Z", "log": {"level": "information"}, "user": {"name": "vagrant", "domain": "DESKTOP-JQK13SC", "id": "S-1-5-18"}, "network": {"type": "ipv4", "community_id": "1:/uGj0/kzTuJc8rl6zdtmwtt7OEM=", "direction": "egress", "protocol": "-", "transport": "tcp"}, "process": {"name": "explorer.exe", "pid": 4152, "entity_id": "{1c3b4e1a-55c6-690f-4903-000000000500}", "executable": "C:\\Windows\\explorer.exe"}, "ecs": {"version": "1.12.0"}, "agent": {"ephemeral_id": "0eb94074-2147-427a-8c46-6c6578d3ab93", "id": "1a4af485-022d-4981-8d7f-bea9aff53b0f", "name": "DESKTOP-JQK13SC", "type": "winlogbeat", "version": "7.17.29", "hostname": "DESKTOP-JQK13SC"}, "event": {"created": "2025-11-08T14:39:16.328Z", "module": "sysmon", "type": ["connection", "start", "protocol"], "kind": "event", "action": "Network connection detected (rule: NetworkConnect)", "provider": "Microsoft-Windows-Sysmon", "category": ["network"], "code": "3"}, "destination": {"port": 443, "ip": "92.123.103.74", "domain": "-"}, "winlog": {"event_id": "3", "user": {"name": "SYSTEM", "type": "User", "identifier": "S-1-5-18", "domain": "NT AUTHORITY"}, "channel": "Microsoft-Windows-Sysmon/Operational", "opcode": "Info", "process": {"pid": 5100, "thread": {"id": 3460}}, "computer_name": "DESKTOP-JQK13SC", "task": "Network connection detected (rule: NetworkConnect)", "version": 5, "provider_name": "Microsoft-Windows-Sysmon", "event_data": {"SourcePortName": "-"}, "api": "wineventlog", "provider_guid": "{5770385f-c22a-43e0-bf4c-06f5698ffbd9}", "record_id": 63487}}
