{"tags": ["beats_input_codec_plain_applied", "_jsonparsefailure", "pikksilm_sysmon"], "@version": "1", "message": "Network connection detected:\nRuleName: -\nUtcTime: 2025-11-08 13:54:26.645\nProcessGuid: {4d96f8ad-c7b1-690f-1f00-000000000500}\nProcessId: 1624\nImage: C:\\Windows\\system32\\svchost.exe\nUser: NT AUTHORITY\\NETWORK SERVICE\nProtocol: udp\nInitiated: true\nSourceIsIpv6: false\nSourceIp: 10.136.5.69\nSourceHostname: -\nSourcePort: 62235\nSourcePortName: -\nDestinationIsIpv6: false\nDestinationIp: 8.8.8.8\nDestinationHostname: -\nDestinationPort: 53\nDestinationPortName: -", "related": {"ip": ["10.136.5.69", "8.8.8.8"], "user": "NETWORK SERVICE"}, "host": {"id": "4d96f8ad-6ed7-495d-9069-5f56c2ebf694", "os": {"name": "Windows 11 Pro", "kernel": "10.0.22621.2861 (WinBuild.160101.0800)", "type": "windows", "platform": "windows", "version": "10.0", "family": "windows", "build": "22631.2861"}, "ip": ["fe80::54fd:e63:93ce:bb23", "10.136.5.69"], "architecture": "x86_64", "mac": ["bc:24:11:10:2c:d3"], "hostname": "DESKTOP-4KG93DG"}, "source": {"port": 62235, "ip": "10.136.5.69", "domain": "-"}, "@timestamp": "2025-11-08T13:54:26.645Z", "log": {"level": "information"}, "user": {"name": "NETWORK SERVICE", "domain": "NT AUTHORITY", "id": "S-1-5-18"}, "network": {"type": "ipv4", "community_id": "1:bRVLKLDFWnSXNhfKe9oK15jPiZ4=", "protocol": "-", "direction": "egress", "transport": "udp"}, "process": {"pid": 1624, "executable": "C:\\Windows\\system32\\svchost.exe", "name": "svchost.exe", "entity_id": "{4d96f8ad-c7b1-690f-1f00-000000000500}"}, "ecs": {"version": "1.12.0"}, "agent": {"ephemeral_id": "b4008bfb-8e39-4e8e-8ad7-e585c890b879", "id": "bd065c39-423b-48a6-b74e-4c0ace0cf1cc", "name": "DESKTOP-4KG93DG", "type": "winlogbeat", "version": "7.17.29", "hostname": "DESKTOP-4KG93DG"}, "event": {"module": "sysmon", "created": "2025-11-08T13:58:57.006Z", "type": ["connection", "start", "protocol"], "kind": "event", "action": "Network connection detected (rule: NetworkConnect)", "provider": "Microsoft-Windows-Sysmon", "category": ["network"], "code": "3"}, "destination": {"port": 53, "ip": "8.8.8.8", "domain": "-"}, "winlog": {"event_id": "3", "user": {"name": "SYSTEM", "type": "User", "identifier": "S-1-5-18", "domain": "NT AUTHORITY"}, "channel": "Microsoft-Windows-Sysmon/Operational", "opcode": "Info", "task": "Network connection detected (rule: NetworkConnect)", "computer_name": "DESKTOP-4KG93DG", "process": {"thread": {"id": 496}, "pid": 2248}, "version": 5, "provider_name": "Microsoft-Windows-Sysmon", "event_data": {"SourcePortName": "-"}, "api": "wineventlog", "provider_guid": "{5770385f-c22a-43e0-bf4c-06f5698ffbd9}", "record_id": 3049}}
{"tags": ["beats_input_codec_plain_applied", "_jsonparsefailure", "pikksilm_sysmon"], "@version": "1", "message": "Network connection detected:\nRuleName: -\nUtcTime: 2025-11-08 13:54:35.971\nProcessGuid: {4d96f8ad-c7a1-690f-eb03-000000000000}\nProcessId: 4\nImage: <unknown process>\nUser: -\nProtocol: tcp\nInitiated: false\nSourceIsIpv6: false\nSourceIp: 10.24.25.52\nSourceHostname: -\nSourcePort: 34592\nSourcePortName: -\nDestinationIsIpv6: false\nDestinationIp: 10.136.5.69\nDestinationHostname: -\nDestinationPort: 5985\nDestinationPortName: -", "related": {"ip": ["10.24.25.52", "10.136.5.69"]}, "host": {"id": "4d96f8ad-6ed7-495d-9069-5f56c2ebf694", "os": {"platform": "windows", "type": "windows", "version": "10.0", "family": "windows", "name": "Windows 11 Pro", "kernel": "10.0.22621.2861 (WinBuild.160101.0800)", "build": "22631.2861"}, "ip": ["fe80::54fd:e63:93ce:bb23", "10.136.5.69"], "architecture": "x86_64", "mac": ["bc:24:11:10:2c:d3"], "hostname": "DESKTOP-4KG93DG"}, "source": {"port": 34592, "ip": "10.24.25.52", "domain": "-"}, "@timestamp": "2025-11-08T13:54:35.971Z", "log": {"level": "information"}, "user": {"id": "S-1-5-18"}, "network": {"protocol": "-", "type": "ipv4", "direction": "ingress", "community_id": "1:7xheW6Oo9oM0fzYGCslf9KBgwxY=", "transport": "tcp"}, "process": {"pid": 4, "executable": "<unknown process>", "entity_id": "{4d96f8ad-c7a1-690f-eb03-000000000000}", "name": "<unknown process>"}, "ecs": {"version": "1.12.0"}, "agent": {"ephemeral_id": "b4008bfb-8e39-4e8e-8ad7-e585c890b879", "id": "bd065c39-423b-48a6-b74e-4c0ace0cf1cc", "name": "DESKTOP-4KG93DG", "type": "winlogbeat", "version": "7.17.29", "hostname": "DESKTOP-4KG93DG"}, "event": {"module": "sysmon", "created": "2025-11-08T13:58:57.217Z", "type": ["connection", "start", "protocol"], "kind": "event", "action": "Network connection detected (rule: NetworkConnect)", "provider": "Microsoft-Windows-Sysmon", "category": ["network"], "code": "3"}, "destination": {"port": 5985, "ip": "10.136.5.69", "domain": "-"}, "winlog": {"event_id": "3", "user": {"identifier": "S-1-5-18", "domain": "NT AUTHORITY", "name": "SYSTEM", "type": "User"}, "task": "Network connection detected (rule: NetworkConnect)", "process": {"pid": 2248, "thread": {"id": 496}}, "opcode": "Info", "computer_name": "DESKTOP-4KG93DG", "channel": "Microsoft-Windows-Sysmon/Operational", "version": 5, "provider_name": "Microsoft-Windows-Sysmon", "event_data": {"SourcePortName": "-", "User": "-"}, "api": "wineventlog", "provider_guid": "{5770385f-c22a-43e0-bf4c-06f5698ffbd9}", "record_id": 3165}}
{"tags": ["beats_input_codec_plain_applied", "_jsonparsefailure", "pikksilm_sysmon"], "@version": "1", "message": "Network connection detected:\nRuleName: -\nUtcTime: 2025-11-08 13:54:43.292\nProcessGuid: {4d96f8ad-c7b1-690f-1f00-000000000500}\nProcessId: 1624\nImage: C:\\Windows\\system32\\svchost.exe\nUser: NT AUTHORITY\\NETWORK SERVICE\nProtocol: udp\nInitiated: true\nSourceIsIpv6: false\nSourceIp: 10.136.5.69\nSourceHostname: -\nSourcePort: 59665\nSourcePortName: -\nDestinationIsIpv6: false\nDestinationIp: 1.1.1.1\nDestinationHostname: -\nDestinationPort: 53\nDestinationPortName: -", "related": {"ip": ["10.136.5.69", "1.1.1.1"], "user": "NETWORK SERVICE"}, "host": {"hostname": "DESKTOP-4KG93DG", "os": {"platform": "windows", "family": "windows", "version": "10.0", "name": "Windows 11 Pro", "kernel": "10.0.22621.2861 (WinBuild.160101.0800)", "type": "windows", "build": "22631.2861"}, "ip": ["fe80::54fd:e63:93ce:bb23", "10.136.5.69"], "architecture": "x86_64", "mac": ["bc:24:11:10:2c:d3"], "id": "4d96f8ad-6ed7-495d-9069-5f56c2ebf694"}, "source": {"port": 59665, "ip": "10.136.5.69", "domain": "-"}, "@timestamp": "2025-11-08T13:54:43.292Z", "log": {"level": "information"}, "user": {"name": "NETWORK SERVICE", "domain": "NT AUTHORITY", "id": "S-1-5-18"}, "network": {"community_id": "1:9M4Gp6DK/PkQRRKwm6AXMVXgq6U=", "protocol": "-", "direction": "egress", "type": "ipv4", "transport": "udp"}, "process": {"pid": 1624, "executable": "C:\\Windows\\system32\\svchost.exe", "name": "svchost.exe", "entity_id": "{4d96f8ad-c7b1-690f-1f00-000000000500}"}, "ecs": {"version": "1.12.0"}, "agent": {"ephemeral_id": "b4008bfb-8e39-4e8e-8ad7-e585c890b879", "id": "bd065c39-423b-48a6-b74e-4c0ace0cf1cc", "name": "DESKTOP-4KG93DG", "type": "winlogbeat", "version": "7.17.29", "hostname": "DESKTOP-4KG93DG"}, "event": {"created": "2025-11-08T13:58:58.272Z", "module": "sysmon", "type": ["connection", "start", "protocol"], "kind": "event", "action": "Network connection detected (rule: NetworkConnect)", "provider": "Microsoft-Windows-Sysmon", "category": ["network"], "code": "3"}, "destination": {"port": 53, "ip": "1.1.1.1", "domain": "-"}, "winlog": {"event_id": "3", "user": {"name": "SYSTEM", "type": "User", "identifier": "S-1-5-18", "domain": "NT AUTHORITY"}, "channel": "Microsoft-Windows-Sysmon/Operational", "task": "Network connection detected (rule: NetworkConnect)", "opcode": "Info", "computer_name": "DESKTOP-4KG93DG", "process": {"pid": 2248, "thread": {"id": 496}}, "version": 5, "provider_name": "Microsoft-Windows-Sysmon", "event_data": {"SourcePortName": "-"}, "api": "wineventlog", "provider_guid": "{5770385f-c22a-43e0-bf4c-06f5698ffbd9}", "record_id": 3681}}
{"tags": ["beats_input_codec_plain_applied", "_jsonparsefailure", "pikksilm_sysmon"], "@version": "1", "message": "Network connection detected:\nRuleName: -\nUtcTime: 2025-11-08 13:54:57.265\nProcessGuid: {4d96f8ad-c7a1-690f-eb03-000000000000}\nProcessId: 4\nImage: <unknown process>\nUser: -\nProtocol: tcp\nInitiated: false\nSourceIsIpv6: false\nSourceIp: 10.24.25.52\nSourceHostname: -\nSourcePort: 41588\nSourcePortName: -\nDestinationIsIpv6: false\nDestinationIp: 10.136.5.69\nDestinationHostname: -\nDestinationPort: 5985\nDestinationPortName: -", "related": {"ip": ["10.24.25.52", "10.136.5.69"]}, "host": {"id": "4d96f8ad-6ed7-495d-9069-5f56c2ebf694", "os": {"kernel": "10.0.22621.2861 (WinBuild.160101.0800)", "type": "windows", "platform": "windows", "version": "10.0", "family": "windows", "name": "Windows 11 Pro", "build": "22631.2861"}, "ip": ["fe80::54fd:e63:93ce:bb23", "10.136.5.69"], "architecture": "x86_64", "mac": ["bc:24:11:10:2c:d3"], "hostname": "DESKTOP-4KG93DG"}, "source": {"port": 41588, "ip": "10.24.25.52", "domain": "-"}, "@timestamp": "2025-11-08T13:54:57.265Z", "log": {"level": "information"}, "user": {"id": "S-1-5-18"}, "network": {"type": "ipv4", "community_id": "1:sA4jpizSC6lnQmtXhty80TDhv50=", "direction": "ingress", "protocol": "-", "transport": "tcp"}, "process": {"pid": 4, "executable": "<unknown process>", "entity_id": "{4d96f8ad-c7a1-690f-eb03-000000000000}", "name": "<unknown process>"}, "ecs": {"version": "1.12.0"}, "agent": {"ephemeral_id": "b4008bfb-8e39-4e8e-8ad7-e585c890b879", "id": "bd065c39-423b-48a6-b74e-4c0ace0cf1cc", "name": "DESKTOP-4KG93DG", "type": "winlogbeat", "version": "7.17.29", "hostname": "DESKTOP-4KG93DG"}, "event": {"created": "2025-11-08T13:58:58.881Z", "module": "sysmon", "type": ["connection", "start", "protocol"], "kind": "event", "action": "Network connection detected (rule: NetworkConnect)", "provider": "Microsoft-Windows-Sysmon", "category": ["network"], "code": "3"}, "destination": {"port": 5985, "ip": "10.136.5.69", "domain": "-"}, "winlog": {"event_id": "3", "user": {"identifier": "S-1-5-18", "domain": "NT AUTHORITY", "name": "SYSTEM", "type": "User"}, "task": "Network connection detected (rule: NetworkConnect)", "opcode": "Info", "process": {"pid": 2248, "thread": {"id": 496}}, "channel": "Microsoft-Windows-Sysmon/Operational", "computer_name": "DESKTOP-4KG93DG", "version": 5, "provider_name": "Microsoft-Windows-Sysmon", "event_data": {"SourcePortName": "-", "User": "-"}, "api": "wineventlog", "provider_guid": "{5770385f-c22a-43e0-bf4c-06f5698ffbd9}", "record_id": 3909}}
{"tags": ["beats_input_codec_plain_applied", "_jsonparsefailure", "pikksilm_sysmon"], "@version": "1", "message": "Network connection detected:\nRuleName: -\nUtcTime: 2025-11-08 13:56:19.648\nProcessGuid: {6c054e7e-c78a-690f-1f00-000000000500}\nProcessId: 1632\nImage: C:\\Windows\\system32\\svchost.exe\nUser: NT AUTHORITY\\NETWORK SERVICE\nProtocol: udp\nInitiated: false\nSourceIsIpv6: true\nSourceIp: ff02:0:0:0:0:0:0:fb\nSourceHostname: -\nSourcePort: 5353\nSourcePortName: -\nDestinationIsIpv6: true\nDestinationIp: fe80:0:0:0:9a1e:9de5:e64:e9cf\nDestinationHostname: -\nDestinationPort: 5353\nDestinationPortName: -", "related": {"ip": ["ff02:0:0:0:0:0:0:fb", "fe80:0:0:0:9a1e:9de5:e64:e9cf"], "user": "NETWORK SERVICE"}, "host": {"hostname": "DESKTOP-Q167QR1", "os": {"platform": "windows", "family": "windows", "version": "10.0", "name": "Windows 11 Pro", "kernel": "10.0.22621.2861 (WinBuild.160101.0800)", "type": "windows", "build": "22631.2861"}, "ip": ["fe80::b392:ba9e:24f8:260e", "10.136.5.67"], "architecture": "x86_64", "mac": ["bc:24:11:9a:96:84"], "id": "6c054e7e-a5b1-4db9-8d63-3f70f302d6af"}, "source": {"port": 5353, "ip": "ff02:0:0:0:0:0:0:fb", "domain": "-"}, "@timestamp": "2025-11-08T13:56:19.648Z", "log": {"level": "information"}, "user": {"name": "NETWORK SERVICE", "domain": "NT AUTHORITY", "id": "S-1-5-18"}, "network": {"protocol": "-", "type": "ipv6", "direction": "ingress", "community_id": "1:o2h5uilVMqbRWqy3s7nXlNwp24o=", "transport": "udp"}, "process": {"pid": 1632, "executable": "C:\\Windows\\system32\\svchost.exe", "entity_id": "{6c054e7e-c78a-690f-1f00-000000000500}", "name": "svchost.exe"}, "ecs": {"version": "1.12.0"}, "agent": {"hostname": "DESKTOP-Q167QR1", "ephemeral_id": "e918f62f-a141-4b32-a344-477f03b1b9ea", "name": "DESKTOP-Q167QR1", "type": "winlogbeat", "version": "7.17.29", "id": "b6d0da7e-2d5b-408f-88d3-d607a27fb60e"}, "event": {"created": "2025-11-08T14:08:08.078Z", "module": "sysmon", "type": ["connection", "start", "protocol"], "kind": "event", "action": "Network connection detected (rule: NetworkConnect)", "provider": "Microsoft-Windows-Sysmon", "category": ["network"], "code": "3"}, "destination": {"port": 5353, "ip": "fe80:0:0:0:9a1e:9de5:e64:e9cf", "domain": "-"}, "winlog": {"event_id": "3", "user": {"identifier": "S-1-5-18", "domain": "NT AUTHORITY", "name": "SYSTEM", "type": "User"}, "task": "Network connection detected (rule: NetworkConnect)", "opcode": "Info", "channel": "Microsoft-Windows-Sysmon/Operational", "computer_name": "DESKTOP-Q167QR1", "process": {"pid": 3804, "thread": {"id": 1008}}, "version": 5, "provider_name": "Microsoft-Windows-Sysmon", "event_data": {"SourcePortName": "-"}, "api": "wineventlog", "provider_guid": "{5770385f-c22a-43e0-bf4c-06f5698ffbd9}", "record_id": 11007}}
{"tags": ["beats_input_codec_plain_applied", "_jsonparsefailure", "pikksilm_sysmon"], "@version": "1", "message": "Network connection detected:\nRuleName: -\nUtcTime: 2025-11-08 13:58:26.492\nProcessGuid: {1c3b4e1a-c763-690f-eb03-000000000000}\nProcessId: 4\nImage: <unknown process>\nUser: -\nProtocol: tcp\nInitiated: false\nSourceIsIpv6: false\nSourceIp: 10.24.25.52\nSourceHostname: -\nSourcePort: 56236\nSourcePortName: -\nDestinationIsIpv6: false\nDestinationIp: 10.136.5.65\nDestinationHostname: -\nDestinationPort: 5985\nDestinationPortName: -", "related": {"ip": ["10.24.25.52", "10.136.5.65"]}, "host": {"hostname": "DESKTOP-JQK13SC", "os": {"platform": "windows", "type": "windows", "version": "10.0", "family": "windows", "name": "Windows 11 Pro", "kernel": "10.0.22621.2861 (WinBuild.160101.0800)", "build": "22631.2861"}, "ip": ["fe80::1f13:bebd:ede0:ed8c", "10.136.5.65"], "architecture": "x86_64", "mac": ["bc:24:11:65:5d:85"], "id": "1c3b4e1a-5518-4a6d-af82-298224d18338"}, "source": {"port": 56236, "ip": "10.24.25.52", "domain": "-"}, "@timestamp": "2025-11-08T13:58:26.492Z", "log": {"level": "information"}, "user": {"id": "S-1-5-18"}, "network": {"type": "ipv4", "community_id": "1:Lp7rpwg1l1fr0pdtwH3AxD4I2BM=", "direction": "ingress", "protocol": "-", "transport": "tcp"}, "process": {"pid": 4, "executable": "<unknown process>", "entity_id": "{1c3b4e1a-c763-690f-eb03-000000000000}", "name": "<unknown process>"}, "ecs": {"version": "1.12.0"}, "agent": {"ephemeral_id": "0eb94074-2147-427a-8c46-6c6578d3ab93", "id": "1a4af485-022d-4981-8d7f-bea9aff53b0f", "name": "DESKTOP-JQK13SC", "type": "winlogbeat", "version": "7.17.29", "hostname": "DESKTOP-JQK13SC"}, "event": {"created": "2025-11-08T14:08:09.053Z", "module": "sysmon", "type": ["connection", "start", "protocol"], "kind": "event", "action": "Network connection detected (rule: NetworkConnect)", "provider": "Microsoft-Windows-Sysmon", "category": ["network"], "code": "3"}, "destination": {"port": 5985, "ip": "10.136.5.65", "domain": "-"}, "winlog": {"event_id": "3", "user": {"identifier": "S-1-5-18", "type": "User", "domain": "NT AUTHORITY", "name": "SYSTEM"}, "task": "Network connection detected (rule: NetworkConnect)", "opcode": "Info", "process": {"pid": 5100, "thread": {"id": 3460}}, "computer_name": "DESKTOP-JQK13SC", "channel": "Microsoft-Windows-Sysmon/Operational", "version": 5, "provider_name": "Microsoft-Windows-Sysmon", "event_data": {"SourcePortName": "-", "User": "-"}, "api": "wineventlog", "provider_guid": "{5770385f-c22a-43e0-bf4c-06f5698ffbd9}", "record_id": 14305}}
{"tags": ["beats_input_codec_plain_applied", "_jsonparsefailure", "pikksilm_sysmon"], "@version": "1", "message": "Network connection detected:\nRuleName: -\nUtcTime: 2025-11-08 13:56:54.231\nProcessGuid: {6c054e7e-c777-690f-eb03-000000000000}\nProcessId: 4\nImage: <unknown process>\nUser: -\nProtocol: tcp\nInitiated: false\nSourceIsIpv6: false\nSourceIp: 10.24.25.52\nSourceHostname: -\nSourcePort: 54434\nSourcePortName: -\nDestinationIsIpv6: false\nDestinationIp: 10.136.5.67\nDestinationHostname: -\nDestinationPort: 5985\nDestinationPortName: -", "related": {"ip": ["10.24.25.52", "10.136.5.67"]}, "host": {"id": "6c054e7e-a5b1-4db9-8d63-3f70f302d6af", "os": {"platform": "windows", "family": "windows", "version": "10.0", "name": "Windows 11 Pro", "kernel": "10.0.22621.2861 (WinBuild.160101.0800)", "type": "windows", "build": "22631.2861"}, "ip": ["fe80::b392:ba9e:24f8:260e", "10.136.5.67"], "architecture": "x86_64", "mac": ["bc:24:11:9a:96:84"], "hostname": "DESKTOP-Q167QR1"}, "source": {"port": 54434, "ip": "10.24.25.52", "domain": "-"}, "@timestamp": "2025-11-08T13:56:54.231Z", "log": {"level": "information"}, "user": {"id": "S-1-5-18"}, "network": {"community_id": "1:HiB7T+3IkdzEF3lAnsCeVK9NB1E=", "protocol": "-", "direction": "ingress", "type": "ipv4", "transport": "tcp"}, "process": {"pid": 4, "executable": "<unknown process>", "name": "<unknown process>", "entity_id": "{6c054e7e-c777-690f-eb03-000000000000}"}, "ecs": {"version": "1.12.0"}, "agent": {"ephemeral_id": "e918f62f-a141-4b32-a344-477f03b1b9ea", "id": "b6d0da7e-2d5b-408f-88d3-d607a27fb60e", "name": "DESKTOP-Q167QR1", "type": "winlogbeat", "version": "7.17.29", "hostname": "DESKTOP-Q167QR1"}, "event": {"module": "sysmon", "created": "2025-11-08T14:08:09.764Z", "type": ["connection", "start", "protocol"], "kind": "event", "action": "Network connection detected (rule: NetworkConnect)", "provider": "Microsoft-Windows-Sysmon", "category": ["network"], "code": "3"}, "destination": {"port": 5985, "ip": "10.136.5.67", "domain": "-"}, "winlog": {"event_id": "3", "user": {"identifier": "S-1-5-18", "domain": "NT AUTHORITY", "name": "SYSTEM", "type": "User"}, "channel": "Microsoft-Windows-Sysmon/Operational", "opcode": "Info", "task": "Network connection detected (rule: NetworkConnect)", "computer_name": "DESKTOP-Q167QR1", "process": {"pid": 3804, "thread": {"id": 1008}}, "version": 5, "provider_name": "Microsoft-Windows-Sysmon", "event_data": {"SourcePortName": "-", "User": "-"}, "api": "wineventlog", "provider_guid": "{5770385f-c22a-43e0-bf4c-06f5698ffbd9}", "record_id": 11816}}
{"tags": ["beats_input_codec_plain_applied", "_jsonparsefailure", "pikksilm_sysmon"], "@version": "1", "message": "Network connection detected:\nRuleName: -\nUtcTime: 2025-11-08 13:59:23.632\nProcessGuid: {1c3b4e1a-48ea-690f-4200-000000000500}\nProcessId: 3636\nImage: C:\\Windows\\System32\\svchost.exe\nUser: NT AUTHORITY\\LOCAL SERVICE\nProtocol: udp\nInitiated: true\nSourceIsIpv6: false\nSourceIp: 10.136.5.65\nSourceHostname: -\nSourcePort: 52528\nSourcePortName: -\nDestinationIsIpv6: false\nDestinationIp: 239.255.255.250\nDestinationHostname: -\nDestinationPort: 1900\nDestinationPortName: -", "related": {"ip": ["10.136.5.65", "239.255.255.250"], "user": "LOCAL SERVICE"}, "host": {"hostname": "DESKTOP-JQK13SC", "os": {"kernel": "10.0.22621.2861 (WinBuild.160101.0800)", "type": "windows", "platform": "windows", "version": "10.0", "family": "windows", "name": "Windows 11 Pro", "build": "22631.2861"}, "ip": ["fe80::1f13:bebd:ede0:ed8c", "10.136.5.65"], "architecture": "x86_64", "mac": ["bc:24:11:65:5d:85"], "id": "1c3b4e1a-5518-4a6d-af82-298224d18338"}, "source": {"port": 52528, "ip": "10.136.5.65", "domain": "-"}, "@timestamp": "2025-11-08T13:59:23.632Z", "log": {"level": "information"}, "user": {"name": "LOCAL SERVICE", "domain": "NT AUTHORITY", "id": "S-1-5-18"}, "network": {"protocol": "-", "type": "ipv4", "direction": "egress", "community_id": "1:nw4NGvEIwBuDmlrTxqZ6ywpu2Z0=", "transport": "udp"}, "process": {"name": "svchost.exe", "pid": 3636, "entity_id": "{1c3b4e1a-48ea-690f-4200-000000000500}", "executable": "C:\\Windows\\System32\\svchost.exe"}, "ecs": {"version": "1.12.0"}, "agent": {"ephemeral_id": "0eb94074-2147-427a-8c46-6c6578d3ab93", "id": "1a4af485-022d-4981-8d7f-bea9aff53b0f", "name": "DESKTOP-JQK13SC", "type": "winlogbeat", "version": "7.17.29", "hostname": "DESKTOP-JQK13SC"}, "event": {"created": "2025-11-08T14:08:10.463Z", "module": "sysmon", "type": ["connection", "start", "protocol"], "kind": "event", "action": "Network connection detected (rule: NetworkConnect)", "provider": "Microsoft-Windows-Sysmon", "category": ["network"], "code": "3"}, "destination": {"port": 1900, "ip": "239.255.255.250", "domain": "-"}, "winlog": {"event_id": "3", "user": {"identifier": "S-1-5-18", "type": "User", "domain": "NT AUTHORITY", "name": "SYSTEM"}, "channel": "Microsoft-Windows-Sysmon/Operational", "process": {"thread": {"id": 3460}, "pid": 5100}, "opcode": "Info", "task": "Network connection detected (rule: NetworkConnect)", "computer_name": "DESKTOP-JQK13SC", "version": 5, "provider_name": "Microsoft-Windows-Sysmon", "event_data": {"SourcePortName": "-"}, "api": "wineventlog", "provider_guid": "{5770385f-c22a-43e0-bf4c-06f5698ffbd9}", "record_id": 15141}}
{"tags": ["beats_input_codec_plain_applied", "_jsonparsefailure", "pikksilm_sysmon"], "@version": "1", "message": "Network connection detected:\nRuleName: -\nUtcTime: 2025-11-08 13:59:23.633\nProcessGuid: {1c3b4e1a-48ea-690f-4200-000000000500}\nProcessId: 3636\nImage: C:\\Windows\\System32\\svchost.exe\nUser: NT AUTHORITY\\LOCAL SERVICE\nProtocol: udp\nInitiated: true\nSourceIsIpv6: false\nSourceIp: 127.0.0.1\nSourceHostname: -\nSourcePort: 52529\nSourcePortName: -\nDestinationIsIpv6: false\nDestinationIp: 239.255.255.250\nDestinationHostname: -\nDestinationPort: 1900\nDestinationPortName: -", "related": {"ip": ["127.0.0.1", "239.255.255.250"], "user": "LOCAL SERVICE"}, "host": {"id": "1c3b4e1a-5518-4a6d-af82-298224d18338", "os": {"platform": "windows", "type": "windows", "version": "10.0", "family": "windows", "name": "Windows 11 Pro", "kernel": "10.0.22621.2861 (WinBuild.160101.0800)", "build": "22631.2861"}, "ip": ["fe80::1f13:bebd:ede0:ed8c", "10.136.5.65"], "architecture": "x86_64", "mac": ["bc:24:11:65:5d:85"], "hostname": "DESKTOP-JQK13SC"}, "source": {"port": 52529, "ip": "127.0.0.1", "domain": "-"}, "@timestamp": "2025-11-08T13:59:23.633Z", "log": {"level": "information"}, "user": {"name": "LOCAL SERVICE", "domain": "NT AUTHORITY", "id": "S-1-5-18"}, "network": {"protocol": "-", "type": "ipv4", "direction": "egress", "community_id": "1:d7+IPlEcp712uzZ79hBU/k5us1I=", "transport": "udp"}, "process": {"executable": "C:\\Windows\\System32\\svchost.exe", "name": "svchost.exe", "entity_id": "{1c3b4e1a-48ea-690f-4200-000000000500}", "pid": 3636}, "ecs": {"version": "1.12.0"}, "agent": {"ephemeral_id": "0eb94074-2147-427a-8c46-6c6578d3ab93", "id": "1a4af485-022d-4981-8d7f-bea9aff53b0f", "name": "DESKTOP-JQK13SC", "type": "winlogbeat", "version": "7.17.29", "hostname": "DESKTOP-JQK13SC"}, "event": {"module": "sysmon", "created": "2025-11-08T14:08:10.463Z", "type": ["connection", "start", "protocol"], "kind": "event", "action": "Network connection detected (rule: NetworkConnect)", "provider": "Microsoft-Windows-Sysmon", "category": ["network"], "code": "3"}, "destination": {"port": 1900, "ip": "239.255.255.250", "domain": "-"}, "winlog": {"event_id": "3", "user": {"name": "SYSTEM", "type": "User", "identifier": "S-1-5-18", "domain": "NT AUTHORITY"}, "task": "Network connection detected (rule: NetworkConnect)", "process": {"thread": {"id": 3460}, "pid": 5100}, "opcode": "Info", "channel": "Microsoft-Windows-Sysmon/Operational", "computer_name": "DESKTOP-JQK13SC", "version": 5, "provider_name": "Microsoft-Windows-Sysmon", "event_data": {"SourcePortName": "-"}, "api": "wineventlog", "provider_guid": "{5770385f-c22a-43e0-bf4c-06f5698ffbd9}", "record_id": 15142}}
{"tags": ["beats_input_codec_plain_applied", "_jsonparsefailure", "pikksilm_sysmon"], "@version": "1", "message": "Network connection detected:\nRuleName: -\nUtcTime: 2025-11-08 13:59:23.633\nProcessGuid: {1c3b4e1a-48ea-690f-4200-000000000500}\nProcessId: 3636\nImage: C:\\Windows\\System32\\svchost.exe\nUser: NT AUTHORITY\\LOCAL SERVICE\nProtocol: udp\nInitiated: false\nSourceIsIpv6: false\nSourceIp: 239.255.255.250\nSourceHostname: -\nSourcePort: 1900\nSourcePortName: -\nDestinationIsIpv6: false\nDestinationIp: 127.0.0.1\nDestinationHostname: -\nDestinationPort: 52529\nDestinationPortName: -", "related": {"ip": ["239.255.255.250", "127.0.0.1"], "user": "LOCAL SERVICE"}, "host": {"hostname": "DESKTOP-JQK13SC", "os": {"family": "windows", "name": "Windows 11 Pro", "kernel": "10.0.22621.2861 (WinBuild.160101.0800)", "type": "windows", "platform": "windows", "version": "10.0", "build": "22631.2861"}, "ip": ["fe80::1f13:bebd:ede0:ed8c", "10.136.5.65"], "architecture": "x86_64", "mac": ["bc:24:11:65:5d:85"], "id": "1c3b4e1a-5518-4a6d-af82-298224d18338"}, "source": {"port": 1900, "ip": "239.255.255.250", "domain": "-"}, "@timestamp": "2025-11-08T13:59:23.633Z", "log": {"level": "information"}, "user": {"name": "LOCAL SERVICE", "domain": "NT AUTHORITY", "id": "S-1-5-18"}, "network": {"protocol": "-", "type": "ipv4", "direction": "ingress", "community_id": "1:d7+IPlEcp712uzZ79hBU/k5us1I=", "transport": "udp"}, "process": {"pid": 3636, "executable": "C:\\Windows\\System32\\svchost.exe", "entity_id": "{1c3b4e1a-48ea-690f-4200-000000000500}", "name": "svchost.exe"}, "ecs": {"version": "1.12.0"}, "agent": {"hostname": "DESKTOP-JQK13SC", "ephemeral_id": "0eb94074-2147-427a-8c46-6c6578d3ab93", "name": "DESKTOP-JQK13SC", "type": "winlogbeat", "version": "7.17.29", "id": "1a4af485-022d-4981-8d7f-bea9aff53b0f"}, "event": {"created": "2025-11-08T14:08:10.463Z", "module": "sysmon", "type": ["connection", "start", "protocol"], "kind": "event", "action": "Network connection detected (rule: NetworkConnect)", "provider": "Microsoft-Windows-Sysmon", "category": ["network"], "code": "3"}, "destination": {"port": 52529, "ip": "127.0.0.1", "domain": "-"}, "winlog": {"event_id": "3", "user": {"identifier": "S-1-5-18", "domain": "NT AUTHORITY", "name": "SYSTEM", "type": "User"}, "task": "Network connection detected (rule: NetworkConnect)", "process": {"pid": 5100, "thread": {"id": 3460}}, "opcode": "Info", "computer_name": "DESKTOP-JQK13SC", "channel": "Microsoft-Windows-Sysmon/Operational", "version": 5, "provider_name": "Microsoft-Windows-Sysmon", "event_data": {"SourcePortName": "-"}, "api": "wineventlog", "provider_guid": "{5770385f-c22a-43e0-bf4c-06f5698ffbd9}", "record_id": 15143}}
{"tags": ["beats_input_codec_plain_applied", "_jsonparsefailure", "pikksilm_sysmon"], "@version": "1", "message": "Network connection detected:\nRuleName: -\nUtcTime: 2025-11-08 13:59:23.815\nProcessGuid: {1c3b4e1a-c768-690f-1300-000000000500}\nProcessId: 1052\nImage: C:\\Windows\\System32\\svchost.exe\nUser: NT AUTHORITY\\SYSTEM\nProtocol: tcp\nInitiated: true\nSourceIsIpv6: true\nSourceIp: 0:0:0:0:0:0:0:1\nSourceHostname: -\nSourcePort: 49862\nSourcePortName: -\nDestinationIsIpv6: true\nDestinationIp: 0:0:0:0:0:0:0:1\nDestinationHostname: -\nDestinationPort: 47001\nDestinationPortName: -", "related": {"ip": "0:0:0:0:0:0:0:1", "user": "SYSTEM"}, "host": {"hostname": "DESKTOP-JQK13SC", "os": {"platform": "windows", "type": "windows", "version": "10.0", "family": "windows", "name": "Windows 11 Pro", "kernel": "10.0.22621.2861 (WinBuild.160101.0800)", "build": "22631.2861"}, "ip": ["fe80::1f13:bebd:ede0:ed8c", "10.136.5.65"], "architecture": "x86_64", "mac": ["bc:24:11:65:5d:85"], "id": "1c3b4e1a-5518-4a6d-af82-298224d18338"}, "source": {"port": 49862, "ip": "0:0:0:0:0:0:0:1", "domain": "-"}, "@timestamp": "2025-11-08T13:59:23.815Z", "log": {"level": "information"}, "user": {"name": "SYSTEM", "domain": "NT AUTHORITY", "id": "S-1-5-18"}, "network": {"community_id": "1:b28yv6j4jdK4T/leFfq4sr5GBkU=", "protocol": "-", "direction": "egress", "type": "ipv6", "transport": "tcp"}, "process": {"pid": 1052, "executable": "C:\\Windows\\System32\\svchost.exe", "entity_id": "{1c3b4e1a-c768-690f-1300-000000000500}", "name": "svchost.exe"}, "ecs": {"version": "1.12.0"}, "agent": {"ephemeral_id": "0eb94074-2147-427a-8c46-6c6578d3ab93", "id": "1a4af485-022d-4981-8d7f-bea9aff53b0f", "name": "DESKTOP-JQK13SC", "type": "winlogbeat", "version": "7.17.29", "hostname": "DESKTOP-JQK13SC"}, "event": {"module": "sysmon", "created": "2025-11-08T14:08:10.474Z", "type": ["connection", "start", "protocol"], "kind": "event", "action": "Network connection detected (rule: NetworkConnect)", "provider": "Microsoft-Windows-Sysmon", "category": ["network"], "code": "3"}, "destination": {"port": 47001, "ip": "0:0:0:0:0:0:0:1", "domain": "-"}, "winlog": {"event_id": "3", "user": {"identifier": "S-1-5-18", "domain": "NT AUTHORITY", "name": "SYSTEM", "type": "User"}, "task": "Network connection detected (rule: NetworkConnect)", "channel": "Microsoft-Windows-Sysmon/Operational", "opcode": "Info", "computer_name": "DESKTOP-JQK13SC", "process": {"pid": 5100, "thread": {"id": 3460}}, "version": 5, "provider_name": "Microsoft-Windows-Sysmon", "event_data": {"SourcePortName": "-"}, "api": "wineventlog", "provider_guid": "{5770385f-c22a-43e0-bf4c-06f5698ffbd9}", "record_id": 15180}}
{"tags": ["beats_input_codec_plain_applied", "_jsonparsefailure", "pikksilm_sysmon"], "@version": "1", "message": "Network connection detected:\nRuleName: -\nUtcTime: 2025-11-08 13:59:23.815\nProcessGuid: {1c3b4e1a-c763-690f-eb03-000000000000}\nProcessId: 4\nImage: <unknown process>\nUser: -\nProtocol: tcp\nInitiated: false\nSourceIsIpv6: true\nSourceIp: 0:0:0:0:0:0:0:1\nSourceHostname: -\nSourcePort: 49862\nSourcePortName: -\nDestinationIsIpv6: true\nDestinationIp: 0:0:0:0:0:0:0:1\nDestinationHostname: -\nDestinationPort: 47001\nDestinationPortName: -", "related": {"ip": "0:0:0:0:0:0:0:1"}, "host": {"id": "1c3b4e1a-5518-4a6d-af82-298224d18338", "os": {"family": "windows", "name": "Windows 11 Pro", "version": "10.0", "kernel": "10.0.22621.2861 (WinBuild.160101.0800)", "type": "windows", "platform": "windows", "build": "22631.2861"}, "ip": ["fe80::1f13:bebd:ede0:ed8c", "10.136.5.65"], "architecture": "x86_64", "mac": ["bc:24:11:65:5d:85"], "hostname": "DESKTOP-JQK13SC"}, "source": {"port": 49862, "ip": "0:0:0:0:0:0:0:1", "domain": "-"}, "@timestamp": "2025-11-08T13:59:23.815Z", "log": {"level": "information"}, "user": {"id": "S-1-5-18"}, "network": {"community_id": "1:b28yv6j4jdK4T/leFfq4sr5GBkU=", "protocol": "-", "direction": "ingress", "type": "ipv6", "transport": "tcp"}, "process": {"executable": "<unknown process>", "name": "<unknown process>", "entity_id": "{1c3b4e1a-c763-690f-eb03-000000000000}", "pid": 4}, "ecs": {"version": "1.12.0"}, "agent": {"ephemeral_id": "0eb94074-2147-427a-8c46-6c6578d3ab93", "id": "1a4af485-022d-4981-8d7f-bea9aff53b0f", "name": "DESKTOP-JQK13SC", "type": "winlogbeat", "version": "7.17.29", "hostname": "DESKTOP-JQK13SC"}, "event": {"created": "2025-11-08T14:08:10.479Z", "module": "sysmon", "type": ["connection", "start", "protocol"], "kind": "event", "action": "Network connection detected (rule: NetworkConnect)", "provider": "Microsoft-Windows-Sysmon", "category": ["network"], "code": "3"}, "destination": {"port": 47001, "ip": "0:0:0:0:0:0:0:1", "domain": "-"}, "winlog": {"event_id": "3", "user": {"name": "SYSTEM", "domain": "NT AUTHORITY", "type": "User", "identifier": "S-1-5-18"}, "channel": "Microsoft-Windows-Sysmon/Operational", "opcode": "Info", "process": {"pid": 5100, "thread": {"id": 3460}}, "computer_name": "DESKTOP-JQK13SC", "task": "Network connection detected (rule: NetworkConnect)", "version": 5, "provider_name": "Microsoft-Windows-Sysmon", "event_data": {"SourcePortName": "-", "User": "-"}, "api": "wineventlog", "provider_guid": "{5770385f-c22a-43e0-bf4c-06f5698ffbd9}", "record_id": 15187}}
{"tags": ["beats_input_codec_plain_applied", "_jsonparsefailure", "pikksilm_sysmon"], "@version": "1", "message": "Network connection detected:\nRuleName: -\nUtcTime: 2025-11-08 13:59:24.124\nProcessGuid: {1c3b4e1a-c768-690f-1300-000000000500}\nProcessId: 1052\nImage: C:\\Windows\\System32\\svchost.exe\nUser: NT AUTHORITY\\SYSTEM\nProtocol: tcp\nInitiated: true\nSourceIsIpv6: true\nSourceIp: 0:0:0:0:0:0:0:1\nSourceHostname: -\nSourcePort: 49863\nSourcePortName: -\nDestinationIsIpv6: true\nDestinationIp: 0:0:0:0:0:0:0:1\nDestinationHostname: -\nDestinationPort: 47001\nDestinationPortName: -", "related": {"ip": "0:0:0:0:0:0:0:1", "user": "SYSTEM"}, "host": {"id": "1c3b4e1a-5518-4a6d-af82-298224d18338", "os": {"platform": "windows", "family": "windows", "version": "10.0", "name": "Windows 11 Pro", "kernel": "10.0.22621.2861 (WinBuild.160101.0800)", "type": "windows", "build": "22631.2861"}, "ip": ["fe80::1f13:bebd:ede0:ed8c", "10.136.5.65"], "architecture": "x86_64", "mac": ["bc:24:11:65:5d:85"], "hostname": "DESKTOP-JQK13SC"}, "source": {"port": 49863, "ip": "0:0:0:0:0:0:0:1", "domain": "-"}, "@timestamp": "2025-11-08T13:59:24.124Z", "log": {"level": "information"}, "user": {"name": "SYSTEM", "domain": "NT AUTHORITY", "id": "S-1-5-18"}, "network": {"community_id": "1:YVOdIBd9NmgJ0W7aHbqe40OJWmo=", "protocol": "-", "direction": "egress", "type": "ipv6", "transport": "tcp"}, "process": {"pid": 1052, "executable": "C:\\Windows\\System32\\svchost.exe", "entity_id": "{1c3b4e1a-c768-690f-1300-000000000500}", "name": "svchost.exe"}, "ecs": {"version": "1.12.0"}, "agent": {"hostname": "DESKTOP-JQK13SC", "ephemeral_id": "0eb94074-2147-427a-8c46-6c6578d3ab93", "name": "DESKTOP-JQK13SC", "type": "winlogbeat", "version": "7.17.29", "id": "1a4af485-022d-4981-8d7f-bea9aff53b0f"}, "event": {"module": "sysmon", "created": "2025-11-08T14:08:10.595Z", "type": ["connection", "start", "protocol"], "kind": "event", "action": "Network connection detected (rule: NetworkConnect)", "provider": "Microsoft-Windows-Sysmon", "category": ["network"], "code": "3"}, "destination": {"port": 47001, "ip": "0:0:0:0:0:0:0:1", "domain": "-"}, "winlog": {"event_id": "3", "user": {"identifier": "S-1-5-18", "domain": "NT AUTHORITY", "name": "SYSTEM", "type": "User"}, "task": "Network connection detected (rule: NetworkConnect)", "process": {"pid": 5100, "thread": {"id": 3460}}, "opcode": "Info", "channel": "Microsoft-Windows-Sysmon/Operational", "computer_name": "DESKTOP-JQK13SC", "version": 5, "provider_name": "Microsoft-Windows-Sysmon", "event_data": {"SourcePortName": "-"}, "api": "wineventlog", "provider_guid": "{5770385f-c22a-43e0-bf4c-06f5698ffbd9}", "record_id": 15209}}
{"tags": ["beats_input_codec_plain_applied", "_jsonparsefailure", "pikksilm_sysmon"], "@version": "1", "message": "Network connection detected:\nRuleName: -\nUtcTime: 2025-11-08 13:59:24.124\nProcessGuid: {1c3b4e1a-c763-690f-eb03-000000000000}\nProcessId: 4\nImage: <unknown process>\nUser: -\nProtocol: tcp\nInitiated: false\nSourceIsIpv6: true\nSourceIp: 0:0:0:0:0:0:0:1\nSourceHostname: -\nSourcePort: 49863\nSourcePortName: -\nDestinationIsIpv6: true\nDestinationIp: 0:0:0:0:0:0:0:1\nDestinationHostname: -\nDestinationPort: 47001\nDestinationPortName: -", "related": {"ip": "0:0:0:0:0:0:0:1"}, "host": {"id": "1c3b4e1a-5518-4a6d-af82-298224d18338", "os": {"platform": "windows", "type": "windows", "version": "10.0", "family": "windows", "name": "Windows 11 Pro", "kernel": "10.0.22621.2861 (WinBuild.160101.0800)", "build": "22631.2861"}, "ip": ["fe80::1f13:bebd:ede0:ed8c", "10.136.5.65"], "architecture": "x86_64", "mac": ["bc:24:11:65:5d:85"], "hostname": "DESKTOP-JQK13SC"}, "source": {"port": 49863, "ip": "0:0:0:0:0:0:0:1", "domain": "-"}, "@timestamp": "2025-11-08T13:59:24.124Z", "log": {"level": "information"}, "user": {"id": "S-1-5-18"}, "network": {"protocol": "-", "type": "ipv6", "direction": "ingress", "community_id": "1:YVOdIBd9NmgJ0W7aHbqe40OJWmo=", "transport": "tcp"}, "process": {"pid": 4, "executable": "<unknown process>", "entity_id": "{1c3b4e1a-c763-690f-eb03-000000000000}", "name": "<unknown process>"}, "ecs": {"version": "1.12.0"}, "agent": {"ephemeral_id": "0eb94074-2147-427a-8c46-6c6578d3ab93", "id": "1a4af485-022d-4981-8d7f-bea9aff53b0f", "name": "DESKTOP-JQK13SC", "type": "winlogbeat", "version": "7.17.29", "hostname": "DESKTOP-JQK13SC"}, "event": {"created": "2025-11-08T14:08:10.595Z", "module": "sysmon", "type": ["connection", "start", "protocol"], "kind": "event", "action": "Network connection detected (rule: NetworkConnect)", "provider": "Microsoft-Windows-Sysmon", "category": ["network"], "code": "3"}, "destination": {"port": 47001, "ip": "0:0:0:0:0:0:0:1", "domain": "-"}, "winlog": {"event_id": "3", "user": {"name": "SYSTEM", "domain": "NT AUTHORITY", "type": "User", "identifier": "S-1-5-18"}, "task": "Network connection detected (rule: NetworkConnect)", "opcode": "Info", "process": {"pid": 5100, "thread": {"id": 3460}}, "channel": "Microsoft-Windows-Sysmon/Operational", "computer_name": "DESKTOP-JQK13SC", "version": 5, "provider_name": "Microsoft-Windows-Sysmon", "event_data": {"SourcePortName": "-", "User": "-"}, "api": "wineventlog", "provider_guid": "{5770385f-c22a-43e0-bf4c-06f5698ffbd9}", "record_id": 15210}}
{"tags": ["beats_input_codec_plain_applied", "_jsonparsefailure", "pikksilm_sysmon"], "@version": "1", "message": "Network connection detected:\nRuleName: -\nUtcTime: 2025-11-08 13:58:26.506\nProcessGuid: {9541e27f-c7a0-690f-eb03-000000000000}\nProcessId: 4\nImage: <unknown process>\nUser: -\nProtocol: tcp\nInitiated: false\nSourceIsIpv6: false\nSourceIp: 10.24.25.52\nSourceHostname: -\nSourcePort: 37598\nSourcePortName: -\nDestinationIsIpv6: false\nDestinationIp: 10.136.5.68\nDestinationHostname: -\nDestinationPort: 5985\nDestinationPortName: -", "related": {"ip": ["10.24.25.52", "10.136.5.68"]}, "host": {"hostname": "DESKTOP-5D71Q14", "os": {"platform": "windows", "type": "windows", "version": "10.0", "family": "windows", "name": "Windows 11 Pro", "kernel": "10.0.22621.2861 (WinBuild.160101.0800)", "build": "22631.2861"}, "ip": ["fe80::bfbe:eb73:3f35:ed8b", "10.136.5.68"], "architecture": "x86_64", "mac": ["bc:24:11:f2:aa:20"], "id": "9541e27f-63d3-48ba-a52f-de9a0436a02f"}, "source": {"port": 37598, "ip": "10.24.25.52", "domain": "-"}, "@timestamp": "2025-11-08T13:58:26.506Z", "log": {"level": "information"}, "user": {"id": "S-1-5-18"}, "network": {"type": "ipv4", "community_id": "1:wnv8NYLvpBHeFFACdaOQY1NbWsA=", "direction": "ingress", "protocol": "-", "transport": "tcp"}, "process": {"pid": 4, "executable": "<unknown process>", "entity_id": "{9541e27f-c7a0-690f-eb03-000000000000}", "name": "<unknown process>"}, "ecs": {"version": "1.12.0"}, "agent": {"id": "43e4a97d-cdf0-42b2-8f35-6f5b1e9e1766", "hostname": "DESKTOP-5D71Q14", "name": "DESKTOP-5D71Q14", "type": "winlogbeat", "version": "7.17.29", "ephemeral_id": "d07b82f0-1acc-4d97-9489-166a47073a22"}, "event": {"created": "2025-11-08T14:08:10.330Z", "module": "sysmon", "type": ["connection", "start", "protocol"], "kind": "event", "action": "Network connection detected (rule: NetworkConnect)", "provider": "Microsoft-Windows-Sysmon", "category": ["network"], "code": "3"}, "destination": {"port": 5985, "ip": "10.136.5.68", "domain": "-"}, "winlog": {"event_id": "3", "user": {"name": "SYSTEM", "type": "User", "identifier": "S-1-5-18", "domain": "NT AUTHORITY"}, "task": "Network connection detected (rule: NetworkConnect)", "opcode": "Info", "process": {"pid": 560, "thread": {"id": 5020}}, "computer_name": "DESKTOP-5D71Q14", "channel": "Microsoft-Windows-Sysmon/Operational", "version": 5, "provider_name": "Microsoft-Windows-Sysmon", "event_data": {"SourcePortName": "-", "User": "-"}, "api": "wineventlog", "provider_guid": "{5770385f-c22a-43e0-bf4c-06f5698ffbd9}", "record_id": 14870}}
{"tags": ["beats_input_codec_plain_applied", "_jsonparsefailure", "pikksilm_sysmon"], "@version": "1", "message": "Network connection detected:\nRuleName: -\nUtcTime: 2025-11-08 13:52:51.966\nProcessGuid: {b14ecd17-c771-690f-eb03-000000000000}\nProcessId: 4\nImage: <unknown process>\nUser: -\nProtocol: udp\nInitiated: false\nSourceIsIpv6: false\nSourceIp: 10.136.255.255\nSourceHostname: -\nSourcePort: 137\nSourcePortName: -\nDestinationIsIpv6: false\nDestinationIp: 10.136.5.69\nDestinationHostname: -\nDestinationPort: 137\nDestinationPortName: -", "related": {"ip": ["10.136.255.255", "10.136.5.69"]}, "host": {"hostname": "DESKTOP-8Q44FSM", "os": {"family": "windows", "name": "Windows 11 Pro", "kernel": "10.0.22621.2861 (WinBuild.160101.0800)", "type": "windows", "platform": "windows", "version": "10.0", "build": "22631.2861"}, "ip": ["fe80::48f7:5d50:95ed:189a", "10.136.5.66"], "architecture": "x86_64", "mac": ["bc:24:11:45:94:8e"], "id": "b14ecd17-5d3b-4f55-baee-6ff4cabb34b4"}, "source": {"port": 137, "ip": "10.136.255.255", "domain": "-"}, "@timestamp": "2025-11-08T13:52:51.966Z", "log": {"level": "information"}, "user": {"id": "S-1-5-18"}, "network": {"protocol": "-", "type": "ipv4", "direction": "ingress", "community_id": "1:WmtPXAXramrDzmzFqT5svzIxKRg=", "transport": "udp"}, "process": {"name": "<unknown process>", "pid": 4, "entity_id": "{b14ecd17-c771-690f-eb03-000000000000}", "executable": "<unknown process>"}, "ecs": {"version": "1.12.0"}, "agent": {"hostname": "DESKTOP-8Q44FSM", "ephemeral_id": "dcd8318d-95d4-4b47-92c0-9b7bdc2aa8b4", "name": "DESKTOP-8Q44FSM", "type": "winlogbeat", "version": "7.17.29", "id": "ad03eb5d-aaf5-44d5-b5c0-e19e6c891455"}, "event": {"module": "sysmon", "created": "2025-11-08T13:58:48.642Z", "type": ["connection", "start", "protocol"], "kind": "event", "action": "Network connection detected (rule: NetworkConnect)", "provider": "Microsoft-Windows-Sysmon", "category": ["network"], "code": "3"}, "destination": {"port": 137, "ip": "10.136.5.69", "domain": "-"}, "winlog": {"event_id": "3", "user": {"name": "SYSTEM", "domain": "NT AUTHORITY", "type": "User", "identifier": "S-1-5-18"}, "task": "Network connection detected (rule: NetworkConnect)", "opcode": "Info", "process": {"thread": {"id": 1884}, "pid": 1156}, "computer_name": "DESKTOP-8Q44FSM", "channel": "Microsoft-Windows-Sysmon/Operational", "version": 5, "provider_name": "Microsoft-Windows-Sysmon", "event_data": {"SourcePortName": "-", "User": "-"}, "api": "wineventlog", "provider_guid": "{5770385f-c22a-43e0-bf4c-06f5698ffbd9}", "record_id": 104}}
{"tags": ["beats_input_codec_plain_applied", "_jsonparsefailure", "pikksilm_sysmon"], "@version": "1", "message": "Network connection detected:\nRuleName: -\nUtcTime: 2025-11-08 13:52:52.129\nProcessGuid: {b14ecd17-c771-690f-eb03-000000000000}\nProcessId: 4\nImage: <unknown process>\nUser: -\nProtocol: udp\nInitiated: false\nSourceIsIpv6: false\nSourceIp: 10.136.255.255\nSourceHostname: -\nSourcePort: 137\nSourcePortName: -\nDestinationIsIpv6: false\nDestinationIp: 10.136.5.68\nDestinationHostname: -\nDestinationPort: 137\nDestinationPortName: -", "related": {"ip": ["10.136.255.255", "10.136.5.68"]}, "host": {"id": "b14ecd17-5d3b-4f55-baee-6ff4cabb34b4", "os": {"kernel": "10.0.22621.2861 (WinBuild.160101.0800)", "type": "windows", "platform": "windows", "version": "10.0", "family": "windows", "name": "Windows 11 Pro", "build": "22631.2861"}, "ip": ["fe80::48f7:5d50:95ed:189a", "10.136.5.66"], "architecture": "x86_64", "mac": ["bc:24:11:45:94:8e"], "hostname": "DESKTOP-8Q44FSM"}, "source": {"port": 137, "ip": "10.136.255.255", "domain": "-"}, "@timestamp": "2025-11-08T13:52:52.129Z", "log": {"level": "information"}, "user": {"id": "S-1-5-18"}, "network": {"protocol": "-", "type": "ipv4", "direction": "ingress", "community_id": "1:xJWo5apuKq1GqsJ6DRj15VhCDBg=", "transport": "udp"}, "process": {"pid": 4, "executable": "<unknown process>", "entity_id": "{b14ecd17-c771-690f-eb03-000000000000}", "name": "<unknown process>"}, "ecs": {"version": "1.12.0"}, "agent": {"ephemeral_id": "dcd8318d-95d4-4b47-92c0-9b7bdc2aa8b4", "id": "ad03eb5d-aaf5-44d5-b5c0-e19e6c891455", "name": "DESKTOP-8Q44FSM", "type": "winlogbeat", "version": "7.17.29", "hostname": "DESKTOP-8Q44FSM"}, "event": {"module": "sysmon", "created": "2025-11-08T13:58:48.642Z", "type": ["connection", "start", "protocol"], "kind": "event", "action": "Network connection detected (rule: NetworkConnect)", "provider": "Microsoft-Windows-Sysmon", "category": ["network"], "code": "3"}, "destination": {"port": 137, "ip": "10.136.5.68", "domain": "-"}, "winlog": {"event_id": "3", "user": {"name": "SYSTEM", "type": "User", "identifier": "S-1-5-18", "domain": "NT AUTHORITY"}, "task": "Network connection detected (rule: NetworkConnect)", "opcode": "Info", "process": {"pid": 1156, "thread": {"id": 1884}}, "channel": "Microsoft-Windows-Sysmon/Operational", "computer_name": "DESKTOP-8Q44FSM", "version": 5, "provider_name": "Microsoft-Windows-Sysmon", "event_data": {"SourcePortName": "-", "User": "-"}, "api": "wineventlog", "provider_guid": "{5770385f-c22a-43e0-bf4c-06f5698ffbd9}", "record_id": 105}}
{"tags": ["beats_input_codec_plain_applied", "_jsonparsefailure", "pikksilm_sysmon"], "@version": "1", "message": "Network connection detected:\nRuleName: -\nUtcTime: 2025-11-08 13:52:52.254\nProcessGuid: {b14ecd17-c771-690f-eb03-000000000000}\nProcessId: 4\nImage: <unknown process>\nUser: -\nProtocol: udp\nInitiated: false\nSourceIsIpv6: false\nSourceIp: 10.136.255.255\nSourceHostname: -\nSourcePort: 137\nSourcePortName: -\nDestinationIsIpv6: false\nDestinationIp: 10.136.5.65\nDestinationHostname: -\nDestinationPort: 137\nDestinationPortName: -", "related": {"ip": ["10.136.255.255", "10.136.5.65"]}, "host": {"id": "b14ecd17-5d3b-4f55-baee-6ff4cabb34b4", "os": {"family": "windows", "name": "Windows 11 Pro", "kernel": "10.0.22621.2861 (WinBuild.160101.0800)", "type": "windows", "platform": "windows", "version": "10.0", "build": "22631.2861"}, "ip": ["fe80::48f7:5d50:95ed:189a", "10.136.5.66"], "architecture": "x86_64", "mac": ["bc:24:11:45:94:8e"], "hostname": "DESKTOP-8Q44FSM"}, "source": {"port": 137, "ip": "10.136.255.255", "domain": "-"}, "@timestamp": "2025-11-08T13:52:52.254Z", "log": {"level": "information"}, "user": {"id": "S-1-5-18"}, "network": {"community_id": "1:l/kncVQZwQG1h6Z400F6D3DAyDs=", "protocol": "-", "direction": "ingress", "type": "ipv4", "transport": "udp"}, "process": {"pid": 4, "executable": "<unknown process>", "entity_id": "{b14ecd17-c771-690f-eb03-000000000000}", "name": "<unknown process>"}, "ecs": {"version": "1.12.0"}, "agent": {"ephemeral_id": "dcd8318d-95d4-4b47-92c0-9b7bdc2aa8b4", "id": "ad03eb5d-aaf5-44d5-b5c0-e19e6c891455", "name": "DESKTOP-8Q44FSM", "type": "winlogbeat", "version": "7.17.29", "hostname": "DESKTOP-8Q44FSM"}, "event": {"module": "sysmon", "created": "2025-11-08T13:58:48.642Z", "type": ["connection", "start", "protocol"], "kind": "event", "action": "Network connection detected (rule: NetworkConnect)", "provider": "Microsoft-Windows-Sysmon", "category": ["network"], "code": "3"}, "destination": {"port": 137, "ip": "10.136.5.65", "domain": "-"}, "winlog": {"event_id": "3", "user": {"identifier": "S-1-5-18", "domain": "NT AUTHORITY", "name": "SYSTEM", "type": "User"}, "channel": "Microsoft-Windows-Sysmon/Operational", "process": {"pid": 1156, "thread": {"id": 1884}}, "task": "Network connection detected (rule: NetworkConnect)", "opcode": "Info", "computer_name": "DESKTOP-8Q44FSM", "version": 5, "provider_name": "Microsoft-Windows-Sysmon", "event_data": {"SourcePortName": "-", "User": "-"}, "api": "wineventlog", "provider_guid": "{5770385f-c22a-43e0-bf4c-06f5698ffbd9}", "record_id": 106}}
